[21:40:26] This is prokka 1.14.6
[21:40:26] Written by Torsten Seemann <torsten.seemann@gmail.com>
[21:40:26] Homepage is https://github.com/tseemann/prokka
[21:40:26] Local time is Sun Oct 31 21:40:26 2021
[21:40:26] You are ylifc
[21:40:26] Operating system is linux
[21:40:26] You have BioPerl 1.007002
[21:40:26] System has 64 cores.
[21:40:26] Will use maximum of 64 cores.
[21:40:26] Annotating as >>> Bacteria <<<
[21:40:26] Generating locus_tag from 'Nitrososphaera_gargensis_Ga9.fa' contents.
[21:40:26] Setting --locustag AALMNKNO from MD5 aa567478f1b9f709bba3b30833f9694c
[21:40:26] Enabling options to ensure Genbank/ENA/DDJB submission compliance.
[21:40:26] Creating new output folder: Nitrososphaera_gargensis_Ga9.fa_prokka
[21:40:26] Running: mkdir -p Nitrososphaera_gargensis_Ga9\.fa_prokka
[21:40:26] Using filename prefix: PROKKA_10312021.XXX
[21:40:26] Setting HMMER_NCPU=1
[21:40:26] Writing log to: Nitrososphaera_gargensis_Ga9.fa_prokka/PROKKA_10312021.log
[21:40:26] Command: /home/ylifc/miniconda2/envs/prokka/bin/prokka --cpus 0 --compliant --rfam Nitrososphaera_gargensis_Ga9.fa --outdir Nitrososphaera_gargensis_Ga9.fa_prokka
[21:40:26] Appending to PATH: /home/ylifc/miniconda2/envs/prokka/bin
[21:40:26] Looking for 'aragorn' - found /home/ylifc/miniconda2/envs/prokka/bin/aragorn
[21:40:26] Determined aragorn version is 001002 from 'ARAGORN v1.2.38 Dean Laslett'
[21:40:26] Looking for 'barrnap' - found /home/ylifc/miniconda2/envs/prokka/bin/barrnap
[21:40:27] Determined barrnap version is 000009 from 'barrnap 0.9'
[21:40:27] Looking for 'blastp' - found /home/ylifc/miniconda2/envs/prokka/bin/blastp
[21:40:28] Determined blastp version is 002012 from 'blastp: 2.12.0+'
[21:40:28] Looking for 'cmpress' - found /home/ylifc/miniconda2/envs/prokka/bin/cmpress
[21:40:28] Determined cmpress version is 001001 from '# INFERNAL 1.1.4 (Dec 2020)'
[21:40:28] Looking for 'cmscan' - found /home/ylifc/miniconda2/envs/prokka/bin/cmscan
[21:40:28] Determined cmscan version is 001001 from '# INFERNAL 1.1.4 (Dec 2020)'
[21:40:28] Looking for 'egrep' - found /bin/egrep
[21:40:28] Looking for 'find' - found /usr/bin/find
[21:40:28] Looking for 'grep' - found /bin/grep
[21:40:28] Looking for 'hmmpress' - found /home/ylifc/miniconda2/envs/prokka/bin/hmmpress
[21:40:28] Determined hmmpress version is 003003 from '# HMMER 3.3.2 (Nov 2020); http://hmmer.org/'
[21:40:28] Looking for 'hmmscan' - found /home/ylifc/miniconda2/envs/prokka/bin/hmmscan
[21:40:28] Determined hmmscan version is 003003 from '# HMMER 3.3.2 (Nov 2020); http://hmmer.org/'
[21:40:28] Looking for 'java' - found /home/ylifc/miniconda2/envs/prokka/bin/java
[21:40:28] Looking for 'makeblastdb' - found /home/ylifc/miniconda2/envs/prokka/bin/makeblastdb
[21:40:30] Determined makeblastdb version is 002012 from 'makeblastdb: 2.12.0+'
[21:40:30] Looking for 'minced' - found /home/ylifc/miniconda2/envs/prokka/bin/minced
[21:40:30] Determined minced version is 004002 from 'minced 0.4.2'
[21:40:30] Looking for 'parallel' - found /home/ylifc/miniconda2/envs/prokka/bin/parallel
[21:40:31] Determined parallel version is 20211022 from 'GNU parallel 20211022'
[21:40:31] Looking for 'prodigal' - found /home/ylifc/miniconda2/envs/prokka/bin/prodigal
[21:40:31] Determined prodigal version is 002006 from 'Prodigal V2.6.3: February, 2016'
[21:40:31] Looking for 'prokka-genbank_to_fasta_db' - found /home/ylifc/miniconda2/envs/prokka/bin/prokka-genbank_to_fasta_db
[21:40:31] Looking for 'sed' - found /bin/sed
[21:40:31] Looking for 'tbl2asn' - found /home/ylifc/miniconda2/envs/prokka/bin/tbl2asn
[21:40:31] Determined tbl2asn version is 025007 from 'tbl2asn 25.7   arguments:'
[21:40:31] Using genetic code table 11.
[21:40:31] Loading and checking input file: Nitrososphaera_gargensis_Ga9.fa
[21:40:31] Wrote 1 contigs totalling 2833868 bp.
[21:40:31] Predicting tRNAs and tmRNAs
[21:40:31] Running: aragorn -l -gc11  -w Nitrososphaera_gargensis_Ga9\.fa_prokka\/PROKKA_10312021\.fna
[21:40:33] 1 tRNA-Met [336050,336143] 36 (cat)
[21:40:33] 2 tRNA-Lys [336889,336979] 37 (ttt)
[21:40:33] 3 tRNA-Thr [345764,345837] 35 (cgt)
[21:40:33] 4 tRNA-Arg [379023,379098] 36 (ccg)
[21:40:33] 5 tRNA-Leu [883967,884054] 37 (gag)
[21:40:33] 6 tRNA-Met [909097,909172] 35 (cat)
[21:40:33] 7 tRNA-Ala c[1067866,1067939] 34 (cgc)
[21:40:33] 8 tRNA-Val [1093808,1093883] 36 (cac)
[21:40:33] 9 tRNA-Pro c[1154361,1154434] 35 (cgg)
[21:40:33] 10 tRNA-Arg c[1181346,1181421] 36 (gcg)
[21:40:33] 11 tRNA-Tyr c[1218864,1218953] 37 (gta)
[21:40:33] 12 tRNA-Glu [1438456,1438531] 37 (ctc)
[21:40:33] 13 tRNA-Ala c[1660708,1660782] 35 (ggc)
[21:40:33] 14 tRNA-Thr [1777314,1777387] 35 (ggt)
[21:40:33] 15 tRNA-Gly c[1795627,1795703] 38 (gcc)
[21:40:33] 16 tRNA-Cys [1830360,1830447] 33 (gca)
[21:40:33] 17 tRNA-Val c[1927710,1927785] 36 (gac)
[21:40:33] 18 tRNA-Arg [1932376,1932451] 36 (cct)
[21:40:33] 19 tRNA-Pro [1973293,1973367] 35 (tgg)
[21:40:33] 20 tRNA-Lys [2002827,2002919] 35 (ctt)
[21:40:33] tRNA [2015137,2015208] is a pseudo/wacky gene - skipping.
[21:40:33] 22 tRNA-Val [2058958,2059033] 36 (tac)
[21:40:33] tRNA c[2182576,2182666] is a pseudo/wacky gene - skipping.
[21:40:33] 24 tRNA-Arg c[2229474,2229549] 36 (tcg)
[21:40:33] 25 tRNA-Ser c[2282552,2282636] 35 (gct)
[21:40:33] 26 tRNA-Ile c[2356652,2356725] 35 (gat)
[21:40:33] 27 tRNA-Asp [2549290,2549366] 38 (gtc)
[21:40:33] 28 tRNA-Gly c[2741599,2741674] 36 (ccc)
[21:40:33] Found 26 tRNAs
[21:40:33] Predicting Ribosomal RNAs
[21:40:33] Running Barrnap with 64 threads
[21:40:38] 1 gnl|Prokka|AALMNKNO_1 1007414 23S ribosomal RNA
[21:40:38] 2 gnl|Prokka|AALMNKNO_1 1010637 16S ribosomal RNA
[21:40:38] 3 gnl|Prokka|AALMNKNO_1 2729203 5S ribosomal RNA
[21:40:38] Found 3 rRNAs
[21:40:38] Scanning for ncRNAs... please be patient.
[21:40:38] Running: cmscan -Z 5.667736 --cut_ga --rfam --nohmmonly --fmt 2 --cpu 64 --tblout /dev/stdout -o /dev/null --noali /home/ylifc/miniconda2/envs/prokka/db/cm/Bacteria Nitrososphaera_gargensis_Ga9\.fa_prokka\/PROKKA_10312021\.fna
[21:46:55] 1 ncRNA 1 gnl|Prokka|AALMNKNO_1 1..303
[21:46:55] 2 ncRNA 2 gnl|Prokka|AALMNKNO_1 1..318
[21:46:55] 3 ncRNA 3 gnl|Prokka|AALMNKNO_1 1..63
[21:46:56] Found 3 ncRNAs.
[21:46:56] Total of 29 tRNA + rRNA features
[21:46:56] Searching for CRISPR repeats
[21:46:58] CRISPR1 gnl|Prokka|AALMNKNO_1 281179 with 37 spacers
[21:46:58] Found 1 CRISPRs
[21:46:58] Predicting coding sequences
[21:46:58] Contigs total 2833868 bp, so using single mode
[21:46:58] Running: prodigal -i Nitrososphaera_gargensis_Ga9\.fa_prokka\/PROKKA_10312021\.fna -c -m -g 11 -p single -f sco -q
[21:47:21] Excluding CDS which overlaps existing RNA (tRNA) at gnl|Prokka|AALMNKNO_1:345723..346136 on - strand
[21:47:23] Excluding CDS which overlaps existing RNA (rRNA) at gnl|Prokka|AALMNKNO_1:1009937..1010446 on + strand
[21:47:24] Excluding CDS which overlaps existing RNA (tRNA) at gnl|Prokka|AALMNKNO_1:1777303..1777395 on - strand
[21:47:24] Excluding CDS which overlaps existing RNA (tRNA) at gnl|Prokka|AALMNKNO_1:1795425..1795646 on + strand
[21:47:25] Excluding CDS which overlaps existing RNA (tRNA) at gnl|Prokka|AALMNKNO_1:2282516..2282821 on - strand
[21:47:26] Excluding CDS which overlaps existing RNA (tRNA) at gnl|Prokka|AALMNKNO_1:2549203..2549574 on - strand
[21:47:26] Found 3762 CDS
[21:47:26] Connecting features back to sequences
[21:47:26] Not using genus-specific database. Try --usegenus to enable it.
[21:47:26] Annotating CDS, please be patient.
[21:47:26] Will use 64 CPUs for similarity searching.
[21:47:28] There are still 3762 unannotated CDS left (started with 3762)
[21:47:28] Will use blast to search against /home/ylifc/miniconda2/envs/prokka/db/kingdom/Bacteria/IS with 64 CPUs
[21:47:28] Running: cat Nitrososphaera_gargensis_Ga9\.fa_prokka\/PROKKA_10312021\.IS\.tmp\.57681\.faa | parallel --gnu --plain -j 64 --block 6324 --recstart '>' --pipe blastp -query - -db /home/ylifc/miniconda2/envs/prokka/db/kingdom/Bacteria/IS -evalue 1e-30 -qcov_hsp_perc 90 -num_threads 1 -num_descriptions 1 -num_alignments 1 -seg no > Nitrososphaera_gargensis_Ga9\.fa_prokka\/PROKKA_10312021\.IS\.tmp\.57681\.blast 2> /dev/null
[21:48:42] Deleting unwanted file: Nitrososphaera_gargensis_Ga9.fa_prokka/PROKKA_10312021.IS.tmp.57681.faa
[21:48:42] Deleting unwanted file: Nitrososphaera_gargensis_Ga9.fa_prokka/PROKKA_10312021.IS.tmp.57681.blast
[21:48:44] There are still 3747 unannotated CDS left (started with 3762)
[21:48:44] Will use blast to search against /home/ylifc/miniconda2/envs/prokka/db/kingdom/Bacteria/AMR with 64 CPUs
[21:48:44] Running: cat Nitrososphaera_gargensis_Ga9\.fa_prokka\/PROKKA_10312021\.AMR\.tmp\.57681\.faa | parallel --gnu --plain -j 64 --block 6283 --recstart '>' --pipe blastp -query - -db /home/ylifc/miniconda2/envs/prokka/db/kingdom/Bacteria/AMR -evalue 9.99999999999999e-301 -qcov_hsp_perc 90 -num_threads 1 -num_descriptions 1 -num_alignments 1 -seg no > Nitrososphaera_gargensis_Ga9\.fa_prokka\/PROKKA_10312021\.AMR\.tmp\.57681\.blast 2> /dev/null
[21:49:43] Deleting unwanted file: Nitrososphaera_gargensis_Ga9.fa_prokka/PROKKA_10312021.AMR.tmp.57681.faa
[21:49:43] Deleting unwanted file: Nitrososphaera_gargensis_Ga9.fa_prokka/PROKKA_10312021.AMR.tmp.57681.blast
[21:49:45] There are still 3747 unannotated CDS left (started with 3762)
[21:49:45] Will use blast to search against /home/ylifc/miniconda2/envs/prokka/db/kingdom/Bacteria/sprot with 64 CPUs
[21:49:45] Running: cat Nitrososphaera_gargensis_Ga9\.fa_prokka\/PROKKA_10312021\.sprot\.tmp\.57681\.faa | parallel --gnu --plain -j 64 --block 6283 --recstart '>' --pipe blastp -query - -db /home/ylifc/miniconda2/envs/prokka/db/kingdom/Bacteria/sprot -evalue 1e-09 -qcov_hsp_perc 80 -num_threads 1 -num_descriptions 1 -num_alignments 1 -seg no > Nitrososphaera_gargensis_Ga9\.fa_prokka\/PROKKA_10312021\.sprot\.tmp\.57681\.blast 2> /dev/null
[21:53:33] Modify product: Probable cation efflux system protein Rv2025c => putative cation efflux system protein
[21:53:33] Modify product: Uncharacterized HTH-type transcriptional regulator YfiR => putative HTH-type transcriptional regulator YfiR
[21:53:33] Modify product: Probable transcriptional regulatory protein TcrX => putative transcriptional regulatory protein TcrX
[21:53:33] Modify product: Uncharacterized amino acid permease YhdG => putative amino acid permease YhdG
[21:53:33] Modify product: Uncharacterized protein Rv2030c => putative protein
[21:53:33] Modify product: Uncharacterized protein Rv2030c => putative protein
[21:53:33] Modify product: Uncharacterized protein Rv0887c => putative protein
[21:53:33] Modify product: UPF0051 protein SA0778 => hypothetical protein
[21:53:33] Modify product: Uncharacterized protein Rv1488 => putative protein
[21:53:33] Modify product: Uncharacterized transporter Rv2685 => putative transporter
[21:53:33] Modify product: Uncharacterized protein YccU => putative protein YccU
[21:53:33] Modify product: Probable adenylyl-sulfate kinase => putative adenylyl-sulfate kinase
[21:53:33] Modify product: Putative phosphoribosyl transferase Rv0571c => Putative phosphoribosyl transferase
[21:53:33] Modify product: UPF0056 inner membrane protein YhgN => hypothetical protein
[21:53:34] Modify product: Probable endonuclease 4 => putative endonuclease 4
[21:53:34] Modify product: Putative universal stress protein SA1532 => Putative universal stress protein
[21:53:34] Modify product: UPF0173 metal-dependent hydrolase SA1529 => hypothetical protein
[21:53:34] Modify product: Probable allantoin permease => putative allantoin permease
[21:53:34] Modify product: Phosphate-specific transport system accessory protein PhoU homolog => Phosphate-specific transport system accessory protein PhoU 
[21:53:34] Modify product: Urea transporter DVU1160 => Urea transporter
[21:53:34] Modify product: UPF0051 protein SA0778 => hypothetical protein
[21:53:34] Modify product: Probable dipeptidase PepE => putative dipeptidase PepE
[21:53:35] Modify product: Putative peroxiredoxin Rv2521 => Putative peroxiredoxin
[21:53:35] Modify product: Probable oxidoreductase CT_610 => putative oxidoreductase CT_610
[21:53:35] Modify product: Putative coenzyme F420-dependent oxidoreductase Rv3520c => Putative coenzyme F420-dependent oxidoreductase
[21:53:35] Modify product: Probable polyketide biosynthesis zinc-dependent hydrolase BaeB => putative polyketide biosynthesis zinc-dependent hydrolase BaeB
[21:53:35] Modify product: Probable nicotinate-nucleotide pyrophosphorylase [carboxylating] => putative nicotinate-nucleotide pyrophosphorylase [carboxylating]
[21:53:35] Modify product: Uncharacterized protein HI_1163 => putative protein
[21:53:35] Modify product: Uncharacterized acyl-CoA thioester hydrolase HI_0827 => putative acyl-CoA thioester hydrolase
[21:53:35] Modify product: Uncharacterized HTH-type transcriptional regulator YybR => putative HTH-type transcriptional regulator YybR
[21:53:35] Modify product: Putative 2-hydroxyacid dehydrogenase SA2098 => Putative 2-hydroxyacid dehydrogenase
[21:53:35] Modify product: Probable cysteine desulfurase => putative cysteine desulfurase
[21:53:35] Modify product: Uncharacterized protein YqgN => putative protein YqgN
[21:53:35] Modify product: Bifunctional protein FolD => Bifunctional protein FolD protein
[21:53:36] Modify product: Putative universal stress protein SA1532 => Putative universal stress protein
[21:53:36] Modify product: Uncharacterized amino acid permease YhdG => putative amino acid permease YhdG
[21:53:36] Modify product: UPF0053 protein HI_0107 => hypothetical protein
[21:53:36] Modify product: Protease HtpX homolog => Protease HtpX 
[21:53:36] Modify product: Uncharacterized protein YagA => putative protein YagA
[21:53:36] Modify product: Uncharacterized membrane protein Rv2637 => putative membrane protein
[21:53:37] Modify product: Putative universal stress protein SA1532 => Putative universal stress protein
[21:53:37] Modify product: Ribonuclease TTHA0252 => Ribonuclease
[21:53:37] Modify product: Probable UbiX-like flavin prenyltransferase => putative UbiX-like flavin prenyltransferase
[21:53:37] Modify product: Probable GTPase Rv1496 => putative GTPase
[21:53:37] Modify product: Uncharacterized ABC transporter ATP-binding protein YknY => putative ABC transporter ATP-binding protein YknY
[21:53:37] Modify product: Uncharacterized protein YedJ => putative protein YedJ
[21:53:37] Modify product: Uncharacterized protein MSMEG_2782/MSMEI_2713 => putative protein/MSMEI_2713
[21:53:37] Modify product: Uncharacterized ABC transporter ATP-binding protein YknY => putative ABC transporter ATP-binding protein YknY
[21:53:37] Modify product: Uncharacterized oxidoreductase SA2266 => putative oxidoreductase
[21:53:37] Cleaned 49 /product names
[21:53:37] Deleting unwanted file: Nitrososphaera_gargensis_Ga9.fa_prokka/PROKKA_10312021.sprot.tmp.57681.faa
[21:53:37] Deleting unwanted file: Nitrososphaera_gargensis_Ga9.fa_prokka/PROKKA_10312021.sprot.tmp.57681.blast
[21:53:39] There are still 3154 unannotated CDS left (started with 3762)
[21:53:39] Will use hmmer3 to search against /home/ylifc/miniconda2/envs/prokka/db/hmm/HAMAP.hmm with 64 CPUs
[21:53:39] Running: cat Nitrososphaera_gargensis_Ga9\.fa_prokka\/PROKKA_10312021\.HAMAP\.hmm\.tmp\.57681\.faa | parallel --gnu --plain -j 64 --block 4766 --recstart '>' --pipe hmmscan --noali --notextw --acc -E 1e-09 --cpu 1 /home/ylifc/miniconda2/envs/prokka/db/hmm/HAMAP.hmm /dev/stdin > Nitrososphaera_gargensis_Ga9\.fa_prokka\/PROKKA_10312021\.HAMAP\.hmm\.tmp\.57681\.hmmer3 2> /dev/null
[21:57:55] Modify product: Uncharacterized MFS-type transporter YfcJ => putative MFS-type transporter YfcJ
[21:57:56] Modify product: Uncharacterized Nudix hydrolase NudL => putative Nudix hydrolase NudL
[21:57:57] Cleaned 2 /product names
[21:57:57] Deleting unwanted file: Nitrososphaera_gargensis_Ga9.fa_prokka/PROKKA_10312021.HAMAP.hmm.tmp.57681.faa
[21:57:57] Deleting unwanted file: Nitrososphaera_gargensis_Ga9.fa_prokka/PROKKA_10312021.HAMAP.hmm.tmp.57681.hmmer3
[21:57:57] Labelling remaining 2891 proteins as 'hypothetical protein'
[21:57:57] Possible /pseudo 'tRNA(fMet)-specific endonuclease VapC' at gnl|Prokka|AALMNKNO_1 position 43423
[21:57:57] Possible /pseudo 'Quinoprotein glucose dehydrogenase B' at gnl|Prokka|AALMNKNO_1 position 199754
[21:57:57] Possible /pseudo 'Na(+)/H(+)-K(+) antiporter GerN' at gnl|Prokka|AALMNKNO_1 position 475923
[21:57:57] Possible /pseudo 'NAD(P)H-quinone oxidoreductase subunit 2, chloroplastic' at gnl|Prokka|AALMNKNO_1 position 905597
[21:57:57] Possible /pseudo 'putative protein' at gnl|Prokka|AALMNKNO_1 position 939918
[21:57:57] Possible /pseudo 'FO synthase' at gnl|Prokka|AALMNKNO_1 position 960346
[21:57:57] Possible /pseudo 'Inosine-5'-monophosphate dehydrogenase' at gnl|Prokka|AALMNKNO_1 position 1598542
[21:57:57] Possible /pseudo 'Mercuric reductase' at gnl|Prokka|AALMNKNO_1 position 1727630
[21:57:57] Possible /pseudo 'Ribonuclease PH' at gnl|Prokka|AALMNKNO_1 position 1856131
[21:57:57] Possible /pseudo 'ATP-dependent zinc metalloprotease FtsH' at gnl|Prokka|AALMNKNO_1 position 2486125
[21:57:57] Possible /pseudo 'Glutamate-1-semialdehyde 2,1-aminomutase' at gnl|Prokka|AALMNKNO_1 position 2627608
[21:57:57] Found 579 unique /gene codes.
[21:57:57] Fixed 10 duplicate /gene - petE_1 petE_2 petE_3 petE_4 petE_5 petE_6 petE_7 petE_8 petE_9 petE_10
[21:57:57] Fixed 2 duplicate /gene - ssuC_1 ssuC_2
[21:57:57] Fixed 2 duplicate /gene - cheY_1 cheY_2
[21:57:57] Fixed 3 duplicate /gene - yliI_1 yliI_2 yliI_3
[21:57:57] Fixed 2 duplicate /gene - gdhB_1 gdhB_2
[21:57:57] Fixed 2 duplicate /gene - gmd_1 gmd_2
[21:57:57] Fixed 5 duplicate /gene - glnB_1 glnB_2 glnB_3 glnB_4 glnB_5
[21:57:57] Fixed 2 duplicate /gene - asnB_1 asnB_2
[21:57:57] Fixed 2 duplicate /gene - aqpZ2_1 aqpZ2_2
[21:57:57] Fixed 4 duplicate /gene - noc_1 noc_2 noc_3 noc_4
[21:57:57] Fixed 2 duplicate /gene - fbiB_1 fbiB_2
[21:57:57] Fixed 2 duplicate /gene - rph_1 rph_2
[21:57:57] Fixed 2 duplicate /gene - ndhB_1 ndhB_2
[21:57:57] Fixed 3 duplicate /gene - menA_1 menA_2 menA_3
[21:57:57] Fixed 2 duplicate /gene - xerC_1 xerC_2
[21:57:57] Fixed 2 duplicate /gene - nikR_1 nikR_2
[21:57:57] Fixed 3 duplicate /gene - nadK_1 nadK_2 nadK_3
[21:57:57] Fixed 2 duplicate /gene - gvpA_1 gvpA_2
[21:57:57] Fixed 2 duplicate /gene - znuA_1 znuA_2
[21:57:57] Fixed 2 duplicate /gene - metG_1 metG_2
[21:57:57] Fixed 3 duplicate /gene - srmB_1 srmB_2 srmB_3
[21:57:57] Fixed 2 duplicate /gene - glnA_1 glnA_2
[21:57:57] Fixed 2 duplicate /gene - yknY_1 yknY_2
[21:57:57] Fixed 3 duplicate /gene - thrB_1 thrB_2 thrB_3
[21:57:57] Fixed 2 duplicate /gene - bzaF_1 bzaF_2
[21:57:57] Fixed 2 duplicate /gene - queC_1 queC_2
[21:57:57] Fixed 2 duplicate /gene - glmM_1 glmM_2
[21:57:57] Fixed 2 duplicate /gene - ycdF_1 ycdF_2
[21:57:57] Fixed 3 duplicate /gene - kefB_1 kefB_2 kefB_3
[21:57:57] Fixed 2 duplicate /gene - glmS_1 glmS_2
[21:57:57] Fixed 3 duplicate /gene - asnC_1 asnC_2 asnC_3
[21:57:57] Fixed 5 duplicate /gene - gerN_1 gerN_2 gerN_3 gerN_4 gerN_5
[21:57:57] Fixed 2 duplicate /gene - msrB_1 msrB_2
[21:57:57] Fixed 2 duplicate /gene - tatA_1 tatA_2
[21:57:57] Fixed 6 duplicate /gene - rcsC_1 rcsC_2 rcsC_3 rcsC_4 rcsC_5 rcsC_6
[21:57:57] Fixed 3 duplicate /gene - ttuD_1 ttuD_2 ttuD_3
[21:57:57] Fixed 3 duplicate /gene - ftsZ_1 ftsZ_2 ftsZ_3
[21:57:57] Fixed 3 duplicate /gene - RBKS_1 RBKS_2 RBKS_3
[21:57:57] Fixed 2 duplicate /gene - prcA_1 prcA_2
[21:57:57] Fixed 2 duplicate /gene - cysS_1 cysS_2
[21:57:57] Fixed 2 duplicate /gene - corA_1 corA_2
[21:57:57] Fixed 2 duplicate /gene - drrA_1 drrA_2
[21:57:57] Fixed 2 duplicate /gene - thi4_1 thi4_2
[21:57:57] Fixed 2 duplicate /gene - leuC_1 leuC_2
[21:57:57] Fixed 4 duplicate /gene - arnC_1 arnC_2 arnC_3 arnC_4
[21:57:57] Fixed 2 duplicate /gene - ilvE_1 ilvE_2
[21:57:57] Fixed 2 duplicate /gene - hisC_1 hisC_2
[21:57:57] Fixed 2 duplicate /gene - trxB_1 trxB_2
[21:57:57] Fixed 2 duplicate /gene - carA_1 carA_2
[21:57:57] Fixed 2 duplicate /gene - cugP_1 cugP_2
[21:57:57] Fixed 7 duplicate /gene - ftsH_1 ftsH_2 ftsH_3 ftsH_4 ftsH_5 ftsH_6 ftsH_7
[21:57:57] Fixed 2 duplicate /gene - cmpD_1 cmpD_2
[21:57:57] Fixed 2 duplicate /gene - rpiA_1 rpiA_2
[21:57:57] Fixed 2 duplicate /gene - metH_1 metH_2
[21:57:57] Fixed 3 duplicate /gene - mshA_1 mshA_2 mshA_3
[21:57:57] Fixed 2 duplicate /gene - ndhH_1 ndhH_2
[21:57:57] Fixed 2 duplicate /gene - rutB_1 rutB_2
[21:57:57] Fixed 2 duplicate /gene - ctaB_1 ctaB_2
[21:57:57] Fixed 12 duplicate /gene - sasA_1 sasA_2 sasA_3 sasA_4 sasA_5 sasA_6 sasA_7 sasA_8 sasA_9 sasA_10 sasA_11 sasA_12
[21:57:57] Fixed 7 duplicate /gene - groL_1 groL_2 groL_3 groL_4 groL_5 groL_6 groL_7
[21:57:57] Fixed 2 duplicate /gene - valS_1 valS_2
[21:57:57] Fixed 2 duplicate /gene - murG_1 murG_2
[21:57:57] Fixed 2 duplicate /gene - hemB_1 hemB_2
[21:57:57] Fixed 2 duplicate /gene - hcaC_1 hcaC_2
[21:57:57] Fixed 2 duplicate /gene - carB_1 carB_2
[21:57:57] Fixed 6 duplicate /gene - resA_1 resA_2 resA_3 resA_4 resA_5 resA_6
[21:57:57] Fixed 4 duplicate /gene - hemL_1 hemL_2 hemL_3 hemL_4
[21:57:57] Fixed 2 duplicate /gene - dinB_1 dinB_2
[21:57:57] Fixed 2 duplicate /gene - acs_1 acs_2
[21:57:57] Fixed 13 duplicate /gene - IMPDH_1 IMPDH_2 IMPDH_3 IMPDH_4 IMPDH_5 IMPDH_6 IMPDH_7 IMPDH_8 IMPDH_9 IMPDH_10 IMPDH_11 IMPDH_12 IMPDH_13
[21:57:57] Fixed 2 duplicate /gene - ino1_1 ino1_2
[21:57:57] Fixed 2 duplicate /gene - purD_1 purD_2
[21:57:57] Fixed 2 duplicate /gene - nnr_1 nnr_2
[21:57:57] Fixed 2 duplicate /gene - alx_1 alx_2
[21:57:57] Fixed 2 duplicate /gene - aspS2_1 aspS2_2
[21:57:57] Fixed 2 duplicate /gene - purF_1 purF_2
[21:57:57] Fixed 2 duplicate /gene - leuA_1 leuA_2
[21:57:57] Fixed 3 duplicate /gene - nrgA_1 nrgA_2 nrgA_3
[21:57:57] Fixed 2 duplicate /gene - rssB_1 rssB_2
[21:57:57] Fixed 2 duplicate /gene - lysX_1 lysX_2
[21:57:57] Fixed 2 duplicate /gene - menH_1 menH_2
[21:57:57] Fixed 3 duplicate /gene - cpdR_1 cpdR_2 cpdR_3
[21:57:57] Fixed 3 duplicate /gene - ndhI_1 ndhI_2 ndhI_3
[21:57:57] Fixed 2 duplicate /gene - dagK_1 dagK_2
[21:57:57] Fixed 2 duplicate /gene - fbiC_1 fbiC_2
[21:57:57] Fixed 2 duplicate /gene - hit_1 hit_2
[21:57:57] Fixed 4 duplicate /gene - COQ5_1 COQ5_2 COQ5_3 COQ5_4
[21:57:57] Fixed 5 duplicate /gene - moaA_1 moaA_2 moaA_3 moaA_4 moaA_5
[21:57:57] Fixed 3 duplicate /gene - vgb_1 vgb_2 vgb_3
[21:57:57] Fixed 3 duplicate /gene - teaD_1 teaD_2 teaD_3
[21:57:57] Fixed 3 duplicate /gene - trxA_1 trxA_2 trxA_3
[21:57:57] Fixed 4 duplicate /gene - dnaJ_1 dnaJ_2 dnaJ_3 dnaJ_4
[21:57:57] Fixed 4 duplicate /gene - napF_1 napF_2 napF_3 napF_4
[21:57:57] Fixed 4 duplicate /gene - vapC_1 vapC_2 vapC_3 vapC_4
[21:57:57] Fixed 2 duplicate /gene - kynB_1 kynB_2
[21:57:57] Fixed 2 duplicate /gene - ubiD_1 ubiD_2
[21:57:57] Fixed 2 duplicate /gene - ypwA_1 ypwA_2
[21:57:57] Fixed 3 duplicate /gene - mntB_1 mntB_2 mntB_3
[21:57:57] Fixed 2 duplicate /gene - mcm_1 mcm_2
[21:57:57] Fixed 2 duplicate /gene - cheB_1 cheB_2
[21:57:57] Fixed 2 duplicate /gene - todF_1 todF_2
[21:57:57] Fixed 2 duplicate /gene - ccr_1 ccr_2
[21:57:57] Fixed 2 duplicate /gene - ahcY_1 ahcY_2
[21:57:57] Fixed 2 duplicate /gene - nudF_1 nudF_2
[21:57:57] Fixed 2 duplicate /gene - yhdG_1 yhdG_2
[21:57:57] Fixed 2 duplicate /gene - cysC_1 cysC_2
[21:57:57] Fixed 2 duplicate /gene - guaA_1 guaA_2
[21:57:57] Fixed 2 duplicate /gene - hflX_1 hflX_2
[21:57:57] Fixed 4 duplicate /gene - rnj_1 rnj_2 rnj_3 rnj_4
[21:57:57] Fixed 2 duplicate /gene - adhT_1 adhT_2
[21:57:57] Fixed 2 duplicate /gene - hmp_1 hmp_2
[21:57:57] Fixed 3 duplicate /gene - recA_1 recA_2 recA_3
[21:57:57] Fixed 2 duplicate /gene - ctaA_1 ctaA_2
[21:57:57] Fixed 2 duplicate /gene - macB_1 macB_2
[21:57:57] Fixed 4 duplicate /gene - merA_1 merA_2 merA_3 merA_4
[21:57:57] Fixed 3 duplicate /gene - smc_1 smc_2 smc_3
[21:57:57] Fixed 3 duplicate /gene - prcB_1 prcB_2 prcB_3
[21:57:57] Fixed 117 colliding /gene names.
[21:57:57] Adding /locus_tag identifiers
[21:57:58] Assigned 3794 locus_tags to CDS and RNA features.
[21:57:58] Writing outputs to Nitrososphaera_gargensis_Ga9.fa_prokka/
[21:58:05] Generating annotation statistics file
[21:58:05] Generating Genbank and Sequin files
[21:58:05] Running: tbl2asn -V b -a r10k -l paired-ends -M n -N 1 -y 'Annotated using prokka 1.14.6 from https://github.com/tseemann/prokka' -Z Nitrososphaera_gargensis_Ga9\.fa_prokka\/PROKKA_10312021\.err -i Nitrososphaera_gargensis_Ga9\.fa_prokka\/PROKKA_10312021\.fsa 2> /dev/null
[21:58:34] Deleting unwanted file: Nitrososphaera_gargensis_Ga9.fa_prokka/errorsummary.val
[21:58:34] Deleting unwanted file: Nitrososphaera_gargensis_Ga9.fa_prokka/PROKKA_10312021.dr
[21:58:34] Deleting unwanted file: Nitrososphaera_gargensis_Ga9.fa_prokka/PROKKA_10312021.fixedproducts
[21:58:34] Deleting unwanted file: Nitrososphaera_gargensis_Ga9.fa_prokka/PROKKA_10312021.ecn
[21:58:34] Deleting unwanted file: Nitrososphaera_gargensis_Ga9.fa_prokka/PROKKA_10312021.val
[21:58:34] Repairing broken .GBK output that tbl2asn produces...
[21:58:34] Running: sed 's/COORDINATES: profile/COORDINATES:profile/' < Nitrososphaera_gargensis_Ga9\.fa_prokka\/PROKKA_10312021\.gbf > Nitrososphaera_gargensis_Ga9\.fa_prokka\/PROKKA_10312021\.gbk
[21:58:34] Deleting unwanted file: Nitrososphaera_gargensis_Ga9.fa_prokka/PROKKA_10312021.gbf
[21:58:34] Output files:
[21:58:34] Nitrososphaera_gargensis_Ga9.fa_prokka/PROKKA_10312021.err
[21:58:34] Nitrososphaera_gargensis_Ga9.fa_prokka/PROKKA_10312021.faa
[21:58:34] Nitrososphaera_gargensis_Ga9.fa_prokka/PROKKA_10312021.ffn
[21:58:34] Nitrososphaera_gargensis_Ga9.fa_prokka/PROKKA_10312021.fna
[21:58:34] Nitrososphaera_gargensis_Ga9.fa_prokka/PROKKA_10312021.fsa
[21:58:34] Nitrososphaera_gargensis_Ga9.fa_prokka/PROKKA_10312021.gbk
[21:58:34] Nitrososphaera_gargensis_Ga9.fa_prokka/PROKKA_10312021.gff
[21:58:34] Nitrososphaera_gargensis_Ga9.fa_prokka/PROKKA_10312021.log
[21:58:34] Nitrososphaera_gargensis_Ga9.fa_prokka/PROKKA_10312021.sqn
[21:58:34] Nitrososphaera_gargensis_Ga9.fa_prokka/PROKKA_10312021.tbl
[21:58:34] Nitrososphaera_gargensis_Ga9.fa_prokka/PROKKA_10312021.tsv
[21:58:34] Nitrososphaera_gargensis_Ga9.fa_prokka/PROKKA_10312021.txt
[21:58:34] Annotation finished successfully.
[21:58:34] Walltime used: 18.13 minutes
[21:58:34] If you use this result please cite the Prokka paper:
[21:58:34] Seemann T (2014) Prokka: rapid prokaryotic genome annotation. Bioinformatics. 30(14):2068-9.
[21:58:34] Type 'prokka --citation' for more details.
[21:58:34] Thank you, come again.
