[04:00:36] This is prokka 1.14.6
[04:00:36] Written by Torsten Seemann <torsten.seemann@gmail.com>
[04:00:36] Homepage is https://github.com/tseemann/prokka
[04:00:36] Local time is Mon Nov  1 04:00:36 2021
[04:00:36] You are ylifc
[04:00:36] Operating system is linux
[04:00:36] You have BioPerl 1.007002
[04:00:36] System has 64 cores.
[04:00:36] Will use maximum of 64 cores.
[04:00:36] Annotating as >>> Bacteria <<<
[04:00:36] Generating locus_tag from 'XS87_01.fa' contents.
[04:00:36] Setting --locustag NHLMLNMM from MD5 71565766aec6e5a696ff956ea45b7e3c
[04:00:36] Enabling options to ensure Genbank/ENA/DDJB submission compliance.
[04:00:36] Creating new output folder: XS87_01.fa_prokka
[04:00:36] Running: mkdir -p XS87_01\.fa_prokka
[04:00:36] Using filename prefix: PROKKA_11012021.XXX
[04:00:36] Setting HMMER_NCPU=1
[04:00:36] Writing log to: XS87_01.fa_prokka/PROKKA_11012021.log
[04:00:36] Command: /home/ylifc/miniconda2/envs/prokka/bin/prokka --cpus 0 --compliant --rfam XS87_01.fa --outdir XS87_01.fa_prokka
[04:00:36] Appending to PATH: /home/ylifc/miniconda2/envs/prokka/bin
[04:00:36] Looking for 'aragorn' - found /home/ylifc/miniconda2/envs/prokka/bin/aragorn
[04:00:36] Determined aragorn version is 001002 from 'ARAGORN v1.2.38 Dean Laslett'
[04:00:36] Looking for 'barrnap' - found /home/ylifc/miniconda2/envs/prokka/bin/barrnap
[04:00:36] Determined barrnap version is 000009 from 'barrnap 0.9'
[04:00:36] Looking for 'blastp' - found /home/ylifc/miniconda2/envs/prokka/bin/blastp
[04:00:38] Determined blastp version is 002012 from 'blastp: 2.12.0+'
[04:00:38] Looking for 'cmpress' - found /home/ylifc/miniconda2/envs/prokka/bin/cmpress
[04:00:38] Determined cmpress version is 001001 from '# INFERNAL 1.1.4 (Dec 2020)'
[04:00:38] Looking for 'cmscan' - found /home/ylifc/miniconda2/envs/prokka/bin/cmscan
[04:00:38] Determined cmscan version is 001001 from '# INFERNAL 1.1.4 (Dec 2020)'
[04:00:38] Looking for 'egrep' - found /bin/egrep
[04:00:38] Looking for 'find' - found /usr/bin/find
[04:00:38] Looking for 'grep' - found /bin/grep
[04:00:38] Looking for 'hmmpress' - found /home/ylifc/miniconda2/envs/prokka/bin/hmmpress
[04:00:38] Determined hmmpress version is 003003 from '# HMMER 3.3.2 (Nov 2020); http://hmmer.org/'
[04:00:38] Looking for 'hmmscan' - found /home/ylifc/miniconda2/envs/prokka/bin/hmmscan
[04:00:38] Determined hmmscan version is 003003 from '# HMMER 3.3.2 (Nov 2020); http://hmmer.org/'
[04:00:38] Looking for 'java' - found /home/ylifc/miniconda2/envs/prokka/bin/java
[04:00:38] Looking for 'makeblastdb' - found /home/ylifc/miniconda2/envs/prokka/bin/makeblastdb
[04:00:39] Determined makeblastdb version is 002012 from 'makeblastdb: 2.12.0+'
[04:00:39] Looking for 'minced' - found /home/ylifc/miniconda2/envs/prokka/bin/minced
[04:00:40] Determined minced version is 004002 from 'minced 0.4.2'
[04:00:40] Looking for 'parallel' - found /home/ylifc/miniconda2/envs/prokka/bin/parallel
[04:00:40] Determined parallel version is 20211022 from 'GNU parallel 20211022'
[04:00:40] Looking for 'prodigal' - found /home/ylifc/miniconda2/envs/prokka/bin/prodigal
[04:00:40] Determined prodigal version is 002006 from 'Prodigal V2.6.3: February, 2016'
[04:00:40] Looking for 'prokka-genbank_to_fasta_db' - found /home/ylifc/miniconda2/envs/prokka/bin/prokka-genbank_to_fasta_db
[04:00:40] Looking for 'sed' - found /bin/sed
[04:00:40] Looking for 'tbl2asn' - found /home/ylifc/miniconda2/envs/prokka/bin/tbl2asn
[04:00:40] Determined tbl2asn version is 025007 from 'tbl2asn 25.7   arguments:'
[04:00:40] Using genetic code table 11.
[04:00:40] Loading and checking input file: XS87_01.fa
[04:00:41] Wrote 2042 contigs totalling 3264897 bp.
[04:00:41] Predicting tRNAs and tmRNAs
[04:00:41] Running: aragorn -l -gc11  -w XS87_01\.fa_prokka\/PROKKA_11012021\.fna
[04:00:41] 1 tRNA-Gly c[12,87] 37 (tcc)
[04:00:41] 1 tRNA-Arg c[2484,2558] 36 (gcg)
[04:00:41] 1 tRNA-Gly [423,496] 35 (ccc)
[04:00:41] 1 tRNA-Leu [703,788] 37 (tag)
[04:00:41] 1 tRNA-Ala c[124,199] 36 (tgc)
[04:00:41] 2 tRNA-Thr [2582,2655] 35 (ggt)
[04:00:41] 1 tRNA-Glu [1829,1905] 37 (ctc)
[04:00:41] 1 tRNA-Thr [1010,1084] 36 (tgt)
[04:00:41] 1 tRNA-Pro c[1099,1175] 35 (tgg)
[04:00:41] 1 tRNA-Met [526,599] 35 (cat)
[04:00:41] 1 tRNA-Lys [791,867] 35 (ctt)
[04:00:41] 1 tRNA-Thr c[154,228] 36 (tgt)
[04:00:41] 1 tRNA-Arg [122,197] 36 (tct)
[04:00:41] 2 tRNA-His [217,291] 35 (gtg)
[04:00:42] 1 tRNA-Gly c[471,543] 35 (tcc)
[04:00:42] 1 tRNA-Ser [207,290] 33 (cga)
[04:00:42] 1 tRNA-His [1060,1132] 34 (gtg)
[04:00:42] 1 tRNA-Leu c[883,969] 38 (tag)
[04:00:42] 1 tRNA-Val [643,718] 36 (gac)
[04:00:42] 1 tRNA-Ser [1508,1597] 35 (gct)
[04:00:42] 1 tRNA-Pro [838,914] 35 (ggg)
[04:00:42] 1 tRNA-Ala [1090,1162] 33 (cgc)
[04:00:42] 1 tRNA-Val [450,546] 34 (cac)
[04:00:42] 1 tRNA-Lys [455,531] 35 (ctt)
[04:00:42] 1 tRNA-Val [2310,2386] 37 (tac)
[04:00:42] 1 tRNA-His c[343,418] 34 (gtg)
[04:00:42] 1 tRNA-His c[1028,1099] 33 (gtg)
[04:00:42] 1 tRNA-Val [1892,1968] 35 (tac)
[04:00:42] 1 tRNA-Met c[1791,1864] 35 (cat)
[04:00:42] 1 tRNA-Asp [80,157] 37 (gtc)
[04:00:42] 1 tRNA-Val [212,288] 37 (tac)
[04:00:42] 1 tRNA-Asp c[1146,1223] 37 (gtc)
[04:00:42] 2 tRNA-Lys [1321,1395] 35 (ttt)
[04:00:42] 1 tRNA-Asn [933,1007] 35 (gtt)
[04:00:42] 1 tRNA-Ala c[360,435] 36 (tgc)
[04:00:42] tRNA [1110,1197] is a pseudo/wacky gene - skipping.
[04:00:42] 1 tRNA-Ser c[238,323] 35 (gct)
[04:00:42] 1 tRNA-Glu c[138,212] 37 (ctc)
[04:00:43] 1 tRNA-Leu c[733,819] 38 (gag)
[04:00:43] 1 tRNA-Ala [1576,1650] 35 (ggc)
[04:00:43] 1 tRNA-Ala [1527,1601] 33 (cgc)
[04:00:43] 1 tRNA-Pro [863,936] 35 (tgg)
[04:00:43] 1 tRNA-Asp c[754,831] 37 (gtc)
[04:00:43] 2 tRNA-Lys [925,999] 35 (ttt)
[04:00:43] 1 tRNA-Ser [5199,5284] 36 (cga)
[04:00:43] 1 tRNA-His [811,886] 36 (gtg)
[04:00:43] 1 tRNA-Glu c[109,186] 37 (ctc)
[04:00:43] 1 tRNA-Ser [60,145] 35 (gct)
[04:00:43] 1 tRNA-Cys [2140,2214] 33 (gca)
[04:00:43] 1 tRNA-Arg c[1778,1854] 37 (gcg)
[04:00:43] 1 tRNA-Ala c[779,853] 35 (ggc)
[04:00:43] 1 tRNA-Cys [582,653] 33 (gca)
[04:00:43] Found 51 tRNAs
[04:00:43] Predicting Ribosomal RNAs
[04:00:43] Running Barrnap with 64 threads
[04:00:46] 1 gnl|Prokka|NHLMLNMM_1108 14 5S ribosomal RNA (partial)
[04:00:46] 2 gnl|Prokka|NHLMLNMM_1817 11 5S ribosomal RNA
[04:00:46] Found 2 rRNAs
[04:00:46] Scanning for ncRNAs... please be patient.
[04:00:46] Running: cmscan -Z 6.529794 --cut_ga --rfam --nohmmonly --fmt 2 --cpu 64 --tblout /dev/stdout -o /dev/null --noali /home/ylifc/miniconda2/envs/prokka/db/cm/Bacteria XS87_01\.fa_prokka\/PROKKA_11012021\.fna
[04:21:18] 1 ncRNA 1 gnl|Prokka|NHLMLNMM_394 1..191
[04:21:18] 2 ncRNA 1 gnl|Prokka|NHLMLNMM_509 1..87
[04:21:18] 3 ncRNA 1 gnl|Prokka|NHLMLNMM_1214 1..191
[04:21:18] 4 ncRNA 1 gnl|Prokka|NHLMLNMM_1382 1..367
[04:21:18] 5 ncRNA 1 gnl|Prokka|NHLMLNMM_1804 1..87
[04:21:18] Found 5 ncRNAs.
[04:21:18] Total of 53 tRNA + rRNA features
[04:21:18] Searching for CRISPR repeats
[04:21:20] Found 0 CRISPRs
[04:21:20] Predicting coding sequences
[04:21:20] Contigs total 3264897 bp, so using single mode
[04:21:20] Running: prodigal -i XS87_01\.fa_prokka\/PROKKA_11012021\.fna -c -m -g 11 -p single -f sco -q
[04:21:33] Excluding CDS which overlaps existing RNA (tRNA) at gnl|Prokka|NHLMLNMM_1636:1631..1873 on - strand
[04:21:34] Found 3988 CDS
[04:21:34] Connecting features back to sequences
[04:21:34] Not using genus-specific database. Try --usegenus to enable it.
[04:21:34] Annotating CDS, please be patient.
[04:21:34] Will use 64 CPUs for similarity searching.
[04:21:36] There are still 3988 unannotated CDS left (started with 3988)
[04:21:36] Will use blast to search against /home/ylifc/miniconda2/envs/prokka/db/kingdom/Bacteria/IS with 64 CPUs
[04:21:36] Running: cat XS87_01\.fa_prokka\/PROKKA_11012021\.IS\.tmp\.42890\.faa | parallel --gnu --plain -j 64 --block 5372 --recstart '>' --pipe blastp -query - -db /home/ylifc/miniconda2/envs/prokka/db/kingdom/Bacteria/IS -evalue 1e-30 -qcov_hsp_perc 90 -num_threads 1 -num_descriptions 1 -num_alignments 1 -seg no > XS87_01\.fa_prokka\/PROKKA_11012021\.IS\.tmp\.42890\.blast 2> /dev/null
[04:22:20] Deleting unwanted file: XS87_01.fa_prokka/PROKKA_11012021.IS.tmp.42890.faa
[04:22:20] Deleting unwanted file: XS87_01.fa_prokka/PROKKA_11012021.IS.tmp.42890.blast
[04:22:22] There are still 3980 unannotated CDS left (started with 3988)
[04:22:22] Will use blast to search against /home/ylifc/miniconda2/envs/prokka/db/kingdom/Bacteria/AMR with 64 CPUs
[04:22:22] Running: cat XS87_01\.fa_prokka\/PROKKA_11012021\.AMR\.tmp\.42890\.faa | parallel --gnu --plain -j 64 --block 5350 --recstart '>' --pipe blastp -query - -db /home/ylifc/miniconda2/envs/prokka/db/kingdom/Bacteria/AMR -evalue 9.99999999999999e-301 -qcov_hsp_perc 90 -num_threads 1 -num_descriptions 1 -num_alignments 1 -seg no > XS87_01\.fa_prokka\/PROKKA_11012021\.AMR\.tmp\.42890\.blast 2> /dev/null
[04:23:01] Deleting unwanted file: XS87_01.fa_prokka/PROKKA_11012021.AMR.tmp.42890.faa
[04:23:01] Deleting unwanted file: XS87_01.fa_prokka/PROKKA_11012021.AMR.tmp.42890.blast
[04:23:03] There are still 3980 unannotated CDS left (started with 3988)
[04:23:03] Will use blast to search against /home/ylifc/miniconda2/envs/prokka/db/kingdom/Bacteria/sprot with 64 CPUs
[04:23:03] Running: cat XS87_01\.fa_prokka\/PROKKA_11012021\.sprot\.tmp\.42890\.faa | parallel --gnu --plain -j 64 --block 5350 --recstart '>' --pipe blastp -query - -db /home/ylifc/miniconda2/envs/prokka/db/kingdom/Bacteria/sprot -evalue 1e-09 -qcov_hsp_perc 80 -num_threads 1 -num_descriptions 1 -num_alignments 1 -seg no > XS87_01\.fa_prokka\/PROKKA_11012021\.sprot\.tmp\.42890\.blast 2> /dev/null
[04:25:14] Modify product: Ribonuclease TTHA0252 => Ribonuclease
[04:25:14] Modify product: Putative acetyltransferase SACOL2570 => Putative acetyltransferase
[04:25:14] Modify product: Probable UbiX-like flavin prenyltransferase => putative UbiX-like flavin prenyltransferase
[04:25:15] Modify product: Probable oxidoreductase CT_610 => putative oxidoreductase CT_610
[04:25:15] Modify product: UPF0051 protein SA0778 => hypothetical protein
[04:25:15] Modify product: UPF0098 protein CT_736 => hypothetical protein
[04:25:15] Modify product: GTP-binding protein TypA/BipA homolog => GTP-binding protein TypA/BipA 
[04:25:15] Modify product: Uncharacterized transporter Rv2685 => putative transporter
[04:25:15] Modify product: Uncharacterized protein Rv1339 => putative protein
[04:25:15] Modify product: Ribonuclease TTHA0252 => Ribonuclease
[04:25:15] Modify product: Uncharacterized protein YisK => putative protein YisK
[04:25:15] Modify product: Putative universal stress protein SA1532 => Putative universal stress protein
[04:25:16] Modify product: UPF0051 protein SA0778 => hypothetical protein
[04:25:16] Modify product: Uncharacterized protein YccU => putative protein YccU
[04:25:16] Modify product: UPF0701 protein YicC => hypothetical protein
[04:25:16] Modify product: Uncharacterized peptidase SA1530 => putative peptidase
[04:25:16] Modify product: Probable bacterial non-heme ferritin => putative bacterial non-heme ferritin
[04:25:16] Modify product: Probable cysteine desulfurase => putative cysteine desulfurase
[04:25:16] Modify product: Uncharacterized metal-dependent hydrolase YcfH => putative metal-dependent hydrolase YcfH
[04:25:16] Modify product: Uncharacterized protein YedJ => putative protein YedJ
[04:25:16] Modify product: UPF0047 protein Rv2556c => hypothetical protein
[04:25:16] Modify product: Uncharacterized oxidoreductase Rv1350 => putative oxidoreductase
[04:25:17] Modify product: Uncharacterized oxidoreductase SA2266 => putative oxidoreductase
[04:25:17] Modify product: Probable protein kinase UbiB => putative protein kinase UbiB
[04:25:17] Modify product: Probable polyketide biosynthesis zinc-dependent hydrolase PksB => putative polyketide biosynthesis zinc-dependent hydrolase PksB
[04:25:17] Modify product: Probable glycine dehydrogenase (decarboxylating) subunit 1 => putative glycine dehydrogenase (decarboxylating) subunit 1
[04:25:17] Modify product: Putative sulfur carrier protein TM_0983 => Putative sulfur carrier protein
[04:25:17] Modify product: Probable cysteine desulfurase => putative cysteine desulfurase
[04:25:17] Modify product: Probable glycine dehydrogenase (decarboxylating) subunit 2 => putative glycine dehydrogenase (decarboxylating) subunit 2
[04:25:17] Modify product: Uncharacterized metallophosphoesterase YhaO => putative metallophosphoesterase YhaO
[04:25:17] Modify product: Probable cystine transporter YijE => putative cystine transporter YijE
[04:25:17] Modify product: Putative coenzyme F420-dependent oxidoreductase Rv3520c => Putative coenzyme F420-dependent oxidoreductase
[04:25:18] Modify product: Putative phosphoribosyl transferase Rv0571c => Putative phosphoribosyl transferase
[04:25:18] Modify product: Probable adenylyl-sulfate kinase => putative adenylyl-sulfate kinase
[04:25:18] Modify product: Ribonuclease TTHA0252 => Ribonuclease
[04:25:18] Modify product: Putative universal stress protein SA1532 => Putative universal stress protein
[04:25:18] Modify product: Probable protein kinase UbiB => putative protein kinase UbiB
[04:25:18] Modify product: Uncharacterized oxidoreductase SA2266 => putative oxidoreductase
[04:25:18] Modify product: Uncharacterized oxidoreductase SA2266 => putative oxidoreductase
[04:25:19] Modify product: Bifunctional protein Rv2228c => Bifunctional protein
[04:25:19] Modify product: Uncharacterized protein Rv1507c => putative protein
[04:25:19] Modify product: UPF0053 protein Rv2366c => hypothetical protein
[04:25:19] Modify product: Putative universal stress protein SA1532 => Putative universal stress protein
[04:25:19] Modify product: Putative universal stress protein SA1532 => Putative universal stress protein
[04:25:19] Modify product: Uncharacterized aminopeptidase Rv1333 => putative aminopeptidase
[04:25:19] Modify product: Uncharacterized protein YedJ => putative protein YedJ
[04:25:19] Modify product: Uncharacterized protein YqeN => putative protein YqeN
[04:25:19] Modify product: Uncharacterized metal-dependent hydrolase YcfH => putative metal-dependent hydrolase YcfH
[04:25:19] Modify product: Uncharacterized protein YccU => putative protein YccU
[04:25:19] Modify product: Probable phosphite transport system-binding protein PtxB => putative phosphite transport system-binding protein PtxB
[04:25:19] Modify product: Probable adenylyl-sulfate kinase => putative adenylyl-sulfate kinase
[04:25:19] Modify product: Ribonuclease TTHA0252 => Ribonuclease
[04:25:20] Cleaned 52 /product names
[04:25:20] Deleting unwanted file: XS87_01.fa_prokka/PROKKA_11012021.sprot.tmp.42890.faa
[04:25:20] Deleting unwanted file: XS87_01.fa_prokka/PROKKA_11012021.sprot.tmp.42890.blast
[04:25:21] There are still 3183 unannotated CDS left (started with 3988)
[04:25:21] Will use hmmer3 to search against /home/ylifc/miniconda2/envs/prokka/db/hmm/HAMAP.hmm with 64 CPUs
[04:25:21] Running: cat XS87_01\.fa_prokka\/PROKKA_11012021\.HAMAP\.hmm\.tmp\.42890\.faa | parallel --gnu --plain -j 64 --block 3843 --recstart '>' --pipe hmmscan --noali --notextw --acc -E 1e-09 --cpu 1 /home/ylifc/miniconda2/envs/prokka/db/hmm/HAMAP.hmm /dev/stdin > XS87_01\.fa_prokka\/PROKKA_11012021\.HAMAP\.hmm\.tmp\.42890\.hmmer3 2> /dev/null
[04:28:19] Modify product: Uncharacterized Nudix hydrolase NudL => putative Nudix hydrolase NudL
[04:28:20] Cleaned 1 /product names
[04:28:20] Deleting unwanted file: XS87_01.fa_prokka/PROKKA_11012021.HAMAP.hmm.tmp.42890.faa
[04:28:20] Deleting unwanted file: XS87_01.fa_prokka/PROKKA_11012021.HAMAP.hmm.tmp.42890.hmmer3
[04:28:20] Labelling remaining 2897 proteins as 'hypothetical protein'
[04:28:20] Possible /pseudo 'FO synthase' at gnl|Prokka|NHLMLNMM_110 position 2573
[04:28:20] Possible /pseudo 'Riboflavin synthase' at gnl|Prokka|NHLMLNMM_1020 position 869
[04:28:20] Possible /pseudo 'Methionine synthase' at gnl|Prokka|NHLMLNMM_1144 position 3747
[04:28:20] Possible /pseudo 'Inosine-5'-monophosphate dehydrogenase' at gnl|Prokka|NHLMLNMM_1374 position 1159
[04:28:20] Possible /pseudo 'Tryptophan synthase beta chain' at gnl|Prokka|NHLMLNMM_1536 position 1226
[04:28:20] Found 598 unique /gene codes.
[04:28:20] Fixed 3 duplicate /gene - cyoE_1 cyoE_2 cyoE_3
[04:28:20] Fixed 3 duplicate /gene - pyrF_1 pyrF_2 pyrF_3
[04:28:20] Fixed 3 duplicate /gene - rcsC_1 rcsC_2 rcsC_3
[04:28:20] Fixed 6 duplicate /gene - cheY_1 cheY_2 cheY_3 cheY_4 cheY_5 cheY_6
[04:28:20] Fixed 2 duplicate /gene - queE_1 queE_2
[04:28:20] Fixed 4 duplicate /gene - pabB_1 pabB_2 pabB_3 pabB_4
[04:28:20] Fixed 2 duplicate /gene - Dml_1 Dml_2
[04:28:20] Fixed 2 duplicate /gene - prcA_1 prcA_2
[04:28:20] Fixed 4 duplicate /gene - bnzC_1 bnzC_2 bnzC_3 bnzC_4
[04:28:20] Fixed 2 duplicate /gene - cbiC_1 cbiC_2
[04:28:20] Fixed 2 duplicate /gene - acrA_1 acrA_2
[04:28:20] Fixed 4 duplicate /gene - prcB_1 prcB_2 prcB_3 prcB_4
[04:28:20] Fixed 4 duplicate /gene - arnC_1 arnC_2 arnC_3 arnC_4
[04:28:20] Fixed 2 duplicate /gene - gcvH_1 gcvH_2
[04:28:20] Fixed 2 duplicate /gene - dinB_1 dinB_2
[04:28:20] Fixed 2 duplicate /gene - pdg_1 pdg_2
[04:28:20] Fixed 2 duplicate /gene - gdhA_1 gdhA_2
[04:28:20] Fixed 4 duplicate /gene - cbiG_1 cbiG_2 cbiG_3 cbiG_4
[04:28:20] Fixed 2 duplicate /gene - xerC_1 xerC_2
[04:28:20] Fixed 2 duplicate /gene - iolS_1 iolS_2
[04:28:20] Fixed 2 duplicate /gene - prs_1 prs_2
[04:28:20] Fixed 3 duplicate /gene - gchK_1 gchK_2 gchK_3
[04:28:20] Fixed 2 duplicate /gene - larB_1 larB_2
[04:28:20] Fixed 4 duplicate /gene - fbiC_1 fbiC_2 fbiC_3 fbiC_4
[04:28:20] Fixed 2 duplicate /gene - RBKS_1 RBKS_2
[04:28:20] Fixed 3 duplicate /gene - fdtC_1 fdtC_2 fdtC_3
[04:28:20] Fixed 4 duplicate /gene - cofH_1 cofH_2 cofH_3 cofH_4
[04:28:20] Fixed 3 duplicate /gene - zraS_1 zraS_2 zraS_3
[04:28:20] Fixed 2 duplicate /gene - obg_1 obg_2
[04:28:20] Fixed 2 duplicate /gene - ppdK_1 ppdK_2
[04:28:20] Fixed 2 duplicate /gene - nrdR_1 nrdR_2
[04:28:20] Fixed 4 duplicate /gene - argG_1 argG_2 argG_3 argG_4
[04:28:20] Fixed 2 duplicate /gene - frdB_1 frdB_2
[04:28:20] Fixed 2 duplicate /gene - tuf_1 tuf_2
[04:28:20] Fixed 4 duplicate /gene - ycf3_1 ycf3_2 ycf3_3 ycf3_4
[04:28:20] Fixed 2 duplicate /gene - pyrG_1 pyrG_2
[04:28:20] Fixed 2 duplicate /gene - nnr_1 nnr_2
[04:28:20] Fixed 4 duplicate /gene - tatA_1 tatA_2 tatA_3 tatA_4
[04:28:20] Fixed 2 duplicate /gene - argD_1 argD_2
[04:28:20] Fixed 5 duplicate /gene - nadX_1 nadX_2 nadX_3 nadX_4 nadX_5
[04:28:20] Fixed 2 duplicate /gene - fgd_1 fgd_2
[04:28:20] Fixed 3 duplicate /gene - metG_1 metG_2 metG_3
[04:28:20] Fixed 2 duplicate /gene - griH_1 griH_2
[04:28:20] Fixed 2 duplicate /gene - ttuD_1 ttuD_2
[04:28:20] Fixed 2 duplicate /gene - leuA_1 leuA_2
[04:28:20] Fixed 2 duplicate /gene - thrC_1 thrC_2
[04:28:20] Fixed 3 duplicate /gene - proS_1 proS_2 proS_3
[04:28:20] Fixed 6 duplicate /gene - bcp_1 bcp_2 bcp_3 bcp_4 bcp_5 bcp_6
[04:28:20] Fixed 8 duplicate /gene - sasA_1 sasA_2 sasA_3 sasA_4 sasA_5 sasA_6 sasA_7 sasA_8
[04:28:20] Fixed 3 duplicate /gene - rlmE_1 rlmE_2 rlmE_3
[04:28:20] Fixed 2 duplicate /gene - tetA_1 tetA_2
[04:28:20] Fixed 2 duplicate /gene - metK_1 metK_2
[04:28:20] Fixed 3 duplicate /gene - lrpC_1 lrpC_2 lrpC_3
[04:28:20] Fixed 2 duplicate /gene - aroD_1 aroD_2
[04:28:20] Fixed 2 duplicate /gene - egtD_1 egtD_2
[04:28:20] Fixed 2 duplicate /gene - acpP_1 acpP_2
[04:28:20] Fixed 2 duplicate /gene - ndhB_1 ndhB_2
[04:28:20] Fixed 2 duplicate /gene - ppiB_1 ppiB_2
[04:28:20] Fixed 2 duplicate /gene - purU_1 purU_2
[04:28:20] Fixed 2 duplicate /gene - ubiB_1 ubiB_2
[04:28:20] Fixed 3 duplicate /gene - hemA_1 hemA_2 hemA_3
[04:28:20] Fixed 3 duplicate /gene - ribE_1 ribE_2 ribE_3
[04:28:20] Fixed 4 duplicate /gene - thrB_1 thrB_2 thrB_3 thrB_4
[04:28:20] Fixed 2 duplicate /gene - uppS_1 uppS_2
[04:28:20] Fixed 2 duplicate /gene - egsA_1 egsA_2
[04:28:20] Fixed 2 duplicate /gene - bphA3_1 bphA3_2
[04:28:20] Fixed 2 duplicate /gene - iolG_1 iolG_2
[04:28:20] Fixed 2 duplicate /gene - ureE_1 ureE_2
[04:28:20] Fixed 2 duplicate /gene - cbiX_1 cbiX_2
[04:28:20] Fixed 3 duplicate /gene - cpdA_1 cpdA_2 cpdA_3
[04:28:20] Fixed 3 duplicate /gene - ywlC_1 ywlC_2 ywlC_3
[04:28:20] Fixed 2 duplicate /gene - gatA_1 gatA_2
[04:28:20] Fixed 3 duplicate /gene - purB_1 purB_2 purB_3
[04:28:20] Fixed 4 duplicate /gene - nagAb_1 nagAb_2 nagAb_3 nagAb_4
[04:28:20] Fixed 4 duplicate /gene - dpnA_1 dpnA_2 dpnA_3 dpnA_4
[04:28:20] Fixed 2 duplicate /gene - yedJ_1 yedJ_2
[04:28:20] Fixed 2 duplicate /gene - metH_1 metH_2
[04:28:20] Fixed 2 duplicate /gene - asnC_1 asnC_2
[04:28:20] Fixed 3 duplicate /gene - ctaB_1 ctaB_2 ctaB_3
[04:28:20] Fixed 4 duplicate /gene - guaA_1 guaA_2 guaA_3 guaA_4
[04:28:20] Fixed 3 duplicate /gene - sir_1 sir_2 sir_3
[04:28:20] Fixed 3 duplicate /gene - ychF_1 ychF_2 ychF_3
[04:28:20] Fixed 2 duplicate /gene - ribD2_1 ribD2_2
[04:28:20] Fixed 2 duplicate /gene - grpE_1 grpE_2
[04:28:20] Fixed 3 duplicate /gene - gabD1_1 gabD1_2 gabD1_3
[04:28:20] Fixed 2 duplicate /gene - arsC2_1 arsC2_2
[04:28:20] Fixed 2 duplicate /gene - moaA_1 moaA_2
[04:28:20] Fixed 2 duplicate /gene - yccU_1 yccU_2
[04:28:20] Fixed 2 duplicate /gene - speB_1 speB_2
[04:28:20] Fixed 2 duplicate /gene - cysS_1 cysS_2
[04:28:20] Fixed 2 duplicate /gene - nudF_1 nudF_2
[04:28:20] Fixed 2 duplicate /gene - pheS_1 pheS_2
[04:28:20] Fixed 3 duplicate /gene - phaC_1 phaC_2 phaC_3
[04:28:20] Fixed 4 duplicate /gene - cugP_1 cugP_2 cugP_3 cugP_4
[04:28:20] Fixed 3 duplicate /gene - folE_1 folE_2 folE_3
[04:28:20] Fixed 3 duplicate /gene - ureD_1 ureD_2 ureD_3
[04:28:20] Fixed 3 duplicate /gene - murI_1 murI_2 murI_3
[04:28:20] Fixed 4 duplicate /gene - ribH_1 ribH_2 ribH_3 ribH_4
[04:28:20] Fixed 2 duplicate /gene - glyQS_1 glyQS_2
[04:28:20] Fixed 2 duplicate /gene - murG_1 murG_2
[04:28:20] Fixed 2 duplicate /gene - cheR_1 cheR_2
[04:28:20] Fixed 2 duplicate /gene - wbpI_1 wbpI_2
[04:28:20] Fixed 2 duplicate /gene - argS_1 argS_2
[04:28:20] Fixed 5 duplicate /gene - cpoB_1 cpoB_2 cpoB_3 cpoB_4 cpoB_5
[04:28:20] Fixed 2 duplicate /gene - cmk_1 cmk_2
[04:28:20] Fixed 2 duplicate /gene - fadA_1 fadA_2
[04:28:20] Fixed 4 duplicate /gene - ureA_1 ureA_2 ureA_3 ureA_4
[04:28:20] Fixed 4 duplicate /gene - oppD_1 oppD_2 oppD_3 oppD_4
[04:28:20] Fixed 2 duplicate /gene - cfiB_1 cfiB_2
[04:28:20] Fixed 2 duplicate /gene - pseB_1 pseB_2
[04:28:20] Fixed 2 duplicate /gene - glmM_1 glmM_2
[04:28:20] Fixed 2 duplicate /gene - fmt_1 fmt_2
[04:28:20] Fixed 2 duplicate /gene - menG_1 menG_2
[04:28:20] Fixed 2 duplicate /gene - trpD_1 trpD_2
[04:28:20] Fixed 2 duplicate /gene - rplK_1 rplK_2
[04:28:20] Fixed 3 duplicate /gene - carA_1 carA_2 carA_3
[04:28:20] Fixed 5 duplicate /gene - nikR_1 nikR_2 nikR_3 nikR_4 nikR_5
[04:28:20] Fixed 3 duplicate /gene - larC_1 larC_2 larC_3
[04:28:20] Fixed 2 duplicate /gene - hisB_1 hisB_2
[04:28:20] Fixed 3 duplicate /gene - glnB_1 glnB_2 glnB_3
[04:28:20] Fixed 2 duplicate /gene - tam_1 tam_2
[04:28:20] Fixed 3 duplicate /gene - mqnC_1 mqnC_2 mqnC_3
[04:28:20] Fixed 3 duplicate /gene - lig_1 lig_2 lig_3
[04:28:20] Fixed 3 duplicate /gene - petE_1 petE_2 petE_3
[04:28:20] Fixed 4 duplicate /gene - aspS2_1 aspS2_2 aspS2_3 aspS2_4
[04:28:20] Fixed 2 duplicate /gene - cheA_1 cheA_2
[04:28:20] Fixed 2 duplicate /gene - lapB_1 lapB_2
[04:28:20] Fixed 2 duplicate /gene - desV_1 desV_2
[04:28:20] Fixed 2 duplicate /gene - mqnE_1 mqnE_2
[04:28:20] Fixed 2 duplicate /gene - menA_1 menA_2
[04:28:20] Fixed 2 duplicate /gene - pheA_1 pheA_2
[04:28:20] Fixed 2 duplicate /gene - griI_1 griI_2
[04:28:20] Fixed 4 duplicate /gene - hemB_1 hemB_2 hemB_3 hemB_4
[04:28:20] Fixed 4 duplicate /gene - mntR_1 mntR_2 mntR_3 mntR_4
[04:28:20] Fixed 2 duplicate /gene - trpG_1 trpG_2
[04:28:20] Fixed 2 duplicate /gene - fabG_1 fabG_2
[04:28:20] Fixed 3 duplicate /gene - corA_1 corA_2 corA_3
[04:28:20] Fixed 4 duplicate /gene - mdh_1 mdh_2 mdh_3 mdh_4
[04:28:20] Fixed 2 duplicate /gene - pnp_1 pnp_2
[04:28:20] Fixed 3 duplicate /gene - nadK_1 nadK_2 nadK_3
[04:28:20] Fixed 2 duplicate /gene - rhdA_1 rhdA_2
[04:28:20] Fixed 2 duplicate /gene - DmdB_1 DmdB_2
[04:28:20] Fixed 3 duplicate /gene - citZ_1 citZ_2 citZ_3
[04:28:20] Fixed 4 duplicate /gene - smc_1 smc_2 smc_3 smc_4
[04:28:20] Fixed 3 duplicate /gene - dppB_1 dppB_2 dppB_3
[04:28:20] Fixed 3 duplicate /gene - rnz_1 rnz_2 rnz_3
[04:28:20] Fixed 2 duplicate /gene - suhB_1 suhB_2
[04:28:20] Fixed 2 duplicate /gene - hisD_1 hisD_2
[04:28:20] Fixed 3 duplicate /gene - tal_1 tal_2 tal_3
[04:28:20] Fixed 3 duplicate /gene - trm1_1 trm1_2 trm1_3
[04:28:20] Fixed 2 duplicate /gene - ghrB_1 ghrB_2
[04:28:20] Fixed 2 duplicate /gene - OLA1_1 OLA1_2
[04:28:20] Fixed 2 duplicate /gene - pyrB_1 pyrB_2
[04:28:20] Fixed 2 duplicate /gene - COQ3_1 COQ3_2
[04:28:20] Fixed 2 duplicate /gene - folP_1 folP_2
[04:28:20] Fixed 3 duplicate /gene - fadM_1 fadM_2 fadM_3
[04:28:20] Fixed 2 duplicate /gene - hisI_1 hisI_2
[04:28:20] Fixed 3 duplicate /gene - argF_1 argF_2 argF_3
[04:28:20] Fixed 3 duplicate /gene - sufS_1 sufS_2 sufS_3
[04:28:20] Fixed 3 duplicate /gene - resA_1 resA_2 resA_3
[04:28:20] Fixed 2 duplicate /gene - GATB_1 GATB_2
[04:28:20] Fixed 2 duplicate /gene - lnrL_1 lnrL_2
[04:28:20] Fixed 2 duplicate /gene - alaS_1 alaS_2
[04:28:20] Fixed 2 duplicate /gene - pncC_1 pncC_2
[04:28:20] Fixed 2 duplicate /gene - tmk_1 tmk_2
[04:28:20] Fixed 3 duplicate /gene - hemC_1 hemC_2 hemC_3
[04:28:20] Fixed 3 duplicate /gene - oppF_1 oppF_2 oppF_3
[04:28:20] Fixed 2 duplicate /gene - mtnA_1 mtnA_2
[04:28:20] Fixed 2 duplicate /gene - ccr_1 ccr_2
[04:28:20] Fixed 4 duplicate /gene - ftsH_1 ftsH_2 ftsH_3 ftsH_4
[04:28:20] Fixed 2 duplicate /gene - ribBA_1 ribBA_2
[04:28:20] Fixed 2 duplicate /gene - tdh_1 tdh_2
[04:28:20] Fixed 2 duplicate /gene - pgsA2_1 pgsA2_2
[04:28:20] Fixed 2 duplicate /gene - csd_1 csd_2
[04:28:20] Fixed 2 duplicate /gene - purE_1 purE_2
[04:28:20] Fixed 3 duplicate /gene - tpiA_1 tpiA_2 tpiA_3
[04:28:20] Fixed 2 duplicate /gene - cmoA_1 cmoA_2
[04:28:20] Fixed 5 duplicate /gene - btuD_1 btuD_2 btuD_3 btuD_4 btuD_5
[04:28:20] Fixed 2 duplicate /gene - pmbA_1 pmbA_2
[04:28:20] Fixed 4 duplicate /gene - ilvD_1 ilvD_2 ilvD_3 ilvD_4
[04:28:20] Fixed 2 duplicate /gene - CARKD_1 CARKD_2
[04:28:20] Fixed 3 duplicate /gene - recA_1 recA_2 recA_3
[04:28:20] Fixed 2 duplicate /gene - trpC_1 trpC_2
[04:28:20] Fixed 4 duplicate /gene - leuD1_1 leuD1_2 leuD1_3 leuD1_4
[04:28:20] Fixed 3 duplicate /gene - ilvE_1 ilvE_2 ilvE_3
[04:28:20] Fixed 2 duplicate /gene - serB_1 serB_2
[04:28:20] Fixed 2 duplicate /gene - bshA_1 bshA_2
[04:28:20] Fixed 3 duplicate /gene - queC_1 queC_2 queC_3
[04:28:20] Fixed 2 duplicate /gene - ureG_1 ureG_2
[04:28:20] Fixed 3 duplicate /gene - cysQ_1 cysQ_2 cysQ_3
[04:28:20] Fixed 3 duplicate /gene - ttuA_1 ttuA_2 ttuA_3
[04:28:20] Fixed 3 duplicate /gene - leuC_1 leuC_2 leuC_3
[04:28:20] Fixed 3 duplicate /gene - lolD_1 lolD_2 lolD_3
[04:28:20] Fixed 4 duplicate /gene - cheB_1 cheB_2 cheB_3 cheB_4
[04:28:20] Fixed 2 duplicate /gene - aspC_1 aspC_2
[04:28:20] Fixed 6 duplicate /gene - thi4_1 thi4_2 thi4_3 thi4_4 thi4_5 thi4_6
[04:28:20] Fixed 2 duplicate /gene - purS_1 purS_2
[04:28:20] Fixed 3 duplicate /gene - COQ5_1 COQ5_2 COQ5_3
[04:28:20] Fixed 3 duplicate /gene - cbiA_1 cbiA_2 cbiA_3
[04:28:20] Fixed 2 duplicate /gene - fadB_1 fadB_2
[04:28:20] Fixed 4 duplicate /gene - groL_1 groL_2 groL_3 groL_4
[04:28:20] Fixed 2 duplicate /gene - ku_1 ku_2
[04:28:20] Fixed 2 duplicate /gene - dadD_1 dadD_2
[04:28:20] Fixed 2 duplicate /gene - trpA_1 trpA_2
[04:28:20] Fixed 5 duplicate /gene - hit_1 hit_2 hit_3 hit_4 hit_5
[04:28:20] Fixed 3 duplicate /gene - trxB_1 trxB_2 trxB_3
[04:28:20] Fixed 3 duplicate /gene - ileS_1 ileS_2 ileS_3
[04:28:20] Fixed 3 duplicate /gene - hicd_1 hicd_2 hicd_3
[04:28:20] Fixed 8 duplicate /gene - IMPDH_1 IMPDH_2 IMPDH_3 IMPDH_4 IMPDH_5 IMPDH_6 IMPDH_7 IMPDH_8
[04:28:20] Fixed 2 duplicate /gene - srmB_1 srmB_2
[04:28:20] Fixed 2 duplicate /gene - trxA_1 trxA_2
[04:28:20] Fixed 3 duplicate /gene - msrB_1 msrB_2 msrB_3
[04:28:20] Fixed 2 duplicate /gene - hrp1_1 hrp1_2
[04:28:20] Fixed 4 duplicate /gene - tusA_1 tusA_2 tusA_3 tusA_4
[04:28:20] Fixed 6 duplicate /gene - nadE_1 nadE_2 nadE_3 nadE_4 nadE_5 nadE_6
[04:28:20] Fixed 2 duplicate /gene - lhyD_1 lhyD_2
[04:28:20] Fixed 2 duplicate /gene - tldD_1 tldD_2
[04:28:20] Fixed 2 duplicate /gene - fabF_1 fabF_2
[04:28:20] Fixed 2 duplicate /gene - ycfH_1 ycfH_2
[04:28:20] Fixed 2 duplicate /gene - cobB_1 cobB_2
[04:28:20] Fixed 2 duplicate /gene - walK_1 walK_2
[04:28:20] Fixed 3 duplicate /gene - cysH_1 cysH_2 cysH_3
[04:28:20] Fixed 2 duplicate /gene - sat_1 sat_2
[04:28:20] Fixed 2 duplicate /gene - egtB_1 egtB_2
[04:28:20] Fixed 2 duplicate /gene - pyrH_1 pyrH_2
[04:28:20] Fixed 3 duplicate /gene - ftsY_1 ftsY_2 ftsY_3
[04:28:20] Fixed 2 duplicate /gene - epi_1 epi_2
[04:28:20] Fixed 4 duplicate /gene - sodA_1 sodA_2 sodA_3 sodA_4
[04:28:20] Fixed 2 duplicate /gene - teaD_1 teaD_2
[04:28:20] Fixed 3 duplicate /gene - trpB_1 trpB_2 trpB_3
[04:28:20] Fixed 5 duplicate /gene - apgM_1 apgM_2 apgM_3 apgM_4 apgM_5
[04:28:20] Fixed 3 duplicate /gene - prsA1_1 prsA1_2 prsA1_3
[04:28:20] Fixed 2 duplicate /gene - atoS_1 atoS_2
[04:28:20] Fixed 3 duplicate /gene - hflX_1 hflX_2 hflX_3
[04:28:20] Fixed 2 duplicate /gene - tlyC_1 tlyC_2
[04:28:20] Fixed 2 duplicate /gene - purQ_1 purQ_2
[04:28:20] Fixed 6 duplicate /gene - fbiB_1 fbiB_2 fbiB_3 fbiB_4 fbiB_5 fbiB_6
[04:28:20] Fixed 3 duplicate /gene - dnaJ_1 dnaJ_2 dnaJ_3
[04:28:20] Fixed 2 duplicate /gene - larE_1 larE_2
[04:28:20] Fixed 2 duplicate /gene - purF_1 purF_2
[04:28:20] Fixed 2 duplicate /gene - vgb_1 vgb_2
[04:28:20] Fixed 2 duplicate /gene - uvrC_1 uvrC_2
[04:28:20] Fixed 2 duplicate /gene - ybeM_1 ybeM_2
[04:28:20] Fixed 5 duplicate /gene - hemL_1 hemL_2 hemL_3 hemL_4 hemL_5
[04:28:20] Fixed 3 duplicate /gene - cysC_1 cysC_2 cysC_3
[04:28:20] Fixed 4 duplicate /gene - hisC_1 hisC_2 hisC_3 hisC_4
[04:28:20] Fixed 2 duplicate /gene - ndhI_1 ndhI_2
[04:28:20] Fixed 247 colliding /gene names.
[04:28:20] Adding /locus_tag identifiers
[04:28:20] Assigned 4046 locus_tags to CDS and RNA features.
[04:28:20] Writing outputs to XS87_01.fa_prokka/
[04:28:27] Generating annotation statistics file
[04:28:27] Generating Genbank and Sequin files
[04:28:27] Running: tbl2asn -V b -a r10k -l paired-ends -M n -N 1 -y 'Annotated using prokka 1.14.6 from https://github.com/tseemann/prokka' -Z XS87_01\.fa_prokka\/PROKKA_11012021\.err -i XS87_01\.fa_prokka\/PROKKA_11012021\.fsa 2> /dev/null
[04:29:03] Deleting unwanted file: XS87_01.fa_prokka/errorsummary.val
[04:29:03] Deleting unwanted file: XS87_01.fa_prokka/PROKKA_11012021.dr
[04:29:03] Deleting unwanted file: XS87_01.fa_prokka/PROKKA_11012021.fixedproducts
[04:29:03] Deleting unwanted file: XS87_01.fa_prokka/PROKKA_11012021.ecn
[04:29:03] Deleting unwanted file: XS87_01.fa_prokka/PROKKA_11012021.val
[04:29:03] Repairing broken .GBK output that tbl2asn produces...
[04:29:03] Running: sed 's/COORDINATES: profile/COORDINATES:profile/' < XS87_01\.fa_prokka\/PROKKA_11012021\.gbf > XS87_01\.fa_prokka\/PROKKA_11012021\.gbk
[04:29:03] Deleting unwanted file: XS87_01.fa_prokka/PROKKA_11012021.gbf
[04:29:03] Output files:
[04:29:03] XS87_01.fa_prokka/PROKKA_11012021.err
[04:29:03] XS87_01.fa_prokka/PROKKA_11012021.faa
[04:29:03] XS87_01.fa_prokka/PROKKA_11012021.ffn
[04:29:03] XS87_01.fa_prokka/PROKKA_11012021.fna
[04:29:03] XS87_01.fa_prokka/PROKKA_11012021.fsa
[04:29:03] XS87_01.fa_prokka/PROKKA_11012021.gbk
[04:29:03] XS87_01.fa_prokka/PROKKA_11012021.gff
[04:29:03] XS87_01.fa_prokka/PROKKA_11012021.log
[04:29:03] XS87_01.fa_prokka/PROKKA_11012021.sqn
[04:29:03] XS87_01.fa_prokka/PROKKA_11012021.tbl
[04:29:03] XS87_01.fa_prokka/PROKKA_11012021.tsv
[04:29:03] XS87_01.fa_prokka/PROKKA_11012021.txt
[04:29:03] Annotation finished successfully.
[04:29:03] Walltime used: 28.45 minutes
[04:29:03] If you use this result please cite the Prokka paper:
[04:29:03] Seemann T (2014) Prokka: rapid prokaryotic genome annotation. Bioinformatics. 30(14):2068-9.
[04:29:03] Type 'prokka --citation' for more details.
[04:29:03] Share and enjoy!
