[17:35:12] This is prokka 1.14.6
[17:35:12] Written by Torsten Seemann <torsten.seemann@gmail.com>
[17:35:12] Homepage is https://github.com/tseemann/prokka
[17:35:12] Local time is Tue Dec 21 17:35:12 2021
[17:35:12] You are ylifc
[17:35:12] Operating system is linux
[17:35:12] You have BioPerl 1.007002
[17:35:12] System has 64 cores.
[17:35:12] Will use maximum of 64 cores.
[17:35:12] Annotating as >>> Bacteria <<<
[17:35:12] Generating locus_tag from 'Nitrosopumilales_archaeon_strain_NPMR_NP_theta_4.fa' contents.
[17:35:12] Setting --locustag JOOPHCJE from MD5 38891c3e4cbdf15b8bb023e0f523ddf4
[17:35:12] Enabling options to ensure Genbank/ENA/DDJB submission compliance.
[17:35:12] Creating new output folder: Nitrosopumilales_archaeon_strain_NPMR_NP_theta_4_prokka
[17:35:12] Running: mkdir -p Nitrosopumilales_archaeon_strain_NPMR_NP_theta_4_prokka
[17:35:12] Using filename prefix: PROKKA_12212021.XXX
[17:35:12] Setting HMMER_NCPU=1
[17:35:12] Writing log to: Nitrosopumilales_archaeon_strain_NPMR_NP_theta_4_prokka/PROKKA_12212021.log
[17:35:12] Command: /home/ylifc/miniconda2/envs/prokka/bin/prokka --cpus 0 --compliant --rfam Nitrosopumilales_archaeon_strain_NPMR_NP_theta_4.fa --outdir Nitrosopumilales_archaeon_strain_NPMR_NP_theta_4_prokka
[17:35:12] Appending to PATH: /home/ylifc/miniconda2/envs/prokka/bin
[17:35:12] Looking for 'aragorn' - found /home/ylifc/miniconda2/envs/prokka/bin/aragorn
[17:35:12] Determined aragorn version is 001002 from 'ARAGORN v1.2.38 Dean Laslett'
[17:35:12] Looking for 'barrnap' - found /home/ylifc/miniconda2/envs/prokka/bin/barrnap
[17:35:12] Determined barrnap version is 000009 from 'barrnap 0.9'
[17:35:12] Looking for 'blastp' - found /home/ylifc/miniconda2/envs/prokka/bin/blastp
[17:35:14] Determined blastp version is 002012 from 'blastp: 2.12.0+'
[17:35:14] Looking for 'cmpress' - found /home/ylifc/miniconda2/envs/prokka/bin/cmpress
[17:35:14] Determined cmpress version is 001001 from '# INFERNAL 1.1.4 (Dec 2020)'
[17:35:14] Looking for 'cmscan' - found /home/ylifc/miniconda2/envs/prokka/bin/cmscan
[17:35:14] Determined cmscan version is 001001 from '# INFERNAL 1.1.4 (Dec 2020)'
[17:35:14] Looking for 'egrep' - found /bin/egrep
[17:35:14] Looking for 'find' - found /usr/bin/find
[17:35:14] Looking for 'grep' - found /bin/grep
[17:35:14] Looking for 'hmmpress' - found /home/ylifc/miniconda2/envs/prokka/bin/hmmpress
[17:35:14] Determined hmmpress version is 003003 from '# HMMER 3.3.2 (Nov 2020); http://hmmer.org/'
[17:35:14] Looking for 'hmmscan' - found /home/ylifc/miniconda2/envs/prokka/bin/hmmscan
[17:35:14] Determined hmmscan version is 003003 from '# HMMER 3.3.2 (Nov 2020); http://hmmer.org/'
[17:35:14] Looking for 'java' - found /home/ylifc/miniconda2/envs/prokka/bin/java
[17:35:14] Looking for 'makeblastdb' - found /home/ylifc/miniconda2/envs/prokka/bin/makeblastdb
[17:35:15] Determined makeblastdb version is 002012 from 'makeblastdb: 2.12.0+'
[17:35:15] Looking for 'minced' - found /home/ylifc/miniconda2/envs/prokka/bin/minced
[17:35:15] Determined minced version is 004002 from 'minced 0.4.2'
[17:35:15] Looking for 'parallel' - found /home/ylifc/miniconda2/envs/prokka/bin/parallel
[17:35:16] Determined parallel version is 20211022 from 'GNU parallel 20211022'
[17:35:16] Looking for 'prodigal' - found /home/ylifc/miniconda2/envs/prokka/bin/prodigal
[17:35:16] Determined prodigal version is 002006 from 'Prodigal V2.6.3: February, 2016'
[17:35:16] Looking for 'prokka-genbank_to_fasta_db' - found /home/ylifc/miniconda2/envs/prokka/bin/prokka-genbank_to_fasta_db
[17:35:16] Looking for 'sed' - found /bin/sed
[17:35:16] Looking for 'tbl2asn' - found /home/ylifc/miniconda2/envs/prokka/bin/tbl2asn
[17:35:16] Determined tbl2asn version is 025007 from 'tbl2asn 25.7   arguments:'
[17:35:16] Using genetic code table 11.
[17:35:16] Loading and checking input file: Nitrosopumilales_archaeon_strain_NPMR_NP_theta_4.fa
[17:35:16] Wrote 232 contigs totalling 1040901 bp.
[17:35:16] Predicting tRNAs and tmRNAs
[17:35:16] Running: aragorn -l -gc11  -w Nitrosopumilales_archaeon_strain_NPMR_NP_theta_4_prokka\/PROKKA_12212021\.fna
[17:35:16] 1 tRNA-Cys [7446,7518] 33 (gca)
[17:35:16] 1 tRNA-Phe [2467,2543] 35 (gaa)
[17:35:16] 1 tRNA-Thr c[1102,1175] 35 (ggt)
[17:35:16] 1 tRNA-Lys [4839,4913] 35 (ctt)
[17:35:16] 1 tRNA-His [896,967] 33 (gtg)
[17:35:16] 1 tRNA-Tyr [2822,2916] 38 (ata)
[17:35:16] 1 tRNA-Thr [1176,1250] 36 (tgt)
[17:35:16] 1 tRNA-Val c[797,891] 34 (cac)
[17:35:16] 1 tRNA-Gly c[7834,7906] 35 (tcc)
[17:35:16] 1 tRNA-Leu c[1508,1594] 38 (cag)
[17:35:16] 1 tRNA-Ala c[10851,10925] 35 (ggc)
[17:35:16] 1 tRNA-Val [4036,4111] 36 (gac)
[17:35:16] 1 tRNA-Arg [8975,9051] 37 (gcg)
[17:35:16] 1 tRNA-Glu [6361,6438] 37 (ctc)
[17:35:16] 2 tRNA-Gly [10379,10455] 36 (gcc)
[17:35:16] 1 tRNA-Arg c[1974,2048] 36 (tcg)
[17:35:16] 1 tRNA-Ser c[5772,5857] 35 (tga)
[17:35:16] 1 tRNA-Thr [78,152] 36 (cgt)
[17:35:16] 1 tRNA-Ala c[1208,1283] 36 (tgc)
[17:35:16] 2 tRNA-Tyr [1947,2035] 37 (ata)
[17:35:16] 1 tRNA-Ser [127,213] 35 (gct)
[17:35:16] 1 tRNA-Leu [759,845] 38 (gag)
[17:35:16] 1 tRNA-Met c[7727,7801] 35 (cat)
[17:35:16] 2 tRNA-Glu [8560,8633] 36 (ttc)
[17:35:16] 1 tRNA-Ala [2036,2108] 33 (cgc)
[17:35:17] 1 tRNA-Thr c[25,99] 36 (cgt)
[17:35:17] 1 tRNA-Pro c[5424,5500] 35 (tgg)
[17:35:17] 1 tRNA-Ser [3528,3611] 34 (cga)
[17:35:17] 1 tRNA-Val [1813,1889] 37 (tac)
[17:35:17] Found 29 tRNAs
[17:35:17] Predicting Ribosomal RNAs
[17:35:17] Running Barrnap with 64 threads
[17:35:18] 1 gnl|Prokka|JOOPHCJE_97 4618 5S ribosomal RNA
[17:35:18] Found 1 rRNAs
[17:35:18] Scanning for ncRNAs... please be patient.
[17:35:18] Running: cmscan -Z 2.081802 --cut_ga --rfam --nohmmonly --fmt 2 --cpu 64 --tblout /dev/stdout -o /dev/null --noali /home/ylifc/miniconda2/envs/prokka/db/cm/Bacteria Nitrosopumilales_archaeon_strain_NPMR_NP_theta_4_prokka\/PROKKA_12212021\.fna
[17:38:52] 1 ncRNA 1 gnl|Prokka|JOOPHCJE_121 1..318
[17:38:52] 2 ncRNA 1 gnl|Prokka|JOOPHCJE_203 1..303
[17:38:52] Found 2 ncRNAs.
[17:38:52] Total of 30 tRNA + rRNA features
[17:38:52] Searching for CRISPR repeats
[17:38:53] Found 0 CRISPRs
[17:38:53] Predicting coding sequences
[17:38:53] Contigs total 1040901 bp, so using single mode
[17:38:53] Running: prodigal -i Nitrosopumilales_archaeon_strain_NPMR_NP_theta_4_prokka\/PROKKA_12212021\.fna -c -m -g 11 -p single -f sco -q
[17:38:54] Excluding CDS which overlaps existing RNA (tRNA) at gnl|Prokka|JOOPHCJE_37:242..1102 on + strand
[17:38:55] Excluding CDS which overlaps existing RNA (tRNA) at gnl|Prokka|JOOPHCJE_94:4750..5772 on + strand
[17:38:55] Excluding CDS which overlaps existing RNA (tRNA) at gnl|Prokka|JOOPHCJE_206:3420..3617 on - strand
[17:38:55] Found 1235 CDS
[17:38:55] Connecting features back to sequences
[17:38:55] Not using genus-specific database. Try --usegenus to enable it.
[17:38:55] Annotating CDS, please be patient.
[17:38:55] Will use 64 CPUs for similarity searching.
[17:38:56] There are still 1235 unannotated CDS left (started with 1235)
[17:38:56] Will use blast to search against /home/ylifc/miniconda2/envs/prokka/db/kingdom/Bacteria/IS with 64 CPUs
[17:38:56] Running: cat Nitrosopumilales_archaeon_strain_NPMR_NP_theta_4_prokka\/PROKKA_12212021\.IS\.tmp\.37944\.faa | parallel --gnu --plain -j 64 --block 2202 --recstart '>' --pipe blastp -query - -db /home/ylifc/miniconda2/envs/prokka/db/kingdom/Bacteria/IS -evalue 1e-30 -qcov_hsp_perc 90 -num_threads 1 -num_descriptions 1 -num_alignments 1 -seg no > Nitrosopumilales_archaeon_strain_NPMR_NP_theta_4_prokka\/PROKKA_12212021\.IS\.tmp\.37944\.blast 2> /dev/null
[17:39:12] Deleting unwanted file: Nitrosopumilales_archaeon_strain_NPMR_NP_theta_4_prokka/PROKKA_12212021.IS.tmp.37944.faa
[17:39:12] Deleting unwanted file: Nitrosopumilales_archaeon_strain_NPMR_NP_theta_4_prokka/PROKKA_12212021.IS.tmp.37944.blast
[17:39:12] There are still 1235 unannotated CDS left (started with 1235)
[17:39:12] Will use blast to search against /home/ylifc/miniconda2/envs/prokka/db/kingdom/Bacteria/AMR with 64 CPUs
[17:39:12] Running: cat Nitrosopumilales_archaeon_strain_NPMR_NP_theta_4_prokka\/PROKKA_12212021\.AMR\.tmp\.37944\.faa | parallel --gnu --plain -j 64 --block 2202 --recstart '>' --pipe blastp -query - -db /home/ylifc/miniconda2/envs/prokka/db/kingdom/Bacteria/AMR -evalue 9.99999999999999e-301 -qcov_hsp_perc 90 -num_threads 1 -num_descriptions 1 -num_alignments 1 -seg no > Nitrosopumilales_archaeon_strain_NPMR_NP_theta_4_prokka\/PROKKA_12212021\.AMR\.tmp\.37944\.blast 2> /dev/null
[17:39:26] Deleting unwanted file: Nitrosopumilales_archaeon_strain_NPMR_NP_theta_4_prokka/PROKKA_12212021.AMR.tmp.37944.faa
[17:39:26] Deleting unwanted file: Nitrosopumilales_archaeon_strain_NPMR_NP_theta_4_prokka/PROKKA_12212021.AMR.tmp.37944.blast
[17:39:27] There are still 1235 unannotated CDS left (started with 1235)
[17:39:27] Will use blast to search against /home/ylifc/miniconda2/envs/prokka/db/kingdom/Bacteria/sprot with 64 CPUs
[17:39:27] Running: cat Nitrosopumilales_archaeon_strain_NPMR_NP_theta_4_prokka\/PROKKA_12212021\.sprot\.tmp\.37944\.faa | parallel --gnu --plain -j 64 --block 2202 --recstart '>' --pipe blastp -query - -db /home/ylifc/miniconda2/envs/prokka/db/kingdom/Bacteria/sprot -evalue 1e-09 -qcov_hsp_perc 80 -num_threads 1 -num_descriptions 1 -num_alignments 1 -seg no > Nitrosopumilales_archaeon_strain_NPMR_NP_theta_4_prokka\/PROKKA_12212021\.sprot\.tmp\.37944\.blast 2> /dev/null
[17:40:00] Modify product: Uncharacterized protein Rv2715 => putative protein
[17:40:00] Modify product: UPF0051 protein SA0778 => hypothetical protein
[17:40:00] Modify product: Probable nicotinate-nucleotide pyrophosphorylase [carboxylating] => putative nicotinate-nucleotide pyrophosphorylase [carboxylating]
[17:40:00] Modify product: Probable dipeptidase PepE => putative dipeptidase PepE
[17:40:00] Modify product: Probable cysteine desulfurase => putative cysteine desulfurase
[17:40:00] Modify product: Bifunctional protein FolD => Bifunctional protein FolD protein
[17:40:00] Modify product: Ribonuclease TTHA0252 => Ribonuclease
[17:40:00] Modify product: Probable polyketide biosynthesis zinc-dependent hydrolase BaeB => putative polyketide biosynthesis zinc-dependent hydrolase BaeB
[17:40:00] Modify product: Probable UbiX-like flavin prenyltransferase => putative UbiX-like flavin prenyltransferase
[17:40:00] Modify product: Probable oxidoreductase CT_610 => putative oxidoreductase CT_610
[17:40:01] Modify product: Putative phosphoribosyl transferase Rv0571c => Putative phosphoribosyl transferase
[17:40:01] Modify product: Uncharacterized protein YccU => putative protein YccU
[17:40:01] Modify product: Uncharacterized protein YqgN => putative protein YqgN
[17:40:01] Modify product: Uncharacterized protein Rv2676c => putative protein
[17:40:01] Modify product: Probable ABC transporter ATP-binding protein M6_Spy0273 => putative ABC transporter ATP-binding protein
[17:40:01] Modify product: UPF0098 protein CT_736 => hypothetical protein
[17:40:01] Modify product: Uncharacterized HTH-type transcriptional regulator YfiR => putative HTH-type transcriptional regulator YfiR
[17:40:01] Modify product: Probable endonuclease 4 => putative endonuclease 4
[17:40:01] Modify product: UPF0051 protein SA0778 => hypothetical protein
[17:40:01] Modify product: Uncharacterized oxidoreductase SA2266 => putative oxidoreductase
[17:40:01] Modify product: UPF0053 protein HI_0107 => hypothetical protein
[17:40:01] Modify product: Putative coenzyme F420-dependent oxidoreductase Rv3520c => Putative coenzyme F420-dependent oxidoreductase
[17:40:01] Modify product: UPF0047 protein Rv2556c => hypothetical protein
[17:40:01] Modify product: UPF0126 inner membrane protein YicG => hypothetical protein
[17:40:01] Modify product: Probable GTPase Rv1496 => putative GTPase
[17:40:01] Cleaned 25 /product names
[17:40:01] Deleting unwanted file: Nitrosopumilales_archaeon_strain_NPMR_NP_theta_4_prokka/PROKKA_12212021.sprot.tmp.37944.faa
[17:40:01] Deleting unwanted file: Nitrosopumilales_archaeon_strain_NPMR_NP_theta_4_prokka/PROKKA_12212021.sprot.tmp.37944.blast
[17:40:02] There are still 888 unannotated CDS left (started with 1235)
[17:40:02] Will use hmmer3 to search against /home/ylifc/miniconda2/envs/prokka/db/hmm/HAMAP.hmm with 64 CPUs
[17:40:02] Running: cat Nitrosopumilales_archaeon_strain_NPMR_NP_theta_4_prokka\/PROKKA_12212021\.HAMAP\.hmm\.tmp\.37944\.faa | parallel --gnu --plain -j 64 --block 1361 --recstart '>' --pipe hmmscan --noali --notextw --acc -E 1e-09 --cpu 1 /home/ylifc/miniconda2/envs/prokka/db/hmm/HAMAP.hmm /dev/stdin > Nitrosopumilales_archaeon_strain_NPMR_NP_theta_4_prokka\/PROKKA_12212021\.HAMAP\.hmm\.tmp\.37944\.hmmer3 2> /dev/null
[17:40:31] Modify product: Uncharacterized Nudix hydrolase NudL => putative Nudix hydrolase NudL
[17:40:32] Cleaned 1 /product names
[17:40:32] Deleting unwanted file: Nitrosopumilales_archaeon_strain_NPMR_NP_theta_4_prokka/PROKKA_12212021.HAMAP.hmm.tmp.37944.faa
[17:40:32] Deleting unwanted file: Nitrosopumilales_archaeon_strain_NPMR_NP_theta_4_prokka/PROKKA_12212021.HAMAP.hmm.tmp.37944.hmmer3
[17:40:32] Labelling remaining 790 proteins as 'hypothetical protein'
[17:40:32] Possible /pseudo 'FO synthase' at gnl|Prokka|JOOPHCJE_49 position 2502
[17:40:32] Possible /pseudo '5-methyltetrahydropteroyltriglutamate--homocysteine methyltransferase' at gnl|Prokka|JOOPHCJE_68 position 3774
[17:40:32] Possible /pseudo 'NAD(P)H-quinone oxidoreductase subunit 2, chloroplastic' at gnl|Prokka|JOOPHCJE_145 position 11030
[17:40:32] Found 364 unique /gene codes.
[17:40:32] Fixed 2 duplicate /gene - hit_1 hit_2
[17:40:32] Fixed 2 duplicate /gene - ndhB_1 ndhB_2
[17:40:32] Fixed 2 duplicate /gene - cugP_1 cugP_2
[17:40:32] Fixed 2 duplicate /gene - thrA_1 thrA_2
[17:40:32] Fixed 2 duplicate /gene - gatB_1 gatB_2
[17:40:32] Fixed 2 duplicate /gene - pyrB_1 pyrB_2
[17:40:32] Fixed 2 duplicate /gene - prcA_1 prcA_2
[17:40:32] Fixed 4 duplicate /gene - ftsH_1 ftsH_2 ftsH_3 ftsH_4
[17:40:32] Fixed 2 duplicate /gene - rpiA_1 rpiA_2
[17:40:32] Fixed 2 duplicate /gene - lrp_1 lrp_2
[17:40:32] Fixed 2 duplicate /gene - recA_1 recA_2
[17:40:32] Fixed 2 duplicate /gene - valS_1 valS_2
[17:40:32] Fixed 2 duplicate /gene - groL_1 groL_2
[17:40:32] Fixed 2 duplicate /gene - leuA_1 leuA_2
[17:40:32] Fixed 2 duplicate /gene - metG_1 metG_2
[17:40:32] Fixed 2 duplicate /gene - hemL_1 hemL_2
[17:40:32] Fixed 2 duplicate /gene - speB_1 speB_2
[17:40:32] Fixed 2 duplicate /gene - ndhI_1 ndhI_2
[17:40:32] Fixed 2 duplicate /gene - asnB_1 asnB_2
[17:40:32] Fixed 2 duplicate /gene - fbiB_1 fbiB_2
[17:40:32] Fixed 2 duplicate /gene - bcp_1 bcp_2
[17:40:32] Fixed 2 duplicate /gene - fdtC_1 fdtC_2
[17:40:32] Fixed 2 duplicate /gene - nadK_1 nadK_2
[17:40:32] Fixed 2 duplicate /gene - rhdA_1 rhdA_2
[17:40:32] Fixed 2 duplicate /gene - hemA_1 hemA_2
[17:40:32] Fixed 3 duplicate /gene - ilvE_1 ilvE_2 ilvE_3
[17:40:32] Fixed 2 duplicate /gene - fbiC_1 fbiC_2
[17:40:32] Fixed 3 duplicate /gene - mntR_1 mntR_2 mntR_3
[17:40:32] Fixed 2 duplicate /gene - aspS2_1 aspS2_2
[17:40:32] Fixed 2 duplicate /gene - nfo_1 nfo_2
[17:40:32] Fixed 2 duplicate /gene - ccr_1 ccr_2
[17:40:32] Fixed 2 duplicate /gene - arnC_1 arnC_2
[17:40:32] Fixed 2 duplicate /gene - lysX_1 lysX_2
[17:40:32] Fixed 5 duplicate /gene - dnaJ_1 dnaJ_2 dnaJ_3 dnaJ_4 dnaJ_5
[17:40:32] Fixed 2 duplicate /gene - smc_1 smc_2
[17:40:32] Fixed 2 duplicate /gene - hisI_1 hisI_2
[17:40:32] Fixed 2 duplicate /gene - nnr_1 nnr_2
[17:40:32] Fixed 2 duplicate /gene - birA_1 birA_2
[17:40:32] Fixed 2 duplicate /gene - metE_1 metE_2
[17:40:32] Fixed 2 duplicate /gene - tatA_1 tatA_2
[17:40:32] Fixed 40 colliding /gene names.
[17:40:32] Adding /locus_tag identifiers
[17:40:32] Assigned 1267 locus_tags to CDS and RNA features.
[17:40:32] Writing outputs to Nitrosopumilales_archaeon_strain_NPMR_NP_theta_4_prokka/
[17:40:34] Generating annotation statistics file
[17:40:34] Generating Genbank and Sequin files
[17:40:34] Running: tbl2asn -V b -a r10k -l paired-ends -M n -N 1 -y 'Annotated using prokka 1.14.6 from https://github.com/tseemann/prokka' -Z Nitrosopumilales_archaeon_strain_NPMR_NP_theta_4_prokka\/PROKKA_12212021\.err -i Nitrosopumilales_archaeon_strain_NPMR_NP_theta_4_prokka\/PROKKA_12212021\.fsa 2> /dev/null
[17:40:43] Deleting unwanted file: Nitrosopumilales_archaeon_strain_NPMR_NP_theta_4_prokka/errorsummary.val
[17:40:43] Deleting unwanted file: Nitrosopumilales_archaeon_strain_NPMR_NP_theta_4_prokka/PROKKA_12212021.dr
[17:40:43] Deleting unwanted file: Nitrosopumilales_archaeon_strain_NPMR_NP_theta_4_prokka/PROKKA_12212021.fixedproducts
[17:40:43] Deleting unwanted file: Nitrosopumilales_archaeon_strain_NPMR_NP_theta_4_prokka/PROKKA_12212021.ecn
[17:40:43] Deleting unwanted file: Nitrosopumilales_archaeon_strain_NPMR_NP_theta_4_prokka/PROKKA_12212021.val
[17:40:43] Repairing broken .GBK output that tbl2asn produces...
[17:40:43] Running: sed 's/COORDINATES: profile/COORDINATES:profile/' < Nitrosopumilales_archaeon_strain_NPMR_NP_theta_4_prokka\/PROKKA_12212021\.gbf > Nitrosopumilales_archaeon_strain_NPMR_NP_theta_4_prokka\/PROKKA_12212021\.gbk
[17:40:43] Deleting unwanted file: Nitrosopumilales_archaeon_strain_NPMR_NP_theta_4_prokka/PROKKA_12212021.gbf
[17:40:43] Output files:
[17:40:43] Nitrosopumilales_archaeon_strain_NPMR_NP_theta_4_prokka/PROKKA_12212021.err
[17:40:43] Nitrosopumilales_archaeon_strain_NPMR_NP_theta_4_prokka/PROKKA_12212021.faa
[17:40:43] Nitrosopumilales_archaeon_strain_NPMR_NP_theta_4_prokka/PROKKA_12212021.ffn
[17:40:43] Nitrosopumilales_archaeon_strain_NPMR_NP_theta_4_prokka/PROKKA_12212021.fna
[17:40:43] Nitrosopumilales_archaeon_strain_NPMR_NP_theta_4_prokka/PROKKA_12212021.fsa
[17:40:43] Nitrosopumilales_archaeon_strain_NPMR_NP_theta_4_prokka/PROKKA_12212021.gbk
[17:40:43] Nitrosopumilales_archaeon_strain_NPMR_NP_theta_4_prokka/PROKKA_12212021.gff
[17:40:43] Nitrosopumilales_archaeon_strain_NPMR_NP_theta_4_prokka/PROKKA_12212021.log
[17:40:43] Nitrosopumilales_archaeon_strain_NPMR_NP_theta_4_prokka/PROKKA_12212021.sqn
[17:40:43] Nitrosopumilales_archaeon_strain_NPMR_NP_theta_4_prokka/PROKKA_12212021.tbl
[17:40:43] Nitrosopumilales_archaeon_strain_NPMR_NP_theta_4_prokka/PROKKA_12212021.tsv
[17:40:43] Nitrosopumilales_archaeon_strain_NPMR_NP_theta_4_prokka/PROKKA_12212021.txt
[17:40:43] Annotation finished successfully.
[17:40:43] Walltime used: 5.52 minutes
[17:40:43] If you use this result please cite the Prokka paper:
[17:40:43] Seemann T (2014) Prokka: rapid prokaryotic genome annotation. Bioinformatics. 30(14):2068-9.
[17:40:43] Type 'prokka --citation' for more details.
[17:40:43] Share and enjoy!
