[2022-04-16 00:00:19] INFO: CheckM v1.1.3
[2022-04-16 00:00:19] INFO: checkm lineage_wf -x fa -t 64 genomes deep_water_checkm
[2022-04-16 00:00:19] INFO: [CheckM - tree] Placing bins in reference genome tree.
[2022-04-16 00:00:19] INFO: Identifying marker genes in 6 bins with 64 threads:
[2022-04-16 00:00:26] INFO: Saving HMM info to file.
[2022-04-16 00:00:26] INFO: Calculating genome statistics for 6 bins with 64 threads:
[2022-04-16 00:00:26] INFO: Extracting marker genes to align.
[2022-04-16 00:00:26] INFO: Parsing HMM hits to marker genes:
[2022-04-16 00:00:26] INFO: Extracting 43 HMMs with 64 threads:
[2022-04-16 00:00:26] INFO: Aligning 43 marker genes with 64 threads:
[2022-04-16 00:00:27] INFO: Reading marker alignment files.
[2022-04-16 00:00:27] INFO: Concatenating alignments.
[2022-04-16 00:00:27] INFO: Placing 6 bins into the genome tree with pplacer (be patient).
[2022-04-16 00:05:30] INFO: { Current stage: 0:05:11.564 || Total: 0:05:11.564 }
[2022-04-16 00:05:30] INFO: [CheckM - lineage_set] Inferring lineage-specific marker sets.
[2022-04-16 00:05:30] INFO: Reading HMM info from file.
[2022-04-16 00:05:30] INFO: Parsing HMM hits to marker genes:
[2022-04-16 00:05:31] INFO: Determining marker sets for each genome bin.
[2022-04-16 00:05:33] INFO: Marker set written to: deep_water_checkm/lineage.ms
[2022-04-16 00:05:33] INFO: { Current stage: 0:00:02.454 || Total: 0:05:14.019 }
[2022-04-16 00:05:33] INFO: [CheckM - analyze] Identifying marker genes in bins.
[2022-04-16 00:05:33] INFO: Identifying marker genes in 6 bins with 64 threads:
[2022-04-16 00:06:35] INFO: Saving HMM info to file.
[2022-04-16 00:06:36] INFO: { Current stage: 0:01:03.189 || Total: 0:06:17.209 }
[2022-04-16 00:06:36] INFO: Parsing HMM hits to marker genes:
[2022-04-16 00:06:37] INFO: Aligning marker genes with multiple hits in a single bin:
[2022-04-16 00:06:37] INFO: { Current stage: 0:00:01.302 || Total: 0:06:18.511 }
[2022-04-16 00:06:37] INFO: Calculating genome statistics for 6 bins with 64 threads:
[2022-04-16 00:06:37] INFO: { Current stage: 0:00:00.216 || Total: 0:06:18.728 }
[2022-04-16 00:06:37] INFO: [CheckM - qa] Tabulating genome statistics.
[2022-04-16 00:06:37] INFO: Calculating AAI between multi-copy marker genes.
[2022-04-16 00:06:37] INFO: Reading HMM info from file.
[2022-04-16 00:06:38] INFO: Parsing HMM hits to marker genes:
[2022-04-16 00:06:39] INFO: { Current stage: 0:00:01.123 || Total: 0:06:19.852 }
