[21:20:54] This is prokka 1.14.6
[21:20:54] Written by Torsten Seemann <torsten.seemann@gmail.com>
[21:20:54] Homepage is https://github.com/tseemann/prokka
[21:20:54] Local time is Sun Oct 31 21:20:54 2021
[21:20:54] You are ylifc
[21:20:54] Operating system is linux
[21:20:54] You have BioPerl 1.007002
[21:20:54] System has 64 cores.
[21:20:54] Will use maximum of 64 cores.
[21:20:54] Annotating as >>> Bacteria <<<
[21:20:54] Generating locus_tag from 'Nitrosarchaeum_limnium_SFB1.fa' contents.
[21:20:54] Setting --locustag GHDECCJJ from MD5 01decc3356bf17bc09eb9ea2f95215e0
[21:20:54] Enabling options to ensure Genbank/ENA/DDJB submission compliance.
[21:20:54] Creating new output folder: Nitrosarchaeum_limnium_SFB1.fa_prokka
[21:20:54] Running: mkdir -p Nitrosarchaeum_limnium_SFB1\.fa_prokka
[21:20:54] Using filename prefix: PROKKA_10312021.XXX
[21:20:54] Setting HMMER_NCPU=1
[21:20:54] Writing log to: Nitrosarchaeum_limnium_SFB1.fa_prokka/PROKKA_10312021.log
[21:20:54] Command: /home/ylifc/miniconda2/envs/prokka/bin/prokka --cpus 0 --compliant --rfam Nitrosarchaeum_limnium_SFB1.fa --outdir Nitrosarchaeum_limnium_SFB1.fa_prokka
[21:20:54] Appending to PATH: /home/ylifc/miniconda2/envs/prokka/bin
[21:20:54] Looking for 'aragorn' - found /home/ylifc/miniconda2/envs/prokka/bin/aragorn
[21:20:54] Determined aragorn version is 001002 from 'ARAGORN v1.2.38 Dean Laslett'
[21:20:54] Looking for 'barrnap' - found /home/ylifc/miniconda2/envs/prokka/bin/barrnap
[21:20:54] Determined barrnap version is 000009 from 'barrnap 0.9'
[21:20:54] Looking for 'blastp' - found /home/ylifc/miniconda2/envs/prokka/bin/blastp
[21:20:56] Determined blastp version is 002012 from 'blastp: 2.12.0+'
[21:20:56] Looking for 'cmpress' - found /home/ylifc/miniconda2/envs/prokka/bin/cmpress
[21:20:56] Determined cmpress version is 001001 from '# INFERNAL 1.1.4 (Dec 2020)'
[21:20:56] Looking for 'cmscan' - found /home/ylifc/miniconda2/envs/prokka/bin/cmscan
[21:20:56] Determined cmscan version is 001001 from '# INFERNAL 1.1.4 (Dec 2020)'
[21:20:56] Looking for 'egrep' - found /bin/egrep
[21:20:56] Looking for 'find' - found /usr/bin/find
[21:20:56] Looking for 'grep' - found /bin/grep
[21:20:56] Looking for 'hmmpress' - found /home/ylifc/miniconda2/envs/prokka/bin/hmmpress
[21:20:56] Determined hmmpress version is 003003 from '# HMMER 3.3.2 (Nov 2020); http://hmmer.org/'
[21:20:56] Looking for 'hmmscan' - found /home/ylifc/miniconda2/envs/prokka/bin/hmmscan
[21:20:56] Determined hmmscan version is 003003 from '# HMMER 3.3.2 (Nov 2020); http://hmmer.org/'
[21:20:56] Looking for 'java' - found /home/ylifc/miniconda2/envs/prokka/bin/java
[21:20:56] Looking for 'makeblastdb' - found /home/ylifc/miniconda2/envs/prokka/bin/makeblastdb
[21:20:58] Determined makeblastdb version is 002012 from 'makeblastdb: 2.12.0+'
[21:20:58] Looking for 'minced' - found /home/ylifc/miniconda2/envs/prokka/bin/minced
[21:20:58] Determined minced version is 004002 from 'minced 0.4.2'
[21:20:58] Looking for 'parallel' - found /home/ylifc/miniconda2/envs/prokka/bin/parallel
[21:20:58] Determined parallel version is 20211022 from 'GNU parallel 20211022'
[21:20:58] Looking for 'prodigal' - found /home/ylifc/miniconda2/envs/prokka/bin/prodigal
[21:20:58] Determined prodigal version is 002006 from 'Prodigal V2.6.3: February, 2016'
[21:20:58] Looking for 'prokka-genbank_to_fasta_db' - found /home/ylifc/miniconda2/envs/prokka/bin/prokka-genbank_to_fasta_db
[21:20:58] Looking for 'sed' - found /bin/sed
[21:20:58] Looking for 'tbl2asn' - found /home/ylifc/miniconda2/envs/prokka/bin/tbl2asn
[21:20:58] Determined tbl2asn version is 025007 from 'tbl2asn 25.7   arguments:'
[21:20:58] Using genetic code table 11.
[21:20:58] Loading and checking input file: Nitrosarchaeum_limnium_SFB1.fa
[21:20:58] Skipping short (<200 bp) contig: AEGP01000001.1
[21:20:58] Skipping short (<200 bp) contig: AEGP01000003.1
[21:20:58] Skipping short (<200 bp) contig: AEGP01000007.1
[21:20:59] Skipping short (<200 bp) contig: AEGP01000068.1
[21:20:59] Skipping short (<200 bp) contig: AEGP01000072.1
[21:20:59] Wrote 71 contigs totalling 1742459 bp.
[21:20:59] Predicting tRNAs and tmRNAs
[21:20:59] Running: aragorn -l -gc11  -w Nitrosarchaeum_limnium_SFB1\.fa_prokka\/PROKKA_10312021\.fna
[21:21:00] 1 tRNA-Glu c[165,240] 37 (ctc)
[21:21:00] 1 tRNA-Arg [14325,14400] 36 (gcg)
[21:21:00] 1 tRNA-Pro [3354,3430] 35 (tgg)
[21:21:00] 1 tRNA-Ser [20400,20482] 33 (cga)
[21:21:00] 1 tRNA-Asn c[3393,3467] 35 (gtt)
[21:21:00] 1 tRNA-Phe c[18629,18703] 35 (gaa)
[21:21:00] 1 tRNA-Val [47603,47696] 35 (cac)
[21:21:00] 2 tRNA-Thr [63980,64055] 36 (tgt)
[21:21:00] 1 tRNA-Leu c[15691,15778] 38 (gag)
[21:21:00] 2 tRNA-His c[27314,27387] 35 (gtg)
[21:21:00] 3 tRNA-Met c[41968,42041] 35 (cat)
[21:21:00] 4 tRNA-Asp c[65187,65263] 37 (gtc)
[21:21:00] 5 tRNA-Lys [65360,65435] 35 (ttt)
[21:21:00] 6 tRNA-Ala c[74333,74407] 35 (ggc)
[21:21:00] 7 tRNA-Pro [75422,75497] 36 (cgg)
[21:21:00] 8 tRNA-Ser c[87771,87856] 36 (tga)
[21:21:00] 1 tRNA-Leu [5154,5240] 38 (tag)
[21:21:00] 2 tRNA-Ala [11448,11519] 33 (cgc)
[21:21:00] 1 tRNA-Val c[10574,10647] 35 (gac)
[21:21:00] 2 tRNA-His c[12736,12809] 35 (gtg)
[21:21:00] 3 tRNA-Met c[18014,18087] 35 (cat)
[21:21:00] 1 tRNA-Val c[774,850] 37 (tac)
[21:21:00] 2 tRNA-Lys c[8103,8177] 35 (ctt)
[21:21:00] 3 tRNA-Arg [16405,16480] 36 (tcg)
[21:21:00] 1 tRNA-Gly c[21482,21559] 37 (tcc)
[21:21:00] 1 tRNA-Val c[55434,55508] 35 (gac)
[21:21:00] 2 tRNA-Pro c[98100,98173] 35 (ggg)
[21:21:00] 1 tRNA-Gly [1670,1746] 36 (gcc)
[21:21:00] 1 tRNA-Ser c[36133,36218] 35 (gct)
[21:21:00] 1 tRNA-Cys [47063,47134] 33 (gca)
[21:21:00] 2 tRNA-Thr c[51332,51405] 35 (cgt)
[21:21:00] 1 tRNA-Ala c[15347,15421] 35 (tgc)
[21:21:00] 2 tRNA-Ile [16089,16163] 36 (gat)
[21:21:00] 3 tRNA-Thr [23390,23463] 35 (ggt)
[21:21:00] 4 tRNA-Arg [66801,66877] 37 (tct)
[21:21:00] tRNA [94430,94520] is a pseudo/wacky gene - skipping.
[21:21:00] 6 tRNA-Leu c[191969,192053] 37 (cag)
[21:21:00] 7 tRNA-Gln [198777,198852] 35 (ttg)
[21:21:00] 8 tRNA-Gly [220650,220724] 35 (ccc)
[21:21:00] Found 38 tRNAs
[21:21:00] Predicting Ribosomal RNAs
[21:21:00] Running Barrnap with 64 threads
[21:21:03] 1 gnl|Prokka|GHDECCJJ_26 129390 23S ribosomal RNA
[21:21:03] 2 gnl|Prokka|GHDECCJJ_26 132523 16S ribosomal RNA
[21:21:03] 3 gnl|Prokka|GHDECCJJ_40 35363 5S ribosomal RNA
[21:21:03] Found 3 rRNAs
[21:21:03] Scanning for ncRNAs... please be patient.
[21:21:03] Running: cmscan -Z 3.484918 --cut_ga --rfam --nohmmonly --fmt 2 --cpu 64 --tblout /dev/stdout -o /dev/null --noali /home/ylifc/miniconda2/envs/prokka/db/cm/Bacteria Nitrosarchaeum_limnium_SFB1\.fa_prokka\/PROKKA_10312021\.fna
[21:28:18] 1 ncRNA 1 gnl|Prokka|GHDECCJJ_15 1..303
[21:28:18] 2 ncRNA 1 gnl|Prokka|GHDECCJJ_63 1..318
[21:28:18] Found 2 ncRNAs.
[21:28:18] Total of 41 tRNA + rRNA features
[21:28:18] Searching for CRISPR repeats
[21:28:20] Found 0 CRISPRs
[21:28:20] Predicting coding sequences
[21:28:20] Contigs total 1742459 bp, so using single mode
[21:28:20] Running: prodigal -i Nitrosarchaeum_limnium_SFB1\.fa_prokka\/PROKKA_10312021\.fna -c -m -g 11 -p single -f sco -q
[21:28:24] Excluding CDS which overlaps existing RNA (tRNA) at gnl|Prokka|GHDECCJJ_40:73789..74352 on + strand
[21:28:25] Found 2149 CDS
[21:28:25] Connecting features back to sequences
[21:28:25] Not using genus-specific database. Try --usegenus to enable it.
[21:28:25] Annotating CDS, please be patient.
[21:28:25] Will use 64 CPUs for similarity searching.
[21:28:26] There are still 2149 unannotated CDS left (started with 2149)
[21:28:26] Will use blast to search against /home/ylifc/miniconda2/envs/prokka/db/kingdom/Bacteria/IS with 64 CPUs
[21:28:26] Running: cat Nitrosarchaeum_limnium_SFB1\.fa_prokka\/PROKKA_10312021\.IS\.tmp\.8729\.faa | parallel --gnu --plain -j 64 --block 4054 --recstart '>' --pipe blastp -query - -db /home/ylifc/miniconda2/envs/prokka/db/kingdom/Bacteria/IS -evalue 1e-30 -qcov_hsp_perc 90 -num_threads 1 -num_descriptions 1 -num_alignments 1 -seg no > Nitrosarchaeum_limnium_SFB1\.fa_prokka\/PROKKA_10312021\.IS\.tmp\.8729\.blast 2> /dev/null
[21:29:15] Deleting unwanted file: Nitrosarchaeum_limnium_SFB1.fa_prokka/PROKKA_10312021.IS.tmp.8729.faa
[21:29:15] Deleting unwanted file: Nitrosarchaeum_limnium_SFB1.fa_prokka/PROKKA_10312021.IS.tmp.8729.blast
[21:29:17] There are still 2149 unannotated CDS left (started with 2149)
[21:29:17] Will use blast to search against /home/ylifc/miniconda2/envs/prokka/db/kingdom/Bacteria/AMR with 64 CPUs
[21:29:17] Running: cat Nitrosarchaeum_limnium_SFB1\.fa_prokka\/PROKKA_10312021\.AMR\.tmp\.8729\.faa | parallel --gnu --plain -j 64 --block 4054 --recstart '>' --pipe blastp -query - -db /home/ylifc/miniconda2/envs/prokka/db/kingdom/Bacteria/AMR -evalue 9.99999999999999e-301 -qcov_hsp_perc 90 -num_threads 1 -num_descriptions 1 -num_alignments 1 -seg no > Nitrosarchaeum_limnium_SFB1\.fa_prokka\/PROKKA_10312021\.AMR\.tmp\.8729\.blast 2> /dev/null
[21:30:01] Deleting unwanted file: Nitrosarchaeum_limnium_SFB1.fa_prokka/PROKKA_10312021.AMR.tmp.8729.faa
[21:30:01] Deleting unwanted file: Nitrosarchaeum_limnium_SFB1.fa_prokka/PROKKA_10312021.AMR.tmp.8729.blast
[21:30:03] There are still 2149 unannotated CDS left (started with 2149)
[21:30:03] Will use blast to search against /home/ylifc/miniconda2/envs/prokka/db/kingdom/Bacteria/sprot with 64 CPUs
[21:30:03] Running: cat Nitrosarchaeum_limnium_SFB1\.fa_prokka\/PROKKA_10312021\.sprot\.tmp\.8729\.faa | parallel --gnu --plain -j 64 --block 4054 --recstart '>' --pipe blastp -query - -db /home/ylifc/miniconda2/envs/prokka/db/kingdom/Bacteria/sprot -evalue 1e-09 -qcov_hsp_perc 80 -num_threads 1 -num_descriptions 1 -num_alignments 1 -seg no > Nitrosarchaeum_limnium_SFB1\.fa_prokka\/PROKKA_10312021\.sprot\.tmp\.8729\.blast 2> /dev/null
[21:32:36] Modify product: Putative universal stress protein SA1532 => Putative universal stress protein
[21:32:36] Modify product: Probable UbiX-like flavin prenyltransferase => putative UbiX-like flavin prenyltransferase
[21:32:36] Modify product: Uncharacterized protein YedJ => putative protein YedJ
[21:32:36] Modify product: UPF0051 protein SA0778 => hypothetical protein
[21:32:36] Modify product: UPF0051 protein SA0778 => hypothetical protein
[21:32:36] Modify product: Probable cysteine desulfurase => putative cysteine desulfurase
[21:32:36] Modify product: Probable membrane transporter protein XF_0764 => putative membrane transporter protein
[21:32:36] Modify product: Uncharacterized protein MSMEG_2782/MSMEI_2713 => putative protein/MSMEI_2713
[21:32:36] Modify product: Probable ATP-dependent transporter SufC => putative ATP-dependent transporter SufC
[21:32:36] Modify product: Uncharacterized amino acid permease YhdG => putative amino acid permease YhdG
[21:32:36] Modify product: Uncharacterized protein HI_1163 => putative protein
[21:32:36] Modify product: Putative coenzyme F420-dependent oxidoreductase Rv3520c => Putative coenzyme F420-dependent oxidoreductase
[21:32:36] Modify product: Uncharacterized protein Rv0887c => putative protein
[21:32:37] Modify product: Probable GTPase Rv1496 => putative GTPase
[21:32:37] Modify product: Probable membrane transporter protein YfcA => putative membrane transporter protein YfcA
[21:32:37] Modify product: Probable bacterial non-heme ferritin => putative bacterial non-heme ferritin
[21:32:37] Modify product: Uncharacterized amino acid permease YhdG => putative amino acid permease YhdG
[21:32:37] Modify product: Probable cadmium-transporting ATPase => putative cadmium-transporting ATPase
[21:32:37] Modify product: Probable nicotinate-nucleotide pyrophosphorylase [carboxylating] => putative nicotinate-nucleotide pyrophosphorylase [carboxylating]
[21:32:37] Modify product: Bifunctional protein FolD => Bifunctional protein FolD protein
[21:32:37] Modify product: Uncharacterized protein YqgN => putative protein YqgN
[21:32:37] Modify product: Uncharacterized protein YccU => putative protein YccU
[21:32:37] Modify product: UPF0053 protein HI_0107 => hypothetical protein
[21:32:37] Modify product: NADH dehydrogenase-like protein SAOUHSC_00878 => NADH dehydrogenase-like protein
[21:32:37] Modify product: Membrane-associated protein slr1513 => Membrane-associated protein
[21:32:37] Modify product: Probable oxidoreductase CT_610 => putative oxidoreductase CT_610
[21:32:38] Modify product: Uncharacterized protein YisK => putative protein YisK
[21:32:38] Modify product: Uncharacterized amino acid permease YhdG => putative amino acid permease YhdG
[21:32:38] Modify product: NAD(P)H-dependent FAD/FMN reductase GTNG_3158 => NAD(P)H-dependent FAD/FMN reductase
[21:32:38] Modify product: Ribonuclease TTHA0252 => Ribonuclease
[21:32:38] Modify product: Probable dipeptidase PepE => putative dipeptidase PepE
[21:32:38] Modify product: NAD(P)H-dependent FMN reductase PA1204 => NAD(P)H-dependent FMN reductase
[21:32:38] Modify product: Probable polyketide biosynthesis zinc-dependent hydrolase PksB => putative polyketide biosynthesis zinc-dependent hydrolase PksB
[21:32:38] Modify product: Probable adenylyl-sulfate kinase => putative adenylyl-sulfate kinase
[21:32:38] Modify product: Uncharacterized oxidoreductase SA2266 => putative oxidoreductase
[21:32:38] Modify product: Uncharacterized metal-dependent hydrolase YjjV => putative metal-dependent hydrolase YjjV
[21:32:38] Modify product: NADH dehydrogenase-like protein SAOUHSC_00878 => NADH dehydrogenase-like protein
[21:32:38] Modify product: Putative 2-hydroxyacid dehydrogenase SA2098 => Putative 2-hydroxyacid dehydrogenase
[21:32:39] Modify product: Probable dual-specificity RNA methyltransferase RlmN => putative dual-specificity RNA methyltransferase RlmN
[21:32:39] Modify product: NADH dehydrogenase-like protein SAOUHSC_00878 => NADH dehydrogenase-like protein
[21:32:39] Modify product: Uncharacterized oxidoreductase SA2266 => putative oxidoreductase
[21:32:39] Modify product: Putative polysaccharide biosynthesis protein with aminopeptidase-like domain => Putative polysaccharide biosynthesis protein with aminopeptidase-like domain protein
[21:32:39] Modify product: Uncharacterized oxidoreductase SA2266 => putative oxidoreductase
[21:32:39] Modify product: Probable endonuclease 4 => putative endonuclease 4
[21:32:39] Modify product: UPF0098 protein CT_736 => hypothetical protein
[21:32:39] Cleaned 45 /product names
[21:32:39] Deleting unwanted file: Nitrosarchaeum_limnium_SFB1.fa_prokka/PROKKA_10312021.sprot.tmp.8729.faa
[21:32:39] Deleting unwanted file: Nitrosarchaeum_limnium_SFB1.fa_prokka/PROKKA_10312021.sprot.tmp.8729.blast
[21:32:40] There are still 1634 unannotated CDS left (started with 2149)
[21:32:40] Will use hmmer3 to search against /home/ylifc/miniconda2/envs/prokka/db/hmm/HAMAP.hmm with 64 CPUs
[21:32:40] Running: cat Nitrosarchaeum_limnium_SFB1\.fa_prokka\/PROKKA_10312021\.HAMAP\.hmm\.tmp\.8729\.faa | parallel --gnu --plain -j 64 --block 2776 --recstart '>' --pipe hmmscan --noali --notextw --acc -E 1e-09 --cpu 1 /home/ylifc/miniconda2/envs/prokka/db/hmm/HAMAP.hmm /dev/stdin > Nitrosarchaeum_limnium_SFB1\.fa_prokka\/PROKKA_10312021\.HAMAP\.hmm\.tmp\.8729\.hmmer3 2> /dev/null
[21:34:53] Modify product: Uncharacterized MFS-type transporter YcaD => putative MFS-type transporter YcaD
[21:34:53] Modify product: Uncharacterized Nudix hydrolase NudL => putative Nudix hydrolase NudL
[21:34:54] Cleaned 2 /product names
[21:34:54] Deleting unwanted file: Nitrosarchaeum_limnium_SFB1.fa_prokka/PROKKA_10312021.HAMAP.hmm.tmp.8729.faa
[21:34:54] Deleting unwanted file: Nitrosarchaeum_limnium_SFB1.fa_prokka/PROKKA_10312021.HAMAP.hmm.tmp.8729.hmmer3
[21:34:54] Labelling remaining 1449 proteins as 'hypothetical protein'
[21:34:54] Possible /pseudo 'L-threonine ammonia-lyase' at gnl|Prokka|GHDECCJJ_23 position 10158
[21:34:54] Possible /pseudo 'Chemotaxis protein CheY' at gnl|Prokka|GHDECCJJ_27 position 15025
[21:34:54] Possible /pseudo 'S-adenosylmethionine synthase' at gnl|Prokka|GHDECCJJ_30 position 19368
[21:34:54] Possible /pseudo 'Phosphoribosylamine--glycine ligase' at gnl|Prokka|GHDECCJJ_30 position 39990
[21:34:54] Possible /pseudo 'Methionine synthase' at gnl|Prokka|GHDECCJJ_35 position 4459
[21:34:54] Possible /pseudo 'NAD(P)H-quinone oxidoreductase subunit 2, chloroplastic' at gnl|Prokka|GHDECCJJ_40 position 45274
[21:34:54] Possible /pseudo 'Cobyric acid synthase' at gnl|Prokka|GHDECCJJ_44 position 29367
[21:34:54] Possible /pseudo 'TRAP-T-associated universal stress protein TeaD' at gnl|Prokka|GHDECCJJ_48 position 9443
[21:34:54] Possible /pseudo 'TRAP-T-associated universal stress protein TeaD' at gnl|Prokka|GHDECCJJ_48 position 10050
[21:34:54] Possible /pseudo '3'(2'),5'-bisphosphate nucleotidase CysQ' at gnl|Prokka|GHDECCJJ_48 position 20993
[21:34:54] Possible /pseudo 'Ribonuclease PH' at gnl|Prokka|GHDECCJJ_59 position 14277
[21:34:54] Possible /pseudo 'Adaptive-response sensory-kinase SasA' at gnl|Prokka|GHDECCJJ_59 position 31628
[21:34:54] Possible /pseudo 'Ribonuclease HII' at gnl|Prokka|GHDECCJJ_62 position 1211
[21:34:54] Possible /pseudo 'CTP:phosphoglutamine cytidylyltransferase' at gnl|Prokka|GHDECCJJ_63 position 124500
[21:34:54] Possible /pseudo 'Glutamyl-tRNA(Gln) amidotransferase subunit B, chloroplastic/mitochondrial' at gnl|Prokka|GHDECCJJ_63 position 190635
[21:34:54] Found 528 unique /gene codes.
[21:34:54] Fixed 2 duplicate /gene - ttuD_1 ttuD_2
[21:34:54] Fixed 13 duplicate /gene - cheY_1 cheY_2 cheY_3 cheY_4 cheY_5 cheY_6 cheY_7 cheY_8 cheY_9 cheY_10 cheY_11 cheY_12 cheY_13
[21:34:54] Fixed 2 duplicate /gene - valS_1 valS_2
[21:34:54] Fixed 2 duplicate /gene - prcB_1 prcB_2
[21:34:54] Fixed 2 duplicate /gene - vgb_1 vgb_2
[21:34:54] Fixed 2 duplicate /gene - GATB_1 GATB_2
[21:34:54] Fixed 2 duplicate /gene - bnzC_1 bnzC_2
[21:34:54] Fixed 12 duplicate /gene - sasA_1 sasA_2 sasA_3 sasA_4 sasA_5 sasA_6 sasA_7 sasA_8 sasA_9 sasA_10 sasA_11 sasA_12
[21:34:54] Fixed 2 duplicate /gene - cshA_1 cshA_2
[21:34:54] Fixed 2 duplicate /gene - xerC_1 xerC_2
[21:34:54] Fixed 2 duplicate /gene - lrpC_1 lrpC_2
[21:34:54] Fixed 2 duplicate /gene - kdsB_1 kdsB_2
[21:34:54] Fixed 2 duplicate /gene - hit_1 hit_2
[21:34:54] Fixed 2 duplicate /gene - aspS2_1 aspS2_2
[21:34:54] Fixed 2 duplicate /gene - glnA_1 glnA_2
[21:34:54] Fixed 2 duplicate /gene - mntR_1 mntR_2
[21:34:54] Fixed 3 duplicate /gene - fabG_1 fabG_2 fabG_3
[21:34:54] Fixed 2 duplicate /gene - atoS_1 atoS_2
[21:34:54] Fixed 2 duplicate /gene - cobQ_1 cobQ_2
[21:34:54] Fixed 2 duplicate /gene - menG_1 menG_2
[21:34:54] Fixed 2 duplicate /gene - bluB_1 bluB_2
[21:34:54] Fixed 2 duplicate /gene - fbiC_1 fbiC_2
[21:34:54] Fixed 2 duplicate /gene - tdcB_1 tdcB_2
[21:34:54] Fixed 2 duplicate /gene - thiI_1 thiI_2
[21:34:54] Fixed 2 duplicate /gene - ccr_1 ccr_2
[21:34:54] Fixed 4 duplicate /gene - dnaJ_1 dnaJ_2 dnaJ_3 dnaJ_4
[21:34:54] Fixed 2 duplicate /gene - bcp_1 bcp_2
[21:34:54] Fixed 2 duplicate /gene - leuA_1 leuA_2
[21:34:54] Fixed 3 duplicate /gene - arnC_1 arnC_2 arnC_3
[21:34:54] Fixed 2 duplicate /gene - rcsC_1 rcsC_2
[21:34:54] Fixed 2 duplicate /gene - galE_1 galE_2
[21:34:54] Fixed 2 duplicate /gene - smc_1 smc_2
[21:34:54] Fixed 2 duplicate /gene - yliI_1 yliI_2
[21:34:54] Fixed 2 duplicate /gene - leuC_1 leuC_2
[21:34:54] Fixed 2 duplicate /gene - ctaB_1 ctaB_2
[21:34:54] Fixed 2 duplicate /gene - ndhB_1 ndhB_2
[21:34:54] Fixed 2 duplicate /gene - fadA_1 fadA_2
[21:34:54] Fixed 2 duplicate /gene - cobD_1 cobD_2
[21:34:54] Fixed 2 duplicate /gene - metH_1 metH_2
[21:34:54] Fixed 2 duplicate /gene - prs_1 prs_2
[21:34:54] Fixed 4 duplicate /gene - cugP_1 cugP_2 cugP_3 cugP_4
[21:34:54] Fixed 5 duplicate /gene - IMPDH_1 IMPDH_2 IMPDH_3 IMPDH_4 IMPDH_5
[21:34:54] Fixed 2 duplicate /gene - acsA_1 acsA_2
[21:34:54] Fixed 2 duplicate /gene - ilvE_1 ilvE_2
[21:34:54] Fixed 3 duplicate /gene - ftsH_1 ftsH_2 ftsH_3
[21:34:54] Fixed 2 duplicate /gene - purD_1 purD_2
[21:34:54] Fixed 2 duplicate /gene - guaA_1 guaA_2
[21:34:54] Fixed 2 duplicate /gene - mdh_1 mdh_2
[21:34:54] Fixed 2 duplicate /gene - ndhI_1 ndhI_2
[21:34:54] Fixed 2 duplicate /gene - mat_1 mat_2
[21:34:54] Fixed 2 duplicate /gene - dbpA_1 dbpA_2
[21:34:54] Fixed 2 duplicate /gene - legI_1 legI_2
[21:34:54] Fixed 2 duplicate /gene - rph_1 rph_2
[21:34:54] Fixed 3 duplicate /gene - cysQ_1 cysQ_2 cysQ_3
[21:34:54] Fixed 4 duplicate /gene - spo0A_1 spo0A_2 spo0A_3 spo0A_4
[21:34:54] Fixed 3 duplicate /gene - groL_1 groL_2 groL_3
[21:34:54] Fixed 2 duplicate /gene - nnr_1 nnr_2
[21:34:54] Fixed 2 duplicate /gene - sufC_1 sufC_2
[21:34:54] Fixed 2 duplicate /gene - prcA_1 prcA_2
[21:34:54] Fixed 3 duplicate /gene - cheB_1 cheB_2 cheB_3
[21:34:54] Fixed 2 duplicate /gene - rnhB_1 rnhB_2
[21:34:54] Fixed 2 duplicate /gene - speB_1 speB_2
[21:34:54] Fixed 2 duplicate /gene - rhdA_1 rhdA_2
[21:34:54] Fixed 3 duplicate /gene - petE_1 petE_2 petE_3
[21:34:54] Fixed 2 duplicate /gene - lysX_1 lysX_2
[21:34:54] Fixed 3 duplicate /gene - glnB_1 glnB_2 glnB_3
[21:34:54] Fixed 2 duplicate /gene - moaA_1 moaA_2
[21:34:54] Fixed 2 duplicate /gene - hisC_1 hisC_2
[21:34:54] Fixed 6 duplicate /gene - teaD_1 teaD_2 teaD_3 teaD_4 teaD_5 teaD_6
[21:34:54] Fixed 3 duplicate /gene - yhdG_1 yhdG_2 yhdG_3
[21:34:54] Fixed 3 duplicate /gene - thrB_1 thrB_2 thrB_3
[21:34:54] Fixed 2 duplicate /gene - metG_1 metG_2
[21:34:54] Fixed 3 duplicate /gene - COQ3_1 COQ3_2 COQ3_3
[21:34:54] Fixed 2 duplicate /gene - hemA_1 hemA_2
[21:34:54] Fixed 2 duplicate /gene - pseB_1 pseB_2
[21:34:54] Fixed 2 duplicate /gene - thi4_1 thi4_2
[21:34:54] Fixed 2 duplicate /gene - nadE_1 nadE_2
[21:34:54] Fixed 2 duplicate /gene - nadK_1 nadK_2
[21:34:54] Fixed 2 duplicate /gene - ubiD_1 ubiD_2
[21:34:54] Fixed 79 colliding /gene names.
[21:34:54] Adding /locus_tag identifiers
[21:34:55] Assigned 2192 locus_tags to CDS and RNA features.
[21:34:55] Writing outputs to Nitrosarchaeum_limnium_SFB1.fa_prokka/
[21:34:59] Generating annotation statistics file
[21:34:59] Generating Genbank and Sequin files
[21:34:59] Running: tbl2asn -V b -a r10k -l paired-ends -M n -N 1 -y 'Annotated using prokka 1.14.6 from https://github.com/tseemann/prokka' -Z Nitrosarchaeum_limnium_SFB1\.fa_prokka\/PROKKA_10312021\.err -i Nitrosarchaeum_limnium_SFB1\.fa_prokka\/PROKKA_10312021\.fsa 2> /dev/null
[21:35:13] Deleting unwanted file: Nitrosarchaeum_limnium_SFB1.fa_prokka/errorsummary.val
[21:35:13] Deleting unwanted file: Nitrosarchaeum_limnium_SFB1.fa_prokka/PROKKA_10312021.dr
[21:35:13] Deleting unwanted file: Nitrosarchaeum_limnium_SFB1.fa_prokka/PROKKA_10312021.fixedproducts
[21:35:13] Deleting unwanted file: Nitrosarchaeum_limnium_SFB1.fa_prokka/PROKKA_10312021.ecn
[21:35:13] Deleting unwanted file: Nitrosarchaeum_limnium_SFB1.fa_prokka/PROKKA_10312021.val
[21:35:13] Repairing broken .GBK output that tbl2asn produces...
[21:35:13] Running: sed 's/COORDINATES: profile/COORDINATES:profile/' < Nitrosarchaeum_limnium_SFB1\.fa_prokka\/PROKKA_10312021\.gbf > Nitrosarchaeum_limnium_SFB1\.fa_prokka\/PROKKA_10312021\.gbk
[21:35:13] Deleting unwanted file: Nitrosarchaeum_limnium_SFB1.fa_prokka/PROKKA_10312021.gbf
[21:35:13] Output files:
[21:35:13] Nitrosarchaeum_limnium_SFB1.fa_prokka/PROKKA_10312021.err
[21:35:13] Nitrosarchaeum_limnium_SFB1.fa_prokka/PROKKA_10312021.faa
[21:35:13] Nitrosarchaeum_limnium_SFB1.fa_prokka/PROKKA_10312021.ffn
[21:35:13] Nitrosarchaeum_limnium_SFB1.fa_prokka/PROKKA_10312021.fna
[21:35:13] Nitrosarchaeum_limnium_SFB1.fa_prokka/PROKKA_10312021.fsa
[21:35:13] Nitrosarchaeum_limnium_SFB1.fa_prokka/PROKKA_10312021.gbk
[21:35:13] Nitrosarchaeum_limnium_SFB1.fa_prokka/PROKKA_10312021.gff
[21:35:13] Nitrosarchaeum_limnium_SFB1.fa_prokka/PROKKA_10312021.log
[21:35:13] Nitrosarchaeum_limnium_SFB1.fa_prokka/PROKKA_10312021.sqn
[21:35:13] Nitrosarchaeum_limnium_SFB1.fa_prokka/PROKKA_10312021.tbl
[21:35:13] Nitrosarchaeum_limnium_SFB1.fa_prokka/PROKKA_10312021.tsv
[21:35:13] Nitrosarchaeum_limnium_SFB1.fa_prokka/PROKKA_10312021.txt
[21:35:13] Annotation finished successfully.
[21:35:13] Walltime used: 14.32 minutes
[21:35:13] If you use this result please cite the Prokka paper:
[21:35:13] Seemann T (2014) Prokka: rapid prokaryotic genome annotation. Bioinformatics. 30(14):2068-9.
[21:35:13] Type 'prokka --citation' for more details.
[21:35:13] Share and enjoy!
