[20:11:14] This is prokka 1.14.6
[20:11:14] Written by Torsten Seemann <torsten.seemann@gmail.com>
[20:11:14] Homepage is https://github.com/tseemann/prokka
[20:11:14] Local time is Sun Oct 31 20:11:14 2021
[20:11:14] You are ylifc
[20:11:14] Operating system is linux
[20:11:14] You have BioPerl 1.007002
[20:11:14] System has 64 cores.
[20:11:14] Will use maximum of 64 cores.
[20:11:14] Annotating as >>> Bacteria <<<
[20:11:14] Generating locus_tag from 'Nitrosotenuis_aquarius_strain_AQ6F.fa' contents.
[20:11:14] Setting --locustag GGFHDHHI from MD5 00f1d11278fe3296beea64fa5b97888f
[20:11:14] Enabling options to ensure Genbank/ENA/DDJB submission compliance.
[20:11:14] Creating new output folder: Nitrosotenuis_aquarius_strain_AQ6F.fa_prokka
[20:11:14] Running: mkdir -p Nitrosotenuis_aquarius_strain_AQ6F\.fa_prokka
[20:11:14] Using filename prefix: PROKKA_10312021.XXX
[20:11:14] Setting HMMER_NCPU=1
[20:11:14] Writing log to: Nitrosotenuis_aquarius_strain_AQ6F.fa_prokka/PROKKA_10312021.log
[20:11:14] Command: /home/ylifc/miniconda2/envs/prokka/bin/prokka --cpus 0 --compliant --rfam Nitrosotenuis_aquarius_strain_AQ6F.fa --outdir Nitrosotenuis_aquarius_strain_AQ6F.fa_prokka
[20:11:14] Appending to PATH: /home/ylifc/miniconda2/envs/prokka/bin
[20:11:14] Looking for 'aragorn' - found /home/ylifc/miniconda2/envs/prokka/bin/aragorn
[20:11:14] Determined aragorn version is 001002 from 'ARAGORN v1.2.38 Dean Laslett'
[20:11:14] Looking for 'barrnap' - found /home/ylifc/miniconda2/envs/prokka/bin/barrnap
[20:11:14] Determined barrnap version is 000009 from 'barrnap 0.9'
[20:11:14] Looking for 'blastp' - found /home/ylifc/miniconda2/envs/prokka/bin/blastp
[20:11:16] Determined blastp version is 002012 from 'blastp: 2.12.0+'
[20:11:16] Looking for 'cmpress' - found /home/ylifc/miniconda2/envs/prokka/bin/cmpress
[20:11:16] Determined cmpress version is 001001 from '# INFERNAL 1.1.4 (Dec 2020)'
[20:11:16] Looking for 'cmscan' - found /home/ylifc/miniconda2/envs/prokka/bin/cmscan
[20:11:16] Determined cmscan version is 001001 from '# INFERNAL 1.1.4 (Dec 2020)'
[20:11:16] Looking for 'egrep' - found /bin/egrep
[20:11:16] Looking for 'find' - found /usr/bin/find
[20:11:16] Looking for 'grep' - found /bin/grep
[20:11:16] Looking for 'hmmpress' - found /home/ylifc/miniconda2/envs/prokka/bin/hmmpress
[20:11:16] Determined hmmpress version is 003003 from '# HMMER 3.3.2 (Nov 2020); http://hmmer.org/'
[20:11:16] Looking for 'hmmscan' - found /home/ylifc/miniconda2/envs/prokka/bin/hmmscan
[20:11:16] Determined hmmscan version is 003003 from '# HMMER 3.3.2 (Nov 2020); http://hmmer.org/'
[20:11:16] Looking for 'java' - found /home/ylifc/miniconda2/envs/prokka/bin/java
[20:11:16] Looking for 'makeblastdb' - found /home/ylifc/miniconda2/envs/prokka/bin/makeblastdb
[20:11:17] Determined makeblastdb version is 002012 from 'makeblastdb: 2.12.0+'
[20:11:17] Looking for 'minced' - found /home/ylifc/miniconda2/envs/prokka/bin/minced
[20:11:18] Determined minced version is 004002 from 'minced 0.4.2'
[20:11:18] Looking for 'parallel' - found /home/ylifc/miniconda2/envs/prokka/bin/parallel
[20:11:18] Determined parallel version is 20211022 from 'GNU parallel 20211022'
[20:11:18] Looking for 'prodigal' - found /home/ylifc/miniconda2/envs/prokka/bin/prodigal
[20:11:18] Determined prodigal version is 002006 from 'Prodigal V2.6.3: February, 2016'
[20:11:18] Looking for 'prokka-genbank_to_fasta_db' - found /home/ylifc/miniconda2/envs/prokka/bin/prokka-genbank_to_fasta_db
[20:11:18] Looking for 'sed' - found /bin/sed
[20:11:18] Looking for 'tbl2asn' - found /home/ylifc/miniconda2/envs/prokka/bin/tbl2asn
[20:11:18] Determined tbl2asn version is 025007 from 'tbl2asn 25.7   arguments:'
[20:11:18] Using genetic code table 11.
[20:11:18] Loading and checking input file: Nitrosotenuis_aquarius_strain_AQ6F.fa
[20:11:19] Wrote 1 contigs totalling 1697207 bp.
[20:11:19] Predicting tRNAs and tmRNAs
[20:11:19] Running: aragorn -l -gc11  -w Nitrosotenuis_aquarius_strain_AQ6F\.fa_prokka\/PROKKA_10312021\.fna
[20:11:20] 1 tRNA-Ser [42159,42243] 35 (gct)
[20:11:20] 2 tRNA-Thr c[161539,161612] 35 (tgt)
[20:11:20] 3 tRNA-Val [166307,166403] 35 (cac)
[20:11:20] 4 tRNA-Phe [419994,420068] 35 (gaa)
[20:11:20] 5 tRNA-Asn c[475183,475259] 35 (gtt)
[20:11:20] 6 tRNA-Pro c[662478,662552] 35 (tgg)
[20:11:20] 7 tRNA-Arg c[699348,699424] 36 (gcg)
[20:11:20] 8 tRNA-Glu [778233,778308] 37 (ctc)
[20:11:20] 9 tRNA-Gly [789110,789185] 37 (gcc)
[20:11:20] 10 tRNA-Leu c[901506,901592] 38 (gag)
[20:11:20] 11 tRNA-His c[913285,913358] 35 (gtg)
[20:11:20] 12 tRNA-Asp c[917133,917208] 37 (gtc)
[20:11:20] 13 tRNA-Lys [917307,917381] 35 (ttt)
[20:11:20] 14 tRNA-Ala c[926690,926764] 35 (ggc)
[20:11:20] 15 tRNA-Pro [927764,927838] 35 (cgg)
[20:11:20] 16 tRNA-Ser c[938115,938199] 35 (tga)
[20:11:20] 17 tRNA-Leu [946921,947008] 37 (tag)
[20:11:20] 18 tRNA-Ala [953430,953502] 33 (cgc)
[20:11:20] 19 tRNA-Val c[994844,994919] 36 (tac)
[20:11:20] 20 tRNA-Phe c[1039866,1039955] 38 (aaa)
[20:11:20] 21 tRNA-Arg [1048076,1048150] 36 (tcg)
[20:11:20] 22 tRNA-Leu c[1117015,1117101] 38 (cag)
[20:11:20] 23 tRNA-Gln [1123086,1123159] 35 (ttg)
[20:11:20] 24 tRNA-Gly [1145034,1145108] 35 (ccc)
[20:11:20] 25 tRNA-Pro [1249784,1249859] 36 (ggg)
[20:11:20] 26 tRNA-Val c[1265135,1265210] 35 (gac)
[20:11:20] 27 tRNA-Gly [1398062,1398136] 35 (tcc)
[20:11:20] 28 tRNA-Arg c[1543796,1543873] 36 (tct)
[20:11:20] 29 tRNA-Glu c[1571606,1571683] 37 (ttc)
[20:11:20] 30 tRNA-Met [1572435,1572508] 35 (cat)
[20:11:20] 31 tRNA-Thr c[1662877,1662950] 35 (ggt)
[20:11:20] tRNA c[1665295,1665388] is a pseudo/wacky gene - skipping.
[20:11:20] 33 tRNA-Ala [1666065,1666136] 33 (tgc)
[20:11:20] 34 tRNA-Thr [1692667,1692740] 35 (cgt)
[20:11:20] 35 tRNA-Cys c[1696837,1696910] 33 (gca)
[20:11:20] Found 34 tRNAs
[20:11:20] Predicting Ribosomal RNAs
[20:11:20] Running Barrnap with 64 threads
[20:11:24] 1 gnl|Prokka|GGFHDHHI_1 289250 16S ribosomal RNA
[20:11:24] 2 gnl|Prokka|GGFHDHHI_1 290862 23S ribosomal RNA
[20:11:24] 3 gnl|Prokka|GGFHDHHI_1 1639099 5S ribosomal RNA
[20:11:24] Found 3 rRNAs
[20:11:24] Scanning for ncRNAs... please be patient.
[20:11:24] Running: cmscan -Z 3.394414 --cut_ga --rfam --nohmmonly --fmt 2 --cpu 64 --tblout /dev/stdout -o /dev/null --noali /home/ylifc/miniconda2/envs/prokka/db/cm/Bacteria Nitrosotenuis_aquarius_strain_AQ6F\.fa_prokka\/PROKKA_10312021\.fna
[20:16:41] 1 ncRNA 1 gnl|Prokka|GGFHDHHI_1 1..303
[20:16:41] 2 ncRNA 2 gnl|Prokka|GGFHDHHI_1 1..318
[20:16:41] Found 2 ncRNAs.
[20:16:41] Total of 37 tRNA + rRNA features
[20:16:41] Searching for CRISPR repeats
[20:16:43] Found 0 CRISPRs
[20:16:43] Predicting coding sequences
[20:16:43] Contigs total 1697207 bp, so using single mode
[20:16:43] Running: prodigal -i Nitrosotenuis_aquarius_strain_AQ6F\.fa_prokka\/PROKKA_10312021\.fna -c -m -g 11 -p single -f sco -q
[20:16:58] Excluding CDS which overlaps existing RNA (rRNA) at gnl|Prokka|GGFHDHHI_1:290876..291307 on - strand
[20:16:59] Excluding CDS which overlaps existing RNA (tRNA) at gnl|Prokka|GGFHDHHI_1:917381..918841 on - strand
[20:17:00] Excluding CDS which overlaps existing RNA (tRNA) at gnl|Prokka|GGFHDHHI_1:1145108..1146049 on - strand
[20:17:00] Excluding CDS which overlaps existing RNA (tRNA) at gnl|Prokka|GGFHDHHI_1:1249822..1250250 on + strand
[20:17:01] Excluding CDS which overlaps existing RNA (tRNA) at gnl|Prokka|GGFHDHHI_1:1696406..1696837 on + strand
[20:17:01] Found 2004 CDS
[20:17:01] Connecting features back to sequences
[20:17:01] Not using genus-specific database. Try --usegenus to enable it.
[20:17:01] Annotating CDS, please be patient.
[20:17:01] Will use 64 CPUs for similarity searching.
[20:17:02] There are still 2004 unannotated CDS left (started with 2004)
[20:17:02] Will use blast to search against /home/ylifc/miniconda2/envs/prokka/db/kingdom/Bacteria/IS with 64 CPUs
[20:17:02] Running: cat Nitrosotenuis_aquarius_strain_AQ6F\.fa_prokka\/PROKKA_10312021\.IS\.tmp\.35676\.faa | parallel --gnu --plain -j 64 --block 4171 --recstart '>' --pipe blastp -query - -db /home/ylifc/miniconda2/envs/prokka/db/kingdom/Bacteria/IS -evalue 1e-30 -qcov_hsp_perc 90 -num_threads 1 -num_descriptions 1 -num_alignments 1 -seg no > Nitrosotenuis_aquarius_strain_AQ6F\.fa_prokka\/PROKKA_10312021\.IS\.tmp\.35676\.blast 2> /dev/null
[20:18:02] Deleting unwanted file: Nitrosotenuis_aquarius_strain_AQ6F.fa_prokka/PROKKA_10312021.IS.tmp.35676.faa
[20:18:02] Deleting unwanted file: Nitrosotenuis_aquarius_strain_AQ6F.fa_prokka/PROKKA_10312021.IS.tmp.35676.blast
[20:18:03] There are still 2004 unannotated CDS left (started with 2004)
[20:18:03] Will use blast to search against /home/ylifc/miniconda2/envs/prokka/db/kingdom/Bacteria/AMR with 64 CPUs
[20:18:03] Running: cat Nitrosotenuis_aquarius_strain_AQ6F\.fa_prokka\/PROKKA_10312021\.AMR\.tmp\.35676\.faa | parallel --gnu --plain -j 64 --block 4171 --recstart '>' --pipe blastp -query - -db /home/ylifc/miniconda2/envs/prokka/db/kingdom/Bacteria/AMR -evalue 9.99999999999999e-301 -qcov_hsp_perc 90 -num_threads 1 -num_descriptions 1 -num_alignments 1 -seg no > Nitrosotenuis_aquarius_strain_AQ6F\.fa_prokka\/PROKKA_10312021\.AMR\.tmp\.35676\.blast 2> /dev/null
[20:18:55] Deleting unwanted file: Nitrosotenuis_aquarius_strain_AQ6F.fa_prokka/PROKKA_10312021.AMR.tmp.35676.faa
[20:18:55] Deleting unwanted file: Nitrosotenuis_aquarius_strain_AQ6F.fa_prokka/PROKKA_10312021.AMR.tmp.35676.blast
[20:18:56] There are still 2004 unannotated CDS left (started with 2004)
[20:18:56] Will use blast to search against /home/ylifc/miniconda2/envs/prokka/db/kingdom/Bacteria/sprot with 64 CPUs
[20:18:56] Running: cat Nitrosotenuis_aquarius_strain_AQ6F\.fa_prokka\/PROKKA_10312021\.sprot\.tmp\.35676\.faa | parallel --gnu --plain -j 64 --block 4171 --recstart '>' --pipe blastp -query - -db /home/ylifc/miniconda2/envs/prokka/db/kingdom/Bacteria/sprot -evalue 1e-09 -qcov_hsp_perc 80 -num_threads 1 -num_descriptions 1 -num_alignments 1 -seg no > Nitrosotenuis_aquarius_strain_AQ6F\.fa_prokka\/PROKKA_10312021\.sprot\.tmp\.35676\.blast 2> /dev/null
[20:22:00] Modify product: Uncharacterized metal-dependent hydrolase YcfH => putative metal-dependent hydrolase YcfH
[20:22:00] Modify product: Probable copper-transporting ATPase PacS => putative copper-transporting ATPase PacS
[20:22:00] Modify product: Uncharacterized protein Rv0887c => putative protein
[20:22:01] Modify product: Probable membrane transporter protein YfcA => putative membrane transporter protein YfcA
[20:22:01] Modify product: Uncharacterized protein YqgN => putative protein YqgN
[20:22:01] Modify product: Bifunctional protein FolD => Bifunctional protein FolD protein
[20:22:01] Modify product: Uncharacterized protein YedJ => putative protein YedJ
[20:22:01] Modify product: Probable cysteine desulfurase => putative cysteine desulfurase
[20:22:01] Modify product: UPF0051 protein SA0778 => hypothetical protein
[20:22:01] Modify product: Uncharacterized transporter Rv2685 => putative transporter
[20:22:01] Modify product: Probable nicotinate-nucleotide pyrophosphorylase [carboxylating] => putative nicotinate-nucleotide pyrophosphorylase [carboxylating]
[20:22:01] Modify product: Putative coenzyme F420-dependent oxidoreductase Rv3520c => Putative coenzyme F420-dependent oxidoreductase
[20:22:01] Modify product: Uncharacterized protein YccU => putative protein YccU
[20:22:01] Modify product: UPF0060 membrane protein YnfA => hypothetical protein
[20:22:01] Modify product: UPF0060 membrane protein YnfA => hypothetical protein
[20:22:01] Modify product: Uncharacterized protein Rv2715 => putative protein
[20:22:02] Modify product: NADH dehydrogenase-like protein SAOUHSC_00878 => NADH dehydrogenase-like protein
[20:22:02] Modify product: Probable UbiX-like flavin prenyltransferase => putative UbiX-like flavin prenyltransferase
[20:22:02] Modify product: UPF0051 protein SA0778 => hypothetical protein
[20:22:02] Modify product: Probable endonuclease 4 => putative endonuclease 4
[20:22:02] Modify product: Probable polyketide biosynthesis zinc-dependent hydrolase PksB => putative polyketide biosynthesis zinc-dependent hydrolase PksB
[20:22:02] Modify product: Uncharacterized protein Rv0959 => putative protein
[20:22:02] Modify product: Probable type I restriction enzyme BthVORF4518P M protein => putative type I restriction enzymeP M protein
[20:22:02] Modify product: Putative 2-hydroxyacid dehydrogenase SA2098 => Putative 2-hydroxyacid dehydrogenase
[20:22:02] Modify product: Probable undecaprenyl-phosphate N-acetylglucosaminyl 1-phosphate transferase => putative undecaprenyl-phosphate N-acetylglucosaminyl 1-phosphate transferase
[20:22:02] Modify product: Uncharacterized protein YisK => putative protein YisK
[20:22:02] Modify product: Probable dipeptidase PepE => putative dipeptidase PepE
[20:22:02] Modify product: UPF0173 metal-dependent hydrolase TM_1162 => hypothetical protein
[20:22:03] Modify product: Probable cysteine desulfurase => putative cysteine desulfurase
[20:22:03] Modify product: Uncharacterized oxidoreductase SA2266 => putative oxidoreductase
[20:22:03] Modify product: Putative universal stress protein SA1532 => Putative universal stress protein
[20:22:03] Modify product: Universal stress protein A homolog 2 => Universal stress protein A 
[20:22:03] Modify product: Putative universal stress protein SA1532 => Putative universal stress protein
[20:22:03] Modify product: Probable adenylyl-sulfate kinase => putative adenylyl-sulfate kinase
[20:22:03] Modify product: Uncharacterized amino acid permease YhdG => putative amino acid permease YhdG
[20:22:03] Modify product: Putative phosphoribosyl transferase Rv0571c => Putative phosphoribosyl transferase
[20:22:03] Modify product: NADH dehydrogenase-like protein SAOUHSC_00878 => NADH dehydrogenase-like protein
[20:22:03] Modify product: Uncharacterized oxidoreductase SA2266 => putative oxidoreductase
[20:22:03] Modify product: Ribonuclease TTHA0252 => Ribonuclease
[20:22:03] Modify product: Probable protein kinase UbiB => putative protein kinase UbiB
[20:22:03] Modify product: Probable oxidoreductase CT_610 => putative oxidoreductase CT_610
[20:22:03] Modify product: UPF0060 membrane protein YnfA => hypothetical protein
[20:22:03] Modify product: UPF0060 membrane protein YnfA => hypothetical protein
[20:22:03] Modify product: UPF0060 membrane protein YnfA => hypothetical protein
[20:22:03] Modify product: UPF0060 membrane protein YnfA => hypothetical protein
[20:22:03] Cleaned 45 /product names
[20:22:03] Deleting unwanted file: Nitrosotenuis_aquarius_strain_AQ6F.fa_prokka/PROKKA_10312021.sprot.tmp.35676.faa
[20:22:03] Deleting unwanted file: Nitrosotenuis_aquarius_strain_AQ6F.fa_prokka/PROKKA_10312021.sprot.tmp.35676.blast
[20:22:04] There are still 1483 unannotated CDS left (started with 2004)
[20:22:04] Will use hmmer3 to search against /home/ylifc/miniconda2/envs/prokka/db/hmm/HAMAP.hmm with 64 CPUs
[20:22:04] Running: cat Nitrosotenuis_aquarius_strain_AQ6F\.fa_prokka\/PROKKA_10312021\.HAMAP\.hmm\.tmp\.35676\.faa | parallel --gnu --plain -j 64 --block 2822 --recstart '>' --pipe hmmscan --noali --notextw --acc -E 1e-09 --cpu 1 /home/ylifc/miniconda2/envs/prokka/db/hmm/HAMAP.hmm /dev/stdin > Nitrosotenuis_aquarius_strain_AQ6F\.fa_prokka\/PROKKA_10312021\.HAMAP\.hmm\.tmp\.35676\.hmmer3 2> /dev/null
[20:24:23] Modify product: Uncharacterized MFS-type transporter YfcJ => putative MFS-type transporter YfcJ
[20:24:23] Modify product: Uncharacterized Nudix hydrolase NudL => putative Nudix hydrolase NudL
[20:24:24] Cleaned 2 /product names
[20:24:24] Deleting unwanted file: Nitrosotenuis_aquarius_strain_AQ6F.fa_prokka/PROKKA_10312021.HAMAP.hmm.tmp.35676.faa
[20:24:24] Deleting unwanted file: Nitrosotenuis_aquarius_strain_AQ6F.fa_prokka/PROKKA_10312021.HAMAP.hmm.tmp.35676.hmmer3
[20:24:24] Labelling remaining 1298 proteins as 'hypothetical protein'
[20:24:24] Possible /pseudo 'Ribonuclease PH' at gnl|Prokka|GGFHDHHI_1 position 807304
[20:24:24] Possible /pseudo 'Putative cation/proton antiporter YbaL' at gnl|Prokka|GGFHDHHI_1 position 857710
[20:24:24] Possible /pseudo 'Urease subunit alpha' at gnl|Prokka|GGFHDHHI_1 position 967929
[20:24:24] Possible /pseudo 'Deoxyhypusine synthase-like protein' at gnl|Prokka|GGFHDHHI_1 position 989677
[20:24:24] Possible /pseudo 'NAD(P)H-quinone oxidoreductase subunit 2, chloroplastic' at gnl|Prokka|GGFHDHHI_1 position 1569236
[20:24:24] Found 534 unique /gene codes.
[20:24:24] Fixed 2 duplicate /gene - dbpA_1 dbpA_2
[20:24:24] Fixed 2 duplicate /gene - cobO_1 cobO_2
[20:24:24] Fixed 2 duplicate /gene - yliI_1 yliI_2
[20:24:24] Fixed 2 duplicate /gene - cpdR_1 cpdR_2
[20:24:24] Fixed 2 duplicate /gene - ttuD_1 ttuD_2
[20:24:24] Fixed 2 duplicate /gene - metG_1 metG_2
[20:24:24] Fixed 2 duplicate /gene - rnj_1 rnj_2
[20:24:24] Fixed 2 duplicate /gene - ndhB_1 ndhB_2
[20:24:24] Fixed 2 duplicate /gene - thrA_1 thrA_2
[20:24:24] Fixed 2 duplicate /gene - rssB_1 rssB_2
[20:24:24] Fixed 2 duplicate /gene - leuA_1 leuA_2
[20:24:24] Fixed 4 duplicate /gene - IMPDH_1 IMPDH_2 IMPDH_3 IMPDH_4
[20:24:24] Fixed 2 duplicate /gene - csd_1 csd_2
[20:24:24] Fixed 2 duplicate /gene - thiI_1 thiI_2
[20:24:24] Fixed 2 duplicate /gene - lrp_1 lrp_2
[20:24:24] Fixed 2 duplicate /gene - fieF_1 fieF_2
[20:24:24] Fixed 2 duplicate /gene - ahcY_1 ahcY_2
[20:24:24] Fixed 2 duplicate /gene - hit_1 hit_2
[20:24:24] Fixed 2 duplicate /gene - fadA_1 fadA_2
[20:24:24] Fixed 2 duplicate /gene - ycf3_1 ycf3_2
[20:24:24] Fixed 3 duplicate /gene - ccr_1 ccr_2 ccr_3
[20:24:24] Fixed 2 duplicate /gene - nadK_1 nadK_2
[20:24:24] Fixed 2 duplicate /gene - gerN_1 gerN_2
[20:24:24] Fixed 2 duplicate /gene - glnA_1 glnA_2
[20:24:24] Fixed 3 duplicate /gene - ureA_1 ureA_2 ureA_3
[20:24:24] Fixed 2 duplicate /gene - lysX_1 lysX_2
[20:24:24] Fixed 2 duplicate /gene - cobD_1 cobD_2
[20:24:24] Fixed 3 duplicate /gene - arnC_1 arnC_2 arnC_3
[20:24:24] Fixed 2 duplicate /gene - hrp1_1 hrp1_2
[20:24:24] Fixed 2 duplicate /gene - moaA_1 moaA_2
[20:24:24] Fixed 2 duplicate /gene - ybaL_1 ybaL_2
[20:24:24] Fixed 2 duplicate /gene - ilvE_1 ilvE_2
[20:24:24] Fixed 2 duplicate /gene - guaA_1 guaA_2
[20:24:24] Fixed 2 duplicate /gene - rph_1 rph_2
[20:24:24] Fixed 2 duplicate /gene - aspS2_1 aspS2_2
[20:24:24] Fixed 2 duplicate /gene - bcp_1 bcp_2
[20:24:24] Fixed 3 duplicate /gene - arnB_1 arnB_2 arnB_3
[20:24:24] Fixed 2 duplicate /gene - rcsC_1 rcsC_2
[20:24:24] Fixed 2 duplicate /gene - coaBC_1 coaBC_2
[20:24:24] Fixed 2 duplicate /gene - hcf136_1 hcf136_2
[20:24:24] Fixed 5 duplicate /gene - groL_1 groL_2 groL_3 groL_4 groL_5
[20:24:24] Fixed 2 duplicate /gene - drrA_1 drrA_2
[20:24:24] Fixed 2 duplicate /gene - prcB_1 prcB_2
[20:24:24] Fixed 3 duplicate /gene - smc_1 smc_2 smc_3
[20:24:24] Fixed 2 duplicate /gene - valS_1 valS_2
[20:24:24] Fixed 4 duplicate /gene - cheB_1 cheB_2 cheB_3 cheB_4
[20:24:24] Fixed 3 duplicate /gene - xerC_1 xerC_2 xerC_3
[20:24:24] Fixed 2 duplicate /gene - nnr_1 nnr_2
[20:24:24] Fixed 16 duplicate /gene - sasA_1 sasA_2 sasA_3 sasA_4 sasA_5 sasA_6 sasA_7 sasA_8 sasA_9 sasA_10 sasA_11 sasA_12 sasA_13 sasA_14 sasA_15 sasA_16
[20:24:24] Fixed 4 duplicate /gene - cheY_1 cheY_2 cheY_3 cheY_4
[20:24:24] Fixed 3 duplicate /gene - tuf_1 tuf_2 tuf_3
[20:24:24] Fixed 2 duplicate /gene - asnB_1 asnB_2
[20:24:24] Fixed 2 duplicate /gene - mcm_1 mcm_2
[20:24:24] Fixed 2 duplicate /gene - spo0A_1 spo0A_2
[20:24:24] Fixed 4 duplicate /gene - dnaJ_1 dnaJ_2 dnaJ_3 dnaJ_4
[20:24:24] Fixed 2 duplicate /gene - atpC_1 atpC_2
[20:24:24] Fixed 2 duplicate /gene - kdsB_1 kdsB_2
[20:24:24] Fixed 2 duplicate /gene - prcA_1 prcA_2
[20:24:24] Fixed 2 duplicate /gene - iolS_1 iolS_2
[20:24:24] Fixed 2 duplicate /gene - acsA_1 acsA_2
[20:24:24] Fixed 2 duplicate /gene - metH_1 metH_2
[20:24:24] Fixed 2 duplicate /gene - deaD_1 deaD_2
[20:24:24] Fixed 3 duplicate /gene - glnB_1 glnB_2 glnB_3
[20:24:24] Fixed 2 duplicate /gene - mshA_1 mshA_2
[20:24:24] Fixed 3 duplicate /gene - thrB_1 thrB_2 thrB_3
[20:24:24] Fixed 2 duplicate /gene - cysQ_1 cysQ_2
[20:24:24] Fixed 2 duplicate /gene - vgb_1 vgb_2
[20:24:24] Fixed 2 duplicate /gene - ndhI_1 ndhI_2
[20:24:24] Fixed 2 duplicate /gene - fbiB_1 fbiB_2
[20:24:24] Fixed 2 duplicate /gene - ctaB_1 ctaB_2
[20:24:24] Fixed 2 duplicate /gene - speE_1 speE_2
[20:24:24] Fixed 2 duplicate /gene - copA_1 copA_2
[20:24:24] Fixed 4 duplicate /gene - ftsH_1 ftsH_2 ftsH_3 ftsH_4
[20:24:24] Fixed 2 duplicate /gene - speB_1 speB_2
[20:24:24] Fixed 3 duplicate /gene - petE_1 petE_2 petE_3
[20:24:24] Fixed 2 duplicate /gene - htpX_1 htpX_2
[20:24:24] Fixed 2 duplicate /gene - hicd_1 hicd_2
[20:24:24] Fixed 5 duplicate /gene - teaD_1 teaD_2 teaD_3 teaD_4 teaD_5
[20:24:24] Fixed 3 duplicate /gene - resA_1 resA_2 resA_3
[20:24:24] Fixed 2 duplicate /gene - dpnM_1 dpnM_2
[20:24:24] Fixed 2 duplicate /gene - trxB_1 trxB_2
[20:24:24] Fixed 2 duplicate /gene - hemL_1 hemL_2
[20:24:24] Fixed 3 duplicate /gene - cugP_1 cugP_2 cugP_3
[20:24:24] Fixed 83 colliding /gene names.
[20:24:24] Adding /locus_tag identifiers
[20:24:25] Assigned 2043 locus_tags to CDS and RNA features.
[20:24:25] Writing outputs to Nitrosotenuis_aquarius_strain_AQ6F.fa_prokka/
[20:24:28] Generating annotation statistics file
[20:24:28] Generating Genbank and Sequin files
[20:24:28] Running: tbl2asn -V b -a r10k -l paired-ends -M n -N 1 -y 'Annotated using prokka 1.14.6 from https://github.com/tseemann/prokka' -Z Nitrosotenuis_aquarius_strain_AQ6F\.fa_prokka\/PROKKA_10312021\.err -i Nitrosotenuis_aquarius_strain_AQ6F\.fa_prokka\/PROKKA_10312021\.fsa 2> /dev/null
[20:24:42] Deleting unwanted file: Nitrosotenuis_aquarius_strain_AQ6F.fa_prokka/errorsummary.val
[20:24:42] Deleting unwanted file: Nitrosotenuis_aquarius_strain_AQ6F.fa_prokka/PROKKA_10312021.dr
[20:24:42] Deleting unwanted file: Nitrosotenuis_aquarius_strain_AQ6F.fa_prokka/PROKKA_10312021.fixedproducts
[20:24:42] Deleting unwanted file: Nitrosotenuis_aquarius_strain_AQ6F.fa_prokka/PROKKA_10312021.ecn
[20:24:42] Deleting unwanted file: Nitrosotenuis_aquarius_strain_AQ6F.fa_prokka/PROKKA_10312021.val
[20:24:42] Repairing broken .GBK output that tbl2asn produces...
[20:24:42] Running: sed 's/COORDINATES: profile/COORDINATES:profile/' < Nitrosotenuis_aquarius_strain_AQ6F\.fa_prokka\/PROKKA_10312021\.gbf > Nitrosotenuis_aquarius_strain_AQ6F\.fa_prokka\/PROKKA_10312021\.gbk
[20:24:42] Deleting unwanted file: Nitrosotenuis_aquarius_strain_AQ6F.fa_prokka/PROKKA_10312021.gbf
[20:24:42] Output files:
[20:24:42] Nitrosotenuis_aquarius_strain_AQ6F.fa_prokka/PROKKA_10312021.err
[20:24:42] Nitrosotenuis_aquarius_strain_AQ6F.fa_prokka/PROKKA_10312021.faa
[20:24:42] Nitrosotenuis_aquarius_strain_AQ6F.fa_prokka/PROKKA_10312021.ffn
[20:24:42] Nitrosotenuis_aquarius_strain_AQ6F.fa_prokka/PROKKA_10312021.fna
[20:24:42] Nitrosotenuis_aquarius_strain_AQ6F.fa_prokka/PROKKA_10312021.fsa
[20:24:42] Nitrosotenuis_aquarius_strain_AQ6F.fa_prokka/PROKKA_10312021.gbk
[20:24:42] Nitrosotenuis_aquarius_strain_AQ6F.fa_prokka/PROKKA_10312021.gff
[20:24:42] Nitrosotenuis_aquarius_strain_AQ6F.fa_prokka/PROKKA_10312021.log
[20:24:42] Nitrosotenuis_aquarius_strain_AQ6F.fa_prokka/PROKKA_10312021.sqn
[20:24:42] Nitrosotenuis_aquarius_strain_AQ6F.fa_prokka/PROKKA_10312021.tbl
[20:24:42] Nitrosotenuis_aquarius_strain_AQ6F.fa_prokka/PROKKA_10312021.tsv
[20:24:42] Nitrosotenuis_aquarius_strain_AQ6F.fa_prokka/PROKKA_10312021.txt
[20:24:42] Annotation finished successfully.
[20:24:42] Walltime used: 13.47 minutes
[20:24:42] If you use this result please cite the Prokka paper:
[20:24:42] Seemann T (2014) Prokka: rapid prokaryotic genome annotation. Bioinformatics. 30(14):2068-9.
[20:24:42] Type 'prokka --citation' for more details.
[20:24:42] Thank you, come again.
