[20:47:13] This is prokka 1.14.6
[20:47:13] Written by Torsten Seemann <torsten.seemann@gmail.com>
[20:47:13] Homepage is https://github.com/tseemann/prokka
[20:47:13] Local time is Sun Oct 31 20:47:13 2021
[20:47:13] You are ylifc
[20:47:13] Operating system is linux
[20:47:13] You have BioPerl 1.007002
[20:47:13] System has 64 cores.
[20:47:13] Will use maximum of 64 cores.
[20:47:13] Annotating as >>> Bacteria <<<
[20:47:13] Generating locus_tag from 'Nitrosocosmicus_oleophilus_strain_MY3.fa' contents.
[20:47:13] Setting --locustag DADKGGNN from MD5 dad40077528c4eb124c50feb781b323f
[20:47:13] Enabling options to ensure Genbank/ENA/DDJB submission compliance.
[20:47:13] Creating new output folder: Nitrosocosmicus_oleophilus_strain_MY3.fa_prokka
[20:47:13] Running: mkdir -p Nitrosocosmicus_oleophilus_strain_MY3\.fa_prokka
[20:47:13] Using filename prefix: PROKKA_10312021.XXX
[20:47:13] Setting HMMER_NCPU=1
[20:47:13] Writing log to: Nitrosocosmicus_oleophilus_strain_MY3.fa_prokka/PROKKA_10312021.log
[20:47:13] Command: /home/ylifc/miniconda2/envs/prokka/bin/prokka --cpus 0 --compliant --rfam Nitrosocosmicus_oleophilus_strain_MY3.fa --outdir Nitrosocosmicus_oleophilus_strain_MY3.fa_prokka
[20:47:13] Appending to PATH: /home/ylifc/miniconda2/envs/prokka/bin
[20:47:13] Looking for 'aragorn' - found /home/ylifc/miniconda2/envs/prokka/bin/aragorn
[20:47:13] Determined aragorn version is 001002 from 'ARAGORN v1.2.38 Dean Laslett'
[20:47:13] Looking for 'barrnap' - found /home/ylifc/miniconda2/envs/prokka/bin/barrnap
[20:47:13] Determined barrnap version is 000009 from 'barrnap 0.9'
[20:47:13] Looking for 'blastp' - found /home/ylifc/miniconda2/envs/prokka/bin/blastp
[20:47:15] Determined blastp version is 002012 from 'blastp: 2.12.0+'
[20:47:15] Looking for 'cmpress' - found /home/ylifc/miniconda2/envs/prokka/bin/cmpress
[20:47:15] Determined cmpress version is 001001 from '# INFERNAL 1.1.4 (Dec 2020)'
[20:47:15] Looking for 'cmscan' - found /home/ylifc/miniconda2/envs/prokka/bin/cmscan
[20:47:15] Determined cmscan version is 001001 from '# INFERNAL 1.1.4 (Dec 2020)'
[20:47:15] Looking for 'egrep' - found /bin/egrep
[20:47:15] Looking for 'find' - found /usr/bin/find
[20:47:15] Looking for 'grep' - found /bin/grep
[20:47:15] Looking for 'hmmpress' - found /home/ylifc/miniconda2/envs/prokka/bin/hmmpress
[20:47:15] Determined hmmpress version is 003003 from '# HMMER 3.3.2 (Nov 2020); http://hmmer.org/'
[20:47:15] Looking for 'hmmscan' - found /home/ylifc/miniconda2/envs/prokka/bin/hmmscan
[20:47:15] Determined hmmscan version is 003003 from '# HMMER 3.3.2 (Nov 2020); http://hmmer.org/'
[20:47:15] Looking for 'java' - found /home/ylifc/miniconda2/envs/prokka/bin/java
[20:47:15] Looking for 'makeblastdb' - found /home/ylifc/miniconda2/envs/prokka/bin/makeblastdb
[20:47:16] Determined makeblastdb version is 002012 from 'makeblastdb: 2.12.0+'
[20:47:16] Looking for 'minced' - found /home/ylifc/miniconda2/envs/prokka/bin/minced
[20:47:17] Determined minced version is 004002 from 'minced 0.4.2'
[20:47:17] Looking for 'parallel' - found /home/ylifc/miniconda2/envs/prokka/bin/parallel
[20:47:17] Determined parallel version is 20211022 from 'GNU parallel 20211022'
[20:47:17] Looking for 'prodigal' - found /home/ylifc/miniconda2/envs/prokka/bin/prodigal
[20:47:17] Determined prodigal version is 002006 from 'Prodigal V2.6.3: February, 2016'
[20:47:17] Looking for 'prokka-genbank_to_fasta_db' - found /home/ylifc/miniconda2/envs/prokka/bin/prokka-genbank_to_fasta_db
[20:47:17] Looking for 'sed' - found /bin/sed
[20:47:17] Looking for 'tbl2asn' - found /home/ylifc/miniconda2/envs/prokka/bin/tbl2asn
[20:47:17] Determined tbl2asn version is 025007 from 'tbl2asn 25.7   arguments:'
[20:47:17] Using genetic code table 11.
[20:47:17] Loading and checking input file: Nitrosocosmicus_oleophilus_strain_MY3.fa
[20:47:18] Wrote 1 contigs totalling 3430706 bp.
[20:47:18] Predicting tRNAs and tmRNAs
[20:47:18] Running: aragorn -l -gc11  -w Nitrosocosmicus_oleophilus_strain_MY3\.fa_prokka\/PROKKA_10312021\.fna
[20:47:19] tRNA c[339073,339165] is a pseudo/wacky gene - skipping.
[20:47:19] 2 tRNA-Pro [423346,423419] 35 (tgg)
[20:47:19] 3 tRNA-Lys c[516183,516275] 36 (ttt)
[20:47:19] 4 tRNA-Val [526504,526579] 36 (tac)
[20:47:19] 5 tRNA-Thr c[555361,555434] 35 (cgt)
[20:47:19] 6 tRNA-Gln [883471,883540] 32 (ttg)
[20:47:19] 7 tRNA-Pro c[887970,888043] 35 (cgg)
[20:47:19] 8 tRNA-Arg c[1132849,1132923] 36 (tcg)
[20:47:19] 9 tRNA-Lys [1344188,1344277] 35 (ctt)
[20:47:19] 10 tRNA-Ala [1861042,1861115] 35 (ggc)
[20:47:19] 11 tRNA-Leu c[1932596,1932680] 37 (gag)
[20:47:19] 12 tRNA-Val [2028470,2028546] 36 (cac)
[20:47:19] 13 tRNA-Thr c[2110234,2110307] 35 (tgt)
[20:47:19] 14 tRNA-Arg c[2219331,2219425] 36 (tct)
[20:47:19] 15 tRNA-Arg [2258269,2258345] 37 (gcg)
[20:47:19] 16 tRNA-Met [2284815,2284890] 36 (cat)
[20:47:19] 17 tRNA-Ser [2445084,2445168] 35 (gct)
[20:47:19] 18 tRNA-Met c[2596653,2596728] 36 (cat)
[20:47:19] 19 tRNA-Gly c[2695744,2695820] 38 (gcc)
[20:47:19] 20 tRNA-Ile [2712498,2712571] 35 (gat)
[20:47:19] 21 tRNA-Ala [2832927,2833019] 35 (tgc)
[20:47:19] 22 tRNA-Ala [2884340,2884415] 36 (cgc)
[20:47:19] 23 tRNA-Thr c[3022108,3022182] 36 (ggt)
[20:47:19] 24 tRNA-Cys [3062454,3062542] 33 (gca)
[20:47:19] 25 tRNA-Val [3173082,3173156] 36 (gac)
[20:47:19] 26 tRNA-Gly c[3387912,3387987] 36 (ccc)
[20:47:19] Found 25 tRNAs
[20:47:19] Predicting Ribosomal RNAs
[20:47:19] Running Barrnap with 64 threads
[20:47:27] 1 gnl|Prokka|DADKGGNN_1 845394 16S ribosomal RNA
[20:47:27] 2 gnl|Prokka|DADKGGNN_1 847755 23S ribosomal RNA
[20:47:27] 3 gnl|Prokka|DADKGGNN_1 1785937 5S ribosomal RNA
[20:47:27] 4 gnl|Prokka|DADKGGNN_1 2060573 16S ribosomal RNA
[20:47:27] 5 gnl|Prokka|DADKGGNN_1 2063006 23S ribosomal RNA
[20:47:27] 6 gnl|Prokka|DADKGGNN_1 2223657 23S ribosomal RNA
[20:47:27] 7 gnl|Prokka|DADKGGNN_1 2227447 16S ribosomal RNA
[20:47:27] Found 7 rRNAs
[20:47:27] Scanning for ncRNAs... please be patient.
[20:47:27] Running: cmscan -Z 6.861412 --cut_ga --rfam --nohmmonly --fmt 2 --cpu 64 --tblout /dev/stdout -o /dev/null --noali /home/ylifc/miniconda2/envs/prokka/db/cm/Bacteria Nitrosocosmicus_oleophilus_strain_MY3\.fa_prokka\/PROKKA_10312021\.fna
[20:58:39] 1 ncRNA 1 gnl|Prokka|DADKGGNN_1 1..303
[20:58:39] 2 ncRNA 2 gnl|Prokka|DADKGGNN_1 1..318
[20:58:40] Found 2 ncRNAs.
[20:58:40] Total of 32 tRNA + rRNA features
[20:58:40] Searching for CRISPR repeats
[20:58:42] Found 0 CRISPRs
[20:58:42] Predicting coding sequences
[20:58:42] Contigs total 3430706 bp, so using single mode
[20:58:42] Running: prodigal -i Nitrosocosmicus_oleophilus_strain_MY3\.fa_prokka\/PROKKA_10312021\.fna -c -m -g 11 -p single -f sco -q
[20:59:00] Excluding CDS which overlaps existing RNA (tRNA) at gnl|Prokka|DADKGGNN_1:423223..423420 on - strand
[20:59:00] Excluding CDS which overlaps existing RNA (rRNA) at gnl|Prokka|DADKGGNN_1:849907..850236 on + strand
[20:59:00] Excluding CDS which overlaps existing RNA (rRNA) at gnl|Prokka|DADKGGNN_1:850228..850599 on - strand
[20:59:03] Excluding CDS which overlaps existing RNA (rRNA) at gnl|Prokka|DADKGGNN_1:2065158..2065487 on + strand
[20:59:03] Excluding CDS which overlaps existing RNA (rRNA) at gnl|Prokka|DADKGGNN_1:2065479..2065850 on - strand
[20:59:03] Excluding CDS which overlaps existing RNA (rRNA) at gnl|Prokka|DADKGGNN_1:2065793..2066071 on - strand
[20:59:03] Excluding CDS which overlaps existing RNA (rRNA) at gnl|Prokka|DADKGGNN_1:2223747..2224118 on + strand
[20:59:03] Excluding CDS which overlaps existing RNA (rRNA) at gnl|Prokka|DADKGGNN_1:2224110..2224439 on - strand
[20:59:03] Excluding CDS which overlaps existing RNA (tRNA) at gnl|Prokka|DADKGGNN_1:2284686..2284913 on + strand
[20:59:03] Excluding CDS which overlaps existing RNA (tRNA) at gnl|Prokka|DADKGGNN_1:2445110..2446663 on + strand
[20:59:04] Excluding CDS which overlaps existing RNA (tRNA) at gnl|Prokka|DADKGGNN_1:3021929..3022225 on - strand
[20:59:04] Excluding CDS which overlaps existing RNA (tRNA) at gnl|Prokka|DADKGGNN_1:3062399..3062518 on + strand
[20:59:04] Excluding CDS which overlaps existing RNA (tRNA) at gnl|Prokka|DADKGGNN_1:3172829..3173182 on + strand
[20:59:05] Found 3726 CDS
[20:59:05] Connecting features back to sequences
[20:59:05] Not using genus-specific database. Try --usegenus to enable it.
[20:59:05] Annotating CDS, please be patient.
[20:59:05] Will use 64 CPUs for similarity searching.
[20:59:07] There are still 3726 unannotated CDS left (started with 3726)
[20:59:07] Will use blast to search against /home/ylifc/miniconda2/envs/prokka/db/kingdom/Bacteria/IS with 64 CPUs
[20:59:07] Running: cat Nitrosocosmicus_oleophilus_strain_MY3\.fa_prokka\/PROKKA_10312021\.IS\.tmp\.4911\.faa | parallel --gnu --plain -j 64 --block 6751 --recstart '>' --pipe blastp -query - -db /home/ylifc/miniconda2/envs/prokka/db/kingdom/Bacteria/IS -evalue 1e-30 -qcov_hsp_perc 90 -num_threads 1 -num_descriptions 1 -num_alignments 1 -seg no > Nitrosocosmicus_oleophilus_strain_MY3\.fa_prokka\/PROKKA_10312021\.IS\.tmp\.4911\.blast 2> /dev/null
[21:00:23] Deleting unwanted file: Nitrosocosmicus_oleophilus_strain_MY3.fa_prokka/PROKKA_10312021.IS.tmp.4911.faa
[21:00:23] Deleting unwanted file: Nitrosocosmicus_oleophilus_strain_MY3.fa_prokka/PROKKA_10312021.IS.tmp.4911.blast
[21:00:25] There are still 3685 unannotated CDS left (started with 3726)
[21:00:25] Will use blast to search against /home/ylifc/miniconda2/envs/prokka/db/kingdom/Bacteria/AMR with 64 CPUs
[21:00:25] Running: cat Nitrosocosmicus_oleophilus_strain_MY3\.fa_prokka\/PROKKA_10312021\.AMR\.tmp\.4911\.faa | parallel --gnu --plain -j 64 --block 6673 --recstart '>' --pipe blastp -query - -db /home/ylifc/miniconda2/envs/prokka/db/kingdom/Bacteria/AMR -evalue 9.99999999999999e-301 -qcov_hsp_perc 90 -num_threads 1 -num_descriptions 1 -num_alignments 1 -seg no > Nitrosocosmicus_oleophilus_strain_MY3\.fa_prokka\/PROKKA_10312021\.AMR\.tmp\.4911\.blast 2> /dev/null
[21:01:30] Deleting unwanted file: Nitrosocosmicus_oleophilus_strain_MY3.fa_prokka/PROKKA_10312021.AMR.tmp.4911.faa
[21:01:30] Deleting unwanted file: Nitrosocosmicus_oleophilus_strain_MY3.fa_prokka/PROKKA_10312021.AMR.tmp.4911.blast
[21:01:32] There are still 3685 unannotated CDS left (started with 3726)
[21:01:32] Will use blast to search against /home/ylifc/miniconda2/envs/prokka/db/kingdom/Bacteria/sprot with 64 CPUs
[21:01:32] Running: cat Nitrosocosmicus_oleophilus_strain_MY3\.fa_prokka\/PROKKA_10312021\.sprot\.tmp\.4911\.faa | parallel --gnu --plain -j 64 --block 6673 --recstart '>' --pipe blastp -query - -db /home/ylifc/miniconda2/envs/prokka/db/kingdom/Bacteria/sprot -evalue 1e-09 -qcov_hsp_perc 80 -num_threads 1 -num_descriptions 1 -num_alignments 1 -seg no > Nitrosocosmicus_oleophilus_strain_MY3\.fa_prokka\/PROKKA_10312021\.sprot\.tmp\.4911\.blast 2> /dev/null
[21:05:51] Modify product: Uncharacterized protein YyaP => putative protein YyaP
[21:05:51] Modify product: Uncharacterized protein Rv3127 => putative protein
[21:05:51] Modify product: Uncharacterized protein MSMEG_2782/MSMEI_2713 => putative protein/MSMEI_2713
[21:05:51] Modify product: Uncharacterized protein YyaP => putative protein YyaP
[21:05:51] Modify product: UPF0173 metal-dependent hydrolase SA1529 => hypothetical protein
[21:05:51] Modify product: Urea transporter DVU1160 => Urea transporter
[21:05:51] Modify product: Potassium channel B446_29190 => Potassium channel
[21:05:51] Modify product: Uncharacterized protein YyaP => putative protein YyaP
[21:05:51] Modify product: NADH dehydrogenase-like protein SAOUHSC_00878 => NADH dehydrogenase-like protein
[21:05:52] Modify product: UPF0060 membrane protein YnfA => hypothetical protein
[21:05:52] Modify product: Uncharacterized protein YyaP => putative protein YyaP
[21:05:52] Modify product: Uncharacterized transporter Rv2685 => putative transporter
[21:05:52] Modify product: Phosphate-specific transport system accessory protein PhoU homolog => Phosphate-specific transport system accessory protein PhoU 
[21:05:52] Modify product: Protease HtpX homolog => Protease HtpX 
[21:05:52] Modify product: Probable manganese catalase => putative manganese catalase
[21:05:52] Modify product: Uncharacterized protein YyaP => putative protein YyaP
[21:05:52] Modify product: Uncharacterized MFS-type transporter EfpA => putative MFS-type transporter EfpA
[21:05:52] Modify product: Bifunctional protein Rv2228c => Bifunctional protein
[21:05:53] Modify product: Potassium channel B446_29190 => Potassium channel
[21:05:53] Modify product: Uncharacterized protein Rv0887c => putative protein
[21:05:53] Modify product: NAD(P)H-dependent FMN reductase PA1204 => NAD(P)H-dependent FMN reductase
[21:05:53] Modify product: NAD(P)H-dependent FMN reductase PA1204 => NAD(P)H-dependent FMN reductase
[21:05:53] Modify product: Probable adenylyl-sulfate kinase => putative adenylyl-sulfate kinase
[21:05:53] Modify product: UPF0051 protein SA0778 => hypothetical protein
[21:05:53] Modify product: UPF0051 protein SA0778 => hypothetical protein
[21:05:53] Modify product: Uncharacterized protein HI_1163 => putative protein
[21:05:53] Modify product: Ribonuclease TTHA0252 => Ribonuclease
[21:05:53] Modify product: Uncharacterized protein Rv1405c => putative protein
[21:05:53] Modify product: Purine-binding protein BAB2_0673 => Purine-binding protein
[21:05:53] Modify product: Uncharacterized protein Rv0887c => putative protein
[21:05:53] Modify product: Uncharacterized protein YyaP => putative protein YyaP
[21:05:53] Modify product: Uncharacterized protein Rv0887c => putative protein
[21:05:53] Modify product: UPF0056 inner membrane protein YhgN => hypothetical protein
[21:05:53] Modify product: Probable allantoin permease => putative allantoin permease
[21:05:53] Modify product: NADH dehydrogenase-like protein SAOUHSC_00878 => NADH dehydrogenase-like protein
[21:05:53] Modify product: Uncharacterized periplasmic iron-binding protein HI_0362 => putative periplasmic iron-binding protein
[21:05:53] Modify product: Uncharacterized HTH-type transcriptional regulator YfiR => putative HTH-type transcriptional regulator YfiR
[21:05:53] Modify product: Uncharacterized ABC transporter ATP-binding protein YknY => putative ABC transporter ATP-binding protein YknY
[21:05:53] Modify product: Probable nicotinate-nucleotide pyrophosphorylase [carboxylating] => putative nicotinate-nucleotide pyrophosphorylase [carboxylating]
[21:05:53] Modify product: Uncharacterized oxidoreductase YtbE => putative oxidoreductase YtbE
[21:05:54] Modify product: Uncharacterized protein YhaZ => putative protein YhaZ
[21:05:54] Modify product: Probable membrane transporter protein YfcA => putative membrane transporter protein YfcA
[21:05:54] Modify product: Uncharacterized protein Rv2715 => putative protein
[21:05:54] Modify product: Putative coenzyme F420-dependent oxidoreductase Rv3520c => Putative coenzyme F420-dependent oxidoreductase
[21:05:54] Modify product: Probable polyketide biosynthesis zinc-dependent hydrolase PksB => putative polyketide biosynthesis zinc-dependent hydrolase PksB
[21:05:54] Modify product: Phosphorylated carbohydrates phosphatase TM_1254 => Phosphorylated carbohydrates phosphatase
[21:05:54] Modify product: Probable endonuclease 4 => putative endonuclease 4
[21:05:54] Modify product: Uncharacterized amino acid permease YhdG => putative amino acid permease YhdG
[21:05:55] Modify product: Uncharacterized oxidoreductase SA2266 => putative oxidoreductase
[21:05:55] Modify product: Putative phosphoribosyl transferase Rv0571c => Putative phosphoribosyl transferase
[21:05:55] Modify product: Putative phosphoribosyl transferase Rv0571c => Putative phosphoribosyl transferase
[21:05:55] Modify product: Uncharacterized protein Rv2030c => putative protein
[21:05:55] Modify product: Uncharacterized inner membrane transporter YedA => putative inner membrane transporter YedA
[21:05:55] Modify product: Probable UbiX-like flavin prenyltransferase => putative UbiX-like flavin prenyltransferase
[21:05:55] Modify product: Uncharacterized metal-dependent hydrolase YcfH => putative metal-dependent hydrolase YcfH
[21:05:55] Modify product: Uncharacterized protein YccU => putative protein YccU
[21:05:55] Modify product: Probable bacterial non-heme ferritin => putative bacterial non-heme ferritin
[21:05:55] Modify product: Uncharacterized cysteine-rich protein YhjQ => putative cysteine-rich protein YhjQ
[21:05:55] Modify product: Uncharacterized cysteine-rich protein YhjQ => putative cysteine-rich protein YhjQ
[21:05:56] Modify product: Bifunctional protein FolD => Bifunctional protein FolD protein
[21:05:56] Modify product: Probable GTPase Rv1496 => putative GTPase
[21:05:56] Modify product: Probable methylmalonyl-CoA mutase large subunit => putative methylmalonyl-CoA mutase large subunit
[21:05:56] Modify product: Probable oxidoreductase CT_610 => putative oxidoreductase CT_610
[21:05:56] Modify product: Uncharacterized protein Rv1405c => putative protein
[21:05:56] Modify product: Uncharacterized protein Rv1405c => putative protein
[21:05:56] Modify product: Uncharacterized transporter Rv2685 => putative transporter
[21:05:56] Cleaned 66 /product names
[21:05:56] Deleting unwanted file: Nitrosocosmicus_oleophilus_strain_MY3.fa_prokka/PROKKA_10312021.sprot.tmp.4911.faa
[21:05:56] Deleting unwanted file: Nitrosocosmicus_oleophilus_strain_MY3.fa_prokka/PROKKA_10312021.sprot.tmp.4911.blast
[21:05:58] There are still 3035 unannotated CDS left (started with 3726)
[21:05:58] Will use hmmer3 to search against /home/ylifc/miniconda2/envs/prokka/db/hmm/HAMAP.hmm with 64 CPUs
[21:05:58] Running: cat Nitrosocosmicus_oleophilus_strain_MY3\.fa_prokka\/PROKKA_10312021\.HAMAP\.hmm\.tmp\.4911\.faa | parallel --gnu --plain -j 64 --block 4946 --recstart '>' --pipe hmmscan --noali --notextw --acc -E 1e-09 --cpu 1 /home/ylifc/miniconda2/envs/prokka/db/hmm/HAMAP.hmm /dev/stdin > Nitrosocosmicus_oleophilus_strain_MY3\.fa_prokka\/PROKKA_10312021\.HAMAP\.hmm\.tmp\.4911\.hmmer3 2> /dev/null
[21:10:09] Modify product: Uncharacterized MFS-type transporter YfcJ => putative MFS-type transporter YfcJ
[21:10:11] Modify product: Uncharacterized Nudix hydrolase NudL => putative Nudix hydrolase NudL
[21:10:12] Cleaned 2 /product names
[21:10:12] Deleting unwanted file: Nitrosocosmicus_oleophilus_strain_MY3.fa_prokka/PROKKA_10312021.HAMAP.hmm.tmp.4911.faa
[21:10:12] Deleting unwanted file: Nitrosocosmicus_oleophilus_strain_MY3.fa_prokka/PROKKA_10312021.HAMAP.hmm.tmp.4911.hmmer3
[21:10:12] Labelling remaining 2742 proteins as 'hypothetical protein'
[21:10:12] Possible /pseudo 'Sec-independent protein translocase protein TatC' at gnl|Prokka|DADKGGNN_1 position 17146
[21:10:12] Possible /pseudo 'IS5 family transposase ISThar1' at gnl|Prokka|DADKGGNN_1 position 33904
[21:10:12] Possible /pseudo 'Protein DipZ' at gnl|Prokka|DADKGGNN_1 position 139999
[21:10:12] Possible /pseudo 'Deoxyhypusine synthase-like protein' at gnl|Prokka|DADKGGNN_1 position 364127
[21:10:12] Possible /pseudo 'IS5 family transposase ISThar1' at gnl|Prokka|DADKGGNN_1 position 582839
[21:10:12] Possible /pseudo 'IS5 family transposase ISThar1' at gnl|Prokka|DADKGGNN_1 position 593231
[21:10:12] Possible /pseudo 'Ribonuclease PH' at gnl|Prokka|DADKGGNN_1 position 676707
[21:10:12] Possible /pseudo 'Thymidylate kinase' at gnl|Prokka|DADKGGNN_1 position 771147
[21:10:12] Possible /pseudo 'IS5 family transposase ISThar1' at gnl|Prokka|DADKGGNN_1 position 797723
[21:10:12] Possible /pseudo 'IS5 family transposase ISThar1' at gnl|Prokka|DADKGGNN_1 position 836821
[21:10:12] Possible /pseudo 'IS5 family transposase ISThar1' at gnl|Prokka|DADKGGNN_1 position 1450876
[21:10:12] Possible /pseudo 'Copper-exporting P-type ATPase' at gnl|Prokka|DADKGGNN_1 position 1536385
[21:10:12] Possible /pseudo 'F420-dependent glucose-6-phosphate dehydrogenase' at gnl|Prokka|DADKGGNN_1 position 1556393
[21:10:12] Possible /pseudo 'NAD(P)H-quinone oxidoreductase subunit 2, chloroplastic' at gnl|Prokka|DADKGGNN_1 position 1955213
[21:10:12] Possible /pseudo 'IS5 family transposase ISThar1' at gnl|Prokka|DADKGGNN_1 position 1966489
[21:10:12] Possible /pseudo 'L-threonine 3-dehydrogenase' at gnl|Prokka|DADKGGNN_1 position 1980547
[21:10:12] Possible /pseudo 'Methionine synthase' at gnl|Prokka|DADKGGNN_1 position 2257189
[21:10:12] Possible /pseudo 'FO synthase' at gnl|Prokka|DADKGGNN_1 position 2301476
[21:10:12] Possible /pseudo 'IS5 family transposase ISThar1' at gnl|Prokka|DADKGGNN_1 position 2586770
[21:10:12] Possible /pseudo 'Putative aminoacrylate hydrolase RutD' at gnl|Prokka|DADKGGNN_1 position 3370868
[21:10:12] Found 625 unique /gene codes.
[21:10:12] Fixed 3 duplicate /gene - tam_1 tam_2 tam_3
[21:10:12] Fixed 2 duplicate /gene - sdcS_1 sdcS_2
[21:10:12] Fixed 2 duplicate /gene - fbiB_1 fbiB_2
[21:10:12] Fixed 2 duplicate /gene - stp_1 stp_2
[21:10:12] Fixed 2 duplicate /gene - trxA_1 trxA_2
[21:10:12] Fixed 2 duplicate /gene - nadK_1 nadK_2
[21:10:12] Fixed 4 duplicate /gene - dipZ_1 dipZ_2 dipZ_3 dipZ_4
[21:10:12] Fixed 6 duplicate /gene - ttuD_1 ttuD_2 ttuD_3 ttuD_4 ttuD_5 ttuD_6
[21:10:12] Fixed 2 duplicate /gene - azoB_1 azoB_2
[21:10:12] Fixed 4 duplicate /gene - rssB_1 rssB_2 rssB_3 rssB_4
[21:10:12] Fixed 3 duplicate /gene - wecC_1 wecC_2 wecC_3
[21:10:12] Fixed 2 duplicate /gene - ribZ_1 ribZ_2
[21:10:12] Fixed 7 duplicate /gene - rutD_1 rutD_2 rutD_3 rutD_4 rutD_5 rutD_6 rutD_7
[21:10:12] Fixed 2 duplicate /gene - moaA_1 moaA_2
[21:10:12] Fixed 2 duplicate /gene - guaA_1 guaA_2
[21:10:12] Fixed 2 duplicate /gene - dadD_1 dadD_2
[21:10:12] Fixed 2 duplicate /gene - acs_1 acs_2
[21:10:12] Fixed 2 duplicate /gene - ctaB_1 ctaB_2
[21:10:12] Fixed 2 duplicate /gene - cobD_1 cobD_2
[21:10:12] Fixed 2 duplicate /gene - tuf_1 tuf_2
[21:10:12] Fixed 3 duplicate /gene - prcB_1 prcB_2 prcB_3
[21:10:12] Fixed 2 duplicate /gene - hemL_1 hemL_2
[21:10:12] Fixed 2 duplicate /gene - hflX_1 hflX_2
[21:10:12] Fixed 2 duplicate /gene - carA_1 carA_2
[21:10:12] Fixed 4 duplicate /gene - rcsC_1 rcsC_2 rcsC_3 rcsC_4
[21:10:12] Fixed 2 duplicate /gene - sdhA_1 sdhA_2
[21:10:12] Fixed 4 duplicate /gene - fgd_1 fgd_2 fgd_3 fgd_4
[21:10:12] Fixed 2 duplicate /gene - mntB_1 mntB_2
[21:10:12] Fixed 2 duplicate /gene - gdhB_1 gdhB_2
[21:10:12] Fixed 7 duplicate /gene - ftsH_1 ftsH_2 ftsH_3 ftsH_4 ftsH_5 ftsH_6 ftsH_7
[21:10:12] Fixed 2 duplicate /gene - tdh_1 tdh_2
[21:10:12] Fixed 6 duplicate /gene - yyaP_1 yyaP_2 yyaP_3 yyaP_4 yyaP_5 yyaP_6
[21:10:12] Fixed 2 duplicate /gene - ndhK_1 ndhK_2
[21:10:12] Fixed 9 duplicate /gene - teaD_1 teaD_2 teaD_3 teaD_4 teaD_5 teaD_6 teaD_7 teaD_8 teaD_9
[21:10:12] Fixed 2 duplicate /gene - catE_1 catE_2
[21:10:12] Fixed 5 duplicate /gene - rutB_1 rutB_2 rutB_3 rutB_4 rutB_5
[21:10:12] Fixed 2 duplicate /gene - ilvE_1 ilvE_2
[21:10:12] Fixed 2 duplicate /gene - glnA_1 glnA_2
[21:10:12] Fixed 2 duplicate /gene - metH_1 metH_2
[21:10:12] Fixed 3 duplicate /gene - nagAb_1 nagAb_2 nagAb_3
[21:10:12] Fixed 2 duplicate /gene - czcD_1 czcD_2
[21:10:12] Fixed 2 duplicate /gene - lnrL_1 lnrL_2
[21:10:12] Fixed 3 duplicate /gene - caiE_1 caiE_2 caiE_3
[21:10:12] Fixed 2 duplicate /gene - aqpZ2_1 aqpZ2_2
[21:10:12] Fixed 2 duplicate /gene - cysS_1 cysS_2
[21:10:12] Fixed 2 duplicate /gene - nnr_1 nnr_2
[21:10:12] Fixed 2 duplicate /gene - leuA_1 leuA_2
[21:10:12] Fixed 4 duplicate /gene - mshA_1 mshA_2 mshA_3 mshA_4
[21:10:12] Fixed 2 duplicate /gene - msrB_1 msrB_2
[21:10:12] Fixed 4 duplicate /gene - cpdR_1 cpdR_2 cpdR_3 cpdR_4
[21:10:12] Fixed 2 duplicate /gene - sufS_1 sufS_2
[21:10:12] Fixed 2 duplicate /gene - ahcY_1 ahcY_2
[21:10:12] Fixed 3 duplicate /gene - vgb_1 vgb_2 vgb_3
[21:10:12] Fixed 4 duplicate /gene - ycf3_1 ycf3_2 ycf3_3 ycf3_4
[21:10:12] Fixed 4 duplicate /gene - yliI_1 yliI_2 yliI_3 yliI_4
[21:10:12] Fixed 2 duplicate /gene - prcA_1 prcA_2
[21:10:12] Fixed 4 duplicate /gene - btuD_1 btuD_2 btuD_3 btuD_4
[21:10:12] Fixed 2 duplicate /gene - ydaP_1 ydaP_2
[21:10:12] Fixed 5 duplicate /gene - arnC_1 arnC_2 arnC_3 arnC_4 arnC_5
[21:10:12] Fixed 2 duplicate /gene - mdtL_1 mdtL_2
[21:10:12] Fixed 2 duplicate /gene - ybaL_1 ybaL_2
[21:10:12] Fixed 2 duplicate /gene - fbiC_1 fbiC_2
[21:10:12] Fixed 2 duplicate /gene - rph_1 rph_2
[21:10:12] Fixed 2 duplicate /gene - carB_1 carB_2
[21:10:12] Fixed 2 duplicate /gene - hemB_1 hemB_2
[21:10:12] Fixed 2 duplicate /gene - betI_1 betI_2
[21:10:12] Fixed 2 duplicate /gene - lysX_1 lysX_2
[21:10:12] Fixed 18 duplicate /gene - sasA_1 sasA_2 sasA_3 sasA_4 sasA_5 sasA_6 sasA_7 sasA_8 sasA_9 sasA_10 sasA_11 sasA_12 sasA_13 sasA_14 sasA_15 sasA_16 sasA_17 sasA_18
[21:10:12] Fixed 3 duplicate /gene - tmk_1 tmk_2 tmk_3
[21:10:12] Fixed 3 duplicate /gene - pgl_1 pgl_2 pgl_3
[21:10:12] Fixed 3 duplicate /gene - groL_1 groL_2 groL_3
[21:10:12] Fixed 2 duplicate /gene - gdhA_1 gdhA_2
[21:10:12] Fixed 2 duplicate /gene - polX_1 polX_2
[21:10:12] Fixed 2 duplicate /gene - mhqO_1 mhqO_2
[21:10:12] Fixed 2 duplicate /gene - nanM_1 nanM_2
[21:10:12] Fixed 6 duplicate /gene - IMPDH_1 IMPDH_2 IMPDH_3 IMPDH_4 IMPDH_5 IMPDH_6
[21:10:12] Fixed 2 duplicate /gene - COQ5_1 COQ5_2
[21:10:12] Fixed 2 duplicate /gene - dapE_1 dapE_2
[21:10:12] Fixed 2 duplicate /gene - metG_1 metG_2
[21:10:12] Fixed 2 duplicate /gene - menG_1 menG_2
[21:10:12] Fixed 2 duplicate /gene - yhjQ_1 yhjQ_2
[21:10:12] Fixed 5 duplicate /gene - corA_1 corA_2 corA_3 corA_4 corA_5
[21:10:12] Fixed 10 duplicate /gene - petE_1 petE_2 petE_3 petE_4 petE_5 petE_6 petE_7 petE_8 petE_9 petE_10
[21:10:12] Fixed 2 duplicate /gene - fgd1_1 fgd1_2
[21:10:12] Fixed 2 duplicate /gene - mboIIM_1 mboIIM_2
[21:10:12] Fixed 2 duplicate /gene - copA_1 copA_2
[21:10:12] Fixed 2 duplicate /gene - ptlI_1 ptlI_2
[21:10:12] Fixed 3 duplicate /gene - gabD1_1 gabD1_2 gabD1_3
[21:10:12] Fixed 2 duplicate /gene - uvrB_1 uvrB_2
[21:10:12] Fixed 2 duplicate /gene - tdcB_1 tdcB_2
[21:10:12] Fixed 2 duplicate /gene - pccB_1 pccB_2
[21:10:12] Fixed 2 duplicate /gene - hicd_1 hicd_2
[21:10:12] Fixed 4 duplicate /gene - dnaJ_1 dnaJ_2 dnaJ_3 dnaJ_4
[21:10:12] Fixed 2 duplicate /gene - thi4_1 thi4_2
[21:10:12] Fixed 3 duplicate /gene - tatC_1 tatC_2 tatC_3
[21:10:12] Fixed 3 duplicate /gene - mntR_1 mntR_2 mntR_3
[21:10:12] Fixed 3 duplicate /gene - mco_1 mco_2 mco_3
[21:10:12] Fixed 2 duplicate /gene - trmB_1 trmB_2
[21:10:12] Fixed 2 duplicate /gene - gatA_1 gatA_2
[21:10:12] Fixed 4 duplicate /gene - pknD_1 pknD_2 pknD_3 pknD_4
[21:10:12] Fixed 2 duplicate /gene - bacC_1 bacC_2
[21:10:12] Fixed 2 duplicate /gene - rnj_1 rnj_2
[21:10:12] Fixed 2 duplicate /gene - cpnA_1 cpnA_2
[21:10:12] Fixed 3 duplicate /gene - lpxD_1 lpxD_2 lpxD_3
[21:10:12] Fixed 2 duplicate /gene - msrP_1 msrP_2
[21:10:12] Fixed 2 duplicate /gene - gerN_1 gerN_2
[21:10:12] Fixed 2 duplicate /gene - thrB_1 thrB_2
[21:10:12] Fixed 2 duplicate /gene - hcaB_1 hcaB_2
[21:10:12] Fixed 2 duplicate /gene - dinG_1 dinG_2
[21:10:12] Fixed 2 duplicate /gene - fbp_1 fbp_2
[21:10:12] Fixed 6 duplicate /gene - noc_1 noc_2 noc_3 noc_4 noc_5 noc_6
[21:10:12] Fixed 4 duplicate /gene - gloB_1 gloB_2 gloB_3 gloB_4
[21:10:12] Fixed 2 duplicate /gene - hyfB_1 hyfB_2
[21:10:12] Fixed 3 duplicate /gene - ndhI_1 ndhI_2 ndhI_3
[21:10:12] Fixed 2 duplicate /gene - nadE_1 nadE_2
[21:10:12] Fixed 2 duplicate /gene - smc_1 smc_2
[21:10:12] Fixed 3 duplicate /gene - resA_1 resA_2 resA_3
[21:10:12] Fixed 2 duplicate /gene - aspS2_1 aspS2_2
[21:10:12] Fixed 2 duplicate /gene - ndhB_1 ndhB_2
[21:10:12] Fixed 3 duplicate /gene - hmp_1 hmp_2 hmp_3
[21:10:12] Fixed 3 duplicate /gene - purF_1 purF_2 purF_3
[21:10:12] Fixed 2 duplicate /gene - murG_1 murG_2
[21:10:12] Fixed 2 duplicate /gene - cugP_1 cugP_2
[21:10:12] Fixed 123 colliding /gene names.
[21:10:12] Adding /locus_tag identifiers
[21:10:13] Assigned 3760 locus_tags to CDS and RNA features.
[21:10:13] Writing outputs to Nitrosocosmicus_oleophilus_strain_MY3.fa_prokka/
[21:10:19] Generating annotation statistics file
[21:10:19] Generating Genbank and Sequin files
[21:10:19] Running: tbl2asn -V b -a r10k -l paired-ends -M n -N 1 -y 'Annotated using prokka 1.14.6 from https://github.com/tseemann/prokka' -Z Nitrosocosmicus_oleophilus_strain_MY3\.fa_prokka\/PROKKA_10312021\.err -i Nitrosocosmicus_oleophilus_strain_MY3\.fa_prokka\/PROKKA_10312021\.fsa 2> /dev/null
[21:10:51] Deleting unwanted file: Nitrosocosmicus_oleophilus_strain_MY3.fa_prokka/errorsummary.val
[21:10:51] Deleting unwanted file: Nitrosocosmicus_oleophilus_strain_MY3.fa_prokka/PROKKA_10312021.dr
[21:10:51] Deleting unwanted file: Nitrosocosmicus_oleophilus_strain_MY3.fa_prokka/PROKKA_10312021.fixedproducts
[21:10:51] Deleting unwanted file: Nitrosocosmicus_oleophilus_strain_MY3.fa_prokka/PROKKA_10312021.ecn
[21:10:51] Deleting unwanted file: Nitrosocosmicus_oleophilus_strain_MY3.fa_prokka/PROKKA_10312021.val
[21:10:51] Repairing broken .GBK output that tbl2asn produces...
[21:10:51] Running: sed 's/COORDINATES: profile/COORDINATES:profile/' < Nitrosocosmicus_oleophilus_strain_MY3\.fa_prokka\/PROKKA_10312021\.gbf > Nitrosocosmicus_oleophilus_strain_MY3\.fa_prokka\/PROKKA_10312021\.gbk
[21:10:51] Deleting unwanted file: Nitrosocosmicus_oleophilus_strain_MY3.fa_prokka/PROKKA_10312021.gbf
[21:10:51] Output files:
[21:10:51] Nitrosocosmicus_oleophilus_strain_MY3.fa_prokka/PROKKA_10312021.err
[21:10:51] Nitrosocosmicus_oleophilus_strain_MY3.fa_prokka/PROKKA_10312021.faa
[21:10:51] Nitrosocosmicus_oleophilus_strain_MY3.fa_prokka/PROKKA_10312021.ffn
[21:10:51] Nitrosocosmicus_oleophilus_strain_MY3.fa_prokka/PROKKA_10312021.fna
[21:10:51] Nitrosocosmicus_oleophilus_strain_MY3.fa_prokka/PROKKA_10312021.fsa
[21:10:51] Nitrosocosmicus_oleophilus_strain_MY3.fa_prokka/PROKKA_10312021.gbk
[21:10:51] Nitrosocosmicus_oleophilus_strain_MY3.fa_prokka/PROKKA_10312021.gff
[21:10:51] Nitrosocosmicus_oleophilus_strain_MY3.fa_prokka/PROKKA_10312021.log
[21:10:51] Nitrosocosmicus_oleophilus_strain_MY3.fa_prokka/PROKKA_10312021.sqn
[21:10:51] Nitrosocosmicus_oleophilus_strain_MY3.fa_prokka/PROKKA_10312021.tbl
[21:10:51] Nitrosocosmicus_oleophilus_strain_MY3.fa_prokka/PROKKA_10312021.tsv
[21:10:51] Nitrosocosmicus_oleophilus_strain_MY3.fa_prokka/PROKKA_10312021.txt
[21:10:51] Annotation finished successfully.
[21:10:51] Walltime used: 23.63 minutes
[21:10:51] If you use this result please cite the Prokka paper:
[21:10:51] Seemann T (2014) Prokka: rapid prokaryotic genome annotation. Bioinformatics. 30(14):2068-9.
[21:10:51] Type 'prokka --citation' for more details.
[21:10:51] Thank you, come again.
