[2022-04-15 23:56:29] INFO: CheckM v1.1.3
[2022-04-15 23:56:29] INFO: checkm lineage_wf -x fa -t 60 genomes basal_seep_checkm
[2022-04-15 23:56:29] INFO: [CheckM - tree] Placing bins in reference genome tree.
[2022-04-15 23:56:30] INFO: Identifying marker genes in 10 bins with 60 threads:
[2022-04-15 23:56:46] INFO: Saving HMM info to file.
[2022-04-15 23:56:46] INFO: Calculating genome statistics for 10 bins with 60 threads:
[2022-04-15 23:56:46] INFO: Extracting marker genes to align.
[2022-04-15 23:56:46] INFO: Parsing HMM hits to marker genes:
[2022-04-15 23:56:46] INFO: Extracting 43 HMMs with 60 threads:
[2022-04-15 23:56:47] INFO: Aligning 43 marker genes with 60 threads:
[2022-04-15 23:56:47] INFO: Reading marker alignment files.
[2022-04-15 23:56:47] INFO: Concatenating alignments.
[2022-04-15 23:56:47] INFO: Placing 10 bins into the genome tree with pplacer (be patient).
[2022-04-16 00:02:14] INFO: { Current stage: 0:05:44.867 || Total: 0:05:44.867 }
[2022-04-16 00:02:14] INFO: [CheckM - lineage_set] Inferring lineage-specific marker sets.
[2022-04-16 00:02:14] INFO: Reading HMM info from file.
[2022-04-16 00:02:14] INFO: Parsing HMM hits to marker genes:
[2022-04-16 00:02:15] INFO: Determining marker sets for each genome bin.
[2022-04-16 00:02:16] INFO: Marker set written to: basal_seep_checkm/lineage.ms
[2022-04-16 00:02:16] INFO: { Current stage: 0:00:02.080 || Total: 0:05:46.947 }
[2022-04-16 00:02:16] INFO: [CheckM - analyze] Identifying marker genes in bins.
[2022-04-16 00:02:17] INFO: Identifying marker genes in 10 bins with 60 threads:
[2022-04-16 00:03:03] INFO: Saving HMM info to file.
[2022-04-16 00:03:04] INFO: { Current stage: 0:00:47.184 || Total: 0:06:34.132 }
[2022-04-16 00:03:04] INFO: Parsing HMM hits to marker genes:
[2022-04-16 00:03:05] INFO: Aligning marker genes with multiple hits in a single bin:
[2022-04-16 00:03:06] INFO: { Current stage: 0:00:01.926 || Total: 0:06:36.058 }
[2022-04-16 00:03:06] INFO: Calculating genome statistics for 10 bins with 60 threads:
[2022-04-16 00:03:06] INFO: { Current stage: 0:00:00.183 || Total: 0:06:36.241 }
[2022-04-16 00:03:06] INFO: [CheckM - qa] Tabulating genome statistics.
[2022-04-16 00:03:06] INFO: Calculating AAI between multi-copy marker genes.
[2022-04-16 00:03:06] INFO: Reading HMM info from file.
[2022-04-16 00:03:06] INFO: Parsing HMM hits to marker genes:
[2022-04-16 00:03:08] INFO: { Current stage: 0:00:01.840 || Total: 0:06:38.082 }
