Running pplacer v1.1.alpha19-0-g807f6f3 analysis on genomes_checkm/storage/tree/concatenated.fasta...
Didn't find any reference sequences in given alignment file. Using supplied reference alignment.
Pre-masking sequences... sequence length cut from 6988 to 6549.
Warning: pplacer results make the most sense when the given tree is multifurcating at the root. See manual for details.
Determining figs... figs disabled.
Allocating memory for internal nodes... done.
Caching likelihood information on reference tree... done.
Pulling exponents... done.
Preparing the edges for baseball... done.
working on Nitrosotenuis_chungbukensis_MY2_renamed (1/15)...
working on Nitrosocosmicus_hydrocola_strain_G61_renamed (2/15)...
working on Nitrososphaera_gargensis_Ga9_renamed (3/15)...
working on Nitrososphaera_viennensis_EN76_renamed (4/15)...
working on Nitrosotalea_devanaterra_Nd1_renamed (5/15)...
working on Nitrosotalea_koreensis_CS_renamed (6/15)...
working on Candidatus_Nitrosocosmicus_franklandus_C13_renamed (7/15)...
working on Candidatus_Nitrosocaldus_cavascurensis_strain_renamed (8/15)...
working on Nitrosotalea_bavarica_SbT1_renamed (9/15)...
working on Nitrosotenuis_cloacae_strain_SAT1_renamed (10/15)...
working on Nitrosotenuis_aquarius_strain_AQ6F_renamed (11/15)...
working on Nitrosocosmicus_oleophilus_strain_MY3_renamed (12/15)...
working on Nitrososphaera_evergladensis_SR1_renamed (13/15)...
working on Thaumarchaeota_archaeon_N4_renamed (14/15)...
working on Nitrosotalea_sinensis_Nd2_renamed (15/15)...
