IQ-TREE multicore version 2.2.0-beta COVID-edition for Linux 64-bit built Mar  3 2022 built Mar  3 2022
Developed by Bui Quang Minh, James Barbetti, Nguyen Lam Tung,
Olga Chernomor, Heiko Schmidt, Dominik Schrempf, Michael Woodhams, Ly Trong Nhan.

Host:    liulab-PowerEdge-R730xd (AVX2, FMA3, 755 GB RAM)
Command: iqtree2 -s all_AOA_genes_mafft_trimal.fa -nt AUTO --modelomatic -B 1000
Seed:    656665 (Using SPRNG - Scalable Parallel Random Number Generator)
Time:    Fri Apr 29 18:25:05 2022
Kernel:  AVX+FMA - auto-detect threads (72 CPU cores detected)

Reading alignment file all_AOA_genes_mafft_trimal.fa ... Fasta format detected
Reading fasta file: done in 0.00105898 secs
Alignment most likely contains DNA/RNA sequences
Constructing alignment: done in 0.00358789 secs using 2661% CPU
Alignment has 59 sequences with 606 columns, 468 distinct patterns
308 parsimony-informative, 161 singleton sites, 137 constant sites
                                                           Gap/Ambiguity  Composition  p-value
Analyzing sequences: done in 0.00472852 secs using 7061% CPU
   1  HQ713542_Artic_200m_clone_WCA_III                            0.00%    passed     73.89%
   2  JF272653_Artic_200m_clone_WCB_IV                             1.65%    passed     28.23%
   3  GU360764_California_Current_200m_clone_WCB_I                 0.00%    passed     24.25%
   4  EU025141_ECS_clone_WCA_II                                    0.00%    passed     74.03%
   5  KM595882_ECS_clone_WCA_II                                    0.00%    passed     69.28%
   6  DQ148744_ETNP_200m_clone_WCA_II                              0.00%    passed     90.11%
   7  DQ148759_ETNP_200m_clone_WCA_I                               0.00%    passed     74.56%
   8  DQ148760_ETNP_200m_clone_WCA_I                               0.00%    passed     85.18%
   9  DQ148753_ETNP_200m_clone_WCB_III                            13.04%    passed     57.79%
  10  DQ148756_ETNP_200m_clone_WCB_II                              0.00%    passed     26.10%
  11  DQ148750_ETNP_200m_clone_WCB_IV                             13.86%    passed     13.00%
  12  DQ148769_ETNP_200m_clone_WCB_I                               0.00%    passed     43.40%
  13  KF970629_Guaymas_Basin_hydrothermal_microbial_mat_WCB_IV     0.00%    passed      7.45%
  14  KJ549565_Indian_ridge_hydrothermal_plume_clone_WCB_III       0.00%    passed     11.52%
  15  KJ549559_Indian_ridge_hydrothermal_plume_clone_WCB_IV        0.00%    passed     14.46%
  16  KJ549567_Indian_ridge_hydrothermal_plume_clone_WCB_I         0.00%    passed     42.00%
  17  DQ148583_Marine_soil_clone                                   0.00%    failed      0.27%
  18  DQ148589_Marine_soil_clone                                   0.00%    passed     96.98%
  19  DQ148801_Marine_soil_clone                                   0.00%    passed     76.98%
  20  DQ148618_Mexico_sediment_clone                               0.00%    passed     98.45%
  21  EU239959_Nitrosopumilus_maritimus_genome                     0.00%    passed     54.78%
  22  LC140218_NWPO_ferromanganese_crust_clone_WCB_IV              0.00%    passed     13.05%
  23  GU270243_Okhotsk_cold_seep_clone_WCB_III                     0.00%    passed     28.59%
  24  GU270264_Okhotsk_cold_seep_clone_WCB_I                       0.00%    passed     45.79%
  25  Nitrosocaldus_yellowstonii_strain_HL72                       0.00%    passed     21.01%
  26  WNPO_4000m_clone_WCB_III_LC087898                            1.82%    passed     56.24%
  27  EGM_Bin1                                                     3.47%    passed     96.54%
  28  EGM_Bin2                                                     0.00%    passed     90.21%
  29  F_Bin1                                                      32.18%    passed     90.37%
  30  HM45_Bin2                                                   55.94%    passed     29.41%
  31  HM58_Bin1                                                   67.82%    passed     15.19%
  32  HM79_Bin1                                                   42.08%    passed     47.80%
  33  HM81_Bin2                                                    0.00%    passed     98.46%
  34  HM82_Bin1                                                   41.58%    passed     17.36%
  35  HM82_Bin2                                                   21.29%    passed     69.20%
  36  SB_Bin1                                                     34.65%    passed     52.98%
  37  SB_Bin2                                                      0.00%    passed     98.78%
  38  SMM_Bin1                                                    33.17%    passed     21.98%
  39  XS83_Bin1                                                   53.96%    passed     42.55%
  40  XS83_Bin2                                                   53.96%    passed     42.55%
  41  XS87_Bin1                                                   61.88%    passed     15.62%
  42  XS87_Bin2                                                    0.00%    passed     94.92%
  43  KJ778483.1_Uncultured_archaeon_sediment                      0.00%    passed     98.10%
  44  NC_011916.1_PmoA_Caulobacter_vibrioides_NA1000               4.79%    failed      0.00%
  45  NZ_CP026995.1_Nitrosopumilus_ureiphilus                      0.00%    passed     32.06%
  46  NZ_CP030847.1_Nitrosarchaeum_sp_AC2                          0.00%    passed     24.61%
  47  NZ_LR216287.1_Candidatus_Nitrosocosmicus_franklandus         0.00%    passed     52.08%
  48  NC_018719.1_Candidatus_Nitrososphaera_gargensis_Ga9.2        0.00%    failed      0.07%
  49  NC_010085.1_Nitrosopumilus_maritimus_SCM1                    0.00%    passed     57.54%
  50  NZ_CP012850.1_Candidatus_Nitrosocosmicus_oleophilus          0.00%    passed     65.04%
  51  NZ_CP007174.1_Candidatus_Nitrososphaera_evergladensis_SR1    0.00%    failed      0.02%
  52  Nitrosarchaeum_limnium_BG20                                  0.00%    passed      7.50%
  53  Candidatus_Nitrosoarchaeum_koreensis_MY1                     0.00%    passed     26.56%
  54  Nitrosopelagicus_sp_REDSEA-S31_B2                            0.00%    passed     74.03%
  55  Nitrosopumilus_salaria_BD31                                  8.42%    passed     25.63%
  56  Nitrosopelagicus_brevis_strain_CN25                          0.00%    passed     59.06%
  57  Nitrosopumilus_sp_DDS1                                      19.31%    passed     19.65%
  58  Nitrosopelagicus_sp_Isolate_GoM                              0.00%    passed     74.03%
  59  Nitrosopelagicus_brevis_strain_U25                           0.00%    passed     59.06%
WARNING: 5 sequences contain more than 50% gaps/ambiguity
****  TOTAL                                                        9.57%  4 sequences failed composition chi2 test (p-value<5%; df=3)
NOTE: Nitrosopelagicus_sp_REDSEA-S31_B2 is identical to EU025141_ECS_clone_WCA_II but kept for subsequent analysis
NOTE: XS83_Bin2 is identical to XS83_Bin1 but kept for subsequent analysis
NOTE: Nitrosopelagicus_brevis_strain_U25 is identical to Nitrosopelagicus_brevis_strain_CN25 but kept for subsequent analysis
Checking for duplicate sequences: done in 0.00403419 secs using 5975% CPU
Identifying sites to remove: done in 0.00102728 secs using 99.58% CPU
NOTE: 1 identical sequences (see below) will be ignored for subsequent analysis
NOTE: Nitrosopelagicus_sp_Isolate_GoM (identical to EU025141_ECS_clone_WCA_II) is ignored but added at the end
Alignment was printed to all_AOA_genes_mafft_trimal.fa.uniqueseq.phy

For your convenience alignment with unique sequences printed to all_AOA_genes_mafft_trimal.fa.uniqueseq.phy

NOTE: Restoring information from model checkpoint file all_AOA_genes_mafft_trimal.fa.model.gz

CHECKPOINT: Initial tree restored
Measuring multi-threading efficiency up to 72 CPU cores
Increase to 10 rounds for branch lengths
1009 trees examined
Threads: 1 / Time: 72.063 sec / Speedup: 1.000 / Efficiency: 100% / LogL: -16125
Threads: 2 / Time: 53.286 sec / Speedup: 1.352 / Efficiency: 68% / LogL: -16125
Threads: 3 / Time: 41.537 sec / Speedup: 1.735 / Efficiency: 58% / LogL: -16125
Threads: 4 / Time: 41.503 sec / Speedup: 1.736 / Efficiency: 43% / LogL: -16125
Determining AUTO threadcount: done in 208.392 secs using 221.1% CPU
BEST NUMBER OF THREADS: 3

Perform fast likelihood tree search using GTR+I+G model...
Estimate model parameters (epsilon = 5.000)
Perform nearest neighbor interchange...
Optimizing NNI: done in 0.663772 secs using 290.4% CPU
Estimate model parameters (epsilon = 1.000)
1. Initial log-likelihood: -10103.092
2. Current log-likelihood: -10079.780
3. Current log-likelihood: -10077.535
4. Current log-likelihood: -10075.983
5. Current log-likelihood: -10074.835
Optimal log-likelihood: -10073.873
Rate parameters:  A-C: 1.09707  A-G: 4.13242  A-T: 2.38283  C-G: 0.88169  C-T: 5.72513  G-T: 1.00000
Base frequencies:  A: 0.266  C: 0.215  G: 0.226  T: 0.293
Proportion of invariable sites: 0.075
Gamma shape alpha: 0.497
Parameters optimization took 5 rounds (0.217 sec)
Time for fast ML tree search: 1.045 seconds

NOTE: ModelFinder requires 10 MB RAM!
ModelFinder will test up to 299 DNA models (sample size: 606) ...
 No. Model         -LnL         df  AIC          AICc         BIC
Measuring multi-threading efficiency up to 72 CPU cores
Increase to 10 rounds for branch lengths
2359 trees examined
Threads: 1 / Time: 72.010 sec / Speedup: 1.000 / Efficiency: 100% / LogL: -19046
Threads: 2 / Time: 65.763 sec / Speedup: 1.095 / Efficiency: 55% / LogL: -19046
Threads: 3 / Time: 54.900 sec / Speedup: 1.312 / Efficiency: 44% / LogL: -19046
Determining AUTO threadcount: done in 192.674 secs using 185.1% CPU
BEST NUMBER OF THREADS: 2

  1  GTR+F         11225.365    121 22692.730    22753.730    23225.962
Measuring multi-threading efficiency up to 72 CPU cores
Increase to 10 rounds for branch lengths
2225 trees examined
Threads: 1 / Time: 72.023 sec / Speedup: 1.000 / Efficiency: 100% / LogL: -17988
Threads: 2 / Time: 57.716 sec / Speedup: 1.248 / Efficiency: 62% / LogL: -17988
Threads: 3 / Time: 52.332 sec / Speedup: 1.376 / Efficiency: 46% / LogL: -17988
Determining AUTO threadcount: done in 182.072 secs using 183% CPU
BEST NUMBER OF THREADS: 2

  2  GTR+F+I       10869.017    122 21982.034    22044.170    22519.673
Measuring multi-threading efficiency up to 72 CPU cores
Increase to 10 rounds for branch lengths
1053 trees examined
Threads: 1 / Time: 72.059 sec / Speedup: 1.000 / Efficiency: 100% / LogL: -16098
Threads: 2 / Time: 51.044 sec / Speedup: 1.412 / Efficiency: 71% / LogL: -16098
Threads: 3 / Time: 41.912 sec / Speedup: 1.719 / Efficiency: 57% / LogL: -16098
Threads: 4 / Time: 39.286 sec / Speedup: 1.834 / Efficiency: 46% / LogL: -16098
Determining AUTO threadcount: done in 204.302 secs using 219.3% CPU
BEST NUMBER OF THREADS: 3

  3  GTR+F+G4      10072.884    122 20389.769    20451.905    20927.408
Measuring multi-threading efficiency up to 72 CPU cores
Increase to 10 rounds for branch lengths
1011 trees examined
Threads: 1 / Time: 72.036 sec / Speedup: 1.000 / Efficiency: 100% / LogL: -15279
Threads: 2 / Time: 52.244 sec / Speedup: 1.379 / Efficiency: 69% / LogL: -15279
Threads: 3 / Time: 46.016 sec / Speedup: 1.565 / Efficiency: 52% / LogL: -15279
Threads: 4 / Time: 40.448 sec / Speedup: 1.781 / Efficiency: 45% / LogL: -15279
Determining AUTO threadcount: done in 210.745 secs using 221.4% CPU
BEST NUMBER OF THREADS: 3

  4  GTR+F+I+G4    10071.453    123 20388.907    20452.193    20930.953
Measuring multi-threading efficiency up to 72 CPU cores
Increase to 10 rounds for branch lengths
1595 trees examined
Threads: 1 / Time: 72.021 sec / Speedup: 1.000 / Efficiency: 100% / LogL: -16563
Threads: 2 / Time: 58.687 sec / Speedup: 1.227 / Efficiency: 61% / LogL: -16563
Threads: 3 / Time: 50.785 sec / Speedup: 1.418 / Efficiency: 47% / LogL: -16563
Determining AUTO threadcount: done in 181.493 secs using 183.5% CPU
BEST NUMBER OF THREADS: 2

  5  GTR+F+R2      10158.689    123 20563.378    20626.664    21105.424
Measuring multi-threading efficiency up to 72 CPU cores
Increase to 10 rounds for branch lengths
1300 trees examined
Threads: 1 / Time: 72.038 sec / Speedup: 1.000 / Efficiency: 100% / LogL: -16046
Threads: 2 / Time: 53.806 sec / Speedup: 1.339 / Efficiency: 67% / LogL: -16046
Threads: 3 / Time: 45.289 sec / Speedup: 1.591 / Efficiency: 53% / LogL: -16046
Threads: 4 / Time: 45.631 sec / Speedup: 1.579 / Efficiency: 39% / LogL: -16046
Determining AUTO threadcount: done in 216.764 secs using 225% CPU
BEST NUMBER OF THREADS: 3

  6  GTR+F+R3      10060.236    125 20370.473    20436.098    20921.333
Measuring multi-threading efficiency up to 72 CPU cores
Increase to 10 rounds for branch lengths
1080 trees examined
Threads: 1 / Time: 72.040 sec / Speedup: 1.000 / Efficiency: 100% / LogL: -15939
Threads: 2 / Time: 52.968 sec / Speedup: 1.360 / Efficiency: 68% / LogL: -15939
Threads: 3 / Time: 46.866 sec / Speedup: 1.537 / Efficiency: 51% / LogL: -15939
Threads: 4 / Time: 43.015 sec / Speedup: 1.675 / Efficiency: 42% / LogL: -15939
Determining AUTO threadcount: done in 214.889 secs using 223.9% CPU
BEST NUMBER OF THREADS: 3

  7  GTR+F+R4      10043.253    127 20340.506    20408.523    20900.180
Measuring multi-threading efficiency up to 72 CPU cores
Increase to 10 rounds for branch lengths
914 trees examined
Threads: 1 / Time: 72.034 sec / Speedup: 1.000 / Efficiency: 100% / LogL: -15932
Threads: 2 / Time: 50.165 sec / Speedup: 1.436 / Efficiency: 72% / LogL: -15932
Threads: 3 / Time: 41.752 sec / Speedup: 1.725 / Efficiency: 58% / LogL: -15932
Threads: 4 / Time: 40.860 sec / Speedup: 1.763 / Efficiency: 44% / LogL: -15932
Determining AUTO threadcount: done in 204.812 secs using 221.2% CPU
BEST NUMBER OF THREADS: 3

  8  GTR+F+R5      10035.065    129 20328.131    20398.593    20896.618
Measuring multi-threading efficiency up to 72 CPU cores
Increase to 10 rounds for branch lengths
789 trees examined
Threads: 1 / Time: 72.034 sec / Speedup: 1.000 / Efficiency: 100% / LogL: -15603
Threads: 2 / Time: 49.982 sec / Speedup: 1.441 / Efficiency: 72% / LogL: -15603
Threads: 3 / Time: 40.321 sec / Speedup: 1.787 / Efficiency: 60% / LogL: -15603
Threads: 4 / Time: 36.306 sec / Speedup: 1.984 / Efficiency: 50% / LogL: -15603
Determining AUTO threadcount: done in 198.644 secs using 216.9% CPU
BEST NUMBER OF THREADS: 3

  9  GTR+F+R6      10030.334    131 20322.668    20395.630    20899.969
Measuring multi-threading efficiency up to 72 CPU cores
Increase to 10 rounds for branch lengths
1086 trees examined
Threads: 1 / Time: 72.050 sec / Speedup: 1.000 / Efficiency: 100% / LogL: -15377
Threads: 2 / Time: 57.119 sec / Speedup: 1.261 / Efficiency: 63% / LogL: -15377
Threads: 3 / Time: 47.065 sec / Speedup: 1.531 / Efficiency: 51% / LogL: -15377
Threads: 4 / Time: 42.691 sec / Speedup: 1.688 / Efficiency: 42% / LogL: -15377
Determining AUTO threadcount: done in 218.926 secs using 223.4% CPU
BEST NUMBER OF THREADS: 3

 20  SYM+R4        10043.448    124 20334.897    20399.346    20881.350
Measuring multi-threading efficiency up to 72 CPU cores
Increase to 10 rounds for branch lengths
929 trees examined
Threads: 1 / Time: 72.047 sec / Speedup: 1.000 / Efficiency: 100% / LogL: -15801
Threads: 2 / Time: 54.921 sec / Speedup: 1.312 / Efficiency: 66% / LogL: -15801
Threads: 3 / Time: 44.649 sec / Speedup: 1.614 / Efficiency: 54% / LogL: -15801
Threads: 4 / Time: 37.766 sec / Speedup: 1.908 / Efficiency: 48% / LogL: -15801
Determining AUTO threadcount: done in 209.383 secs using 219.1% CPU
BEST NUMBER OF THREADS: 3

 21  SYM+R5        10039.015    126 20330.030    20396.844    20885.297
Measuring multi-threading efficiency up to 72 CPU cores
Increase to 10 rounds for branch lengths
1082 trees examined
Threads: 1 / Time: 72.021 sec / Speedup: 1.000 / Efficiency: 100% / LogL: -15897
Threads: 2 / Time: 52.139 sec / Speedup: 1.381 / Efficiency: 69% / LogL: -15897
Threads: 3 / Time: 47.768 sec / Speedup: 1.508 / Efficiency: 50% / LogL: -15897
Threads: 4 / Time: 40.238 sec / Speedup: 1.790 / Efficiency: 45% / LogL: -15897
Determining AUTO threadcount: done in 212.167 secs using 222.1% CPU
BEST NUMBER OF THREADS: 3

 33  TVM+F+R4      10047.579    126 20347.159    20413.973    20902.426
Measuring multi-threading efficiency up to 72 CPU cores
Increase to 10 rounds for branch lengths
903 trees examined
Threads: 1 / Time: 72.006 sec / Speedup: 1.000 / Efficiency: 100% / LogL: -15366
Threads: 2 / Time: 50.096 sec / Speedup: 1.437 / Efficiency: 72% / LogL: -15366
Threads: 3 / Time: 40.448 sec / Speedup: 1.780 / Efficiency: 59% / LogL: -15366
Threads: 4 / Time: 37.074 sec / Speedup: 1.942 / Efficiency: 49% / LogL: -15366
Determining AUTO threadcount: done in 199.624 secs using 217.5% CPU
BEST NUMBER OF THREADS: 3

 34  TVM+F+R5      10045.663    128 20347.326    20416.559    20911.407
Measuring multi-threading efficiency up to 72 CPU cores
Increase to 10 rounds for branch lengths
1075 trees examined
Threads: 1 / Time: 72.009 sec / Speedup: 1.000 / Efficiency: 100% / LogL: -15483
Threads: 2 / Time: 53.078 sec / Speedup: 1.357 / Efficiency: 68% / LogL: -15483
Threads: 3 / Time: 41.528 sec / Speedup: 1.734 / Efficiency: 58% / LogL: -15483
Threads: 4 / Time: 39.446 sec / Speedup: 1.825 / Efficiency: 46% / LogL: -15483
Determining AUTO threadcount: done in 206.062 secs using 219% CPU
BEST NUMBER OF THREADS: 3

 46  TVMe+R4       10053.873    123 20353.745    20417.031    20895.791
Measuring multi-threading efficiency up to 72 CPU cores
Increase to 10 rounds for branch lengths
915 trees examined
Threads: 1 / Time: 72.065 sec / Speedup: 1.000 / Efficiency: 100% / LogL: -15641
Threads: 2 / Time: 53.787 sec / Speedup: 1.340 / Efficiency: 67% / LogL: -15641
Threads: 3 / Time: 39.737 sec / Speedup: 1.814 / Efficiency: 60% / LogL: -15641
Threads: 4 / Time: 36.567 sec / Speedup: 1.971 / Efficiency: 49% / LogL: -15641
Determining AUTO threadcount: done in 202.157 secs using 216.5% CPU
BEST NUMBER OF THREADS: 3

 47  TVMe+R5       10050.949    125 20351.898    20417.523    20902.758
Measuring multi-threading efficiency up to 72 CPU cores
Increase to 10 rounds for branch lengths
1069 trees examined
Threads: 1 / Time: 72.027 sec / Speedup: 1.000 / Efficiency: 100% / LogL: -15391
Threads: 2 / Time: 49.522 sec / Speedup: 1.454 / Efficiency: 73% / LogL: -15391
Threads: 3 / Time: 42.384 sec / Speedup: 1.699 / Efficiency: 57% / LogL: -15391
Threads: 4 / Time: 40.785 sec / Speedup: 1.766 / Efficiency: 44% / LogL: -15391
Determining AUTO threadcount: done in 204.719 secs using 221% CPU
BEST NUMBER OF THREADS: 3

 59  TIM3+F+R4     10064.960    125 20379.921    20445.546    20930.781
Measuring multi-threading efficiency up to 72 CPU cores
Increase to 10 rounds for branch lengths
914 trees examined
Threads: 1 / Time: 72.059 sec / Speedup: 1.000 / Efficiency: 100% / LogL: -15463
Threads: 2 / Time: 51.423 sec / Speedup: 1.401 / Efficiency: 70% / LogL: -15463
Threads: 3 / Time: 41.568 sec / Speedup: 1.734 / Efficiency: 58% / LogL: -15463
Threads: 4 / Time: 40.604 sec / Speedup: 1.775 / Efficiency: 44% / LogL: -15463
Determining AUTO threadcount: done in 205.655 secs using 221% CPU
BEST NUMBER OF THREADS: 3

 60  TIM3+F+R5     10063.117    127 20380.233    20448.250    20939.907
Measuring multi-threading efficiency up to 72 CPU cores
Increase to 10 rounds for branch lengths
1068 trees examined
Threads: 1 / Time: 72.023 sec / Speedup: 1.000 / Efficiency: 100% / LogL: -15436
Threads: 2 / Time: 50.480 sec / Speedup: 1.427 / Efficiency: 71% / LogL: -15436
Threads: 3 / Time: 42.754 sec / Speedup: 1.685 / Efficiency: 56% / LogL: -15436
Threads: 4 / Time: 40.084 sec / Speedup: 1.797 / Efficiency: 45% / LogL: -15436
Determining AUTO threadcount: done in 205.342 secs using 220.3% CPU
BEST NUMBER OF THREADS: 3

 72  TIM3e+R4      10083.945    122 20411.890    20474.026    20949.529
Measuring multi-threading efficiency up to 72 CPU cores
Increase to 10 rounds for branch lengths
914 trees examined
Threads: 1 / Time: 72.004 sec / Speedup: 1.000 / Efficiency: 100% / LogL: -15795
Threads: 2 / Time: 50.606 sec / Speedup: 1.423 / Efficiency: 71% / LogL: -15795
Threads: 3 / Time: 41.795 sec / Speedup: 1.723 / Efficiency: 57% / LogL: -15795
Threads: 4 / Time: 41.449 sec / Speedup: 1.737 / Efficiency: 43% / LogL: -15795
Determining AUTO threadcount: done in 205.854 secs using 221.7% CPU
BEST NUMBER OF THREADS: 3

 73  TIM3e+R5      10081.913    124 20411.825    20476.274    20958.278
Measuring multi-threading efficiency up to 72 CPU cores
Increase to 10 rounds for branch lengths
1077 trees examined
Threads: 1 / Time: 72.036 sec / Speedup: 1.000 / Efficiency: 100% / LogL: -15795
Threads: 2 / Time: 51.536 sec / Speedup: 1.398 / Efficiency: 70% / LogL: -15795
Threads: 3 / Time: 46.249 sec / Speedup: 1.558 / Efficiency: 52% / LogL: -15795
Threads: 4 / Time: 42.743 sec / Speedup: 1.685 / Efficiency: 42% / LogL: -15795
Determining AUTO threadcount: done in 212.565 secs using 223.8% CPU
BEST NUMBER OF THREADS: 3

 85  TIM2+F+R4     10057.704    125 20365.408    20431.033    20916.268
Measuring multi-threading efficiency up to 72 CPU cores
Increase to 10 rounds for branch lengths
915 trees examined
Threads: 1 / Time: 72.027 sec / Speedup: 1.000 / Efficiency: 100% / LogL: -15729
Threads: 2 / Time: 50.512 sec / Speedup: 1.426 / Efficiency: 71% / LogL: -15729
Threads: 3 / Time: 41.532 sec / Speedup: 1.734 / Efficiency: 58% / LogL: -15729
Threads: 4 / Time: 39.634 sec / Speedup: 1.817 / Efficiency: 45% / LogL: -15729
Determining AUTO threadcount: done in 203.706 secs using 220.1% CPU
BEST NUMBER OF THREADS: 3

 86  TIM2+F+R5     10056.071    127 20366.143    20434.160    20925.817
Measuring multi-threading efficiency up to 72 CPU cores
Increase to 10 rounds for branch lengths
1083 trees examined
Threads: 1 / Time: 72.050 sec / Speedup: 1.000 / Efficiency: 100% / LogL: -15583
Threads: 2 / Time: 56.651 sec / Speedup: 1.272 / Efficiency: 64% / LogL: -15583
Threads: 3 / Time: 46.921 sec / Speedup: 1.536 / Efficiency: 51% / LogL: -15583
Threads: 4 / Time: 43.334 sec / Speedup: 1.663 / Efficiency: 42% / LogL: -15583
Determining AUTO threadcount: done in 218.956 secs using 223.8% CPU
BEST NUMBER OF THREADS: 3

 98  TIM2e+R4      10086.113    122 20416.226    20478.363    20953.865
Measuring multi-threading efficiency up to 72 CPU cores
Increase to 10 rounds for branch lengths
912 trees examined
Threads: 1 / Time: 72.049 sec / Speedup: 1.000 / Efficiency: 100% / LogL: -15484
Threads: 2 / Time: 53.104 sec / Speedup: 1.357 / Efficiency: 68% / LogL: -15484
Threads: 3 / Time: 46.772 sec / Speedup: 1.540 / Efficiency: 51% / LogL: -15484
Threads: 4 / Time: 36.732 sec / Speedup: 1.961 / Efficiency: 49% / LogL: -15484
Determining AUTO threadcount: done in 208.657 secs using 219.2% CPU
BEST NUMBER OF THREADS: 3

 99  TIM2e+R5      10084.085    124 20416.171    20480.620    20962.624
Measuring multi-threading efficiency up to 72 CPU cores
Increase to 10 rounds for branch lengths
1081 trees examined
Threads: 1 / Time: 72.013 sec / Speedup: 1.000 / Efficiency: 100% / LogL: -15859
Threads: 2 / Time: 50.360 sec / Speedup: 1.430 / Efficiency: 71% / LogL: -15859
Threads: 3 / Time: 43.283 sec / Speedup: 1.664 / Efficiency: 55% / LogL: -15859
Threads: 4 / Time: 40.271 sec / Speedup: 1.788 / Efficiency: 45% / LogL: -15859
Determining AUTO threadcount: done in 205.929 secs using 220.7% CPU
BEST NUMBER OF THREADS: 3

111  TIM+F+R4      10065.093    125 20380.186    20445.811    20931.046
Measuring multi-threading efficiency up to 72 CPU cores
Increase to 10 rounds for branch lengths
930 trees examined
Threads: 1 / Time: 72.037 sec / Speedup: 1.000 / Efficiency: 100% / LogL: -15652
Threads: 2 / Time: 50.362 sec / Speedup: 1.430 / Efficiency: 72% / LogL: -15652
Threads: 3 / Time: 42.280 sec / Speedup: 1.704 / Efficiency: 57% / LogL: -15652
Threads: 4 / Time: 40.879 sec / Speedup: 1.762 / Efficiency: 44% / LogL: -15652
Determining AUTO threadcount: done in 205.559 secs using 221.4% CPU
BEST NUMBER OF THREADS: 3

112  TIM+F+R5      10062.791    127 20379.581    20447.598    20939.255
Measuring multi-threading efficiency up to 72 CPU cores
Increase to 10 rounds for branch lengths
1099 trees examined
Threads: 1 / Time: 72.064 sec / Speedup: 1.000 / Efficiency: 100% / LogL: -15580
Threads: 2 / Time: 53.247 sec / Speedup: 1.353 / Efficiency: 68% / LogL: -15580
Threads: 3 / Time: 46.723 sec / Speedup: 1.542 / Efficiency: 51% / LogL: -15580
Threads: 4 / Time: 44.527 sec / Speedup: 1.618 / Efficiency: 40% / LogL: -15580
Determining AUTO threadcount: done in 216.561 secs using 225.1% CPU
BEST NUMBER OF THREADS: 3

124  TIMe+R4       10099.975    122 20443.949    20506.086    20981.589
Measuring multi-threading efficiency up to 72 CPU cores
Increase to 10 rounds for branch lengths
931 trees examined
Threads: 1 / Time: 72.030 sec / Speedup: 1.000 / Efficiency: 100% / LogL: -15775
Threads: 2 / Time: 49.473 sec / Speedup: 1.456 / Efficiency: 73% / LogL: -15775
Threads: 3 / Time: 41.762 sec / Speedup: 1.725 / Efficiency: 57% / LogL: -15775
Threads: 4 / Time: 37.831 sec / Speedup: 1.904 / Efficiency: 48% / LogL: -15775
Determining AUTO threadcount: done in 201.097 secs using 218.5% CPU
BEST NUMBER OF THREADS: 3

125  TIMe+R5       10098.292    124 20444.585    20509.034    20991.038
Measuring multi-threading efficiency up to 72 CPU cores
Increase to 10 rounds for branch lengths
1094 trees examined
Threads: 1 / Time: 72.060 sec / Speedup: 1.000 / Efficiency: 100% / LogL: -15432
Threads: 2 / Time: 53.181 sec / Speedup: 1.355 / Efficiency: 68% / LogL: -15432
Threads: 3 / Time: 47.014 sec / Speedup: 1.533 / Efficiency: 51% / LogL: -15432
Threads: 4 / Time: 42.773 sec / Speedup: 1.685 / Efficiency: 42% / LogL: -15432
Determining AUTO threadcount: done in 215.028 secs using 223.8% CPU
BEST NUMBER OF THREADS: 3

137  TPM3u+F+R4    10074.642    124 20397.283    20461.732    20943.736
Measuring multi-threading efficiency up to 72 CPU cores
Increase to 10 rounds for branch lengths
932 trees examined
Threads: 1 / Time: 72.053 sec / Speedup: 1.000 / Efficiency: 100% / LogL: -15527
Threads: 2 / Time: 52.609 sec / Speedup: 1.370 / Efficiency: 68% / LogL: -15527
Threads: 3 / Time: 45.035 sec / Speedup: 1.600 / Efficiency: 53% / LogL: -15527
Threads: 4 / Time: 41.521 sec / Speedup: 1.735 / Efficiency: 43% / LogL: -15527
Determining AUTO threadcount: done in 211.219 secs using 222.6% CPU
BEST NUMBER OF THREADS: 3

138  TPM3u+F+R5    10073.233    126 20398.467    20465.281    20953.734
Measuring multi-threading efficiency up to 72 CPU cores
Increase to 10 rounds for branch lengths
1089 trees examined
Threads: 1 / Time: 72.041 sec / Speedup: 1.000 / Efficiency: 100% / LogL: -15609
Threads: 2 / Time: 49.700 sec / Speedup: 1.450 / Efficiency: 72% / LogL: -15609
Threads: 3 / Time: 47.809 sec / Speedup: 1.507 / Efficiency: 50% / LogL: -15609
Threads: 4 / Time: 43.724 sec / Speedup: 1.648 / Efficiency: 41% / LogL: -15609
Determining AUTO threadcount: done in 213.275 secs using 225.2% CPU
BEST NUMBER OF THREADS: 2

150  TPM3+R4       10095.347    121 20432.694    20493.694    20965.926
Measuring multi-threading efficiency up to 72 CPU cores
Increase to 10 rounds for branch lengths
938 trees examined
Threads: 1 / Time: 72.076 sec / Speedup: 1.000 / Efficiency: 100% / LogL: -15315
Threads: 2 / Time: 50.363 sec / Speedup: 1.431 / Efficiency: 72% / LogL: -15315
Threads: 3 / Time: 42.133 sec / Speedup: 1.711 / Efficiency: 57% / LogL: -15315
Threads: 4 / Time: 38.057 sec / Speedup: 1.894 / Efficiency: 47% / LogL: -15315
Determining AUTO threadcount: done in 202.63 secs using 218.6% CPU
BEST NUMBER OF THREADS: 3

151  TPM3+R5       10093.858    123 20433.716    20497.003    20975.763
Measuring multi-threading efficiency up to 72 CPU cores
Increase to 10 rounds for branch lengths
1103 trees examined
Threads: 1 / Time: 72.005 sec / Speedup: 1.000 / Efficiency: 100% / LogL: -15350
Threads: 2 / Time: 50.642 sec / Speedup: 1.422 / Efficiency: 71% / LogL: -15350
Threads: 3 / Time: 47.124 sec / Speedup: 1.528 / Efficiency: 51% / LogL: -15350
Threads: 4 / Time: 42.887 sec / Speedup: 1.679 / Efficiency: 42% / LogL: -15350
Determining AUTO threadcount: done in 212.658 secs using 224.1% CPU
BEST NUMBER OF THREADS: 3

163  TPM2u+F+R4    10069.032    124 20386.063    20450.513    20932.517
Measuring multi-threading efficiency up to 72 CPU cores
Increase to 10 rounds for branch lengths
941 trees examined
Threads: 1 / Time: 72.015 sec / Speedup: 1.000 / Efficiency: 100% / LogL: -15703
Threads: 2 / Time: 49.704 sec / Speedup: 1.449 / Efficiency: 72% / LogL: -15703
Threads: 3 / Time: 43.238 sec / Speedup: 1.666 / Efficiency: 56% / LogL: -15703
Threads: 4 / Time: 40.456 sec / Speedup: 1.780 / Efficiency: 45% / LogL: -15703
Determining AUTO threadcount: done in 205.414 secs using 221.4% CPU
BEST NUMBER OF THREADS: 3

164  TPM2u+F+R5    10067.464    126 20386.928    20453.742    20942.195
Measuring multi-threading efficiency up to 72 CPU cores
Increase to 10 rounds for branch lengths
1103 trees examined
Threads: 1 / Time: 72.054 sec / Speedup: 1.000 / Efficiency: 100% / LogL: -15719
Threads: 2 / Time: 50.746 sec / Speedup: 1.420 / Efficiency: 71% / LogL: -15719
Threads: 3 / Time: 42.540 sec / Speedup: 1.694 / Efficiency: 56% / LogL: -15719
Threads: 4 / Time: 39.378 sec / Speedup: 1.830 / Efficiency: 46% / LogL: -15719
Determining AUTO threadcount: done in 204.718 secs using 219.3% CPU
BEST NUMBER OF THREADS: 3

176  TPM2+R4       10099.055    121 20440.110    20501.110    20973.342
Measuring multi-threading efficiency up to 72 CPU cores
Increase to 10 rounds for branch lengths
935 trees examined
Threads: 1 / Time: 72.065 sec / Speedup: 1.000 / Efficiency: 100% / LogL: -15863
Threads: 2 / Time: 54.040 sec / Speedup: 1.334 / Efficiency: 67% / LogL: -15863
Threads: 3 / Time: 46.516 sec / Speedup: 1.549 / Efficiency: 52% / LogL: -15863
Threads: 4 / Time: 37.326 sec / Speedup: 1.931 / Efficiency: 48% / LogL: -15863
Determining AUTO threadcount: done in 209.947 secs using 219.6% CPU
BEST NUMBER OF THREADS: 3

177  TPM2+R5       10097.182    123 20440.364    20503.651    20982.411
Measuring multi-threading efficiency up to 72 CPU cores
Increase to 10 rounds for branch lengths
1098 trees examined
Threads: 1 / Time: 72.035 sec / Speedup: 1.000 / Efficiency: 100% / LogL: -15858
Threads: 2 / Time: 49.711 sec / Speedup: 1.449 / Efficiency: 72% / LogL: -15858
Threads: 3 / Time: 47.067 sec / Speedup: 1.530 / Efficiency: 51% / LogL: -15858
Threads: 4 / Time: 40.982 sec / Speedup: 1.758 / Efficiency: 44% / LogL: -15858
Determining AUTO threadcount: done in 209.796 secs using 222.5% CPU
BEST NUMBER OF THREADS: 3

189  K3Pu+F+R4     10076.337    124 20400.674    20465.123    20947.127
Measuring multi-threading efficiency up to 72 CPU cores
Increase to 10 rounds for branch lengths
928 trees examined
Threads: 1 / Time: 72.005 sec / Speedup: 1.000 / Efficiency: 100% / LogL: -15798
Threads: 2 / Time: 52.522 sec / Speedup: 1.371 / Efficiency: 69% / LogL: -15798
Threads: 3 / Time: 41.308 sec / Speedup: 1.743 / Efficiency: 58% / LogL: -15798
Threads: 4 / Time: 40.852 sec / Speedup: 1.763 / Efficiency: 44% / LogL: -15798
Determining AUTO threadcount: done in 206.687 secs using 220.6% CPU
BEST NUMBER OF THREADS: 3

190  K3Pu+F+R5     10074.556    126 20401.113    20467.927    20956.380
Measuring multi-threading efficiency up to 72 CPU cores
Increase to 10 rounds for branch lengths
1096 trees examined
Threads: 1 / Time: 72.017 sec / Speedup: 1.000 / Efficiency: 100% / LogL: -15785
Threads: 2 / Time: 50.406 sec / Speedup: 1.429 / Efficiency: 71% / LogL: -15785
Threads: 3 / Time: 43.658 sec / Speedup: 1.650 / Efficiency: 55% / LogL: -15785
Threads: 4 / Time: 40.432 sec / Speedup: 1.781 / Efficiency: 45% / LogL: -15785
Determining AUTO threadcount: done in 206.514 secs using 220.7% CPU
BEST NUMBER OF THREADS: 3

202  K3P+R4        10112.855    121 20467.711    20528.711    21000.943
Measuring multi-threading efficiency up to 72 CPU cores
Increase to 10 rounds for branch lengths
936 trees examined
Threads: 1 / Time: 72.015 sec / Speedup: 1.000 / Efficiency: 100% / LogL: -15489
Threads: 2 / Time: 49.308 sec / Speedup: 1.461 / Efficiency: 73% / LogL: -15489
Threads: 3 / Time: 41.871 sec / Speedup: 1.720 / Efficiency: 57% / LogL: -15489
Threads: 4 / Time: 45.078 sec / Speedup: 1.598 / Efficiency: 40% / LogL: -15489
Determining AUTO threadcount: done in 208.273 secs using 224.9% CPU
BEST NUMBER OF THREADS: 3

203  K3P+R5        10111.456    123 20468.912    20532.198    21010.958
Measuring multi-threading efficiency up to 72 CPU cores
Increase to 10 rounds for branch lengths
1092 trees examined
Threads: 1 / Time: 72.054 sec / Speedup: 1.000 / Efficiency: 100% / LogL: -15745
Threads: 2 / Time: 53.378 sec / Speedup: 1.350 / Efficiency: 67% / LogL: -15745
Threads: 3 / Time: 46.818 sec / Speedup: 1.539 / Efficiency: 51% / LogL: -15745
Threads: 4 / Time: 39.902 sec / Speedup: 1.806 / Efficiency: 45% / LogL: -15745
Determining AUTO threadcount: done in 212.154 secs using 221.2% CPU
BEST NUMBER OF THREADS: 3

215  TN+F+R4       10080.132    124 20408.264    20472.714    20954.718
Measuring multi-threading efficiency up to 72 CPU cores
Increase to 10 rounds for branch lengths
933 trees examined
Threads: 1 / Time: 72.049 sec / Speedup: 1.000 / Efficiency: 100% / LogL: -15876
Threads: 2 / Time: 49.966 sec / Speedup: 1.442 / Efficiency: 72% / LogL: -15876
Threads: 3 / Time: 42.329 sec / Speedup: 1.702 / Efficiency: 57% / LogL: -15876
Threads: 4 / Time: 37.854 sec / Speedup: 1.903 / Efficiency: 48% / LogL: -15876
Determining AUTO threadcount: done in 202.198 secs using 218.7% CPU
BEST NUMBER OF THREADS: 3

216  TN+F+R5       10077.404    126 20406.809    20473.623    20962.076
Measuring multi-threading efficiency up to 72 CPU cores
Increase to 10 rounds for branch lengths
1095 trees examined
Threads: 1 / Time: 72.012 sec / Speedup: 1.000 / Efficiency: 100% / LogL: -15963
Threads: 2 / Time: 50.282 sec / Speedup: 1.432 / Efficiency: 72% / LogL: -15963
Threads: 3 / Time: 43.765 sec / Speedup: 1.645 / Efficiency: 55% / LogL: -15963
Threads: 4 / Time: 40.030 sec / Speedup: 1.799 / Efficiency: 45% / LogL: -15963
Determining AUTO threadcount: done in 206.091 secs using 220.6% CPU
BEST NUMBER OF THREADS: 3

228  TNe+R4        10120.244    121 20482.489    20543.489    21015.721
Measuring multi-threading efficiency up to 72 CPU cores
Increase to 10 rounds for branch lengths
930 trees examined
Threads: 1 / Time: 72.063 sec / Speedup: 1.000 / Efficiency: 100% / LogL: -15653
Threads: 2 / Time: 49.383 sec / Speedup: 1.459 / Efficiency: 73% / LogL: -15653
Threads: 3 / Time: 41.891 sec / Speedup: 1.720 / Efficiency: 57% / LogL: -15653
Threads: 4 / Time: 37.550 sec / Speedup: 1.919 / Efficiency: 48% / LogL: -15653
Determining AUTO threadcount: done in 200.889 secs using 218.3% CPU
BEST NUMBER OF THREADS: 3

229  TNe+R5        10118.201    123 20482.401    20545.688    21024.447
Measuring multi-threading efficiency up to 72 CPU cores
Increase to 10 rounds for branch lengths
1092 trees examined
Threads: 1 / Time: 72.010 sec / Speedup: 1.000 / Efficiency: 100% / LogL: -15492
Threads: 2 / Time: 51.023 sec / Speedup: 1.411 / Efficiency: 71% / LogL: -15492
Threads: 3 / Time: 44.040 sec / Speedup: 1.635 / Efficiency: 55% / LogL: -15492
Threads: 4 / Time: 39.076 sec / Speedup: 1.843 / Efficiency: 46% / LogL: -15492
Determining AUTO threadcount: done in 206.151 secs using 219.7% CPU
BEST NUMBER OF THREADS: 3

241  HKY+F+R4      10090.718    123 20427.436    20490.723    20969.483
Measuring multi-threading efficiency up to 72 CPU cores
Increase to 10 rounds for branch lengths
927 trees examined
Threads: 1 / Time: 72.069 sec / Speedup: 1.000 / Efficiency: 100% / LogL: -15711
Threads: 2 / Time: 53.164 sec / Speedup: 1.356 / Efficiency: 68% / LogL: -15711
Threads: 3 / Time: 45.541 sec / Speedup: 1.582 / Efficiency: 53% / LogL: -15711
Threads: 4 / Time: 40.127 sec / Speedup: 1.796 / Efficiency: 45% / LogL: -15711
Determining AUTO threadcount: done in 210.902 secs using 221.4% CPU
BEST NUMBER OF THREADS: 3

242  HKY+F+R5      10089.736    125 20429.472    20495.097    20980.332
Measuring multi-threading efficiency up to 72 CPU cores
Increase to 10 rounds for branch lengths
1093 trees examined
Threads: 1 / Time: 72.015 sec / Speedup: 1.000 / Efficiency: 100% / LogL: -15768
Threads: 2 / Time: 50.935 sec / Speedup: 1.414 / Efficiency: 71% / LogL: -15768
Threads: 3 / Time: 43.337 sec / Speedup: 1.662 / Efficiency: 55% / LogL: -15768
Threads: 4 / Time: 39.585 sec / Speedup: 1.819 / Efficiency: 45% / LogL: -15768
Determining AUTO threadcount: done in 205.873 secs using 220.2% CPU
BEST NUMBER OF THREADS: 3

254  K2P+R4        10132.747    120 20505.495    20565.371    21034.321
Measuring multi-threading efficiency up to 72 CPU cores
Increase to 10 rounds for branch lengths
937 trees examined
Threads: 1 / Time: 72.074 sec / Speedup: 1.000 / Efficiency: 100% / LogL: -15572
Threads: 2 / Time: 53.587 sec / Speedup: 1.345 / Efficiency: 67% / LogL: -15572
Threads: 3 / Time: 46.331 sec / Speedup: 1.556 / Efficiency: 52% / LogL: -15572
Threads: 4 / Time: 40.667 sec / Speedup: 1.772 / Efficiency: 44% / LogL: -15572
Determining AUTO threadcount: done in 212.66 secs using 222.3% CPU
BEST NUMBER OF THREADS: 3

255  K2P+R5        10131.430    122 20506.859    20568.996    21044.499
Measuring multi-threading efficiency up to 72 CPU cores
Increase to 10 rounds for branch lengths
1100 trees examined
Threads: 1 / Time: 72.034 sec / Speedup: 1.000 / Efficiency: 100% / LogL: -16096
Threads: 2 / Time: 50.178 sec / Speedup: 1.436 / Efficiency: 72% / LogL: -16096
Threads: 3 / Time: 43.202 sec / Speedup: 1.667 / Efficiency: 56% / LogL: -16096
Threads: 4 / Time: 39.312 sec / Speedup: 1.832 / Efficiency: 46% / LogL: -16096
Determining AUTO threadcount: done in 204.726 secs using 219.7% CPU
BEST NUMBER OF THREADS: 3

267  F81+F+R4      10370.392    122 20984.785    21046.921    21522.424
Measuring multi-threading efficiency up to 72 CPU cores
Increase to 10 rounds for branch lengths
930 trees examined
Threads: 1 / Time: 72.003 sec / Speedup: 1.000 / Efficiency: 100% / LogL: -15855
Threads: 2 / Time: 49.499 sec / Speedup: 1.455 / Efficiency: 73% / LogL: -15855
Threads: 3 / Time: 44.909 sec / Speedup: 1.603 / Efficiency: 53% / LogL: -15855
Threads: 4 / Time: 36.981 sec / Speedup: 1.947 / Efficiency: 49% / LogL: -15855
Determining AUTO threadcount: done in 203.392 secs using 219.2% CPU
BEST NUMBER OF THREADS: 3

268  F81+F+R5      10369.262    124 20986.524    21050.973    21532.977
Measuring multi-threading efficiency up to 72 CPU cores
Increase to 10 rounds for branch lengths
1095 trees examined
Threads: 1 / Time: 72.017 sec / Speedup: 1.000 / Efficiency: 100% / LogL: -16177
Threads: 2 / Time: 51.144 sec / Speedup: 1.408 / Efficiency: 70% / LogL: -16177
Threads: 3 / Time: 43.173 sec / Speedup: 1.668 / Efficiency: 56% / LogL: -16177
Threads: 4 / Time: 39.519 sec / Speedup: 1.822 / Efficiency: 46% / LogL: -16177
Determining AUTO threadcount: done in 205.853 secs using 220% CPU
BEST NUMBER OF THREADS: 3

280  JC+R4         10396.961    119 21031.923    21090.688    21556.342
Measuring multi-threading efficiency up to 72 CPU cores
Increase to 10 rounds for branch lengths
937 trees examined
Threads: 1 / Time: 72.034 sec / Speedup: 1.000 / Efficiency: 100% / LogL: -16020
Threads: 2 / Time: 53.122 sec / Speedup: 1.356 / Efficiency: 68% / LogL: -16020
Threads: 3 / Time: 45.246 sec / Speedup: 1.592 / Efficiency: 53% / LogL: -16020
Threads: 4 / Time: 38.470 sec / Speedup: 1.872 / Efficiency: 47% / LogL: -16020
Determining AUTO threadcount: done in 208.873 secs using 220.2% CPU
BEST NUMBER OF THREADS: 3

281  JC+R5         10395.752    121 21033.505    21094.505    21566.737
Measuring multi-threading efficiency up to 72 CPU cores
Increase to 10 rounds for branch lengths
699 trees examined
Threads: 1 / Time: 72.082 sec / Speedup: 1.000 / Efficiency: 100% / LogL: -16011
Threads: 2 / Time: 67.234 sec / Speedup: 1.072 / Efficiency: 54% / LogL: -16011
Threads: 3 / Time: 58.351 sec / Speedup: 1.235 / Efficiency: 41% / LogL: -16011
Determining AUTO threadcount: done in 197.667 secs using 190.9% CPU
BEST NUMBER OF THREADS: 2

293  UNREST+FO+R4  10022.766    131 20307.532    20380.494    20884.834
Measuring multi-threading efficiency up to 72 CPU cores
Increase to 10 rounds for branch lengths
585 trees examined
Threads: 1 / Time: 72.016 sec / Speedup: 1.000 / Efficiency: 100% / LogL: -15825
Threads: 2 / Time: 65.918 sec / Speedup: 1.093 / Efficiency: 55% / LogL: -15825
Threads: 3 / Time: 56.028 sec / Speedup: 1.285 / Efficiency: 43% / LogL: -15825
Determining AUTO threadcount: done in 193.963 secs using 189.8% CPU
BEST NUMBER OF THREADS: 2

294  UNREST+FO+R5  10021.841    133 20309.682    20385.199    20895.797
Akaike Information Criterion:           UNREST+FO+R4
Corrected Akaike Information Criterion: UNREST+FO+R4
Bayesian Information Criterion:         SYM+R4
Best-fit model: SYM+R4 chosen according to BIC

All model information printed to all_AOA_genes_mafft_trimal.fa.model.gz
CPU time for ModelFinder: 24327.372 seconds (6h:45m:27s)
Wall-clock time for ModelFinder: 11150.075 seconds (3h:5m:50s)
Generating 1000 samples for ultrafast bootstrap (seed: 656665)...

NOTE: 5 MB RAM (0 GB) is required!
Measuring multi-threading efficiency up to 72 CPU cores
Increase to 10 rounds for branch lengths
1104 trees examined
Threads: 1 / Time: 72.064 sec / Speedup: 1.000 / Efficiency: 100% / LogL: -16273
Threads: 2 / Time: 52.452 sec / Speedup: 1.374 / Efficiency: 69% / LogL: -16273
Threads: 3 / Time: 44.483 sec / Speedup: 1.620 / Efficiency: 54% / LogL: -16273
Threads: 4 / Time: 44.747 sec / Speedup: 1.610 / Efficiency: 40% / LogL: -16273
Determining AUTO threadcount: done in 213.746 secs using 224.5% CPU
BEST NUMBER OF THREADS: 3

Estimate model parameters (epsilon = 0.100)
1. Initial log-likelihood: -10043.448
2. Current log-likelihood: -10042.201
3. Current log-likelihood: -10042.037
Optimal log-likelihood: -10042.007
Rate parameters:  A-C: 0.94923  A-G: 3.85880  A-T: 2.89617  C-G: 0.70941  C-T: 5.63087  G-T: 1.00000
Base frequencies:  A: 0.250  C: 0.250  G: 0.250  T: 0.250
Site proportion and rates:  (0.583,0.103) (0.000,0.189) (0.189,1.266) (0.228,3.077)
Parameters optimization took 3 rounds (0.130 sec)
Wrote distance file to... 
Computing ML distances based on estimated model parameters...
Calculating distance matrix: done in 0.00633008 secs using 300.8% CPU
Computing ML distances took 0.006436 sec (of wall-clock time) 0.019153 sec (of CPU time)
WARNING: Some pairwise ML distances are too long (saturated)
Setting up auxiliary I and S matrices: done in 0.000261117 secs using 281.9% CPU
Constructing RapidNJ tree: done in 0.00904053 secs using 176.7% CPU
Computing RapidNJ tree took 0.009381 sec (of wall-clock time) 0.016863 sec (of CPU time)
Log-likelihood of RapidNJ tree: -10154.530
--------------------------------------------------------------------
|             INITIALIZING CANDIDATE TREE SET                      |
--------------------------------------------------------------------
Generating 98 parsimony trees... 0.134 second
Computing log-likelihood of 98 initial trees ... 0.828 seconds
Current best score: -10042.007

Do NNI search on 20 best initial trees
Optimizing NNI: done in 0.0459775 secs using 282.6% CPU
Estimate model parameters (epsilon = 0.100)
BETTER TREE FOUND at iteration 1: -10041.572
Optimizing NNI: done in 0.164623 secs using 289.5% CPU
Estimate model parameters (epsilon = 0.100)
BETTER TREE FOUND at iteration 2: -10026.098
Optimizing NNI: done in 0.812676 secs using 295.4% CPU
Optimizing NNI: done in 0.972951 secs using 295.3% CPU
Optimizing NNI: done in 0.888388 secs using 298.1% CPU
Optimizing NNI: done in 0.936324 secs using 297.4% CPU
Optimizing NNI: done in 0.931871 secs using 296.6% CPU
Estimate model parameters (epsilon = 0.100)
BETTER TREE FOUND at iteration 7: -10014.956
Optimizing NNI: done in 0.811648 secs using 296.6% CPU
Optimizing NNI: done in 0.905659 secs using 294.3% CPU
Optimizing NNI: done in 0.945288 secs using 294.2% CPU
Iteration 10 / LogL: -10197.271 / Time: 0h:3m:42s
Optimizing NNI: done in 0.974122 secs using 295% CPU
Optimizing NNI: done in 0.97143 secs using 293.5% CPU
Optimizing NNI: done in 0.842741 secs using 296% CPU
Optimizing NNI: done in 0.968545 secs using 294.9% CPU
Optimizing NNI: done in 0.80574 secs using 296.1% CPU
Optimizing NNI: done in 0.912181 secs using 293.4% CPU
Optimizing NNI: done in 0.901446 secs using 295.2% CPU
Optimizing NNI: done in 0.948045 secs using 294.1% CPU
Optimizing NNI: done in 0.859315 secs using 296.9% CPU
Optimizing NNI: done in 1.01016 secs using 294.4% CPU
Iteration 20 / LogL: -10029.837 / Time: 0h:3m:51s
Finish initializing candidate tree set (20)
Current best tree score: -10014.956 / CPU time: 18.006
Number of iterations: 20
--------------------------------------------------------------------
|               OPTIMIZING CANDIDATE TREE SET                      |
--------------------------------------------------------------------
Optimizing NNI: done in 0.12628 secs using 296.4% CPU
Optimizing NNI: done in 0.146689 secs using 279.6% CPU
Optimizing NNI: done in 0.145563 secs using 290.6% CPU
Optimizing NNI: done in 0.135723 secs using 289.7% CPU
Estimate model parameters (epsilon = 0.100)
BETTER TREE FOUND at iteration 24: -10013.222
Optimizing NNI: done in 0.180923 secs using 292.1% CPU
Optimizing NNI: done in 0.13836 secs using 296.6% CPU
Optimizing NNI: done in 0.138888 secs using 292.5% CPU
Optimizing NNI: done in 0.13938 secs using 295.7% CPU
Optimizing NNI: done in 0.120934 secs using 298.5% CPU
Optimizing NNI: done in 0.106155 secs using 287.2% CPU
Iteration 30 / LogL: -10013.248 / Time: 0h:3m:53s (0h:12m:36s left)
Optimizing NNI: done in 0.116696 secs using 291.9% CPU
Optimizing NNI: done in 0.111873 secs using 292.4% CPU
Optimizing NNI: done in 0.130374 secs using 286.1% CPU
Optimizing NNI: done in 0.148697 secs using 291.7% CPU
Optimizing NNI: done in 0.122313 secs using 295.2% CPU
Optimizing NNI: done in 0.166175 secs using 295.7% CPU
Optimizing NNI: done in 0.107259 secs using 290% CPU
Optimizing NNI: done in 0.121914 secs using 286.9% CPU
Optimizing NNI: done in 0.101481 secs using 292.5% CPU
Optimizing NNI: done in 0.133602 secs using 291.3% CPU
Iteration 40 / LogL: -10038.507 / Time: 0h:3m:54s (0h:8m:25s left)
Optimizing NNI: done in 0.123417 secs using 297.7% CPU
Optimizing NNI: done in 0.120395 secs using 289.8% CPU
Optimizing NNI: done in 0.125352 secs using 293.6% CPU
Optimizing NNI: done in 0.111787 secs using 290.1% CPU
Optimizing NNI: done in 0.134365 secs using 296.4% CPU
Optimizing NNI: done in 0.157514 secs using 294.4% CPU
Optimizing NNI: done in 0.140493 secs using 298.3% CPU
Optimizing NNI: done in 0.165632 secs using 295.6% CPU
Optimizing NNI: done in 0.13334 secs using 289% CPU
Optimizing NNI: done in 0.125167 secs using 293.1% CPU
Iteration 50 / LogL: -10013.862 / Time: 0h:3m:56s (0h:5m:56s left)
Log-likelihood cutoff on original alignment: -10074.284
Optimizing NNI: done in 0.121931 secs using 295% CPU
Optimizing NNI: done in 0.132269 secs using 286.7% CPU
Optimizing NNI: done in 0.108162 secs using 288.2% CPU
Optimizing NNI: done in 0.169143 secs using 293.9% CPU
Optimizing NNI: done in 0.126831 secs using 291.8% CPU
Optimizing NNI: done in 0.119669 secs using 290.1% CPU
Optimizing NNI: done in 0.120704 secs using 290.1% CPU
Optimizing NNI: done in 0.117612 secs using 285% CPU
Optimizing NNI: done in 0.162048 secs using 297.3% CPU
Optimizing NNI: done in 0.126877 secs using 289.2% CPU
Iteration 60 / LogL: -10094.918 / Time: 0h:3m:57s (0h:4m:17s left)
Optimizing NNI: done in 0.165664 secs using 291.8% CPU
Optimizing NNI: done in 0.153674 secs using 295% CPU
Estimate model parameters (epsilon = 0.100)
UPDATE BEST LOG-LIKELIHOOD: -10013.094
Optimizing NNI: done in 0.13383 secs using 290.4% CPU
Optimizing NNI: done in 0.154121 secs using 292.1% CPU
Optimizing NNI: done in 0.119301 secs using 292.1% CPU
Optimizing NNI: done in 0.124793 secs using 295.2% CPU
Optimizing NNI: done in 0.114535 secs using 284.9% CPU
Optimizing NNI: done in 0.127184 secs using 298.1% CPU
Optimizing NNI: done in 0.141978 secs using 293.5% CPU
Optimizing NNI: done in 0.130459 secs using 290.4% CPU
Iteration 70 / LogL: -10014.393 / Time: 0h:3m:59s (0h:3m:7s left)
Optimizing NNI: done in 0.15133 secs using 285% CPU
Optimizing NNI: done in 0.138836 secs using 292.6% CPU
Optimizing NNI: done in 0.121355 secs using 293.4% CPU
Optimizing NNI: done in 0.151402 secs using 280.4% CPU
Optimizing NNI: done in 0.14328 secs using 291.5% CPU
UPDATE BEST LOG-LIKELIHOOD: -10013.092
Optimizing NNI: done in 0.142762 secs using 299.1% CPU
Optimizing NNI: done in 0.127506 secs using 297.7% CPU
Optimizing NNI: done in 0.112663 secs using 297.7% CPU
Optimizing NNI: done in 0.107458 secs using 292.5% CPU
Optimizing NNI: done in 0.135968 secs using 292.1% CPU
Iteration 80 / LogL: -10013.190 / Time: 0h:4m:0s (0h:2m:13s left)
Optimizing NNI: done in 0.15387 secs using 291.4% CPU
Optimizing NNI: done in 0.0981303 secs using 296.3% CPU
Optimizing NNI: done in 0.131128 secs using 294% CPU
Optimizing NNI: done in 0.120459 secs using 297.1% CPU
Optimizing NNI: done in 0.116608 secs using 294.3% CPU
Optimizing NNI: done in 0.102435 secs using 282.1% CPU
Optimizing NNI: done in 0.12581 secs using 290.1% CPU
Optimizing NNI: done in 0.133421 secs using 288.9% CPU
Optimizing NNI: done in 0.13192 secs using 299.3% CPU
Optimizing NNI: done in 0.101553 secs using 296.9% CPU
Iteration 90 / LogL: -10024.418 / Time: 0h:4m:1s (0h:1m:32s left)
Optimizing NNI: done in 0.131262 secs using 299.6% CPU
Optimizing NNI: done in 0.103805 secs using 292.8% CPU
Optimizing NNI: done in 0.149619 secs using 296.8% CPU
Optimizing NNI: done in 0.166065 secs using 297.5% CPU
Optimizing NNI: done in 0.127321 secs using 299.2% CPU
Optimizing NNI: done in 0.111201 secs using 287.1% CPU
Optimizing NNI: done in 0.148092 secs using 291.3% CPU
Optimizing NNI: done in 0.126629 secs using 295.5% CPU
Optimizing NNI: done in 0.102752 secs using 286.1% CPU
Optimizing NNI: done in 0.115485 secs using 290.2% CPU
Iteration 100 / LogL: -10013.292 / Time: 0h:4m:3s (0h:0m:58s left)
Log-likelihood cutoff on original alignment: -10074.284
NOTE: Bootstrap correlation coefficient of split occurrence frequencies: 0.998
Optimizing NNI: done in 0.141931 secs using 285.2% CPU
Optimizing NNI: done in 0.121428 secs using 293.3% CPU
Optimizing NNI: done in 0.12385 secs using 293% CPU
Optimizing NNI: done in 0.118994 secs using 293.8% CPU
Optimizing NNI: done in 0.123893 secs using 297% CPU
Optimizing NNI: done in 0.119436 secs using 290.6% CPU
Optimizing NNI: done in 0.099772 secs using 300.4% CPU
Optimizing NNI: done in 0.122496 secs using 289% CPU
Optimizing NNI: done in 0.13235 secs using 298.1% CPU
Optimizing NNI: done in 0.142335 secs using 291.1% CPU
Iteration 110 / LogL: -10020.120 / Time: 0h:4m:4s (0h:3m:22s left)
Optimizing NNI: done in 0.124355 secs using 292.8% CPU
Optimizing NNI: done in 0.139068 secs using 294.4% CPU
Optimizing NNI: done in 0.132785 secs using 289.8% CPU
Optimizing NNI: done in 0.139706 secs using 290.3% CPU
Optimizing NNI: done in 0.142269 secs using 295.3% CPU
Optimizing NNI: done in 0.138914 secs using 299.3% CPU
Optimizing NNI: done in 0.138838 secs using 291.8% CPU
Optimizing NNI: done in 0.0825261 secs using 283.9% CPU
Optimizing NNI: done in 0.13619 secs using 292.8% CPU
Optimizing NNI: done in 0.107566 secs using 287.4% CPU
Iteration 120 / LogL: -10013.341 / Time: 0h:4m:6s (0h:2m:45s left)
Optimizing NNI: done in 0.124127 secs using 288.3% CPU
Optimizing NNI: done in 0.123314 secs using 294.6% CPU
Optimizing NNI: done in 0.129762 secs using 290.1% CPU
Estimate model parameters (epsilon = 0.100)
UPDATE BEST LOG-LIKELIHOOD: -10013.073
Optimizing NNI: done in 0.111948 secs using 296.3% CPU
Optimizing NNI: done in 0.145696 secs using 283.8% CPU
TREE SEARCH COMPLETED AFTER 125 ITERATIONS / Time: 0h:4m:6s

--------------------------------------------------------------------
|                    FINALIZING TREE SEARCH                        |
--------------------------------------------------------------------
Performs final model parameters optimization
Estimate model parameters (epsilon = 0.010)
1. Initial log-likelihood: -10013.073
Optimal log-likelihood: -10013.071
Rate parameters:  A-C: 1.01074  A-G: 3.96155  A-T: 2.97084  C-G: 0.71661  C-T: 5.87909  G-T: 1.00000
Base frequencies:  A: 0.250  C: 0.250  G: 0.250  T: 0.250
Site proportion and rates:  (0.586,0.097) (0.000,0.177) (0.194,1.327) (0.220,3.116)
Parameters optimization took 1 rounds (0.015 sec)
BEST SCORE FOUND : -10013.071
Creating bootstrap support values...
Split supports printed to NEXUS file all_AOA_genes_mafft_trimal.fa.splits.nex
Total tree length: 15.262

Total number of iterations: 125
CPU time used for tree search: 94.854 sec (0h:1m:34s)
Wall-clock time used for tree search: 32.817 sec (0h:0m:32s)
Total CPU time used: 575.550 sec (0h:9m:35s)
Total wall-clock time used: 246.942 sec (0h:4m:6s)

Computing bootstrap consensus tree...
Reading input file all_AOA_genes_mafft_trimal.fa.splits.nex...
58 taxa and 333 splits.
Consensus tree written to all_AOA_genes_mafft_trimal.fa.contree
Reading input trees file all_AOA_genes_mafft_trimal.fa.contree
Log-likelihood of consensus tree: -10013.980

Analysis results written to: 
  IQ-TREE report:                all_AOA_genes_mafft_trimal.fa.iqtree
  Maximum-likelihood tree:       all_AOA_genes_mafft_trimal.fa.treefile
  Likelihood distances:          all_AOA_genes_mafft_trimal.fa.mldist

Ultrafast bootstrap approximation results written to:
  Split support values:          all_AOA_genes_mafft_trimal.fa.splits.nex
  Consensus tree:                all_AOA_genes_mafft_trimal.fa.contree
  Screen log file:               all_AOA_genes_mafft_trimal.fa.log

Date and Time: Fri Apr 29 21:35:02 2022
