[23:46:14] This is prokka 1.14.6
[23:46:14] Written by Torsten Seemann <torsten.seemann@gmail.com>
[23:46:14] Homepage is https://github.com/tseemann/prokka
[23:46:14] Local time is Sun Oct 31 23:46:14 2021
[23:46:14] You are ylifc
[23:46:14] Operating system is linux
[23:46:14] You have BioPerl 1.007002
[23:46:14] System has 64 cores.
[23:46:14] Will use maximum of 64 cores.
[23:46:14] Annotating as >>> Bacteria <<<
[23:46:14] Generating locus_tag from 'Nitrosopumilus_sp_Nsub.fa' contents.
[23:46:14] Setting --locustag CDEEIBNJ from MD5 cdee2b731d301bb61c1f61a4eacc936b
[23:46:14] Enabling options to ensure Genbank/ENA/DDJB submission compliance.
[23:46:14] Creating new output folder: Nitrosopumilus_sp_Nsub.fa_prokka
[23:46:14] Running: mkdir -p Nitrosopumilus_sp_Nsub\.fa_prokka
[23:46:14] Using filename prefix: PROKKA_10312021.XXX
[23:46:14] Setting HMMER_NCPU=1
[23:46:14] Writing log to: Nitrosopumilus_sp_Nsub.fa_prokka/PROKKA_10312021.log
[23:46:14] Command: /home/ylifc/miniconda2/envs/prokka/bin/prokka --cpus 0 --compliant --rfam Nitrosopumilus_sp_Nsub.fa --outdir Nitrosopumilus_sp_Nsub.fa_prokka
[23:46:14] Appending to PATH: /home/ylifc/miniconda2/envs/prokka/bin
[23:46:14] Looking for 'aragorn' - found /home/ylifc/miniconda2/envs/prokka/bin/aragorn
[23:46:14] Determined aragorn version is 001002 from 'ARAGORN v1.2.38 Dean Laslett'
[23:46:14] Looking for 'barrnap' - found /home/ylifc/miniconda2/envs/prokka/bin/barrnap
[23:46:14] Determined barrnap version is 000009 from 'barrnap 0.9'
[23:46:14] Looking for 'blastp' - found /home/ylifc/miniconda2/envs/prokka/bin/blastp
[23:46:16] Determined blastp version is 002012 from 'blastp: 2.12.0+'
[23:46:16] Looking for 'cmpress' - found /home/ylifc/miniconda2/envs/prokka/bin/cmpress
[23:46:16] Determined cmpress version is 001001 from '# INFERNAL 1.1.4 (Dec 2020)'
[23:46:16] Looking for 'cmscan' - found /home/ylifc/miniconda2/envs/prokka/bin/cmscan
[23:46:16] Determined cmscan version is 001001 from '# INFERNAL 1.1.4 (Dec 2020)'
[23:46:16] Looking for 'egrep' - found /bin/egrep
[23:46:16] Looking for 'find' - found /usr/bin/find
[23:46:16] Looking for 'grep' - found /bin/grep
[23:46:16] Looking for 'hmmpress' - found /home/ylifc/miniconda2/envs/prokka/bin/hmmpress
[23:46:16] Determined hmmpress version is 003003 from '# HMMER 3.3.2 (Nov 2020); http://hmmer.org/'
[23:46:16] Looking for 'hmmscan' - found /home/ylifc/miniconda2/envs/prokka/bin/hmmscan
[23:46:16] Determined hmmscan version is 003003 from '# HMMER 3.3.2 (Nov 2020); http://hmmer.org/'
[23:46:16] Looking for 'java' - found /home/ylifc/miniconda2/envs/prokka/bin/java
[23:46:16] Looking for 'makeblastdb' - found /home/ylifc/miniconda2/envs/prokka/bin/makeblastdb
[23:46:17] Determined makeblastdb version is 002012 from 'makeblastdb: 2.12.0+'
[23:46:17] Looking for 'minced' - found /home/ylifc/miniconda2/envs/prokka/bin/minced
[23:46:18] Determined minced version is 004002 from 'minced 0.4.2'
[23:46:18] Looking for 'parallel' - found /home/ylifc/miniconda2/envs/prokka/bin/parallel
[23:46:18] Determined parallel version is 20211022 from 'GNU parallel 20211022'
[23:46:18] Looking for 'prodigal' - found /home/ylifc/miniconda2/envs/prokka/bin/prodigal
[23:46:18] Determined prodigal version is 002006 from 'Prodigal V2.6.3: February, 2016'
[23:46:18] Looking for 'prokka-genbank_to_fasta_db' - found /home/ylifc/miniconda2/envs/prokka/bin/prokka-genbank_to_fasta_db
[23:46:18] Looking for 'sed' - found /bin/sed
[23:46:18] Looking for 'tbl2asn' - found /home/ylifc/miniconda2/envs/prokka/bin/tbl2asn
[23:46:18] Determined tbl2asn version is 025007 from 'tbl2asn 25.7   arguments:'
[23:46:18] Using genetic code table 11.
[23:46:18] Loading and checking input file: Nitrosopumilus_sp_Nsub.fa
[23:46:18] Wrote 26 contigs totalling 1383621 bp.
[23:46:18] Predicting tRNAs and tmRNAs
[23:46:18] Running: aragorn -l -gc11  -w Nitrosopumilus_sp_Nsub\.fa_prokka\/PROKKA_10312021\.fna
[23:46:19] 1 tRNA-Ser c[26825,26908] 34 (cga)
[23:46:19] 1 tRNA-Ser c[2184,2269] 36 (tga)
[23:46:19] 1 tRNA-Pro c[28729,28802] 35 (ggg)
[23:46:19] 2 tRNA-Gly c[102497,102570] 35 (ccc)
[23:46:19] 3 tRNA-Gln c[119457,119530] 35 (ttg)
[23:46:19] 4 tRNA-Leu [126270,126356] 38 (cag)
[23:46:19] 1 tRNA-Arg c[22277,22351] 36 (gcg)
[23:46:19] 1 tRNA-Glu [8153,8227] 37 (ctc)
[23:46:19] 1 tRNA-Pro [3513,3589] 35 (tgg)
[23:46:19] 1 tRNA-Arg [29664,29739] 36 (tct)
[23:46:19] 1 tRNA-Val [21810,21905] 37 (cac)
[23:46:19] 2 tRNA-Thr [29547,29620] 35 (tgt)
[23:46:19] 3 tRNA-Ser c[123728,123814] 35 (gct)
[23:46:19] 4 tRNA-Cys [163949,164020] 33 (gca)
[23:46:19] 5 tRNA-Thr c[168244,168317] 35 (cgt)
[23:46:19] 6 tRNA-Trp [182428,182502] 35 (cca)
[23:46:19] 7 tRNA-Ala c[195364,195438] 35 (tgc)
[23:46:19] 8 tRNA-Ile [196157,196232] 36 (gat)
[23:46:19] 9 tRNA-Thr [197849,197922] 35 (ggt)
[23:46:19] 1 tRNA-Met c[37762,37836] 36 (cat)
[23:46:19] 1 tRNA-Gly [16711,16787] 36 (gcc)
[23:46:19] 2 tRNA-Gln c[76011,76099] 28 (ctg)
[23:46:19] 3 tRNA-Leu c[110478,110563] 37 (gag)
[23:46:19] 4 tRNA-His c[121285,121357] 34 (gtg)
[23:46:19] 5 tRNA-Met c[135867,135940] 35 (cat)
[23:46:19] 6 tRNA-Glu [136696,136774] 37 (ttc)
[23:46:19] 7 tRNA-Asp c[158825,158902] 37 (gtc)
[23:46:19] 8 tRNA-Lys [158998,159073] 35 (ttt)
[23:46:19] 9 tRNA-Ala c[167511,167585] 35 (ggc)
[23:46:19] 1 tRNA-Val c[47555,47629] 36 (gac)
[23:46:19] 1 tRNA-Asn c[10860,10934] 35 (gtt)
[23:46:19] 2 tRNA-Phe c[73320,73394] 35 (gaa)
[23:46:19] 1 tRNA-Leu [6052,6139] 37 (tag)
[23:46:19] 2 tRNA-Ala [11574,11645] 33 (cgc)
[23:46:19] 3 tRNA-Val c[21584,21660] 37 (tac)
[23:46:19] 4 tRNA-Lys c[26412,26486] 35 (ctt)
[23:46:19] 5 tRNA-Arg [34697,34771] 36 (tcg)
[23:46:19] 6 tRNA-Gly c[56897,56970] 36 (tcc)
[23:46:19] Found 38 tRNAs
[23:46:19] Predicting Ribosomal RNAs
[23:46:19] Running Barrnap with 64 threads
[23:46:22] 1 gnl|Prokka|CDEEIBNJ_19 129253 5S ribosomal RNA
[23:46:22] 2 gnl|Prokka|CDEEIBNJ_26 2677 23S ribosomal RNA
[23:46:23] 3 gnl|Prokka|CDEEIBNJ_26 5809 16S ribosomal RNA
[23:46:23] Found 3 rRNAs
[23:46:23] Scanning for ncRNAs... please be patient.
[23:46:23] Running: cmscan -Z 2.767242 --cut_ga --rfam --nohmmonly --fmt 2 --cpu 64 --tblout /dev/stdout -o /dev/null --noali /home/ylifc/miniconda2/envs/prokka/db/cm/Bacteria Nitrosopumilus_sp_Nsub\.fa_prokka\/PROKKA_10312021\.fna
[23:51:44] 1 ncRNA 1 gnl|Prokka|CDEEIBNJ_8 1..318
[23:51:44] 2 ncRNA 1 gnl|Prokka|CDEEIBNJ_11 1..303
[23:51:45] Found 2 ncRNAs.
[23:51:45] Total of 41 tRNA + rRNA features
[23:51:45] Searching for CRISPR repeats
[23:51:46] Found 0 CRISPRs
[23:51:46] Predicting coding sequences
[23:51:46] Contigs total 1383621 bp, so using single mode
[23:51:46] Running: prodigal -i Nitrosopumilus_sp_Nsub\.fa_prokka\/PROKKA_10312021\.fna -c -m -g 11 -p single -f sco -q
[23:51:50] Found 1718 CDS
[23:51:50] Connecting features back to sequences
[23:51:50] Not using genus-specific database. Try --usegenus to enable it.
[23:51:50] Annotating CDS, please be patient.
[23:51:50] Will use 64 CPUs for similarity searching.
[23:51:51] There are still 1718 unannotated CDS left (started with 1718)
[23:51:51] Will use blast to search against /home/ylifc/miniconda2/envs/prokka/db/kingdom/Bacteria/IS with 64 CPUs
[23:51:51] Running: cat Nitrosopumilus_sp_Nsub\.fa_prokka\/PROKKA_10312021\.IS\.tmp\.63170\.faa | parallel --gnu --plain -j 64 --block 3241 --recstart '>' --pipe blastp -query - -db /home/ylifc/miniconda2/envs/prokka/db/kingdom/Bacteria/IS -evalue 1e-30 -qcov_hsp_perc 90 -num_threads 1 -num_descriptions 1 -num_alignments 1 -seg no > Nitrosopumilus_sp_Nsub\.fa_prokka\/PROKKA_10312021\.IS\.tmp\.63170\.blast 2> /dev/null
[23:52:32] Deleting unwanted file: Nitrosopumilus_sp_Nsub.fa_prokka/PROKKA_10312021.IS.tmp.63170.faa
[23:52:32] Deleting unwanted file: Nitrosopumilus_sp_Nsub.fa_prokka/PROKKA_10312021.IS.tmp.63170.blast
[23:52:33] There are still 1718 unannotated CDS left (started with 1718)
[23:52:33] Will use blast to search against /home/ylifc/miniconda2/envs/prokka/db/kingdom/Bacteria/AMR with 64 CPUs
[23:52:33] Running: cat Nitrosopumilus_sp_Nsub\.fa_prokka\/PROKKA_10312021\.AMR\.tmp\.63170\.faa | parallel --gnu --plain -j 64 --block 3241 --recstart '>' --pipe blastp -query - -db /home/ylifc/miniconda2/envs/prokka/db/kingdom/Bacteria/AMR -evalue 9.99999999999999e-301 -qcov_hsp_perc 90 -num_threads 1 -num_descriptions 1 -num_alignments 1 -seg no > Nitrosopumilus_sp_Nsub\.fa_prokka\/PROKKA_10312021\.AMR\.tmp\.63170\.blast 2> /dev/null
[23:53:10] Deleting unwanted file: Nitrosopumilus_sp_Nsub.fa_prokka/PROKKA_10312021.AMR.tmp.63170.faa
[23:53:10] Deleting unwanted file: Nitrosopumilus_sp_Nsub.fa_prokka/PROKKA_10312021.AMR.tmp.63170.blast
[23:53:11] There are still 1718 unannotated CDS left (started with 1718)
[23:53:11] Will use blast to search against /home/ylifc/miniconda2/envs/prokka/db/kingdom/Bacteria/sprot with 64 CPUs
[23:53:11] Running: cat Nitrosopumilus_sp_Nsub\.fa_prokka\/PROKKA_10312021\.sprot\.tmp\.63170\.faa | parallel --gnu --plain -j 64 --block 3241 --recstart '>' --pipe blastp -query - -db /home/ylifc/miniconda2/envs/prokka/db/kingdom/Bacteria/sprot -evalue 1e-09 -qcov_hsp_perc 80 -num_threads 1 -num_descriptions 1 -num_alignments 1 -seg no > Nitrosopumilus_sp_Nsub\.fa_prokka\/PROKKA_10312021\.sprot\.tmp\.63170\.blast 2> /dev/null
[23:55:11] Modify product: Uncharacterized oxidoreductase SA2266 => putative oxidoreductase
[23:55:11] Modify product: Ribonuclease TTHA0252 => Ribonuclease
[23:55:11] Modify product: NADH dehydrogenase-like protein SAOUHSC_00878 => NADH dehydrogenase-like protein
[23:55:11] Modify product: Uncharacterized protein YedJ => putative protein YedJ
[23:55:11] Modify product: Probable nicotinate-nucleotide pyrophosphorylase [carboxylating] => putative nicotinate-nucleotide pyrophosphorylase [carboxylating]
[23:55:11] Modify product: UPF0353 protein Rv1481 => hypothetical protein
[23:55:12] Modify product: Bifunctional protein FolD => Bifunctional protein FolD protein
[23:55:12] Modify product: Uncharacterized protein YqgN => putative protein YqgN
[23:55:12] Modify product: UPF0098 protein CT_736 => hypothetical protein
[23:55:12] Modify product: Uncharacterized protein MSMEG_2782/MSMEI_2713 => putative protein/MSMEI_2713
[23:55:12] Modify product: Probable bacterial non-heme ferritin => putative bacterial non-heme ferritin
[23:55:12] Modify product: UPF0060 membrane protein YnfA => hypothetical protein
[23:55:12] Modify product: UPF0060 membrane protein YnfA => hypothetical protein
[23:55:12] Modify product: Probable adenylyl-sulfate kinase => putative adenylyl-sulfate kinase
[23:55:12] Modify product: Probable cysteine desulfurase => putative cysteine desulfurase
[23:55:12] Modify product: UPF0051 protein SA0778 => hypothetical protein
[23:55:12] Modify product: UPF0051 protein SA0778 => hypothetical protein
[23:55:12] Modify product: Putative peroxiredoxin Rv2521 => Putative peroxiredoxin
[23:55:13] Modify product: Probable dual-specificity RNA methyltransferase RlmN => putative dual-specificity RNA methyltransferase RlmN
[23:55:13] Modify product: Dihydroorotate dehydrogenase B (NAD(+)), electron transfer subunit homolog => Dihydroorotate dehydrogenase B (NAD(+)), electron transfer subunit 
[23:55:13] Modify product: Probable UbiX-like flavin prenyltransferase => putative UbiX-like flavin prenyltransferase
[23:55:13] Modify product: Uncharacterized protein HI_1163 => putative protein
[23:55:13] Modify product: Probable GTPase Rv1496 => putative GTPase
[23:55:13] Modify product: Uncharacterized protein YisK => putative protein YisK
[23:55:13] Modify product: Probable polyketide biosynthesis zinc-dependent hydrolase PksB => putative polyketide biosynthesis zinc-dependent hydrolase PksB
[23:55:13] Modify product: UPF0126 inner membrane protein YicG => hypothetical protein
[23:55:13] Modify product: Uncharacterized protein YccU => putative protein YccU
[23:55:13] Modify product: Probable dipeptidase PepE => putative dipeptidase PepE
[23:55:13] Modify product: UPF0053 protein HI_0107 => hypothetical protein
[23:55:13] Modify product: Putative coenzyme F420-dependent oxidoreductase Rv3520c => Putative coenzyme F420-dependent oxidoreductase
[23:55:13] Modify product: Probable oxidoreductase CT_610 => putative oxidoreductase CT_610
[23:55:14] Modify product: Sulfurtransferase Alvin_2599 => Sulfurtransferase
[23:55:14] Modify product: Probable membrane transporter protein YfcA => putative membrane transporter protein YfcA
[23:55:14] Cleaned 33 /product names
[23:55:14] Deleting unwanted file: Nitrosopumilus_sp_Nsub.fa_prokka/PROKKA_10312021.sprot.tmp.63170.faa
[23:55:14] Deleting unwanted file: Nitrosopumilus_sp_Nsub.fa_prokka/PROKKA_10312021.sprot.tmp.63170.blast
[23:55:15] There are still 1287 unannotated CDS left (started with 1718)
[23:55:15] Will use hmmer3 to search against /home/ylifc/miniconda2/envs/prokka/db/hmm/HAMAP.hmm with 64 CPUs
[23:55:15] Running: cat Nitrosopumilus_sp_Nsub\.fa_prokka\/PROKKA_10312021\.HAMAP\.hmm\.tmp\.63170\.faa | parallel --gnu --plain -j 64 --block 2113 --recstart '>' --pipe hmmscan --noali --notextw --acc -E 1e-09 --cpu 1 /home/ylifc/miniconda2/envs/prokka/db/hmm/HAMAP.hmm /dev/stdin > Nitrosopumilus_sp_Nsub\.fa_prokka\/PROKKA_10312021\.HAMAP\.hmm\.tmp\.63170\.hmmer3 2> /dev/null
[23:56:55] Modify product: Uncharacterized Nudix hydrolase NudL => putative Nudix hydrolase NudL
[23:56:55] Modify product: Uncharacterized MFS-type transporter YcaD => putative MFS-type transporter YcaD
[23:56:55] Cleaned 2 /product names
[23:56:55] Deleting unwanted file: Nitrosopumilus_sp_Nsub.fa_prokka/PROKKA_10312021.HAMAP.hmm.tmp.63170.faa
[23:56:55] Deleting unwanted file: Nitrosopumilus_sp_Nsub.fa_prokka/PROKKA_10312021.HAMAP.hmm.tmp.63170.hmmer3
[23:56:55] Labelling remaining 1137 proteins as 'hypothetical protein'
[23:56:55] Possible /pseudo 'Ferredoxin-type protein NapF' at gnl|Prokka|CDEEIBNJ_7 position 2983
[23:56:55] Possible /pseudo 'FO synthase' at gnl|Prokka|CDEEIBNJ_9 position 4991
[23:56:55] Possible /pseudo 'Chromosome partition protein Smc' at gnl|Prokka|CDEEIBNJ_11 position 33974
[23:56:55] Possible /pseudo 'Sensor histidine kinase RcsC' at gnl|Prokka|CDEEIBNJ_13 position 1583
[23:56:55] Possible /pseudo 'Methionine synthase' at gnl|Prokka|CDEEIBNJ_17 position 84355
[23:56:55] Possible /pseudo 'Ribonuclease PH' at gnl|Prokka|CDEEIBNJ_19 position 28288
[23:56:55] Possible /pseudo 'NAD(P)H-quinone oxidoreductase subunit 2, chloroplastic' at gnl|Prokka|CDEEIBNJ_19 position 139154
[23:56:55] Found 470 unique /gene codes.
[23:56:55] Fixed 2 duplicate /gene - fbiC_1 fbiC_2
[23:56:55] Fixed 2 duplicate /gene - mdh_1 mdh_2
[23:56:55] Fixed 2 duplicate /gene - metG_1 metG_2
[23:56:55] Fixed 2 duplicate /gene - recA_1 recA_2
[23:56:55] Fixed 2 duplicate /gene - ndhI_1 ndhI_2
[23:56:55] Fixed 2 duplicate /gene - glnA_1 glnA_2
[23:56:55] Fixed 2 duplicate /gene - hisC_1 hisC_2
[23:56:55] Fixed 3 duplicate /gene - cugP_1 cugP_2 cugP_3
[23:56:55] Fixed 2 duplicate /gene - prcB_1 prcB_2
[23:56:55] Fixed 2 duplicate /gene - arnC_1 arnC_2
[23:56:55] Fixed 2 duplicate /gene - prcA_1 prcA_2
[23:56:55] Fixed 2 duplicate /gene - metH_1 metH_2
[23:56:55] Fixed 2 duplicate /gene - aspS2_1 aspS2_2
[23:56:55] Fixed 2 duplicate /gene - fadA_1 fadA_2
[23:56:55] Fixed 2 duplicate /gene - hrp1_1 hrp1_2
[23:56:55] Fixed 2 duplicate /gene - guaA_1 guaA_2
[23:56:55] Fixed 2 duplicate /gene - cobD_1 cobD_2
[23:56:55] Fixed 2 duplicate /gene - lnrL_1 lnrL_2
[23:56:55] Fixed 2 duplicate /gene - lysX_1 lysX_2
[23:56:55] Fixed 2 duplicate /gene - nadK_1 nadK_2
[23:56:55] Fixed 4 duplicate /gene - thrB_1 thrB_2 thrB_3 thrB_4
[23:56:55] Fixed 2 duplicate /gene - nnr_1 nnr_2
[23:56:55] Fixed 2 duplicate /gene - hicd_1 hicd_2
[23:56:55] Fixed 2 duplicate /gene - thi4_1 thi4_2
[23:56:55] Fixed 3 duplicate /gene - bcp_1 bcp_2 bcp_3
[23:56:55] Fixed 3 duplicate /gene - ftsH_1 ftsH_2 ftsH_3
[23:56:55] Fixed 2 duplicate /gene - ccr_1 ccr_2
[23:56:55] Fixed 2 duplicate /gene - mntR_1 mntR_2
[23:56:55] Fixed 2 duplicate /gene - ctaB_1 ctaB_2
[23:56:55] Fixed 5 duplicate /gene - IMPDH_1 IMPDH_2 IMPDH_3 IMPDH_4 IMPDH_5
[23:56:55] Fixed 2 duplicate /gene - rph_1 rph_2
[23:56:55] Fixed 2 duplicate /gene - hemL_1 hemL_2
[23:56:55] Fixed 2 duplicate /gene - valS_1 valS_2
[23:56:55] Fixed 2 duplicate /gene - cysQ_1 cysQ_2
[23:56:55] Fixed 4 duplicate /gene - dnaJ_1 dnaJ_2 dnaJ_3 dnaJ_4
[23:56:55] Fixed 2 duplicate /gene - adhT_1 adhT_2
[23:56:55] Fixed 2 duplicate /gene - ilvE_1 ilvE_2
[23:56:55] Fixed 2 duplicate /gene - ndhB_1 ndhB_2
[23:56:55] Fixed 2 duplicate /gene - vgb_1 vgb_2
[23:56:55] Fixed 2 duplicate /gene - glnB_1 glnB_2
[23:56:55] Fixed 2 duplicate /gene - sodA_1 sodA_2
[23:56:55] Fixed 2 duplicate /gene - thiI_1 thiI_2
[23:56:55] Fixed 2 duplicate /gene - napF_1 napF_2
[23:56:55] Fixed 2 duplicate /gene - groL_1 groL_2
[23:56:55] Fixed 3 duplicate /gene - petE_1 petE_2 petE_3
[23:56:55] Fixed 2 duplicate /gene - resA_1 resA_2
[23:56:55] Fixed 5 duplicate /gene - rcsC_1 rcsC_2 rcsC_3 rcsC_4 rcsC_5
[23:56:55] Fixed 2 duplicate /gene - rhdA_1 rhdA_2
[23:56:55] Fixed 4 duplicate /gene - dbpA_1 dbpA_2 dbpA_3 dbpA_4
[23:56:55] Fixed 2 duplicate /gene - fbiB_1 fbiB_2
[23:56:55] Fixed 2 duplicate /gene - lrp_1 lrp_2
[23:56:55] Fixed 4 duplicate /gene - smc_1 smc_2 smc_3 smc_4
[23:56:55] Fixed 2 duplicate /gene - fpr_1 fpr_2
[23:56:55] Fixed 2 duplicate /gene - hemA_1 hemA_2
[23:56:55] Fixed 2 duplicate /gene - acsA_1 acsA_2
[23:56:55] Fixed 2 duplicate /gene - glmM_1 glmM_2
[23:56:55] Fixed 3 duplicate /gene - teaD_1 teaD_2 teaD_3
[23:56:55] Fixed 2 duplicate /gene - atpC_1 atpC_2
[23:56:55] Fixed 58 colliding /gene names.
[23:56:55] Adding /locus_tag identifiers
[23:56:56] Assigned 1761 locus_tags to CDS and RNA features.
[23:56:56] Writing outputs to Nitrosopumilus_sp_Nsub.fa_prokka/
[23:56:59] Generating annotation statistics file
[23:56:59] Generating Genbank and Sequin files
[23:56:59] Running: tbl2asn -V b -a r10k -l paired-ends -M n -N 1 -y 'Annotated using prokka 1.14.6 from https://github.com/tseemann/prokka' -Z Nitrosopumilus_sp_Nsub\.fa_prokka\/PROKKA_10312021\.err -i Nitrosopumilus_sp_Nsub\.fa_prokka\/PROKKA_10312021\.fsa 2> /dev/null
[23:57:10] Deleting unwanted file: Nitrosopumilus_sp_Nsub.fa_prokka/errorsummary.val
[23:57:10] Deleting unwanted file: Nitrosopumilus_sp_Nsub.fa_prokka/PROKKA_10312021.dr
[23:57:10] Deleting unwanted file: Nitrosopumilus_sp_Nsub.fa_prokka/PROKKA_10312021.fixedproducts
[23:57:10] Deleting unwanted file: Nitrosopumilus_sp_Nsub.fa_prokka/PROKKA_10312021.ecn
[23:57:10] Deleting unwanted file: Nitrosopumilus_sp_Nsub.fa_prokka/PROKKA_10312021.val
[23:57:10] Repairing broken .GBK output that tbl2asn produces...
[23:57:10] Running: sed 's/COORDINATES: profile/COORDINATES:profile/' < Nitrosopumilus_sp_Nsub\.fa_prokka\/PROKKA_10312021\.gbf > Nitrosopumilus_sp_Nsub\.fa_prokka\/PROKKA_10312021\.gbk
[23:57:10] Deleting unwanted file: Nitrosopumilus_sp_Nsub.fa_prokka/PROKKA_10312021.gbf
[23:57:10] Output files:
[23:57:10] Nitrosopumilus_sp_Nsub.fa_prokka/PROKKA_10312021.err
[23:57:10] Nitrosopumilus_sp_Nsub.fa_prokka/PROKKA_10312021.faa
[23:57:10] Nitrosopumilus_sp_Nsub.fa_prokka/PROKKA_10312021.ffn
[23:57:10] Nitrosopumilus_sp_Nsub.fa_prokka/PROKKA_10312021.fna
[23:57:10] Nitrosopumilus_sp_Nsub.fa_prokka/PROKKA_10312021.fsa
[23:57:10] Nitrosopumilus_sp_Nsub.fa_prokka/PROKKA_10312021.gbk
[23:57:10] Nitrosopumilus_sp_Nsub.fa_prokka/PROKKA_10312021.gff
[23:57:10] Nitrosopumilus_sp_Nsub.fa_prokka/PROKKA_10312021.log
[23:57:10] Nitrosopumilus_sp_Nsub.fa_prokka/PROKKA_10312021.sqn
[23:57:10] Nitrosopumilus_sp_Nsub.fa_prokka/PROKKA_10312021.tbl
[23:57:10] Nitrosopumilus_sp_Nsub.fa_prokka/PROKKA_10312021.tsv
[23:57:10] Nitrosopumilus_sp_Nsub.fa_prokka/PROKKA_10312021.txt
[23:57:10] Annotation finished successfully.
[23:57:10] Walltime used: 10.93 minutes
[23:57:10] If you use this result please cite the Prokka paper:
[23:57:10] Seemann T (2014) Prokka: rapid prokaryotic genome annotation. Bioinformatics. 30(14):2068-9.
[23:57:10] Type 'prokka --citation' for more details.
[23:57:10] Thank you, come again.
