[19:50:42] This is prokka 1.14.6
[19:50:42] Written by Torsten Seemann <torsten.seemann@gmail.com>
[19:50:42] Homepage is https://github.com/tseemann/prokka
[19:50:42] Local time is Sun Oct 31 19:50:42 2021
[19:50:42] You are ylifc
[19:50:42] Operating system is linux
[19:50:42] You have BioPerl 1.007002
[19:50:42] System has 64 cores.
[19:50:42] Will use maximum of 64 cores.
[19:50:42] Annotating as >>> Bacteria <<<
[19:50:42] Generating locus_tag from 'AAA799-B03.fa' contents.
[19:50:42] Setting --locustag DOMIDHEL from MD5 d862d1e57278610befb2e07c287883cf
[19:50:42] Enabling options to ensure Genbank/ENA/DDJB submission compliance.
[19:50:42] Creating new output folder: AAA799-B03.fa_prokka
[19:50:42] Running: mkdir -p AAA799\-B03\.fa_prokka
[19:50:42] Using filename prefix: PROKKA_10312021.XXX
[19:50:42] Setting HMMER_NCPU=1
[19:50:42] Writing log to: AAA799-B03.fa_prokka/PROKKA_10312021.log
[19:50:42] Command: /home/ylifc/miniconda2/envs/prokka/bin/prokka --cpus 0 --compliant --rfam AAA799-B03.fa --outdir AAA799-B03.fa_prokka
[19:50:42] Appending to PATH: /home/ylifc/miniconda2/envs/prokka/bin
[19:50:42] Looking for 'aragorn' - found /home/ylifc/miniconda2/envs/prokka/bin/aragorn
[19:50:42] Determined aragorn version is 001002 from 'ARAGORN v1.2.38 Dean Laslett'
[19:50:42] Looking for 'barrnap' - found /home/ylifc/miniconda2/envs/prokka/bin/barrnap
[19:50:42] Determined barrnap version is 000009 from 'barrnap 0.9'
[19:50:42] Looking for 'blastp' - found /home/ylifc/miniconda2/envs/prokka/bin/blastp
[19:50:44] Determined blastp version is 002012 from 'blastp: 2.12.0+'
[19:50:44] Looking for 'cmpress' - found /home/ylifc/miniconda2/envs/prokka/bin/cmpress
[19:50:44] Determined cmpress version is 001001 from '# INFERNAL 1.1.4 (Dec 2020)'
[19:50:44] Looking for 'cmscan' - found /home/ylifc/miniconda2/envs/prokka/bin/cmscan
[19:50:44] Determined cmscan version is 001001 from '# INFERNAL 1.1.4 (Dec 2020)'
[19:50:44] Looking for 'egrep' - found /bin/egrep
[19:50:44] Looking for 'find' - found /usr/bin/find
[19:50:44] Looking for 'grep' - found /bin/grep
[19:50:44] Looking for 'hmmpress' - found /home/ylifc/miniconda2/envs/prokka/bin/hmmpress
[19:50:44] Determined hmmpress version is 003003 from '# HMMER 3.3.2 (Nov 2020); http://hmmer.org/'
[19:50:44] Looking for 'hmmscan' - found /home/ylifc/miniconda2/envs/prokka/bin/hmmscan
[19:50:44] Determined hmmscan version is 003003 from '# HMMER 3.3.2 (Nov 2020); http://hmmer.org/'
[19:50:44] Looking for 'java' - found /home/ylifc/miniconda2/envs/prokka/bin/java
[19:50:44] Looking for 'makeblastdb' - found /home/ylifc/miniconda2/envs/prokka/bin/makeblastdb
[19:50:46] Determined makeblastdb version is 002012 from 'makeblastdb: 2.12.0+'
[19:50:46] Looking for 'minced' - found /home/ylifc/miniconda2/envs/prokka/bin/minced
[19:50:46] Determined minced version is 004002 from 'minced 0.4.2'
[19:50:46] Looking for 'parallel' - found /home/ylifc/miniconda2/envs/prokka/bin/parallel
[19:50:46] Determined parallel version is 20211022 from 'GNU parallel 20211022'
[19:50:46] Looking for 'prodigal' - found /home/ylifc/miniconda2/envs/prokka/bin/prodigal
[19:50:46] Determined prodigal version is 002006 from 'Prodigal V2.6.3: February, 2016'
[19:50:46] Looking for 'prokka-genbank_to_fasta_db' - found /home/ylifc/miniconda2/envs/prokka/bin/prokka-genbank_to_fasta_db
[19:50:46] Looking for 'sed' - found /bin/sed
[19:50:46] Looking for 'tbl2asn' - found /home/ylifc/miniconda2/envs/prokka/bin/tbl2asn
[19:50:46] Determined tbl2asn version is 025007 from 'tbl2asn 25.7   arguments:'
[19:50:46] Using genetic code table 11.
[19:50:46] Loading and checking input file: AAA799-B03.fa
[19:50:47] Wrote 101 contigs totalling 1003945 bp.
[19:50:47] Predicting tRNAs and tmRNAs
[19:50:47] Running: aragorn -l -gc11  -w AAA799\-B03\.fa_prokka\/PROKKA_10312021\.fna
[19:50:47] 1 tRNA-Leu c[45967,46053] 38 (cag)
[19:50:47] 2 tRNA-Gln [52729,52802] 35 (ttg)
[19:50:47] 1 tRNA-Arg c[21259,21333] 36 (tcg)
[19:50:47] 2 tRNA-Lys [29525,29599] 35 (ctt)
[19:50:47] 3 tRNA-Val [36612,36688] 37 (tac)
[19:50:47] 1 tRNA-Met c[11521,11594] 35 (cat)
[19:50:47] 2 tRNA-Asp c[34639,34716] 37 (gtc)
[19:50:47] 3 tRNA-Lys [34813,34887] 35 (ttt)
[19:50:47] 1 tRNA-Asn [13769,13845] 35 (gtt)
[19:50:47] 1 tRNA-Gly c[58431,58507] 36 (gcc)
[19:50:47] 1 tRNA-Glu c[87,161] 37 (ctc)
[19:50:47] 1 tRNA-Ala c[13226,13300] 35 (ggc)
[19:50:47] 2 tRNA-Ser c[25026,25111] 36 (tga)
[19:50:47] 3 tRNA-Leu [37082,37169] 37 (tag)
[19:50:47] 1 tRNA-Arg [21347,21423] 36 (gcg)
[19:50:47] 1 tRNA-Ser [11783,11869] 35 (gct)
[19:50:47] 1 tRNA-Leu [6140,6226] 38 (gag)
[19:50:47] 1 tRNA-Ser [7628,7711] 34 (cga)
[19:50:47] 1 tRNA-His c[5187,5259] 34 (gtg)
[19:50:47] 1 tRNA-Phe c[2473,2547] 35 (gaa)
[19:50:47] 1 tRNA-Ala c[3439,3511] 33 (cgc)
[19:50:47] Found 21 tRNAs
[19:50:47] Predicting Ribosomal RNAs
[19:50:47] Running Barrnap with 64 threads
[19:50:50] 1 gnl|Prokka|DOMIDHEL_4 4918 5S ribosomal RNA
[19:50:50] 2 gnl|Prokka|DOMIDHEL_44 761 23S ribosomal RNA
[19:50:50] Found 2 rRNAs
[19:50:50] Scanning for ncRNAs... please be patient.
[19:50:50] Running: cmscan -Z 2.00789 --cut_ga --rfam --nohmmonly --fmt 2 --cpu 64 --tblout /dev/stdout -o /dev/null --noali /home/ylifc/miniconda2/envs/prokka/db/cm/Bacteria AAA799\-B03\.fa_prokka\/PROKKA_10312021\.fna
[19:55:46] 1 ncRNA 1 gnl|Prokka|DOMIDHEL_56 1..303
[19:55:46] 2 ncRNA 1 gnl|Prokka|DOMIDHEL_61 1..318
[19:55:46] Found 2 ncRNAs.
[19:55:46] Total of 23 tRNA + rRNA features
[19:55:46] Searching for CRISPR repeats
[19:55:47] Found 0 CRISPRs
[19:55:47] Predicting coding sequences
[19:55:47] Contigs total 1003945 bp, so using single mode
[19:55:47] Running: prodigal -i AAA799\-B03\.fa_prokka\/PROKKA_10312021\.fna -c -m -g 11 -p single -f sco -q
[19:55:50] Excluding CDS which overlaps existing RNA (tRNA) at gnl|Prokka|DOMIDHEL_16:12687..13226 on + strand
[19:55:50] Excluding CDS which overlaps existing RNA (rRNA) at gnl|Prokka|DOMIDHEL_44:1059..1247 on - strand
[19:55:50] Excluding CDS which overlaps existing RNA (rRNA) at gnl|Prokka|DOMIDHEL_44:1274..1705 on - strand
[19:55:50] Found 1275 CDS
[19:55:50] Connecting features back to sequences
[19:55:50] Not using genus-specific database. Try --usegenus to enable it.
[19:55:50] Annotating CDS, please be patient.
[19:55:50] Will use 64 CPUs for similarity searching.
[19:55:51] There are still 1275 unannotated CDS left (started with 1275)
[19:55:51] Will use blast to search against /home/ylifc/miniconda2/envs/prokka/db/kingdom/Bacteria/IS with 64 CPUs
[19:55:51] Running: cat AAA799\-B03\.fa_prokka\/PROKKA_10312021\.IS\.tmp\.63260\.faa | parallel --gnu --plain -j 64 --block 2313 --recstart '>' --pipe blastp -query - -db /home/ylifc/miniconda2/envs/prokka/db/kingdom/Bacteria/IS -evalue 1e-30 -qcov_hsp_perc 90 -num_threads 1 -num_descriptions 1 -num_alignments 1 -seg no > AAA799\-B03\.fa_prokka\/PROKKA_10312021\.IS\.tmp\.63260\.blast 2> /dev/null
[19:56:33] Deleting unwanted file: AAA799-B03.fa_prokka/PROKKA_10312021.IS.tmp.63260.faa
[19:56:33] Deleting unwanted file: AAA799-B03.fa_prokka/PROKKA_10312021.IS.tmp.63260.blast
[19:56:34] There are still 1274 unannotated CDS left (started with 1275)
[19:56:34] Will use blast to search against /home/ylifc/miniconda2/envs/prokka/db/kingdom/Bacteria/AMR with 64 CPUs
[19:56:34] Running: cat AAA799\-B03\.fa_prokka\/PROKKA_10312021\.AMR\.tmp\.63260\.faa | parallel --gnu --plain -j 64 --block 2311 --recstart '>' --pipe blastp -query - -db /home/ylifc/miniconda2/envs/prokka/db/kingdom/Bacteria/AMR -evalue 9.99999999999999e-301 -qcov_hsp_perc 90 -num_threads 1 -num_descriptions 1 -num_alignments 1 -seg no > AAA799\-B03\.fa_prokka\/PROKKA_10312021\.AMR\.tmp\.63260\.blast 2> /dev/null
[19:57:12] Deleting unwanted file: AAA799-B03.fa_prokka/PROKKA_10312021.AMR.tmp.63260.faa
[19:57:12] Deleting unwanted file: AAA799-B03.fa_prokka/PROKKA_10312021.AMR.tmp.63260.blast
[19:57:13] There are still 1274 unannotated CDS left (started with 1275)
[19:57:13] Will use blast to search against /home/ylifc/miniconda2/envs/prokka/db/kingdom/Bacteria/sprot with 64 CPUs
[19:57:13] Running: cat AAA799\-B03\.fa_prokka\/PROKKA_10312021\.sprot\.tmp\.63260\.faa | parallel --gnu --plain -j 64 --block 2311 --recstart '>' --pipe blastp -query - -db /home/ylifc/miniconda2/envs/prokka/db/kingdom/Bacteria/sprot -evalue 1e-09 -qcov_hsp_perc 80 -num_threads 1 -num_descriptions 1 -num_alignments 1 -seg no > AAA799\-B03\.fa_prokka\/PROKKA_10312021\.sprot\.tmp\.63260\.blast 2> /dev/null
[19:59:08] Modify product: Probable UbiX-like flavin prenyltransferase => putative UbiX-like flavin prenyltransferase
[19:59:08] Modify product: Putative universal stress protein SA1532 => Putative universal stress protein
[19:59:08] Modify product: Probable oxidoreductase CT_610 => putative oxidoreductase CT_610
[19:59:08] Modify product: Putative universal stress protein SA1532 => Putative universal stress protein
[19:59:08] Modify product: Uncharacterized amino acid permease YhdG => putative amino acid permease YhdG
[19:59:08] Modify product: UPF0053 protein HI_0107 => hypothetical protein
[19:59:08] Modify product: UPF0126 inner membrane protein YadS => hypothetical protein
[19:59:09] Modify product: Putative coenzyme F420-dependent oxidoreductase Rv3520c => Putative coenzyme F420-dependent oxidoreductase
[19:59:09] Modify product: Putative universal stress protein SA1532 => Putative universal stress protein
[19:59:09] Modify product: Putative universal stress protein SA1532 => Putative universal stress protein
[19:59:09] Modify product: Uncharacterized protein YccU => putative protein YccU
[19:59:09] Modify product: Uncharacterized protein Rv2715 => putative protein
[19:59:09] Modify product: Uncharacterized protein YedJ => putative protein YedJ
[19:59:09] Modify product: Uncharacterized membrane protein Rv0364 => putative membrane protein
[19:59:09] Modify product: Phosphate-specific transport system accessory protein PhoU homolog => Phosphate-specific transport system accessory protein PhoU 
[19:59:09] Modify product: Probable polyketide biosynthesis zinc-dependent hydrolase PksB => putative polyketide biosynthesis zinc-dependent hydrolase PksB
[19:59:09] Modify product: Uncharacterized protein MSMEG_2782/MSMEI_2713 => putative protein/MSMEI_2713
[19:59:09] Modify product: Probable bacterial non-heme ferritin => putative bacterial non-heme ferritin
[19:59:09] Modify product: Probable dual-specificity RNA methyltransferase RlmN => putative dual-specificity RNA methyltransferase RlmN
[19:59:09] Modify product: Probable cysteine desulfurase => putative cysteine desulfurase
[19:59:09] Modify product: UPF0051 protein SA0778 => hypothetical protein
[19:59:09] Modify product: UPF0051 protein SA0778 => hypothetical protein
[19:59:10] Modify product: Uncharacterized protein YisK => putative protein YisK
[19:59:10] Modify product: Uncharacterized protein HI_1163 => putative protein
[19:59:10] Modify product: Uncharacterized protein YfgD => putative protein YfgD
[19:59:10] Modify product: Putative peroxiredoxin Rv2521 => Putative peroxiredoxin
[19:59:10] Modify product: Probable membrane transporter protein YfcA => putative membrane transporter protein YfcA
[19:59:10] Modify product: Uncharacterized protein Rv1507c => putative protein
[19:59:10] Cleaned 28 /product names
[19:59:10] Deleting unwanted file: AAA799-B03.fa_prokka/PROKKA_10312021.sprot.tmp.63260.faa
[19:59:10] Deleting unwanted file: AAA799-B03.fa_prokka/PROKKA_10312021.sprot.tmp.63260.blast
[19:59:11] There are still 976 unannotated CDS left (started with 1275)
[19:59:11] Will use hmmer3 to search against /home/ylifc/miniconda2/envs/prokka/db/hmm/HAMAP.hmm with 64 CPUs
[19:59:11] Running: cat AAA799\-B03\.fa_prokka\/PROKKA_10312021\.HAMAP\.hmm\.tmp\.63260\.faa | parallel --gnu --plain -j 64 --block 1568 --recstart '>' --pipe hmmscan --noali --notextw --acc -E 1e-09 --cpu 1 /home/ylifc/miniconda2/envs/prokka/db/hmm/HAMAP.hmm /dev/stdin > AAA799\-B03\.fa_prokka\/PROKKA_10312021\.HAMAP\.hmm\.tmp\.63260\.hmmer3 2> /dev/null
[20:00:46] Deleting unwanted file: AAA799-B03.fa_prokka/PROKKA_10312021.HAMAP.hmm.tmp.63260.faa
[20:00:46] Deleting unwanted file: AAA799-B03.fa_prokka/PROKKA_10312021.HAMAP.hmm.tmp.63260.hmmer3
[20:00:46] Labelling remaining 865 proteins as 'hypothetical protein'
[20:00:46] Possible /pseudo 'L-lactate dehydrogenase' at gnl|Prokka|DOMIDHEL_1 position 22447
[20:00:46] Possible /pseudo 'NAD(P)H-quinone oxidoreductase subunit 2, chloroplastic' at gnl|Prokka|DOMIDHEL_4 position 14827
[20:00:46] Possible /pseudo 'Ribonuclease PH' at gnl|Prokka|DOMIDHEL_9 position 45198
[20:00:46] Possible /pseudo 'Chromosome partition protein Smc' at gnl|Prokka|DOMIDHEL_12 position 974
[20:00:46] Possible /pseudo 'Ferredoxin-type protein NapF' at gnl|Prokka|DOMIDHEL_16 position 25842
[20:00:46] Possible /pseudo 'Acetyl-coenzyme A synthetase' at gnl|Prokka|DOMIDHEL_23 position 382
[20:00:46] Found 335 unique /gene codes.
[20:00:46] Fixed 3 duplicate /gene - dnaJ_1 dnaJ_2 dnaJ_3
[20:00:46] Fixed 2 duplicate /gene - ppdK_1 ppdK_2
[20:00:46] Fixed 3 duplicate /gene - rnj_1 rnj_2 rnj_3
[20:00:46] Fixed 2 duplicate /gene - ftnA_1 ftnA_2
[20:00:46] Fixed 3 duplicate /gene - acsA_1 acsA_2 acsA_3
[20:00:46] Fixed 2 duplicate /gene - fbiB_1 fbiB_2
[20:00:46] Fixed 3 duplicate /gene - cheY_1 cheY_2 cheY_3
[20:00:46] Fixed 2 duplicate /gene - bchE_1 bchE_2
[20:00:46] Fixed 3 duplicate /gene - galE_1 galE_2 galE_3
[20:00:46] Fixed 2 duplicate /gene - rph_1 rph_2
[20:00:46] Fixed 2 duplicate /gene - thrB_1 thrB_2
[20:00:46] Fixed 3 duplicate /gene - teaD_1 teaD_2 teaD_3
[20:00:46] Fixed 5 duplicate /gene - vgb_1 vgb_2 vgb_3 vgb_4 vgb_5
[20:00:46] Fixed 2 duplicate /gene - rutE_1 rutE_2
[20:00:46] Fixed 2 duplicate /gene - iolS_1 iolS_2
[20:00:46] Fixed 2 duplicate /gene - xerC_1 xerC_2
[20:00:46] Fixed 2 duplicate /gene - ndhB_1 ndhB_2
[20:00:46] Fixed 3 duplicate /gene - smc_1 smc_2 smc_3
[20:00:46] Fixed 3 duplicate /gene - ilvE_1 ilvE_2 ilvE_3
[20:00:46] Fixed 2 duplicate /gene - ldh_1 ldh_2
[20:00:46] Fixed 3 duplicate /gene - sasA_1 sasA_2 sasA_3
[20:00:46] Fixed 2 duplicate /gene - dbpA_1 dbpA_2
[20:00:46] Fixed 2 duplicate /gene - aspS2_1 aspS2_2
[20:00:46] Fixed 2 duplicate /gene - rmd_1 rmd_2
[20:00:46] Fixed 2 duplicate /gene - fabG_1 fabG_2
[20:00:46] Fixed 2 duplicate /gene - hemA_1 hemA_2
[20:00:46] Fixed 4 duplicate /gene - IMPDH_1 IMPDH_2 IMPDH_3 IMPDH_4
[20:00:46] Fixed 2 duplicate /gene - napF_1 napF_2
[20:00:46] Fixed 2 duplicate /gene - hit_1 hit_2
[20:00:46] Fixed 2 duplicate /gene - nnr_1 nnr_2
[20:00:46] Fixed 2 duplicate /gene - nadK_1 nadK_2
[20:00:46] Fixed 2 duplicate /gene - sodA_1 sodA_2
[20:00:46] Fixed 2 duplicate /gene - mcm_1 mcm_2
[20:00:46] Fixed 2 duplicate /gene - bcp_1 bcp_2
[20:00:46] Fixed 2 duplicate /gene - fpr_1 fpr_2
[20:00:46] Fixed 2 duplicate /gene - gmhA_1 gmhA_2
[20:00:46] Fixed 3 duplicate /gene - asnB_1 asnB_2 asnB_3
[20:00:46] Fixed 37 colliding /gene names.
[20:00:46] Adding /locus_tag identifiers
[20:00:46] Assigned 1300 locus_tags to CDS and RNA features.
[20:00:46] Writing outputs to AAA799-B03.fa_prokka/
[20:00:49] Generating annotation statistics file
[20:00:49] Generating Genbank and Sequin files
[20:00:49] Running: tbl2asn -V b -a r10k -l paired-ends -M n -N 1 -y 'Annotated using prokka 1.14.6 from https://github.com/tseemann/prokka' -Z AAA799\-B03\.fa_prokka\/PROKKA_10312021\.err -i AAA799\-B03\.fa_prokka\/PROKKA_10312021\.fsa 2> /dev/null
[20:00:58] Deleting unwanted file: AAA799-B03.fa_prokka/errorsummary.val
[20:00:58] Deleting unwanted file: AAA799-B03.fa_prokka/PROKKA_10312021.dr
[20:00:58] Deleting unwanted file: AAA799-B03.fa_prokka/PROKKA_10312021.fixedproducts
[20:00:58] Deleting unwanted file: AAA799-B03.fa_prokka/PROKKA_10312021.ecn
[20:00:58] Deleting unwanted file: AAA799-B03.fa_prokka/PROKKA_10312021.val
[20:00:58] Repairing broken .GBK output that tbl2asn produces...
[20:00:58] Running: sed 's/COORDINATES: profile/COORDINATES:profile/' < AAA799\-B03\.fa_prokka\/PROKKA_10312021\.gbf > AAA799\-B03\.fa_prokka\/PROKKA_10312021\.gbk
[20:00:58] Deleting unwanted file: AAA799-B03.fa_prokka/PROKKA_10312021.gbf
[20:00:58] Output files:
[20:00:58] AAA799-B03.fa_prokka/PROKKA_10312021.err
[20:00:58] AAA799-B03.fa_prokka/PROKKA_10312021.faa
[20:00:58] AAA799-B03.fa_prokka/PROKKA_10312021.ffn
[20:00:58] AAA799-B03.fa_prokka/PROKKA_10312021.fna
[20:00:58] AAA799-B03.fa_prokka/PROKKA_10312021.fsa
[20:00:58] AAA799-B03.fa_prokka/PROKKA_10312021.gbk
[20:00:58] AAA799-B03.fa_prokka/PROKKA_10312021.gff
[20:00:58] AAA799-B03.fa_prokka/PROKKA_10312021.log
[20:00:58] AAA799-B03.fa_prokka/PROKKA_10312021.sqn
[20:00:58] AAA799-B03.fa_prokka/PROKKA_10312021.tbl
[20:00:58] AAA799-B03.fa_prokka/PROKKA_10312021.tsv
[20:00:58] AAA799-B03.fa_prokka/PROKKA_10312021.txt
[20:00:58] Annotation finished successfully.
[20:00:58] Walltime used: 10.27 minutes
[20:00:58] If you use this result please cite the Prokka paper:
[20:00:58] Seemann T (2014) Prokka: rapid prokaryotic genome annotation. Bioinformatics. 30(14):2068-9.
[20:00:58] Type 'prokka --citation' for more details.
[20:00:58] Thank you, come again.
