[21:11:57] This is prokka 1.14.6
[21:11:57] Written by Torsten Seemann <torsten.seemann@gmail.com>
[21:11:57] Homepage is https://github.com/tseemann/prokka
[21:11:57] Local time is Sun Oct 31 21:11:57 2021
[21:11:57] You are ylifc
[21:11:57] Operating system is linux
[21:11:57] You have BioPerl 1.007002
[21:11:57] System has 64 cores.
[21:11:57] Will use maximum of 64 cores.
[21:11:57] Annotating as >>> Bacteria <<<
[21:11:57] Generating locus_tag from 'XS84_02.fa' contents.
[21:11:57] Setting --locustag JOBFFOMB from MD5 38bff86b7e1273f735e6f63d0284aa1a
[21:11:57] Enabling options to ensure Genbank/ENA/DDJB submission compliance.
[21:11:57] Creating new output folder: XS84_02.fa_prokka
[21:11:57] Running: mkdir -p XS84_02\.fa_prokka
[21:11:57] Using filename prefix: PROKKA_10312021.XXX
[21:11:57] Setting HMMER_NCPU=1
[21:11:57] Writing log to: XS84_02.fa_prokka/PROKKA_10312021.log
[21:11:57] Command: /home/ylifc/miniconda2/envs/prokka/bin/prokka --cpus 0 --compliant --rfam XS84_02.fa --outdir XS84_02.fa_prokka
[21:11:57] Appending to PATH: /home/ylifc/miniconda2/envs/prokka/bin
[21:11:57] Looking for 'aragorn' - found /home/ylifc/miniconda2/envs/prokka/bin/aragorn
[21:11:57] Determined aragorn version is 001002 from 'ARAGORN v1.2.38 Dean Laslett'
[21:11:57] Looking for 'barrnap' - found /home/ylifc/miniconda2/envs/prokka/bin/barrnap
[21:11:57] Determined barrnap version is 000009 from 'barrnap 0.9'
[21:11:57] Looking for 'blastp' - found /home/ylifc/miniconda2/envs/prokka/bin/blastp
[21:11:58] Determined blastp version is 002012 from 'blastp: 2.12.0+'
[21:11:58] Looking for 'cmpress' - found /home/ylifc/miniconda2/envs/prokka/bin/cmpress
[21:11:58] Determined cmpress version is 001001 from '# INFERNAL 1.1.4 (Dec 2020)'
[21:11:58] Looking for 'cmscan' - found /home/ylifc/miniconda2/envs/prokka/bin/cmscan
[21:11:58] Determined cmscan version is 001001 from '# INFERNAL 1.1.4 (Dec 2020)'
[21:11:58] Looking for 'egrep' - found /bin/egrep
[21:11:58] Looking for 'find' - found /usr/bin/find
[21:11:58] Looking for 'grep' - found /bin/grep
[21:11:58] Looking for 'hmmpress' - found /home/ylifc/miniconda2/envs/prokka/bin/hmmpress
[21:11:58] Determined hmmpress version is 003003 from '# HMMER 3.3.2 (Nov 2020); http://hmmer.org/'
[21:11:58] Looking for 'hmmscan' - found /home/ylifc/miniconda2/envs/prokka/bin/hmmscan
[21:11:58] Determined hmmscan version is 003003 from '# HMMER 3.3.2 (Nov 2020); http://hmmer.org/'
[21:11:58] Looking for 'java' - found /home/ylifc/miniconda2/envs/prokka/bin/java
[21:11:58] Looking for 'makeblastdb' - found /home/ylifc/miniconda2/envs/prokka/bin/makeblastdb
[21:12:00] Determined makeblastdb version is 002012 from 'makeblastdb: 2.12.0+'
[21:12:00] Looking for 'minced' - found /home/ylifc/miniconda2/envs/prokka/bin/minced
[21:12:00] Determined minced version is 004002 from 'minced 0.4.2'
[21:12:00] Looking for 'parallel' - found /home/ylifc/miniconda2/envs/prokka/bin/parallel
[21:12:01] Determined parallel version is 20211022 from 'GNU parallel 20211022'
[21:12:01] Looking for 'prodigal' - found /home/ylifc/miniconda2/envs/prokka/bin/prodigal
[21:12:01] Determined prodigal version is 002006 from 'Prodigal V2.6.3: February, 2016'
[21:12:01] Looking for 'prokka-genbank_to_fasta_db' - found /home/ylifc/miniconda2/envs/prokka/bin/prokka-genbank_to_fasta_db
[21:12:01] Looking for 'sed' - found /bin/sed
[21:12:01] Looking for 'tbl2asn' - found /home/ylifc/miniconda2/envs/prokka/bin/tbl2asn
[21:12:01] Determined tbl2asn version is 025007 from 'tbl2asn 25.7   arguments:'
[21:12:01] Using genetic code table 11.
[21:12:01] Loading and checking input file: XS84_02.fa
[21:12:01] Wrote 204 contigs totalling 1160340 bp.
[21:12:01] Predicting tRNAs and tmRNAs
[21:12:01] Running: aragorn -l -gc11  -w XS84_02\.fa_prokka\/PROKKA_10312021\.fna
[21:12:01] 1 tRNA-Arg c[7681,7776] 37 (tcg)
[21:12:01] 1 tRNA-Pro [2540,2618] 37 (tgg)
[21:12:01] 1 tRNA-Pro c[86,163] 38 (cgg)
[21:12:01] 1 tRNA-Arg c[-1,95] 37 (tcg)
[21:12:02] 1 tRNA-Glu c[177,263] 35 (ctc)
[21:12:02] 1 tRNA-Ser [1751,1837] 36 (gct)
[21:12:02] tRNA c[262,353] is a pseudo/wacky gene - skipping.
[21:12:02] Found 6 tRNAs
[21:12:02] Predicting Ribosomal RNAs
[21:12:02] Running Barrnap with 64 threads
[21:12:04] 1 gnl|Prokka|JOBFFOMB_71 394 5S ribosomal RNA
[21:12:04] Found 1 rRNAs
[21:12:04] Scanning for ncRNAs... please be patient.
[21:12:04] Running: cmscan -Z 2.32068 --cut_ga --rfam --nohmmonly --fmt 2 --cpu 64 --tblout /dev/stdout -o /dev/null --noali /home/ylifc/miniconda2/envs/prokka/db/cm/Bacteria XS84_02\.fa_prokka\/PROKKA_10312021\.fna
[21:15:12] 1 ncRNA 1 gnl|Prokka|JOBFFOMB_50 1..303
[21:15:12] 2 ncRNA 1 gnl|Prokka|JOBFFOMB_156 1..318
[21:15:12] Found 2 ncRNAs.
[21:15:12] Total of 7 tRNA + rRNA features
[21:15:12] Searching for CRISPR repeats
[21:15:13] Found 0 CRISPRs
[21:15:13] Predicting coding sequences
[21:15:13] Contigs total 1160340 bp, so using single mode
[21:15:13] Running: prodigal -i XS84_02\.fa_prokka\/PROKKA_10312021\.fna -c -m -g 11 -p single -f sco -q
[21:15:20] Found 1302 CDS
[21:15:20] Connecting features back to sequences
[21:15:20] Not using genus-specific database. Try --usegenus to enable it.
[21:15:20] Annotating CDS, please be patient.
[21:15:20] Will use 64 CPUs for similarity searching.
[21:15:21] There are still 1302 unannotated CDS left (started with 1302)
[21:15:21] Will use blast to search against /home/ylifc/miniconda2/envs/prokka/db/kingdom/Bacteria/IS with 64 CPUs
[21:15:21] Running: cat XS84_02\.fa_prokka\/PROKKA_10312021\.IS\.tmp\.43980\.faa | parallel --gnu --plain -j 64 --block 2545 --recstart '>' --pipe blastp -query - -db /home/ylifc/miniconda2/envs/prokka/db/kingdom/Bacteria/IS -evalue 1e-30 -qcov_hsp_perc 90 -num_threads 1 -num_descriptions 1 -num_alignments 1 -seg no > XS84_02\.fa_prokka\/PROKKA_10312021\.IS\.tmp\.43980\.blast 2> /dev/null
[21:16:02] Deleting unwanted file: XS84_02.fa_prokka/PROKKA_10312021.IS.tmp.43980.faa
[21:16:02] Deleting unwanted file: XS84_02.fa_prokka/PROKKA_10312021.IS.tmp.43980.blast
[21:16:03] There are still 1302 unannotated CDS left (started with 1302)
[21:16:03] Will use blast to search against /home/ylifc/miniconda2/envs/prokka/db/kingdom/Bacteria/AMR with 64 CPUs
[21:16:03] Running: cat XS84_02\.fa_prokka\/PROKKA_10312021\.AMR\.tmp\.43980\.faa | parallel --gnu --plain -j 64 --block 2545 --recstart '>' --pipe blastp -query - -db /home/ylifc/miniconda2/envs/prokka/db/kingdom/Bacteria/AMR -evalue 9.99999999999999e-301 -qcov_hsp_perc 90 -num_threads 1 -num_descriptions 1 -num_alignments 1 -seg no > XS84_02\.fa_prokka\/PROKKA_10312021\.AMR\.tmp\.43980\.blast 2> /dev/null
[21:16:40] Deleting unwanted file: XS84_02.fa_prokka/PROKKA_10312021.AMR.tmp.43980.faa
[21:16:40] Deleting unwanted file: XS84_02.fa_prokka/PROKKA_10312021.AMR.tmp.43980.blast
[21:16:41] There are still 1302 unannotated CDS left (started with 1302)
[21:16:41] Will use blast to search against /home/ylifc/miniconda2/envs/prokka/db/kingdom/Bacteria/sprot with 64 CPUs
[21:16:41] Running: cat XS84_02\.fa_prokka\/PROKKA_10312021\.sprot\.tmp\.43980\.faa | parallel --gnu --plain -j 64 --block 2545 --recstart '>' --pipe blastp -query - -db /home/ylifc/miniconda2/envs/prokka/db/kingdom/Bacteria/sprot -evalue 1e-09 -qcov_hsp_perc 80 -num_threads 1 -num_descriptions 1 -num_alignments 1 -seg no > XS84_02\.fa_prokka\/PROKKA_10312021\.sprot\.tmp\.43980\.blast 2> /dev/null
[21:18:39] Modify product: Probable Fe(2+)-trafficking protein => putative Fe(2+)-trafficking protein
[21:18:39] Modify product: Nucleotidase CA_C3379 => Nucleotidase
[21:18:39] Modify product: Probable acyl-CoA dehydrogenase fadE25 => putative acyl-CoA dehydrogenase fadE25
[21:18:39] Modify product: Uncharacterized protein BCG_0605c => putative protein
[21:18:39] Modify product: Uncharacterized oxidoreductase YtbE => putative oxidoreductase YtbE
[21:18:39] Modify product: UPF0060 membrane protein YnfA => hypothetical protein
[21:18:39] Modify product: UPF0060 membrane protein YnfA => hypothetical protein
[21:18:39] Modify product: Probable serine/threonine-protein kinase PkwA => putative serine/threonine-protein kinase PkwA
[21:18:39] Modify product: Bifunctional protein FolD => Bifunctional protein FolD protein
[21:18:39] Modify product: Phosphate-specific transport system accessory protein PhoU homolog => Phosphate-specific transport system accessory protein PhoU 
[21:18:39] Modify product: Uncharacterized protein MSMEG_2782/MSMEI_2713 => putative protein/MSMEI_2713
[21:18:39] Modify product: Uncharacterized peptidase SA1530 => putative peptidase
[21:18:39] Modify product: UPF0053 protein HI_0107 => hypothetical protein
[21:18:39] Modify product: UPF0047 protein Rv2556c => hypothetical protein
[21:18:39] Modify product: Putative multidrug export ATP-binding/permease protein SAV1866 => Putative multidrug export ATP-binding/permease protein
[21:18:39] Modify product: Probable multidrug ABC transporter ATP-binding protein YbhF => putative multidrug ABC transporter ATP-binding protein YbhF
[21:18:39] Modify product: Probable UbiX-like flavin prenyltransferase => putative UbiX-like flavin prenyltransferase
[21:18:39] Modify product: Uncharacterized FAD-linked oxidoreductase Rv2280 => putative FAD-linked oxidoreductase
[21:18:39] Modify product: Putative sulfur carrier protein TM_0983 => Putative sulfur carrier protein
[21:18:39] Modify product: UPF0098 protein CT_736 => hypothetical protein
[21:18:39] Modify product: Probable sphingosine-1-phosphate lyase => putative sphingosine-1-phosphate lyase
[21:18:39] Modify product: Uncharacterized protein Rv2030c => putative protein
[21:18:40] Modify product: Uncharacterized HTH-type transcriptional regulator YybR => putative HTH-type transcriptional regulator YybR
[21:18:40] Modify product: Uncharacterized protein M6_Spy0233 => putative protein
[21:18:40] Modify product: Ribonuclease TTHA0252 => Ribonuclease
[21:18:40] Modify product: Putative polysaccharide biosynthesis protein with aminopeptidase-like domain => Putative polysaccharide biosynthesis protein with aminopeptidase-like domain protein
[21:18:40] Modify product: UPF0056 inner membrane protein YhgN => hypothetical protein
[21:18:40] Modify product: Uncharacterized protein BCG_0605c => putative protein
[21:18:40] Modify product: Phosphorylated carbohydrates phosphatase TM_1254 => Phosphorylated carbohydrates phosphatase
[21:18:40] Modify product: UPF0047 protein Rv2556c => hypothetical protein
[21:18:40] Modify product: Probable nicotinate-nucleotide pyrophosphorylase [carboxylating] => putative nicotinate-nucleotide pyrophosphorylase [carboxylating]
[21:18:40] Modify product: Probable cysteine desulfurase => putative cysteine desulfurase
[21:18:40] Modify product: Probable molybdenum cofactor guanylyltransferase => putative molybdenum cofactor guanylyltransferase
[21:18:41] Cleaned 33 /product names
[21:18:41] Deleting unwanted file: XS84_02.fa_prokka/PROKKA_10312021.sprot.tmp.43980.faa
[21:18:41] Deleting unwanted file: XS84_02.fa_prokka/PROKKA_10312021.sprot.tmp.43980.blast
[21:18:41] There are still 939 unannotated CDS left (started with 1302)
[21:18:41] Will use hmmer3 to search against /home/ylifc/miniconda2/envs/prokka/db/hmm/HAMAP.hmm with 64 CPUs
[21:18:41] Running: cat XS84_02\.fa_prokka\/PROKKA_10312021\.HAMAP\.hmm\.tmp\.43980\.faa | parallel --gnu --plain -j 64 --block 1614 --recstart '>' --pipe hmmscan --noali --notextw --acc -E 1e-09 --cpu 1 /home/ylifc/miniconda2/envs/prokka/db/hmm/HAMAP.hmm /dev/stdin > XS84_02\.fa_prokka\/PROKKA_10312021\.HAMAP\.hmm\.tmp\.43980\.hmmer3 2> /dev/null
[21:20:12] Modify product: Uncharacterized Nudix hydrolase NudL => putative Nudix hydrolase NudL
[21:20:12] Cleaned 1 /product names
[21:20:12] Deleting unwanted file: XS84_02.fa_prokka/PROKKA_10312021.HAMAP.hmm.tmp.43980.faa
[21:20:12] Deleting unwanted file: XS84_02.fa_prokka/PROKKA_10312021.HAMAP.hmm.tmp.43980.hmmer3
[21:20:12] Labelling remaining 820 proteins as 'hypothetical protein'
[21:20:13] Possible /pseudo 'Ribonuclease PH' at gnl|Prokka|JOBFFOMB_26 position 1877
[21:20:13] Possible /pseudo '5-methyltetrahydropteroyltriglutamate--homocysteine methyltransferase' at gnl|Prokka|JOBFFOMB_43 position 2484
[21:20:13] Possible /pseudo 'Circadian clock protein kinase KaiC' at gnl|Prokka|JOBFFOMB_52 position 2179
[21:20:13] Possible /pseudo 'Methylthioribose-1-phosphate isomerase' at gnl|Prokka|JOBFFOMB_72 position 715
[21:20:13] Possible /pseudo 'Amidophosphoribosyltransferase' at gnl|Prokka|JOBFFOMB_135 position 2822
[21:20:13] Possible /pseudo 'Acetate kinase' at gnl|Prokka|JOBFFOMB_201 position 2267
[21:20:13] Found 376 unique /gene codes.
[21:20:13] Fixed 2 duplicate /gene - ackA_1 ackA_2
[21:20:13] Fixed 3 duplicate /gene - wecC_1 wecC_2 wecC_3
[21:20:13] Fixed 2 duplicate /gene - dbpA_1 dbpA_2
[21:20:13] Fixed 2 duplicate /gene - groL_1 groL_2
[21:20:13] Fixed 12 duplicate /gene - kaiC_1 kaiC_2 kaiC_3 kaiC_4 kaiC_5 kaiC_6 kaiC_7 kaiC_8 kaiC_9 kaiC_10 kaiC_11 kaiC_12
[21:20:13] Fixed 3 duplicate /gene - purF_1 purF_2 purF_3
[21:20:13] Fixed 2 duplicate /gene - asnC_1 asnC_2
[21:20:13] Fixed 3 duplicate /gene - smc_1 smc_2 smc_3
[21:20:13] Fixed 2 duplicate /gene - prcB_1 prcB_2
[21:20:13] Fixed 3 duplicate /gene - IMPDH_1 IMPDH_2 IMPDH_3
[21:20:13] Fixed 2 duplicate /gene - cugP_1 cugP_2
[21:20:13] Fixed 2 duplicate /gene - aspC_1 aspC_2
[21:20:13] Fixed 5 duplicate /gene - ftsH_1 ftsH_2 ftsH_3 ftsH_4 ftsH_5
[21:20:13] Fixed 3 duplicate /gene - thrB_1 thrB_2 thrB_3
[21:20:13] Fixed 3 duplicate /gene - nnr_1 nnr_2 nnr_3
[21:20:13] Fixed 2 duplicate /gene - phoP_1 phoP_2
[21:20:13] Fixed 2 duplicate /gene - rph_1 rph_2
[21:20:13] Fixed 4 duplicate /gene - COQ5_1 COQ5_2 COQ5_3 COQ5_4
[21:20:13] Fixed 2 duplicate /gene - fbiB_1 fbiB_2
[21:20:13] Fixed 2 duplicate /gene - metE_1 metE_2
[21:20:13] Fixed 2 duplicate /gene - lolD_1 lolD_2
[21:20:13] Fixed 3 duplicate /gene - tatA_1 tatA_2 tatA_3
[21:20:13] Fixed 2 duplicate /gene - mobA_1 mobA_2
[21:20:13] Fixed 3 duplicate /gene - mtnA_1 mtnA_2 mtnA_3
[21:20:13] Fixed 2 duplicate /gene - drrA_1 drrA_2
[21:20:13] Fixed 2 duplicate /gene - recA_1 recA_2
[21:20:13] Fixed 3 duplicate /gene - mshA_1 mshA_2 mshA_3
[21:20:13] Fixed 2 duplicate /gene - dnaK_1 dnaK_2
[21:20:13] Fixed 2 duplicate /gene - galT_1 galT_2
[21:20:13] Fixed 2 duplicate /gene - valS_1 valS_2
[21:20:13] Fixed 2 duplicate /gene - lysA_1 lysA_2
[21:20:13] Fixed 2 duplicate /gene - resA_1 resA_2
[21:20:13] Fixed 2 duplicate /gene - cyoE_1 cyoE_2
[21:20:13] Fixed 2 duplicate /gene - trxA_1 trxA_2
[21:20:13] Fixed 2 duplicate /gene - aspS2_1 aspS2_2
[21:20:13] Fixed 2 duplicate /gene - glnB_1 glnB_2
[21:20:13] Fixed 36 colliding /gene names.
[21:20:13] Adding /locus_tag identifiers
[21:20:13] Assigned 1311 locus_tags to CDS and RNA features.
[21:20:13] Writing outputs to XS84_02.fa_prokka/
[21:20:15] Generating annotation statistics file
[21:20:15] Generating Genbank and Sequin files
[21:20:15] Running: tbl2asn -V b -a r10k -l paired-ends -M n -N 1 -y 'Annotated using prokka 1.14.6 from https://github.com/tseemann/prokka' -Z XS84_02\.fa_prokka\/PROKKA_10312021\.err -i XS84_02\.fa_prokka\/PROKKA_10312021\.fsa 2> /dev/null
[21:20:25] Deleting unwanted file: XS84_02.fa_prokka/errorsummary.val
[21:20:25] Deleting unwanted file: XS84_02.fa_prokka/PROKKA_10312021.dr
[21:20:25] Deleting unwanted file: XS84_02.fa_prokka/PROKKA_10312021.fixedproducts
[21:20:25] Deleting unwanted file: XS84_02.fa_prokka/PROKKA_10312021.ecn
[21:20:25] Deleting unwanted file: XS84_02.fa_prokka/PROKKA_10312021.val
[21:20:25] Repairing broken .GBK output that tbl2asn produces...
[21:20:25] Running: sed 's/COORDINATES: profile/COORDINATES:profile/' < XS84_02\.fa_prokka\/PROKKA_10312021\.gbf > XS84_02\.fa_prokka\/PROKKA_10312021\.gbk
[21:20:25] Deleting unwanted file: XS84_02.fa_prokka/PROKKA_10312021.gbf
[21:20:25] Output files:
[21:20:25] XS84_02.fa_prokka/PROKKA_10312021.err
[21:20:25] XS84_02.fa_prokka/PROKKA_10312021.faa
[21:20:25] XS84_02.fa_prokka/PROKKA_10312021.ffn
[21:20:25] XS84_02.fa_prokka/PROKKA_10312021.fna
[21:20:25] XS84_02.fa_prokka/PROKKA_10312021.fsa
[21:20:25] XS84_02.fa_prokka/PROKKA_10312021.gbk
[21:20:25] XS84_02.fa_prokka/PROKKA_10312021.gff
[21:20:25] XS84_02.fa_prokka/PROKKA_10312021.log
[21:20:25] XS84_02.fa_prokka/PROKKA_10312021.sqn
[21:20:25] XS84_02.fa_prokka/PROKKA_10312021.tbl
[21:20:25] XS84_02.fa_prokka/PROKKA_10312021.tsv
[21:20:25] XS84_02.fa_prokka/PROKKA_10312021.txt
[21:20:25] Annotation finished successfully.
[21:20:25] Walltime used: 8.47 minutes
[21:20:25] If you use this result please cite the Prokka paper:
[21:20:25] Seemann T (2014) Prokka: rapid prokaryotic genome annotation. Bioinformatics. 30(14):2068-9.
[21:20:25] Type 'prokka --citation' for more details.
[21:20:25] Thank you, come again.
