[00:26:08] This is prokka 1.14.6
[00:26:08] Written by Torsten Seemann <torsten.seemann@gmail.com>
[00:26:08] Homepage is https://github.com/tseemann/prokka
[00:26:08] Local time is Mon Nov  1 00:26:08 2021
[00:26:08] You are ylifc
[00:26:08] Operating system is linux
[00:26:08] You have BioPerl 1.007002
[00:26:08] System has 64 cores.
[00:26:08] Will use maximum of 64 cores.
[00:26:08] Annotating as >>> Bacteria <<<
[00:26:08] Generating locus_tag from 'HM81_Bin1.fa' contents.
[00:26:08] Setting --locustag GDPELAJJ from MD5 0d9e5a335f806f65081c1546994862ba
[00:26:08] Enabling options to ensure Genbank/ENA/DDJB submission compliance.
[00:26:08] Creating new output folder: HM81_Bin1.fa_prokka
[00:26:08] Running: mkdir -p HM81_Bin1\.fa_prokka
[00:26:08] Using filename prefix: PROKKA_11012021.XXX
[00:26:08] Setting HMMER_NCPU=1
[00:26:08] Writing log to: HM81_Bin1.fa_prokka/PROKKA_11012021.log
[00:26:08] Command: /home/ylifc/miniconda2/envs/prokka/bin/prokka --cpus 0 --compliant --rfam HM81_Bin1.fa --outdir HM81_Bin1.fa_prokka
[00:26:08] Appending to PATH: /home/ylifc/miniconda2/envs/prokka/bin
[00:26:08] Looking for 'aragorn' - found /home/ylifc/miniconda2/envs/prokka/bin/aragorn
[00:26:08] Determined aragorn version is 001002 from 'ARAGORN v1.2.38 Dean Laslett'
[00:26:08] Looking for 'barrnap' - found /home/ylifc/miniconda2/envs/prokka/bin/barrnap
[00:26:08] Determined barrnap version is 000009 from 'barrnap 0.9'
[00:26:08] Looking for 'blastp' - found /home/ylifc/miniconda2/envs/prokka/bin/blastp
[00:26:09] Determined blastp version is 002012 from 'blastp: 2.12.0+'
[00:26:09] Looking for 'cmpress' - found /home/ylifc/miniconda2/envs/prokka/bin/cmpress
[00:26:09] Determined cmpress version is 001001 from '# INFERNAL 1.1.4 (Dec 2020)'
[00:26:09] Looking for 'cmscan' - found /home/ylifc/miniconda2/envs/prokka/bin/cmscan
[00:26:09] Determined cmscan version is 001001 from '# INFERNAL 1.1.4 (Dec 2020)'
[00:26:09] Looking for 'egrep' - found /bin/egrep
[00:26:09] Looking for 'find' - found /usr/bin/find
[00:26:09] Looking for 'grep' - found /bin/grep
[00:26:09] Looking for 'hmmpress' - found /home/ylifc/miniconda2/envs/prokka/bin/hmmpress
[00:26:09] Determined hmmpress version is 003003 from '# HMMER 3.3.2 (Nov 2020); http://hmmer.org/'
[00:26:09] Looking for 'hmmscan' - found /home/ylifc/miniconda2/envs/prokka/bin/hmmscan
[00:26:10] Determined hmmscan version is 003003 from '# HMMER 3.3.2 (Nov 2020); http://hmmer.org/'
[00:26:10] Looking for 'java' - found /home/ylifc/miniconda2/envs/prokka/bin/java
[00:26:10] Looking for 'makeblastdb' - found /home/ylifc/miniconda2/envs/prokka/bin/makeblastdb
[00:26:11] Determined makeblastdb version is 002012 from 'makeblastdb: 2.12.0+'
[00:26:11] Looking for 'minced' - found /home/ylifc/miniconda2/envs/prokka/bin/minced
[00:26:12] Determined minced version is 004002 from 'minced 0.4.2'
[00:26:12] Looking for 'parallel' - found /home/ylifc/miniconda2/envs/prokka/bin/parallel
[00:26:12] Determined parallel version is 20211022 from 'GNU parallel 20211022'
[00:26:12] Looking for 'prodigal' - found /home/ylifc/miniconda2/envs/prokka/bin/prodigal
[00:26:12] Determined prodigal version is 002006 from 'Prodigal V2.6.3: February, 2016'
[00:26:12] Looking for 'prokka-genbank_to_fasta_db' - found /home/ylifc/miniconda2/envs/prokka/bin/prokka-genbank_to_fasta_db
[00:26:12] Looking for 'sed' - found /bin/sed
[00:26:12] Looking for 'tbl2asn' - found /home/ylifc/miniconda2/envs/prokka/bin/tbl2asn
[00:26:12] Determined tbl2asn version is 025007 from 'tbl2asn 25.7   arguments:'
[00:26:12] Using genetic code table 11.
[00:26:12] Loading and checking input file: HM81_Bin1.fa
[00:26:13] Wrote 2945 contigs totalling 3479604 bp.
[00:26:13] Predicting tRNAs and tmRNAs
[00:26:13] Running: aragorn -l -gc11  -w HM81_Bin1\.fa_prokka\/PROKKA_11012021\.fna
[00:26:13] 1 tRNA-Gln c[9471,9546] 37 (ttg)
[00:26:13] 1 tRNA-Val [586,660] 33 (cac)
[00:26:13] 1 tRNA-Thr [1459,1532] 35 (cgt)
[00:26:13] 1 tRNA-Val [640,714] 33 (cac)
[00:26:13] 1 tRNA-Glu c[202,276] 37 (ctc)
[00:26:13] 1 tRNA-Thr c[771,844] 35 (ggt)
[00:26:13] 2 tRNA-Ala [3244,3318] 35 (tgc)
[00:26:13] 1 tRNA-Pro c[2777,2850] 35 (tgg)
[00:26:13] 1 tRNA-Lys c[782,858] 37 (ctt)
[00:26:13] 1 tRNA-Ile [583,675] 33 (tat)
[00:26:13] 2 tRNA-Gly [878,953] 35 (tcc)
[00:26:13] 1 tRNA-Met [893,967] 35 (cat)
[00:26:13] 1 tRNA-Met c[178,254] 35 (cat)
[00:26:13] 1 tRNA-Arg c[597,673] 37 (tcg)
[00:26:13] 1 tRNA-Leu [245,331] 35 (aag)
[00:26:13] 1 tRNA-Ser c[6126,6211] 36 (tga)
[00:26:14] 1 tRNA-Gly c[6774,6848] 35 (ccc)
[00:26:14] 1 tRNA-Arg [1153,1227] 36 (tcg)
[00:26:14] 1 tRNA-Cys c[4,75] 33 (gca)
[00:26:14] 1 tRNA-Val c[889,965] 37 (tac)
[00:26:14] 1 tRNA-Val c[1983,2055] 34 (gac)
[00:26:14] 1 tRNA-Thr [2572,2646] 36 (tgt)
[00:26:14] 1 tRNA-Ser c[946,1030] 32 (tga)
[00:26:14] 1 tRNA-Asn [432,507] 34 (gtt)
[00:26:14] 1 tRNA-SeC [615,707] 38 (tca)
[00:26:14] 1 tRNA-Arg [1172,1249] 36 (tct)
[00:26:14] 1 tRNA-Leu c[496,582] 38 (gag)
[00:26:14] 1 tRNA-Thr [455,528] 35 (tgt)
[00:26:14] 1 tRNA-His [35,109] 34 (gtg)
[00:26:14] 2 tRNA-Arg [112,188] 36 (tcg)
[00:26:14] 3 tRNA-Arg [191,266] 35 (tct)
[00:26:14] 4 tRNA-Lys [273,358] 37 (ttt)
[00:26:14] 1 tRNA-Val [801,875] 33 (gac)
[00:26:14] 1 tRNA-Asp c[943,1019] 35 (gtc)
[00:26:14] 1 tRNA-Leu c[915,1001] 35 (cag)
[00:26:14] 1 tRNA-Met c[397,470] 35 (cat)
[00:26:14] 1 tRNA-Val [1058,1134] 35 (tac)
[00:26:15] 1 tRNA-Met c[966,1040] 35 (cat)
[00:26:15] 1 tRNA-Val c[199,273] 33 (tac)
[00:26:15] 1 tRNA-Val c[922,996] 35 (tac)
[00:26:15] 1 tRNA-Gly c[607,678] 34 (ccc)
[00:26:15] 1 tRNA-Gly c[730,803] 35 (ccc)
[00:26:15] 1 tRNA-Met [575,648] 35 (cat)
[00:26:15] Found 43 tRNAs
[00:26:15] Predicting Ribosomal RNAs
[00:26:15] Running Barrnap with 64 threads
[00:26:18] Found 0 rRNAs
[00:26:18] Scanning for ncRNAs... please be patient.
[00:26:18] Running: cmscan -Z 6.959208 --cut_ga --rfam --nohmmonly --fmt 2 --cpu 64 --tblout /dev/stdout -o /dev/null --noali /home/ylifc/miniconda2/envs/prokka/db/cm/Bacteria HM81_Bin1\.fa_prokka\/PROKKA_11012021\.fna
[00:54:57] 1 ncRNA 1 gnl|Prokka|GDPELAJJ_222 1..87
[00:54:57] 2 ncRNA 1 gnl|Prokka|GDPELAJJ_502 1..318
[00:54:57] 3 ncRNA 1 gnl|Prokka|GDPELAJJ_700 1..87
[00:54:57] 4 ncRNA 1 gnl|Prokka|GDPELAJJ_1000 1..130
[00:54:57] 5 ncRNA 1 gnl|Prokka|GDPELAJJ_1223 1..93
[00:54:57] 6 ncRNA 1 gnl|Prokka|GDPELAJJ_1244 1..87
[00:54:57] 7 ncRNA 1 gnl|Prokka|GDPELAJJ_1280 1..93
[00:54:57] 8 ncRNA 1 gnl|Prokka|GDPELAJJ_1846 1..61
[00:54:57] 9 ncRNA 1 gnl|Prokka|GDPELAJJ_2263 1..46
[00:54:57] 10 ncRNA 1 gnl|Prokka|GDPELAJJ_2387 1..87
[00:54:57] 11 ncRNA 1 gnl|Prokka|GDPELAJJ_2405 1..96
[00:54:57] 12 ncRNA 1 gnl|Prokka|GDPELAJJ_2571 1..94
[00:54:57] 13 ncRNA 1 gnl|Prokka|GDPELAJJ_2664 1..93
[00:54:57] 14 ncRNA 1 gnl|Prokka|GDPELAJJ_2728 1..157
[00:54:57] 15 ncRNA 1 gnl|Prokka|GDPELAJJ_2738 1..87
[00:56:55] 16 ncRNA 1 gnl|Prokka|GDPELAJJ_2746 1..87
[00:56:55] Found 16 ncRNAs.
[00:56:55] Total of 43 tRNA + rRNA features
[00:56:55] Searching for CRISPR repeats
[00:56:57] Found 0 CRISPRs
[00:56:57] Predicting coding sequences
[00:56:57] Contigs total 3479604 bp, so using single mode
[00:56:57] Running: prodigal -i HM81_Bin1\.fa_prokka\/PROKKA_11012021\.fna -c -m -g 11 -p single -f sco -q
[00:57:03] Excluding CDS which overlaps existing RNA (tRNA) at gnl|Prokka|GDPELAJJ_539:91..597 on + strand
[00:57:03] Excluding CDS which overlaps existing RNA (tRNA) at gnl|Prokka|GDPELAJJ_633:8..199 on + strand
[00:57:03] Excluding CDS which overlaps existing RNA (tRNA) at gnl|Prokka|GDPELAJJ_710:5170..6126 on + strand
[00:57:04] Excluding CDS which overlaps existing RNA (tRNA) at gnl|Prokka|GDPELAJJ_1482:443..982 on - strand
[00:57:05] Found 3503 CDS
[00:57:05] Connecting features back to sequences
[00:57:05] Not using genus-specific database. Try --usegenus to enable it.
[00:57:05] Annotating CDS, please be patient.
[00:57:05] Will use 64 CPUs for similarity searching.
[00:57:07] There are still 3503 unannotated CDS left (started with 3503)
[00:57:07] Will use blast to search against /home/ylifc/miniconda2/envs/prokka/db/kingdom/Bacteria/IS with 64 CPUs
[00:57:07] Running: cat HM81_Bin1\.fa_prokka\/PROKKA_11012021\.IS\.tmp\.54231\.faa | parallel --gnu --plain -j 64 --block 4443 --recstart '>' --pipe blastp -query - -db /home/ylifc/miniconda2/envs/prokka/db/kingdom/Bacteria/IS -evalue 1e-30 -qcov_hsp_perc 90 -num_threads 1 -num_descriptions 1 -num_alignments 1 -seg no > HM81_Bin1\.fa_prokka\/PROKKA_11012021\.IS\.tmp\.54231\.blast 2> /dev/null
[00:57:54] Deleting unwanted file: HM81_Bin1.fa_prokka/PROKKA_11012021.IS.tmp.54231.faa
[00:57:54] Deleting unwanted file: HM81_Bin1.fa_prokka/PROKKA_11012021.IS.tmp.54231.blast
[00:57:56] There are still 3482 unannotated CDS left (started with 3503)
[00:57:56] Will use blast to search against /home/ylifc/miniconda2/envs/prokka/db/kingdom/Bacteria/AMR with 64 CPUs
[00:57:56] Running: cat HM81_Bin1\.fa_prokka\/PROKKA_11012021\.AMR\.tmp\.54231\.faa | parallel --gnu --plain -j 64 --block 4402 --recstart '>' --pipe blastp -query - -db /home/ylifc/miniconda2/envs/prokka/db/kingdom/Bacteria/AMR -evalue 9.99999999999999e-301 -qcov_hsp_perc 90 -num_threads 1 -num_descriptions 1 -num_alignments 1 -seg no > HM81_Bin1\.fa_prokka\/PROKKA_11012021\.AMR\.tmp\.54231\.blast 2> /dev/null
[00:58:38] Deleting unwanted file: HM81_Bin1.fa_prokka/PROKKA_11012021.AMR.tmp.54231.faa
[00:58:38] Deleting unwanted file: HM81_Bin1.fa_prokka/PROKKA_11012021.AMR.tmp.54231.blast
[00:58:40] There are still 3482 unannotated CDS left (started with 3503)
[00:58:40] Will use blast to search against /home/ylifc/miniconda2/envs/prokka/db/kingdom/Bacteria/sprot with 64 CPUs
[00:58:40] Running: cat HM81_Bin1\.fa_prokka\/PROKKA_11012021\.sprot\.tmp\.54231\.faa | parallel --gnu --plain -j 64 --block 4402 --recstart '>' --pipe blastp -query - -db /home/ylifc/miniconda2/envs/prokka/db/kingdom/Bacteria/sprot -evalue 1e-09 -qcov_hsp_perc 80 -num_threads 1 -num_descriptions 1 -num_alignments 1 -seg no > HM81_Bin1\.fa_prokka\/PROKKA_11012021\.sprot\.tmp\.54231\.blast 2> /dev/null
[01:00:57] Modify product: Bifunctional protein FolD => Bifunctional protein FolD protein
[01:00:57] Modify product: Uncharacterized protein YqgN => putative protein YqgN
[01:00:57] Modify product: Probable endonuclease 4 => putative endonuclease 4
[01:00:57] Modify product: Probable L,D-transpeptidase YcbB => putative L,D-transpeptidase YcbB
[01:00:57] Modify product: UPF0758 protein CT0611 => hypothetical protein
[01:00:57] Modify product: Uncharacterized MFS-type transporter YhjX => putative MFS-type transporter YhjX
[01:00:57] Modify product: Uncharacterized protein YedJ => putative protein YedJ
[01:00:57] Modify product: Uncharacterized ABC transporter ATP-binding protein YxlF => putative ABC transporter ATP-binding protein YxlF
[01:00:57] Modify product: Probable adenylyl-sulfate kinase => putative adenylyl-sulfate kinase
[01:00:57] Modify product: Probable BsuMI modification methylase subunit YdiO => putative BsuMI modification methylase subunit YdiO
[01:00:57] Modify product: UPF0178 protein YaiI => hypothetical protein
[01:00:57] Modify product: Uncharacterized signaling protein PA1727 => putative signaling protein
[01:00:58] Modify product: Transcriptional regulator Rv3488 => Transcriptional regulator
[01:00:58] Modify product: Probable oxidoreductase CT_610 => putative oxidoreductase CT_610
[01:00:58] Modify product: UPF0053 protein Rv2366c => hypothetical protein
[01:00:58] Modify product: UPF0053 protein Rv2366c => hypothetical protein
[01:00:58] Modify product: Uncharacterized zinc protease Rv2782c => putative zinc protease
[01:00:58] Modify product: Probable adenylyl-sulfate kinase => putative adenylyl-sulfate kinase
[01:00:58] Modify product: Putative low molecular weight protein-tyrosine-phosphatase slr0328 => Putative low molecular weight protein-tyrosine-phosphatase
[01:00:58] Modify product: UPF0051 protein SA0778 => hypothetical protein
[01:00:58] Modify product: UPF0051 protein SA0778 => hypothetical protein
[01:00:58] Modify product: Probable cysteine desulfurase => putative cysteine desulfurase
[01:00:58] Modify product: Probable protein kinase UbiB => putative protein kinase UbiB
[01:00:58] Modify product: Uncharacterized protein YedJ => putative protein YedJ
[01:00:58] Modify product: Uncharacterized amino acid permease YhdG => putative amino acid permease YhdG
[01:00:58] Modify product: Ribonuclease TTHA0252 => Ribonuclease
[01:00:58] Modify product: Uncharacterized protein YibN => putative protein YibN
[01:00:59] Modify product: UPF0237 protein SP_0238 => hypothetical protein
[01:00:59] Modify product: Uncharacterized ABC transporter ATP-binding protein YknY => putative ABC transporter ATP-binding protein YknY
[01:00:59] Modify product: Probable dipeptidase PepE => putative dipeptidase PepE
[01:00:59] Modify product: Probable adenylyltransferase/sulfurtransferase MoeZ => putative adenylyltransferase/sulfurtransferase MoeZ
[01:00:59] Modify product: Probable L,D-transpeptidase YcbB => putative L,D-transpeptidase YcbB
[01:00:59] Modify product: Probable N-glycosylase/DNA lyase => putative N-glycosylase/DNA lyase
[01:00:59] Modify product: UPF0098 protein CT_736 => hypothetical protein
[01:00:59] Modify product: Uncharacterized ABC transporter permease YknZ => putative ABC transporter permease YknZ
[01:00:59] Modify product: Uncharacterized protein Rv1488 => putative protein
[01:00:59] Modify product: Uncharacterized RNA pseudouridine synthase Rv1540 => putative RNA pseudouridine synthase
[01:00:59] Modify product: Uncharacterized metal-dependent hydrolase YcfH => putative metal-dependent hydrolase YcfH
[01:00:59] Modify product: UPF0173 metal-dependent hydrolase TM_1162 => hypothetical protein
[01:01:00] Modify product: Probable lipoprotein YiaD => putative lipoprotein YiaD
[01:01:00] Modify product: Probable dipeptidase PepE => putative dipeptidase PepE
[01:01:00] Modify product: Uncharacterized protein YccU => putative protein YccU
[01:01:00] Modify product: Uncharacterized signaling protein PA1727 => putative signaling protein
[01:01:00] Modify product: Probable N-acetyl-LL-diaminopimelate aminotransferase => putative N-acetyl-LL-diaminopimelate aminotransferase
[01:01:00] Modify product: Putative peroxiredoxin Rv2521 => Putative peroxiredoxin
[01:01:00] Modify product: Uncharacterized membrane protein YdfK => putative membrane protein YdfK
[01:01:00] Modify product: Uncharacterized MFS-type transporter YhjX => putative MFS-type transporter YhjX
[01:01:00] Modify product: Protein aq_1857 => Protein
[01:01:00] Modify product: Putative HTH-type transcriptional regulator Rv1287 => Putative HTH-type transcriptional regulator
[01:01:00] Modify product: UPF0098 protein CT_736 => hypothetical protein
[01:01:00] Modify product: Uncharacterized protein Rv2067c => putative protein
[01:01:00] Modify product: Response regulator receiver protein Anae109_2439 => Response regulator receiver protein
[01:01:01] Modify product: Uncharacterized signaling protein PA1727 => putative signaling protein
[01:01:01] Modify product: Probable glycine dehydrogenase (decarboxylating) subunit 2 => putative glycine dehydrogenase (decarboxylating) subunit 2
[01:01:01] Modify product: UPF0382 inner membrane protein YgdD => hypothetical protein
[01:01:01] Modify product: Probable adenylyl-sulfate kinase => putative adenylyl-sulfate kinase
[01:01:01] Modify product: Uncharacterized protein HI_0933 => putative protein
[01:01:01] Modify product: Uncharacterized signaling protein PA1727 => putative signaling protein
[01:01:01] Modify product: Probable endonuclease 4 => putative endonuclease 4
[01:01:01] Modify product: Uncharacterized protein Rv2008c => putative protein
[01:01:01] Modify product: Probable ketoamine kinase HMPREF0351_12196 => putative ketoamine kinase
[01:01:01] Modify product: Probable FKBP-type peptidyl-prolyl cis-trans isomerase => putative FKBP-type peptidyl-prolyl cis-trans isomerase
[01:01:01] Modify product: Nucleoid-associated protein Cthe_2143 => Nucleoid-associated protein
[01:01:01] Modify product: Probable transcriptional regulatory protein pdtaR => putative transcriptional regulatory protein pdtaR
[01:01:01] Modify product: Uncharacterized ABC transporter ATP-binding protein YknY => putative ABC transporter ATP-binding protein YknY
[01:01:02] Modify product: Probable oxidoreductase CT_610 => putative oxidoreductase CT_610
[01:01:02] Cleaned 66 /product names
[01:01:02] Deleting unwanted file: HM81_Bin1.fa_prokka/PROKKA_11012021.sprot.tmp.54231.faa
[01:01:02] Deleting unwanted file: HM81_Bin1.fa_prokka/PROKKA_11012021.sprot.tmp.54231.blast
[01:01:03] There are still 2769 unannotated CDS left (started with 3503)
[01:01:03] Will use hmmer3 to search against /home/ylifc/miniconda2/envs/prokka/db/hmm/HAMAP.hmm with 64 CPUs
[01:01:03] Running: cat HM81_Bin1\.fa_prokka\/PROKKA_11012021\.HAMAP\.hmm\.tmp\.54231\.faa | parallel --gnu --plain -j 64 --block 3201 --recstart '>' --pipe hmmscan --noali --notextw --acc -E 1e-09 --cpu 1 /home/ylifc/miniconda2/envs/prokka/db/hmm/HAMAP.hmm /dev/stdin > HM81_Bin1\.fa_prokka\/PROKKA_11012021\.HAMAP\.hmm\.tmp\.54231\.hmmer3 2> /dev/null
[01:04:07] Deleting unwanted file: HM81_Bin1.fa_prokka/PROKKA_11012021.HAMAP.hmm.tmp.54231.faa
[01:04:07] Deleting unwanted file: HM81_Bin1.fa_prokka/PROKKA_11012021.HAMAP.hmm.tmp.54231.hmmer3
[01:04:07] Labelling remaining 2560 proteins as 'hypothetical protein'
[01:04:07] Possible /pseudo 'Methionine synthase' at gnl|Prokka|GDPELAJJ_437 position 3785
[01:04:07] Possible /pseudo 'Adaptive-response sensory-kinase SasA' at gnl|Prokka|GDPELAJJ_969 position 1296
[01:04:07] Found 672 unique /gene codes.
[01:04:07] Fixed 3 duplicate /gene - ribH_1 ribH_2 ribH_3
[01:04:07] Fixed 5 duplicate /gene - sasA_1 sasA_2 sasA_3 sasA_4 sasA_5
[01:04:07] Fixed 2 duplicate /gene - queG_1 queG_2
[01:04:07] Fixed 2 duplicate /gene - cutA_1 cutA_2
[01:04:07] Fixed 2 duplicate /gene - murI_1 murI_2
[01:04:07] Fixed 2 duplicate /gene - higA-2_1 higA-2_2
[01:04:07] Fixed 2 duplicate /gene - pckA_1 pckA_2
[01:04:07] Fixed 2 duplicate /gene - prcB_1 prcB_2
[01:04:07] Fixed 2 duplicate /gene - plsX_1 plsX_2
[01:04:07] Fixed 3 duplicate /gene - cysC_1 cysC_2 cysC_3
[01:04:07] Fixed 2 duplicate /gene - argF_1 argF_2
[01:04:07] Fixed 2 duplicate /gene - panB_1 panB_2
[01:04:07] Fixed 3 duplicate /gene - rsmA_1 rsmA_2 rsmA_3
[01:04:07] Fixed 2 duplicate /gene - ubiE_1 ubiE_2
[01:04:07] Fixed 6 duplicate /gene - COQ3_1 COQ3_2 COQ3_3 COQ3_4 COQ3_5 COQ3_6
[01:04:07] Fixed 2 duplicate /gene - nuoJ_1 nuoJ_2
[01:04:07] Fixed 3 duplicate /gene - hemA_1 hemA_2 hemA_3
[01:04:07] Fixed 4 duplicate /gene - prcA_1 prcA_2 prcA_3 prcA_4
[01:04:07] Fixed 2 duplicate /gene - pyrF_1 pyrF_2
[01:04:07] Fixed 2 duplicate /gene - ctaB_1 ctaB_2
[01:04:07] Fixed 2 duplicate /gene - pdeR_1 pdeR_2
[01:04:07] Fixed 2 duplicate /gene - dapF_1 dapF_2
[01:04:07] Fixed 2 duplicate /gene - nhaP2_1 nhaP2_2
[01:04:07] Fixed 2 duplicate /gene - cheY_1 cheY_2
[01:04:07] Fixed 2 duplicate /gene - rtcA_1 rtcA_2
[01:04:07] Fixed 2 duplicate /gene - tdk_1 tdk_2
[01:04:07] Fixed 2 duplicate /gene - sucC_1 sucC_2
[01:04:07] Fixed 2 duplicate /gene - fbiB_1 fbiB_2
[01:04:07] Fixed 2 duplicate /gene - ycbB_1 ycbB_2
[01:04:07] Fixed 2 duplicate /gene - coaBC_1 coaBC_2
[01:04:07] Fixed 2 duplicate /gene - mobA_1 mobA_2
[01:04:07] Fixed 2 duplicate /gene - queE_1 queE_2
[01:04:07] Fixed 2 duplicate /gene - gcvH_1 gcvH_2
[01:04:07] Fixed 2 duplicate /gene - pepE_1 pepE_2
[01:04:07] Fixed 2 duplicate /gene - yfiC_1 yfiC_2
[01:04:07] Fixed 2 duplicate /gene - leuA_1 leuA_2
[01:04:07] Fixed 3 duplicate /gene - IMPDH_1 IMPDH_2 IMPDH_3
[01:04:07] Fixed 2 duplicate /gene - ccr_1 ccr_2
[01:04:07] Fixed 2 duplicate /gene - allB_1 allB_2
[01:04:07] Fixed 2 duplicate /gene - metH_1 metH_2
[01:04:07] Fixed 2 duplicate /gene - slyD_1 slyD_2
[01:04:07] Fixed 2 duplicate /gene - fadJ_1 fadJ_2
[01:04:07] Fixed 2 duplicate /gene - pyrH_1 pyrH_2
[01:04:07] Fixed 3 duplicate /gene - pdaD_1 pdaD_2 pdaD_3
[01:04:07] Fixed 3 duplicate /gene - rhlE_1 rhlE_2 rhlE_3
[01:04:07] Fixed 2 duplicate /gene - guaA_1 guaA_2
[01:04:07] Fixed 2 duplicate /gene - rhaR_1 rhaR_2
[01:04:07] Fixed 2 duplicate /gene - gerN_1 gerN_2
[01:04:07] Fixed 2 duplicate /gene - larB_1 larB_2
[01:04:07] Fixed 2 duplicate /gene - serS_1 serS_2
[01:04:07] Fixed 2 duplicate /gene - fixL_1 fixL_2
[01:04:07] Fixed 2 duplicate /gene - aroE_1 aroE_2
[01:04:07] Fixed 2 duplicate /gene - yrdA_1 yrdA_2
[01:04:07] Fixed 2 duplicate /gene - luxQ_1 luxQ_2
[01:04:07] Fixed 6 duplicate /gene - resA_1 resA_2 resA_3 resA_4 resA_5 resA_6
[01:04:07] Fixed 3 duplicate /gene - glnB_1 glnB_2 glnB_3
[01:04:07] Fixed 2 duplicate /gene - dtd3_1 dtd3_2
[01:04:07] Fixed 2 duplicate /gene - nnr_1 nnr_2
[01:04:07] Fixed 2 duplicate /gene - recJ_1 recJ_2
[01:04:07] Fixed 2 duplicate /gene - ndhC_1 ndhC_2
[01:04:07] Fixed 2 duplicate /gene - btuD_1 btuD_2
[01:04:07] Fixed 2 duplicate /gene - dnaG_1 dnaG_2
[01:04:07] Fixed 3 duplicate /gene - cobB_1 cobB_2 cobB_3
[01:04:07] Fixed 2 duplicate /gene - pleC_1 pleC_2
[01:04:07] Fixed 2 duplicate /gene - atpC_1 atpC_2
[01:04:07] Fixed 2 duplicate /gene - copA_1 copA_2
[01:04:07] Fixed 2 duplicate /gene - griH_1 griH_2
[01:04:07] Fixed 3 duplicate /gene - rhdA_1 rhdA_2 rhdA_3
[01:04:07] Fixed 2 duplicate /gene - livF_1 livF_2
[01:04:07] Fixed 2 duplicate /gene - gdhA_1 gdhA_2
[01:04:07] Fixed 3 duplicate /gene - dbpA_1 dbpA_2 dbpA_3
[01:04:07] Fixed 2 duplicate /gene - dapH_1 dapH_2
[01:04:07] Fixed 3 duplicate /gene - hldE_1 hldE_2 hldE_3
[01:04:07] Fixed 2 duplicate /gene - yhjX_1 yhjX_2
[01:04:07] Fixed 4 duplicate /gene - bcp_1 bcp_2 bcp_3 bcp_4
[01:04:07] Fixed 2 duplicate /gene - folE_1 folE_2
[01:04:07] Fixed 3 duplicate /gene - lnrL_1 lnrL_2 lnrL_3
[01:04:07] Fixed 2 duplicate /gene - dhfrIII_1 dhfrIII_2
[01:04:07] Fixed 2 duplicate /gene - envC_1 envC_2
[01:04:07] Fixed 2 duplicate /gene - frdA_1 frdA_2
[01:04:07] Fixed 2 duplicate /gene - arsM_1 arsM_2
[01:04:07] Fixed 2 duplicate /gene - purL_1 purL_2
[01:04:07] Fixed 2 duplicate /gene - yedJ_1 yedJ_2
[01:04:07] Fixed 2 duplicate /gene - cph1_1 cph1_2
[01:04:07] Fixed 2 duplicate /gene - metG_1 metG_2
[01:04:07] Fixed 2 duplicate /gene - acpP_1 acpP_2
[01:04:07] Fixed 3 duplicate /gene - rcsC_1 rcsC_2 rcsC_3
[01:04:07] Fixed 2 duplicate /gene - pspA_1 pspA_2
[01:04:07] Fixed 3 duplicate /gene - thrC_1 thrC_2 thrC_3
[01:04:07] Fixed 2 duplicate /gene - ratA_1 ratA_2
[01:04:07] Fixed 2 duplicate /gene - pepN_1 pepN_2
[01:04:07] Fixed 3 duplicate /gene - ycf3_1 ycf3_2 ycf3_3
[01:04:07] Fixed 2 duplicate /gene - ubiB_1 ubiB_2
[01:04:07] Fixed 2 duplicate /gene - iolC_1 iolC_2
[01:04:07] Fixed 3 duplicate /gene - msrA_1 msrA_2 msrA_3
[01:04:07] Fixed 2 duplicate /gene - ftsH_1 ftsH_2
[01:04:07] Fixed 3 duplicate /gene - ndhI_1 ndhI_2 ndhI_3
[01:04:07] Fixed 2 duplicate /gene - htpX_1 htpX_2
[01:04:07] Fixed 2 duplicate /gene - ribBA_1 ribBA_2
[01:04:07] Fixed 2 duplicate /gene - ligA_1 ligA_2
[01:04:07] Fixed 2 duplicate /gene - lapB_1 lapB_2
[01:04:07] Fixed 2 duplicate /gene - ndhJ_1 ndhJ_2
[01:04:07] Fixed 4 duplicate /gene - sdhE_1 sdhE_2 sdhE_3 sdhE_4
[01:04:07] Fixed 3 duplicate /gene - pdeB_1 pdeB_2 pdeB_3
[01:04:07] Fixed 2 duplicate /gene - lysX_1 lysX_2
[01:04:07] Fixed 4 duplicate /gene - atoC_1 atoC_2 atoC_3 atoC_4
[01:04:07] Fixed 2 duplicate /gene - fbiD_1 fbiD_2
[01:04:07] Fixed 2 duplicate /gene - pyrE_1 pyrE_2
[01:04:07] Fixed 2 duplicate /gene - dinG_1 dinG_2
[01:04:07] Fixed 2 duplicate /gene - ribB_1 ribB_2
[01:04:07] Fixed 2 duplicate /gene - walK_1 walK_2
[01:04:07] Fixed 2 duplicate /gene - sacC_1 sacC_2
[01:04:07] Fixed 3 duplicate /gene - rmlD_1 rmlD_2 rmlD_3
[01:04:07] Fixed 2 duplicate /gene - cshA_1 cshA_2
[01:04:07] Fixed 3 duplicate /gene - nfo_1 nfo_2 nfo_3
[01:04:07] Fixed 2 duplicate /gene - nadA_1 nadA_2
[01:04:07] Fixed 4 duplicate /gene - rsxB_1 rsxB_2 rsxB_3 rsxB_4
[01:04:07] Fixed 2 duplicate /gene - apgM_1 apgM_2
[01:04:07] Fixed 3 duplicate /gene - mntR_1 mntR_2 mntR_3
[01:04:07] Fixed 2 duplicate /gene - divK_1 divK_2
[01:04:07] Fixed 5 duplicate /gene - trxA_1 trxA_2 trxA_3 trxA_4 trxA_5
[01:04:07] Fixed 3 duplicate /gene - pal_1 pal_2 pal_3
[01:04:07] Fixed 2 duplicate /gene - yknY_1 yknY_2
[01:04:07] Fixed 3 duplicate /gene - frdB_1 frdB_2 frdB_3
[01:04:07] Fixed 124 colliding /gene names.
[01:04:07] Adding /locus_tag identifiers
[01:04:07] Assigned 3562 locus_tags to CDS and RNA features.
[01:04:07] Writing outputs to HM81_Bin1.fa_prokka/
[01:04:14] Generating annotation statistics file
[01:04:14] Generating Genbank and Sequin files
[01:04:14] Running: tbl2asn -V b -a r10k -l paired-ends -M n -N 1 -y 'Annotated using prokka 1.14.6 from https://github.com/tseemann/prokka' -Z HM81_Bin1\.fa_prokka\/PROKKA_11012021\.err -i HM81_Bin1\.fa_prokka\/PROKKA_11012021\.fsa 2> /dev/null
[01:04:52] Deleting unwanted file: HM81_Bin1.fa_prokka/errorsummary.val
[01:04:52] Deleting unwanted file: HM81_Bin1.fa_prokka/PROKKA_11012021.dr
[01:04:52] Deleting unwanted file: HM81_Bin1.fa_prokka/PROKKA_11012021.fixedproducts
[01:04:52] Deleting unwanted file: HM81_Bin1.fa_prokka/PROKKA_11012021.ecn
[01:04:52] Deleting unwanted file: HM81_Bin1.fa_prokka/PROKKA_11012021.val
[01:04:52] Repairing broken .GBK output that tbl2asn produces...
[01:04:52] Running: sed 's/COORDINATES: profile/COORDINATES:profile/' < HM81_Bin1\.fa_prokka\/PROKKA_11012021\.gbf > HM81_Bin1\.fa_prokka\/PROKKA_11012021\.gbk
[01:04:52] Deleting unwanted file: HM81_Bin1.fa_prokka/PROKKA_11012021.gbf
[01:04:52] Output files:
[01:04:52] HM81_Bin1.fa_prokka/PROKKA_11012021.err
[01:04:52] HM81_Bin1.fa_prokka/PROKKA_11012021.faa
[01:04:52] HM81_Bin1.fa_prokka/PROKKA_11012021.ffn
[01:04:52] HM81_Bin1.fa_prokka/PROKKA_11012021.fna
[01:04:52] HM81_Bin1.fa_prokka/PROKKA_11012021.fsa
[01:04:52] HM81_Bin1.fa_prokka/PROKKA_11012021.gbk
[01:04:52] HM81_Bin1.fa_prokka/PROKKA_11012021.gff
[01:04:52] HM81_Bin1.fa_prokka/PROKKA_11012021.log
[01:04:52] HM81_Bin1.fa_prokka/PROKKA_11012021.sqn
[01:04:52] HM81_Bin1.fa_prokka/PROKKA_11012021.tbl
[01:04:52] HM81_Bin1.fa_prokka/PROKKA_11012021.tsv
[01:04:52] HM81_Bin1.fa_prokka/PROKKA_11012021.txt
[01:04:52] Annotation finished successfully.
[01:04:52] Walltime used: 38.73 minutes
[01:04:52] If you use this result please cite the Prokka paper:
[01:04:52] Seemann T (2014) Prokka: rapid prokaryotic genome annotation. Bioinformatics. 30(14):2068-9.
[01:04:52] Type 'prokka --citation' for more details.
[01:04:52] Thank you, come again.
