[21:35:14] This is prokka 1.14.6
[21:35:14] Written by Torsten Seemann <torsten.seemann@gmail.com>
[21:35:14] Homepage is https://github.com/tseemann/prokka
[21:35:14] Local time is Sun Oct 31 21:35:14 2021
[21:35:14] You are ylifc
[21:35:14] Operating system is linux
[21:35:14] You have BioPerl 1.007002
[21:35:14] System has 64 cores.
[21:35:14] Will use maximum of 64 cores.
[21:35:14] Annotating as >>> Bacteria <<<
[21:35:14] Generating locus_tag from 'Nitrosoarchaeum-Baikal-G1-C1.fa' contents.
[21:35:14] Setting --locustag IBDBGNFL from MD5 2bdb07f584bc7b29373ff6168ebf5a43
[21:35:14] Enabling options to ensure Genbank/ENA/DDJB submission compliance.
[21:35:14] Creating new output folder: Nitrosoarchaeum-Baikal-G1-C1.fa_prokka
[21:35:14] Running: mkdir -p Nitrosoarchaeum\-Baikal\-G1\-C1\.fa_prokka
[21:35:14] Using filename prefix: PROKKA_10312021.XXX
[21:35:14] Setting HMMER_NCPU=1
[21:35:14] Writing log to: Nitrosoarchaeum-Baikal-G1-C1.fa_prokka/PROKKA_10312021.log
[21:35:14] Command: /home/ylifc/miniconda2/envs/prokka/bin/prokka --cpus 0 --compliant --rfam Nitrosoarchaeum-Baikal-G1-C1.fa --outdir Nitrosoarchaeum-Baikal-G1-C1.fa_prokka
[21:35:14] Appending to PATH: /home/ylifc/miniconda2/envs/prokka/bin
[21:35:14] Looking for 'aragorn' - found /home/ylifc/miniconda2/envs/prokka/bin/aragorn
[21:35:14] Determined aragorn version is 001002 from 'ARAGORN v1.2.38 Dean Laslett'
[21:35:14] Looking for 'barrnap' - found /home/ylifc/miniconda2/envs/prokka/bin/barrnap
[21:35:14] Determined barrnap version is 000009 from 'barrnap 0.9'
[21:35:14] Looking for 'blastp' - found /home/ylifc/miniconda2/envs/prokka/bin/blastp
[21:35:16] Determined blastp version is 002012 from 'blastp: 2.12.0+'
[21:35:16] Looking for 'cmpress' - found /home/ylifc/miniconda2/envs/prokka/bin/cmpress
[21:35:16] Determined cmpress version is 001001 from '# INFERNAL 1.1.4 (Dec 2020)'
[21:35:16] Looking for 'cmscan' - found /home/ylifc/miniconda2/envs/prokka/bin/cmscan
[21:35:16] Determined cmscan version is 001001 from '# INFERNAL 1.1.4 (Dec 2020)'
[21:35:16] Looking for 'egrep' - found /bin/egrep
[21:35:16] Looking for 'find' - found /usr/bin/find
[21:35:16] Looking for 'grep' - found /bin/grep
[21:35:16] Looking for 'hmmpress' - found /home/ylifc/miniconda2/envs/prokka/bin/hmmpress
[21:35:16] Determined hmmpress version is 003003 from '# HMMER 3.3.2 (Nov 2020); http://hmmer.org/'
[21:35:16] Looking for 'hmmscan' - found /home/ylifc/miniconda2/envs/prokka/bin/hmmscan
[21:35:16] Determined hmmscan version is 003003 from '# HMMER 3.3.2 (Nov 2020); http://hmmer.org/'
[21:35:16] Looking for 'java' - found /home/ylifc/miniconda2/envs/prokka/bin/java
[21:35:16] Looking for 'makeblastdb' - found /home/ylifc/miniconda2/envs/prokka/bin/makeblastdb
[21:35:18] Determined makeblastdb version is 002012 from 'makeblastdb: 2.12.0+'
[21:35:18] Looking for 'minced' - found /home/ylifc/miniconda2/envs/prokka/bin/minced
[21:35:19] Determined minced version is 004002 from 'minced 0.4.2'
[21:35:19] Looking for 'parallel' - found /home/ylifc/miniconda2/envs/prokka/bin/parallel
[21:35:19] Determined parallel version is 20211022 from 'GNU parallel 20211022'
[21:35:19] Looking for 'prodigal' - found /home/ylifc/miniconda2/envs/prokka/bin/prodigal
[21:35:19] Determined prodigal version is 002006 from 'Prodigal V2.6.3: February, 2016'
[21:35:19] Looking for 'prokka-genbank_to_fasta_db' - found /home/ylifc/miniconda2/envs/prokka/bin/prokka-genbank_to_fasta_db
[21:35:19] Looking for 'sed' - found /bin/sed
[21:35:19] Looking for 'tbl2asn' - found /home/ylifc/miniconda2/envs/prokka/bin/tbl2asn
[21:35:19] Determined tbl2asn version is 025007 from 'tbl2asn 25.7   arguments:'
[21:35:19] Using genetic code table 11.
[21:35:19] Loading and checking input file: Nitrosoarchaeum-Baikal-G1-C1.fa
[21:35:19] Wrote 13 contigs totalling 1193764 bp.
[21:35:19] Predicting tRNAs and tmRNAs
[21:35:19] Running: aragorn -l -gc11  -w Nitrosoarchaeum\-Baikal\-G1\-C1\.fa_prokka\/PROKKA_10312021\.fna
[21:35:20] 1 tRNA-Gly [33242,33316] 36 (tcc)
[21:35:20] tRNA c[77581,77671] is a pseudo/wacky gene - skipping.
[21:35:20] 3 tRNA-Thr c[139901,139975] 36 (tgt)
[21:35:20] 4 tRNA-Val c[145644,145735] 34 (cac)
[21:35:20] 1 tRNA-Pro c[37371,37447] 36 (tgg)
[21:35:20] 2 tRNA-Arg c[56557,56632] 36 (gcg)
[21:35:20] 3 tRNA-Glu [143985,144060] 37 (ctc)
[21:35:20] 4 tRNA-Gly [146258,146334] 36 (gcc)
[21:35:20] 5 tRNA-Leu c[235977,236063] 38 (gag)
[21:35:20] 6 tRNA-His c[247025,247097] 34 (gtg)
[21:35:20] 7 tRNA-Met c[261963,262036] 35 (cat)
[21:35:20] 8 tRNA-Asp c[285148,285224] 37 (gtc)
[21:35:20] 9 tRNA-Lys [285321,285395] 35 (ttt)
[21:35:20] 10 tRNA-Ala c[292953,293027] 35 (ggc)
[21:35:20] 11 tRNA-Pro [294042,294117] 36 (cgg)
[21:35:20] 12 tRNA-Ser c[304884,304969] 36 (tga)
[21:35:20] 13 tRNA-Leu [314552,314638] 38 (tag)
[21:35:20] 14 tRNA-Ala [321695,321766] 33 (cgc)
[21:35:20] 15 tRNA-Val c[344552,344628] 37 (tac)
[21:35:20] 16 tRNA-Lys c[349519,349593] 35 (ctt)
[21:35:20] 17 tRNA-Arg [357792,357867] 36 (tcg)
[21:35:20] 1 tRNA-Asn c[30354,30428] 35 (gtt)
[21:35:20] 2 tRNA-Phe c[70411,70486] 36 (gaa)
[21:35:20] 1 tRNA-Ser [35173,35256] 34 (cga)
[21:35:20] 1 tRNA-Leu c[12280,12366] 38 (cag)
[21:35:20] 2 tRNA-Gln [19062,19137] 35 (ttg)
[21:35:20] 3 tRNA-Gly [38772,38845] 35 (ccc)
[21:35:20] 1 tRNA-Ser c[66321,66407] 36 (gct)
[21:35:20] 2 tRNA-Ser c[66605,66691] 36 (act)
[21:35:20] 1 tRNA-Cys [4973,5044] 33 (gca)
[21:35:20] 2 tRNA-Thr c[9262,9335] 35 (cgt)
[21:35:20] 3 tRNA-Ala c[36355,36429] 35 (tgc)
[21:35:20] 4 tRNA-Thr [38800,38873] 35 (ggt)
[21:35:20] 5 tRNA-Arg [72695,72771] 37 (tct)
[21:35:20] 1 tRNA-Pro [1861,1934] 35 (ggg)
[21:35:20] 2 tRNA-Val [29196,29270] 35 (gac)
[21:35:20] Found 35 tRNAs
[21:35:20] Predicting Ribosomal RNAs
[21:35:20] Running Barrnap with 64 threads
[21:35:23] 1 gnl|Prokka|IBDBGNFL_1 228462 16S ribosomal RNA (partial)
[21:35:23] 2 gnl|Prokka|IBDBGNFL_10 21 23S ribosomal RNA (partial)
[21:35:23] 3 gnl|Prokka|IBDBGNFL_2 255358 5S ribosomal RNA
[21:35:23] Found 3 rRNAs
[21:35:23] Scanning for ncRNAs... please be patient.
[21:35:23] Running: cmscan -Z 2.387528 --cut_ga --rfam --nohmmonly --fmt 2 --cpu 64 --tblout /dev/stdout -o /dev/null --noali /home/ylifc/miniconda2/envs/prokka/db/cm/Bacteria Nitrosoarchaeum\-Baikal\-G1\-C1\.fa_prokka\/PROKKA_10312021\.fna
[21:40:13] 1 ncRNA 1 gnl|Prokka|IBDBGNFL_1 1..292
[21:40:13] 2 ncRNA 1 gnl|Prokka|IBDBGNFL_2 1..303
[21:40:13] 3 ncRNA 1 gnl|Prokka|IBDBGNFL_5 1..318
[21:40:13] Found 3 ncRNAs.
[21:40:13] Total of 38 tRNA + rRNA features
[21:40:13] Searching for CRISPR repeats
[21:40:14] Found 0 CRISPRs
[21:40:14] Predicting coding sequences
[21:40:14] Contigs total 1193764 bp, so using single mode
[21:40:14] Running: prodigal -i Nitrosoarchaeum\-Baikal\-G1\-C1\.fa_prokka\/PROKKA_10312021\.fna -c -m -g 11 -p single -f sco -q
[21:40:17] Excluding CDS which overlaps existing RNA (tRNA) at gnl|Prokka|IBDBGNFL_2:146313..146762 on - strand
[21:40:18] Found 1451 CDS
[21:40:18] Connecting features back to sequences
[21:40:18] Not using genus-specific database. Try --usegenus to enable it.
[21:40:18] Annotating CDS, please be patient.
[21:40:18] Will use 64 CPUs for similarity searching.
[21:40:19] There are still 1451 unannotated CDS left (started with 1451)
[21:40:19] Will use blast to search against /home/ylifc/miniconda2/envs/prokka/db/kingdom/Bacteria/IS with 64 CPUs
[21:40:19] Running: cat Nitrosoarchaeum\-Baikal\-G1\-C1\.fa_prokka\/PROKKA_10312021\.IS\.tmp\.47717\.faa | parallel --gnu --plain -j 64 --block 2842 --recstart '>' --pipe blastp -query - -db /home/ylifc/miniconda2/envs/prokka/db/kingdom/Bacteria/IS -evalue 1e-30 -qcov_hsp_perc 90 -num_threads 1 -num_descriptions 1 -num_alignments 1 -seg no > Nitrosoarchaeum\-Baikal\-G1\-C1\.fa_prokka\/PROKKA_10312021\.IS\.tmp\.47717\.blast 2> /dev/null
[21:40:58] Deleting unwanted file: Nitrosoarchaeum-Baikal-G1-C1.fa_prokka/PROKKA_10312021.IS.tmp.47717.faa
[21:40:58] Deleting unwanted file: Nitrosoarchaeum-Baikal-G1-C1.fa_prokka/PROKKA_10312021.IS.tmp.47717.blast
[21:40:59] There are still 1451 unannotated CDS left (started with 1451)
[21:40:59] Will use blast to search against /home/ylifc/miniconda2/envs/prokka/db/kingdom/Bacteria/AMR with 64 CPUs
[21:40:59] Running: cat Nitrosoarchaeum\-Baikal\-G1\-C1\.fa_prokka\/PROKKA_10312021\.AMR\.tmp\.47717\.faa | parallel --gnu --plain -j 64 --block 2842 --recstart '>' --pipe blastp -query - -db /home/ylifc/miniconda2/envs/prokka/db/kingdom/Bacteria/AMR -evalue 9.99999999999999e-301 -qcov_hsp_perc 90 -num_threads 1 -num_descriptions 1 -num_alignments 1 -seg no > Nitrosoarchaeum\-Baikal\-G1\-C1\.fa_prokka\/PROKKA_10312021\.AMR\.tmp\.47717\.blast 2> /dev/null
[21:41:36] Deleting unwanted file: Nitrosoarchaeum-Baikal-G1-C1.fa_prokka/PROKKA_10312021.AMR.tmp.47717.faa
[21:41:36] Deleting unwanted file: Nitrosoarchaeum-Baikal-G1-C1.fa_prokka/PROKKA_10312021.AMR.tmp.47717.blast
[21:41:37] There are still 1451 unannotated CDS left (started with 1451)
[21:41:37] Will use blast to search against /home/ylifc/miniconda2/envs/prokka/db/kingdom/Bacteria/sprot with 64 CPUs
[21:41:37] Running: cat Nitrosoarchaeum\-Baikal\-G1\-C1\.fa_prokka\/PROKKA_10312021\.sprot\.tmp\.47717\.faa | parallel --gnu --plain -j 64 --block 2842 --recstart '>' --pipe blastp -query - -db /home/ylifc/miniconda2/envs/prokka/db/kingdom/Bacteria/sprot -evalue 1e-09 -qcov_hsp_perc 80 -num_threads 1 -num_descriptions 1 -num_alignments 1 -seg no > Nitrosoarchaeum\-Baikal\-G1\-C1\.fa_prokka\/PROKKA_10312021\.sprot\.tmp\.47717\.blast 2> /dev/null
[21:43:30] Modify product: Bifunctional protein FolD => Bifunctional protein FolD protein
[21:43:31] Modify product: Uncharacterized transporter Rv2685 => putative transporter
[21:43:31] Modify product: Uncharacterized protein YisK => putative protein YisK
[21:43:31] Modify product: Uncharacterized protein YedJ => putative protein YedJ
[21:43:31] Modify product: Probable polyketide biosynthesis zinc-dependent hydrolase PksB => putative polyketide biosynthesis zinc-dependent hydrolase PksB
[21:43:31] Modify product: Putative 2-hydroxyacid dehydrogenase SA2098 => Putative 2-hydroxyacid dehydrogenase
[21:43:31] Modify product: Probable cysteine desulfurase => putative cysteine desulfurase
[21:43:31] Modify product: UPF0051 protein SA0778 => hypothetical protein
[21:43:31] Modify product: UPF0051 protein SA0778 => hypothetical protein
[21:43:31] Modify product: Probable ABC transporter ATP-binding protein M6_Spy0273 => putative ABC transporter ATP-binding protein
[21:43:31] Modify product: Uncharacterized protein MSMEG_2782/MSMEI_2713 => putative protein/MSMEI_2713
[21:43:31] Modify product: Uncharacterized protein YqgN => putative protein YqgN
[21:43:31] Modify product: Probable oxidoreductase CT_610 => putative oxidoreductase CT_610
[21:43:32] Modify product: Probable GTPase Rv1496 => putative GTPase
[21:43:32] Modify product: Probable UbiX-like flavin prenyltransferase => putative UbiX-like flavin prenyltransferase
[21:43:32] Modify product: Putative coenzyme F420-dependent oxidoreductase Rv3520c => Putative coenzyme F420-dependent oxidoreductase
[21:43:32] Modify product: Probable adenylyl-sulfate kinase => putative adenylyl-sulfate kinase
[21:43:32] Modify product: Probable endonuclease 4 => putative endonuclease 4
[21:43:32] Modify product: Probable dual-specificity RNA methyltransferase RlmN => putative dual-specificity RNA methyltransferase RlmN
[21:43:32] Modify product: NADH dehydrogenase-like protein SAOUHSC_00878 => NADH dehydrogenase-like protein
[21:43:32] Modify product: UPF0098 protein CT_736 => hypothetical protein
[21:43:32] Modify product: UPF0053 protein Rv2366c => hypothetical protein
[21:43:32] Modify product: Uncharacterized oxidoreductase SA2266 => putative oxidoreductase
[21:43:32] Modify product: NAD(P)H-dependent FAD/FMN reductase GTNG_3158 => NAD(P)H-dependent FAD/FMN reductase
[21:43:32] Modify product: Ribonuclease TTHA0252 => Ribonuclease
[21:43:33] Modify product: Uncharacterized metal-dependent hydrolase YcfH => putative metal-dependent hydrolase YcfH
[21:43:33] Modify product: Uncharacterized oxidoreductase SA2266 => putative oxidoreductase
[21:43:33] Modify product: Probable dipeptidase PepE => putative dipeptidase PepE
[21:43:33] Modify product: Probable protein kinase UbiB => putative protein kinase UbiB
[21:43:33] Modify product: Uncharacterized protein YccU => putative protein YccU
[21:43:33] Cleaned 30 /product names
[21:43:33] Deleting unwanted file: Nitrosoarchaeum-Baikal-G1-C1.fa_prokka/PROKKA_10312021.sprot.tmp.47717.faa
[21:43:33] Deleting unwanted file: Nitrosoarchaeum-Baikal-G1-C1.fa_prokka/PROKKA_10312021.sprot.tmp.47717.blast
[21:43:33] There are still 1047 unannotated CDS left (started with 1451)
[21:43:33] Will use hmmer3 to search against /home/ylifc/miniconda2/envs/prokka/db/hmm/HAMAP.hmm with 64 CPUs
[21:43:33] Running: cat Nitrosoarchaeum\-Baikal\-G1\-C1\.fa_prokka\/PROKKA_10312021\.HAMAP\.hmm\.tmp\.47717\.faa | parallel --gnu --plain -j 64 --block 1774 --recstart '>' --pipe hmmscan --noali --notextw --acc -E 1e-09 --cpu 1 /home/ylifc/miniconda2/envs/prokka/db/hmm/HAMAP.hmm /dev/stdin > Nitrosoarchaeum\-Baikal\-G1\-C1\.fa_prokka\/PROKKA_10312021\.HAMAP\.hmm\.tmp\.47717\.hmmer3 2> /dev/null
[21:45:02] Modify product: Uncharacterized MFS-type transporter YhhS => putative MFS-type transporter YhhS
[21:45:02] Modify product: Uncharacterized Nudix hydrolase NudL => putative Nudix hydrolase NudL
[21:45:02] Cleaned 2 /product names
[21:45:02] Deleting unwanted file: Nitrosoarchaeum-Baikal-G1-C1.fa_prokka/PROKKA_10312021.HAMAP.hmm.tmp.47717.faa
[21:45:02] Deleting unwanted file: Nitrosoarchaeum-Baikal-G1-C1.fa_prokka/PROKKA_10312021.HAMAP.hmm.tmp.47717.hmmer3
[21:45:02] Labelling remaining 911 proteins as 'hypothetical protein'
[21:45:02] Possible /pseudo 'FO synthase' at gnl|Prokka|IBDBGNFL_2 position 44940
[21:45:02] Possible /pseudo 'Ribonuclease PH' at gnl|Prokka|IBDBGNFL_2 position 158677
[21:45:02] Possible /pseudo 'NAD(P)H-quinone oxidoreductase subunit 2, chloroplastic' at gnl|Prokka|IBDBGNFL_2 position 265264
[21:45:02] Possible /pseudo 'Ferredoxin-type protein NapF' at gnl|Prokka|IBDBGNFL_2 position 305722
[21:45:02] Possible /pseudo 'Deoxyhypusine synthase-like protein' at gnl|Prokka|IBDBGNFL_2 position 340283
[21:45:02] Possible /pseudo 'Methionine synthase' at gnl|Prokka|IBDBGNFL_6 position 29736
[21:45:02] Found 444 unique /gene codes.
[21:45:02] Fixed 2 duplicate /gene - ureA_1 ureA_2
[21:45:02] Fixed 2 duplicate /gene - ndhB_1 ndhB_2
[21:45:02] Fixed 3 duplicate /gene - ftsH_1 ftsH_2 ftsH_3
[21:45:02] Fixed 2 duplicate /gene - metH_1 metH_2
[21:45:02] Fixed 2 duplicate /gene - metG_1 metG_2
[21:45:02] Fixed 2 duplicate /gene - tuf_1 tuf_2
[21:45:02] Fixed 3 duplicate /gene - cugP_1 cugP_2 cugP_3
[21:45:02] Fixed 2 duplicate /gene - recA_1 recA_2
[21:45:02] Fixed 2 duplicate /gene - carA_1 carA_2
[21:45:02] Fixed 2 duplicate /gene - vgb_1 vgb_2
[21:45:02] Fixed 5 duplicate /gene - petE_1 petE_2 petE_3 petE_4 petE_5
[21:45:02] Fixed 2 duplicate /gene - ilvE_1 ilvE_2
[21:45:02] Fixed 2 duplicate /gene - valS_1 valS_2
[21:45:02] Fixed 4 duplicate /gene - dnaJ_1 dnaJ_2 dnaJ_3 dnaJ_4
[21:45:02] Fixed 2 duplicate /gene - prcB_1 prcB_2
[21:45:02] Fixed 2 duplicate /gene - ccr_1 ccr_2
[21:45:02] Fixed 2 duplicate /gene - arnC_1 arnC_2
[21:45:02] Fixed 2 duplicate /gene - mimB_1 mimB_2
[21:45:02] Fixed 2 duplicate /gene - nadK_1 nadK_2
[21:45:02] Fixed 2 duplicate /gene - ndhI_1 ndhI_2
[21:45:02] Fixed 2 duplicate /gene - rhdA_1 rhdA_2
[21:45:02] Fixed 2 duplicate /gene - bcp_1 bcp_2
[21:45:02] Fixed 2 duplicate /gene - hemA_1 hemA_2
[21:45:02] Fixed 3 duplicate /gene - groL_1 groL_2 groL_3
[21:45:02] Fixed 2 duplicate /gene - ctaB_1 ctaB_2
[21:45:02] Fixed 2 duplicate /gene - cysQ_1 cysQ_2
[21:45:02] Fixed 2 duplicate /gene - thi4_1 thi4_2
[21:45:02] Fixed 2 duplicate /gene - rph_1 rph_2
[21:45:02] Fixed 2 duplicate /gene - prcA_1 prcA_2
[21:45:02] Fixed 2 duplicate /gene - ubiD_1 ubiD_2
[21:45:02] Fixed 2 duplicate /gene - aspS2_1 aspS2_2
[21:45:02] Fixed 2 duplicate /gene - iolS_1 iolS_2
[21:45:02] Fixed 3 duplicate /gene - lrp_1 lrp_2 lrp_3
[21:45:02] Fixed 2 duplicate /gene - btuD_1 btuD_2
[21:45:02] Fixed 2 duplicate /gene - fbiC_1 fbiC_2
[21:45:02] Fixed 2 duplicate /gene - algC_1 algC_2
[21:45:02] Fixed 2 duplicate /gene - nnr_1 nnr_2
[21:45:02] Fixed 2 duplicate /gene - cobD_1 cobD_2
[21:45:02] Fixed 2 duplicate /gene - lysX_1 lysX_2
[21:45:02] Fixed 2 duplicate /gene - hit_1 hit_2
[21:45:02] Fixed 2 duplicate /gene - fbiB_1 fbiB_2
[21:45:02] Fixed 2 duplicate /gene - ywlC_1 ywlC_2
[21:45:02] Fixed 2 duplicate /gene - ttuD_1 ttuD_2
[21:45:02] Fixed 3 duplicate /gene - thrB_1 thrB_2 thrB_3
[21:45:02] Fixed 2 duplicate /gene - sodA_1 sodA_2
[21:45:02] Fixed 2 duplicate /gene - napF_1 napF_2
[21:45:02] Fixed 2 duplicate /gene - COQ5_1 COQ5_2
[21:45:02] Fixed 2 duplicate /gene - dbpA_1 dbpA_2
[21:45:02] Fixed 2 duplicate /gene - COQ3_1 COQ3_2
[21:45:02] Fixed 49 colliding /gene names.
[21:45:02] Adding /locus_tag identifiers
[21:45:03] Assigned 1492 locus_tags to CDS and RNA features.
[21:45:03] Writing outputs to Nitrosoarchaeum-Baikal-G1-C1.fa_prokka/
[21:45:05] Generating annotation statistics file
[21:45:05] Generating Genbank and Sequin files
[21:45:05] Running: tbl2asn -V b -a r10k -l paired-ends -M n -N 1 -y 'Annotated using prokka 1.14.6 from https://github.com/tseemann/prokka' -Z Nitrosoarchaeum\-Baikal\-G1\-C1\.fa_prokka\/PROKKA_10312021\.err -i Nitrosoarchaeum\-Baikal\-G1\-C1\.fa_prokka\/PROKKA_10312021\.fsa 2> /dev/null
[21:45:15] Deleting unwanted file: Nitrosoarchaeum-Baikal-G1-C1.fa_prokka/errorsummary.val
[21:45:15] Deleting unwanted file: Nitrosoarchaeum-Baikal-G1-C1.fa_prokka/PROKKA_10312021.dr
[21:45:15] Deleting unwanted file: Nitrosoarchaeum-Baikal-G1-C1.fa_prokka/PROKKA_10312021.fixedproducts
[21:45:15] Deleting unwanted file: Nitrosoarchaeum-Baikal-G1-C1.fa_prokka/PROKKA_10312021.ecn
[21:45:15] Deleting unwanted file: Nitrosoarchaeum-Baikal-G1-C1.fa_prokka/PROKKA_10312021.val
[21:45:15] Repairing broken .GBK output that tbl2asn produces...
[21:45:15] Running: sed 's/COORDINATES: profile/COORDINATES:profile/' < Nitrosoarchaeum\-Baikal\-G1\-C1\.fa_prokka\/PROKKA_10312021\.gbf > Nitrosoarchaeum\-Baikal\-G1\-C1\.fa_prokka\/PROKKA_10312021\.gbk
[21:45:15] Deleting unwanted file: Nitrosoarchaeum-Baikal-G1-C1.fa_prokka/PROKKA_10312021.gbf
[21:45:15] Output files:
[21:45:15] Nitrosoarchaeum-Baikal-G1-C1.fa_prokka/PROKKA_10312021.err
[21:45:15] Nitrosoarchaeum-Baikal-G1-C1.fa_prokka/PROKKA_10312021.faa
[21:45:15] Nitrosoarchaeum-Baikal-G1-C1.fa_prokka/PROKKA_10312021.ffn
[21:45:15] Nitrosoarchaeum-Baikal-G1-C1.fa_prokka/PROKKA_10312021.fna
[21:45:15] Nitrosoarchaeum-Baikal-G1-C1.fa_prokka/PROKKA_10312021.fsa
[21:45:15] Nitrosoarchaeum-Baikal-G1-C1.fa_prokka/PROKKA_10312021.gbk
[21:45:15] Nitrosoarchaeum-Baikal-G1-C1.fa_prokka/PROKKA_10312021.gff
[21:45:15] Nitrosoarchaeum-Baikal-G1-C1.fa_prokka/PROKKA_10312021.log
[21:45:15] Nitrosoarchaeum-Baikal-G1-C1.fa_prokka/PROKKA_10312021.sqn
[21:45:15] Nitrosoarchaeum-Baikal-G1-C1.fa_prokka/PROKKA_10312021.tbl
[21:45:15] Nitrosoarchaeum-Baikal-G1-C1.fa_prokka/PROKKA_10312021.tsv
[21:45:15] Nitrosoarchaeum-Baikal-G1-C1.fa_prokka/PROKKA_10312021.txt
[21:45:15] Annotation finished successfully.
[21:45:15] Walltime used: 10.02 minutes
[21:45:15] If you use this result please cite the Prokka paper:
[21:45:15] Seemann T (2014) Prokka: rapid prokaryotic genome annotation. Bioinformatics. 30(14):2068-9.
[21:45:15] Type 'prokka --citation' for more details.
[21:45:15] Share and enjoy!
