Running pplacer v1.1.alpha19-0-g807f6f3 analysis on methane_seep_checkm/storage/tree/concatenated.fasta...
Didn't find any reference sequences in given alignment file. Using supplied reference alignment.
Pre-masking sequences... sequence length cut from 6988 to 6766.
Warning: pplacer results make the most sense when the given tree is multifurcating at the root. See manual for details.
Determining figs... figs disabled.
Allocating memory for internal nodes... done.
Caching likelihood information on reference tree... done.
Pulling exponents... done.
Preparing the edges for baseball... done.
working on HM45_Bin2_renamed (1/18)...
working on HM81_Bin2_renamed (2/18)...
working on HM82_Bin1_renamed (3/18)...
working on HM81_Bin1_renamed (4/18)...
working on SMM_01_renamed (5/18)...
working on HM82_Bin2_renamed (6/18)...
working on F_renamed (7/18)...
working on EGM_Bin2_renamed (8/18)...
working on SB_01_renamed (9/18)...
working on XS87_02_renamed (10/18)...
working on XS83_01_renamed (11/18)...
working on HM79_Bin_renamed (12/18)...
working on SB_02_renamed (13/18)...
working on EGM_Bin1_renamed (14/18)...
working on XS87_01_renamed (15/18)...
working on HM45_Bin1_renamed (16/18)...
working on XS83_02_renamed (17/18)...
working on HM58_Bin_renamed (18/18)...
