Running pplacer v1.1.alpha19-0-g807f6f3 analysis on freshwater_partII_checkm/storage/tree/concatenated.fasta...
Didn't find any reference sequences in given alignment file. Using supplied reference alignment.
Pre-masking sequences... sequence length cut from 6988 to 6447.
Warning: pplacer results make the most sense when the given tree is multifurcating at the root. See manual for details.
Determining figs... figs disabled.
Allocating memory for internal nodes... done.
Caching likelihood information on reference tree... done.
Pulling exponents... done.
Preparing the edges for baseball... done.
working on Nitrosopumilus_sp_DDS1_renamed (1/13)...
working on Nitrosopumilus_salaria_BD31_renamed (2/13)...
working on Nitrosopumilus_koreensis_AR1_renamed (3/13)...
working on Nitrosarchaeum_limnium_BG20_renamed (4/13)...
working on Nitrosopumilus_adriaticus_strain_NF5_renamed (5/13)...
working on Nitrosarchaeum_koreense_MY1_renamed (6/13)...
working on Nitrosarchaeum_limnium_SFB1_renamed (7/13)...
working on Nitrosopumilus_sp_Nsub_renamed (8/13)...
working on Nitrosomarinus_catalina_strain_SPOT01_renamed (9/13)...
working on Nitrosopumilus_maritimus_SCM1_renamed (10/13)...
working on Nitrosopumilus_sp_D3C_renamed (11/13)...
working on Nitrosoarchaeum-Baikal-G1-C1_renamed (12/13)...
working on Nitrosoarchaeum_sp_BD3_renamed (13/13)...
