Running pplacer v1.1.alpha19-0-g807f6f3 analysis on genome_checkm/storage/tree/concatenated.fasta...
Didn't find any reference sequences in given alignment file. Using supplied reference alignment.
Pre-masking sequences... sequence length cut from 6988 to 6768.
Warning: pplacer results make the most sense when the given tree is multifurcating at the root. See manual for details.
Determining figs... figs disabled.
Allocating memory for internal nodes... done.
Caching likelihood information on reference tree... done.
Pulling exponents... done.
Preparing the edges for baseball... done.
working on XS83_Bin1 (1/18)...
working on HM79_Bin1 (2/18)...
working on SB_Bin2 (3/18)...
working on HM45_Bin2 (4/18)...
working on SMM_Bin1 (5/18)...
working on HM58_Bin1 (6/18)...
working on HM82_Bin1 (7/18)...
working on HM81_Bin1 (8/18)...
working on SB_Bin1 (9/18)...
working on EGM_Bin2 (10/18)...
working on XS83_Bin2 (11/18)...
working on XS87_Bin1 (12/18)...
working on HM81_Bin2 (13/18)...
working on F_Bin1 (14/18)...
working on HM82_Bin2 (15/18)...
working on EGM_Bin1 (16/18)...
working on XS87_Bin2 (17/18)...
working on HM45_Bin1 (18/18)...
