Discrepancy Report Results

Summary
DISC_SOURCE_QUALS_ASNDISC:strain (all present, all same)
DISC_SOURCE_QUALS_ASNDISC:taxname (all present, all same)
DISC_FEATURE_COUNT:gene: 555 present
DISC_FEATURE_COUNT:CDS: 537 present
DISC_FEATURE_COUNT:tRNA: 15 present
DISC_FEATURE_COUNT:rRNA: 2 present
DISC_FEATURE_COUNT:misc_RNA: 1 present
DISC_COUNT_NUCLEOTIDES:33 nucleotide Bioseqs are present
OVERLAPPING_GENES:128 genes overlap another gene on the same strand.
SUSPECT_PRODUCT_NAMES:3 product_names contain suspect phrase or characters
	Organelles not appropriate in prokaryote
		2 features contains 'Chloroplast'
	May contain database identifier more appropriate in note; remove from product name
		1 features Three or more numbers together
NO_ANNOTATION:2 bioseqs have no features
DISC_QUALITY_SCORES:Quality scores are missing on all sequences.
DISC_BAD_BACTERIAL_GENE_NAME:6 bacterial genes do not start with lowercase letters
ONCALLER_COMMENT_PRESENT:33 comment descriptors were found (all same)
SHORT_PROT_SEQUENCES:12 protein sequences are shorter than 50 aa.
MISSING_GENOMEASSEMBLY_COMMENTS:33 bioseqs are missing GenomeAssembly structured comments
TEST_UNUSUAL_MISC_RNA:1 unexpected misc_RNA features found.  misc_RNAs are unusual in a genome, consider using ncRNA, misc_binding, or misc_feature as appropriate.
MOLTYPE_NOT_MRNA:33 molecule types are not set as mRNA.
TECHNIQUE_NOT_TSA:33 technique are not set as TSA
MISSING_STRUCTURED_COMMENT:33 sequences do not include structured comments.
MISSING_PROJECT:570 sequences do not include project.
DISC_INCONSISTENT_MOLINFO_TECH:Molinfo Technique Report (some missing, all same)


Detailed Report

DiscRep_ALL:DISC_SOURCE_QUALS_ASNDISC::strain (all present, all same)
DiscRep_SUB:DISC_SOURCE_QUALS_ASNDISC::33 sources have 'strain' for strain
DiscRep_ALL:DISC_SOURCE_QUALS_ASNDISC::taxname (all present, all same)
DiscRep_SUB:DISC_SOURCE_QUALS_ASNDISC::33 sources have 'Genus species' for taxname
DiscRep_ALL:DISC_FEATURE_COUNT::gene: 555 present
DiscRep_ALL:DISC_FEATURE_COUNT::CDS: 537 present
DiscRep_ALL:DISC_FEATURE_COUNT::tRNA: 15 present
DiscRep_ALL:DISC_FEATURE_COUNT::rRNA: 2 present
DiscRep_ALL:DISC_FEATURE_COUNT::misc_RNA: 1 present
DiscRep_ALL:DISC_COUNT_NUCLEOTIDES::33 nucleotide Bioseqs are present
AAA799-D07.fa_prokka/PROKKA_10312021:Prokka:AKDIDOID_1 (length 90673)
AAA799-D07.fa_prokka/PROKKA_10312021:Prokka:AKDIDOID_2 (length 81748)
AAA799-D07.fa_prokka/PROKKA_10312021:Prokka:AKDIDOID_3 (length 64295)
AAA799-D07.fa_prokka/PROKKA_10312021:Prokka:AKDIDOID_4 (length 30733)
AAA799-D07.fa_prokka/PROKKA_10312021:Prokka:AKDIDOID_5 (length 26356)
AAA799-D07.fa_prokka/PROKKA_10312021:Prokka:AKDIDOID_6 (length 12429)
AAA799-D07.fa_prokka/PROKKA_10312021:Prokka:AKDIDOID_7 (length 11993)
AAA799-D07.fa_prokka/PROKKA_10312021:Prokka:AKDIDOID_8 (length 9865)
AAA799-D07.fa_prokka/PROKKA_10312021:Prokka:AKDIDOID_9 (length 23897)
AAA799-D07.fa_prokka/PROKKA_10312021:Prokka:AKDIDOID_10 (length 8305)
AAA799-D07.fa_prokka/PROKKA_10312021:Prokka:AKDIDOID_11 (length 8541)
AAA799-D07.fa_prokka/PROKKA_10312021:Prokka:AKDIDOID_12 (length 5864)
AAA799-D07.fa_prokka/PROKKA_10312021:Prokka:AKDIDOID_13 (length 5580)
AAA799-D07.fa_prokka/PROKKA_10312021:Prokka:AKDIDOID_14 (length 7783)
AAA799-D07.fa_prokka/PROKKA_10312021:Prokka:AKDIDOID_15 (length 4527)
AAA799-D07.fa_prokka/PROKKA_10312021:Prokka:AKDIDOID_16 (length 4158)
AAA799-D07.fa_prokka/PROKKA_10312021:Prokka:AKDIDOID_17 (length 4143)
AAA799-D07.fa_prokka/PROKKA_10312021:Prokka:AKDIDOID_18 (length 4965)
AAA799-D07.fa_prokka/PROKKA_10312021:Prokka:AKDIDOID_19 (length 3689)
AAA799-D07.fa_prokka/PROKKA_10312021:Prokka:AKDIDOID_20 (length 3647)
AAA799-D07.fa_prokka/PROKKA_10312021:Prokka:AKDIDOID_21 (length 3396)
AAA799-D07.fa_prokka/PROKKA_10312021:Prokka:AKDIDOID_22 (length 3168)
AAA799-D07.fa_prokka/PROKKA_10312021:Prokka:AKDIDOID_23 (length 1983)
AAA799-D07.fa_prokka/PROKKA_10312021:Prokka:AKDIDOID_24 (length 1704)
AAA799-D07.fa_prokka/PROKKA_10312021:Prokka:AKDIDOID_25 (length 1635)
AAA799-D07.fa_prokka/PROKKA_10312021:Prokka:AKDIDOID_26 (length 1571)
AAA799-D07.fa_prokka/PROKKA_10312021:Prokka:AKDIDOID_27 (length 1513)
AAA799-D07.fa_prokka/PROKKA_10312021:Prokka:AKDIDOID_28 (length 1497)
AAA799-D07.fa_prokka/PROKKA_10312021:Prokka:AKDIDOID_29 (length 1405)
AAA799-D07.fa_prokka/PROKKA_10312021:Prokka:AKDIDOID_30 (length 1374)
AAA799-D07.fa_prokka/PROKKA_10312021:Prokka:AKDIDOID_31 (length 1362)
AAA799-D07.fa_prokka/PROKKA_10312021:Prokka:AKDIDOID_32 (length 1118)
AAA799-D07.fa_prokka/PROKKA_10312021:Prokka:AKDIDOID_33 (length 1001)

DiscRep_ALL:OVERLAPPING_GENES::128 genes overlap another gene on the same strand.
AAA799-D07.fa_prokka/PROKKA_10312021:Gene	AKDIDOID_00003	AKDIDOID_1:c3855-1762	AKDIDOID_00003
AAA799-D07.fa_prokka/PROKKA_10312021:Gene	AKDIDOID_00004	AKDIDOID_1:c4379-3852	AKDIDOID_00004
AAA799-D07.fa_prokka/PROKKA_10312021:Gene	AKDIDOID_00015	AKDIDOID_1:c11351-11133	AKDIDOID_00015
AAA799-D07.fa_prokka/PROKKA_10312021:Gene	AKDIDOID_00016	AKDIDOID_1:c11740-11348	AKDIDOID_00016
AAA799-D07.fa_prokka/PROKKA_10312021:Gene	AKDIDOID_00033	AKDIDOID_1:c25606-25250	AKDIDOID_00033
AAA799-D07.fa_prokka/PROKKA_10312021:Gene	AKDIDOID_00034	AKDIDOID_1:c26048-25596	AKDIDOID_00034
AAA799-D07.fa_prokka/PROKKA_10312021:Gene	AKDIDOID_00080	AKDIDOID_1:58246-58479	AKDIDOID_00080
AAA799-D07.fa_prokka/PROKKA_10312021:Gene	AKDIDOID_00081	AKDIDOID_1:58466-58867	AKDIDOID_00081
AAA799-D07.fa_prokka/PROKKA_10312021:Gene	yghA	AKDIDOID_1:64422-65099	AKDIDOID_00088
AAA799-D07.fa_prokka/PROKKA_10312021:Gene	kdsB_1	AKDIDOID_1:65093-65887	AKDIDOID_00089
AAA799-D07.fa_prokka/PROKKA_10312021:Gene	AKDIDOID_00090	AKDIDOID_1:c67823-65889	AKDIDOID_00090
AAA799-D07.fa_prokka/PROKKA_10312021:Gene	AKDIDOID_00091	AKDIDOID_1:c68232-67777	AKDIDOID_00091
AAA799-D07.fa_prokka/PROKKA_10312021:Gene	AKDIDOID_00113	AKDIDOID_2:1294-1692	AKDIDOID_00113
AAA799-D07.fa_prokka/PROKKA_10312021:Gene	AKDIDOID_00114	AKDIDOID_2:1685-2062	AKDIDOID_00114
AAA799-D07.fa_prokka/PROKKA_10312021:Gene	AKDIDOID_00116	AKDIDOID_2:c3721-2540	AKDIDOID_00116
AAA799-D07.fa_prokka/PROKKA_10312021:Gene	dppB	AKDIDOID_2:c4770-3718	AKDIDOID_00117
AAA799-D07.fa_prokka/PROKKA_10312021:Gene	carA	AKDIDOID_2:28704-29783	AKDIDOID_00147
AAA799-D07.fa_prokka/PROKKA_10312021:Gene	carB	AKDIDOID_2:29770-33012	AKDIDOID_00148
AAA799-D07.fa_prokka/PROKKA_10312021:Gene	AKDIDOID_00186	AKDIDOID_2:61556-61726	AKDIDOID_00186
AAA799-D07.fa_prokka/PROKKA_10312021:Gene	AKDIDOID_00187	AKDIDOID_2:61665-62033	AKDIDOID_00187
AAA799-D07.fa_prokka/PROKKA_10312021:Gene	cysS	AKDIDOID_2:c81266-80073	AKDIDOID_00208
AAA799-D07.fa_prokka/PROKKA_10312021:Gene	mshC	AKDIDOID_2:c81465-81259	AKDIDOID_00209
AAA799-D07.fa_prokka/PROKKA_10312021:Gene	pksB	AKDIDOID_3:c7734-7123	AKDIDOID_00218
AAA799-D07.fa_prokka/PROKKA_10312021:Gene	nnr	AKDIDOID_3:c8378-7731	AKDIDOID_00219
AAA799-D07.fa_prokka/PROKKA_10312021:Gene	galK	AKDIDOID_3:11353-12309	AKDIDOID_00225
AAA799-D07.fa_prokka/PROKKA_10312021:Gene	argB	AKDIDOID_3:12306-13043	AKDIDOID_00226
AAA799-D07.fa_prokka/PROKKA_10312021:Gene	idi	AKDIDOID_3:13000-13686	AKDIDOID_00227
AAA799-D07.fa_prokka/PROKKA_10312021:Gene	AKDIDOID_00228	AKDIDOID_3:13683-14666	AKDIDOID_00228
AAA799-D07.fa_prokka/PROKKA_10312021:Gene	gluQ	AKDIDOID_3:14644-16380	AKDIDOID_00229
AAA799-D07.fa_prokka/PROKKA_10312021:Gene	AKDIDOID_00240	AKDIDOID_3:c24754-24203	AKDIDOID_00240
AAA799-D07.fa_prokka/PROKKA_10312021:Gene	AKDIDOID_00241	AKDIDOID_3:c25358-24738	AKDIDOID_00241
AAA799-D07.fa_prokka/PROKKA_10312021:Gene	AKDIDOID_00249	AKDIDOID_3:30910-32178	AKDIDOID_00249
AAA799-D07.fa_prokka/PROKKA_10312021:Gene	AKDIDOID_00250	AKDIDOID_3:32138-33028	AKDIDOID_00250
AAA799-D07.fa_prokka/PROKKA_10312021:Gene	petB	AKDIDOID_3:c35638-34070	AKDIDOID_00254
AAA799-D07.fa_prokka/PROKKA_10312021:Gene	petC	AKDIDOID_3:c36224-35622	AKDIDOID_00255
AAA799-D07.fa_prokka/PROKKA_10312021:Gene	hisF	AKDIDOID_3:c50734-49931	AKDIDOID_00262
AAA799-D07.fa_prokka/PROKKA_10312021:Gene	hisA	AKDIDOID_3:c51435-50731	AKDIDOID_00263
AAA799-D07.fa_prokka/PROKKA_10312021:Gene	hisH	AKDIDOID_3:c52037-51432	AKDIDOID_00264
AAA799-D07.fa_prokka/PROKKA_10312021:Gene	AKDIDOID_00266	AKDIDOID_3:c53579-52653	AKDIDOID_00266
AAA799-D07.fa_prokka/PROKKA_10312021:Gene	hisC	AKDIDOID_3:c54643-53576	AKDIDOID_00267
AAA799-D07.fa_prokka/PROKKA_10312021:Gene	hisD	AKDIDOID_3:c55878-54640	AKDIDOID_00268
AAA799-D07.fa_prokka/PROKKA_10312021:Gene	hisG	AKDIDOID_3:c56861-55875	AKDIDOID_00269
AAA799-D07.fa_prokka/PROKKA_10312021:Gene	AKDIDOID_00276	AKDIDOID_4:17-184	AKDIDOID_00276
AAA799-D07.fa_prokka/PROKKA_10312021:Gene	fadA	AKDIDOID_4:181-1287	AKDIDOID_00277
AAA799-D07.fa_prokka/PROKKA_10312021:Gene	AKDIDOID_00278	AKDIDOID_4:1284-1607	AKDIDOID_00278
AAA799-D07.fa_prokka/PROKKA_10312021:Gene	bioD1	AKDIDOID_4:c11102-10416	AKDIDOID_00288
AAA799-D07.fa_prokka/PROKKA_10312021:Gene	bioA	AKDIDOID_4:c12421-11099	AKDIDOID_00289
AAA799-D07.fa_prokka/PROKKA_10312021:Gene	bioB	AKDIDOID_4:12513-13493	AKDIDOID_00290
AAA799-D07.fa_prokka/PROKKA_10312021:Gene	AKDIDOID_00291	AKDIDOID_4:13483-14613	AKDIDOID_00291
AAA799-D07.fa_prokka/PROKKA_10312021:Gene	AKDIDOID_00297	AKDIDOID_4:17893-18879	AKDIDOID_00297
AAA799-D07.fa_prokka/PROKKA_10312021:Gene	AKDIDOID_00298	AKDIDOID_4:18879-19691	AKDIDOID_00298
AAA799-D07.fa_prokka/PROKKA_10312021:Gene	AKDIDOID_00299	AKDIDOID_4:19688-19954	AKDIDOID_00299
AAA799-D07.fa_prokka/PROKKA_10312021:Gene	AKDIDOID_00302	AKDIDOID_4:20857-21591	AKDIDOID_00302
AAA799-D07.fa_prokka/PROKKA_10312021:Gene	AKDIDOID_00303	AKDIDOID_4:21591-21794	AKDIDOID_00303
AAA799-D07.fa_prokka/PROKKA_10312021:Gene	AKDIDOID_00304	AKDIDOID_4:21791-22132	AKDIDOID_00304
AAA799-D07.fa_prokka/PROKKA_10312021:Gene	AKDIDOID_00305	AKDIDOID_4:22132-22569	AKDIDOID_00305
AAA799-D07.fa_prokka/PROKKA_10312021:Gene	AKDIDOID_00306	AKDIDOID_4:22571-23047	AKDIDOID_00306
AAA799-D07.fa_prokka/PROKKA_10312021:Gene	AKDIDOID_00307	AKDIDOID_4:23047-23763	AKDIDOID_00307
AAA799-D07.fa_prokka/PROKKA_10312021:Gene	AKDIDOID_00308	AKDIDOID_4:23768-24289	AKDIDOID_00308
AAA799-D07.fa_prokka/PROKKA_10312021:Gene	AKDIDOID_00309	AKDIDOID_4:24289-24483	AKDIDOID_00309
AAA799-D07.fa_prokka/PROKKA_10312021:Gene	rpsH	AKDIDOID_4:24492-24884	AKDIDOID_00310
AAA799-D07.fa_prokka/PROKKA_10312021:Gene	AKDIDOID_00311	AKDIDOID_4:24874-25431	AKDIDOID_00311
AAA799-D07.fa_prokka/PROKKA_10312021:Gene	fabG	AKDIDOID_5:c2845-2108	AKDIDOID_00326
AAA799-D07.fa_prokka/PROKKA_10312021:Gene	phaJ	AKDIDOID_5:c3275-2835	AKDIDOID_00327
AAA799-D07.fa_prokka/PROKKA_10312021:Gene	AKDIDOID_00328	AKDIDOID_5:c3525-3268	AKDIDOID_00328
AAA799-D07.fa_prokka/PROKKA_10312021:Gene	AKDIDOID_00331	AKDIDOID_5:c5600-4428	AKDIDOID_00331
AAA799-D07.fa_prokka/PROKKA_10312021:Gene	AKDIDOID_00332	AKDIDOID_5:c6669-5590	AKDIDOID_00332
AAA799-D07.fa_prokka/PROKKA_10312021:Gene	ntpB	AKDIDOID_5:c14564-13161	AKDIDOID_00339
AAA799-D07.fa_prokka/PROKKA_10312021:Gene	ntpA	AKDIDOID_5:c16327-14564	AKDIDOID_00340
AAA799-D07.fa_prokka/PROKKA_10312021:Gene	atpF	AKDIDOID_5:c16688-16329	AKDIDOID_00341
AAA799-D07.fa_prokka/PROKKA_10312021:Gene	atpC	AKDIDOID_5:c17749-16685	AKDIDOID_00342
AAA799-D07.fa_prokka/PROKKA_10312021:Gene	atpE	AKDIDOID_5:c18303-17749	AKDIDOID_00343
AAA799-D07.fa_prokka/PROKKA_10312021:Gene	pyrH	AKDIDOID_5:c24636-23962	AKDIDOID_00352
AAA799-D07.fa_prokka/PROKKA_10312021:Gene	AKDIDOID_00353	AKDIDOID_5:c25877-24633	AKDIDOID_00353
AAA799-D07.fa_prokka/PROKKA_10312021:Gene	tmk	AKDIDOID_5:c26191-25874	AKDIDOID_00354
AAA799-D07.fa_prokka/PROKKA_10312021:Gene	ribH	AKDIDOID_6:1142-1555	AKDIDOID_00357
AAA799-D07.fa_prokka/PROKKA_10312021:Gene	AKDIDOID_00358	AKDIDOID_6:1555-2334	AKDIDOID_00358
AAA799-D07.fa_prokka/PROKKA_10312021:Gene	atzA	AKDIDOID_6:2331-3518	AKDIDOID_00359
AAA799-D07.fa_prokka/PROKKA_10312021:Gene	ribD2	AKDIDOID_6:3505-4158	AKDIDOID_00360
AAA799-D07.fa_prokka/PROKKA_10312021:Gene	AKDIDOID_00362	AKDIDOID_6:c5222-4677	AKDIDOID_00362
AAA799-D07.fa_prokka/PROKKA_10312021:Gene	hflX	AKDIDOID_6:c6324-5212	AKDIDOID_00363
AAA799-D07.fa_prokka/PROKKA_10312021:Gene	AKDIDOID_00369	AKDIDOID_6:9432-9770	AKDIDOID_00369
AAA799-D07.fa_prokka/PROKKA_10312021:Gene	AKDIDOID_00370	AKDIDOID_6:9767-10117	AKDIDOID_00370
AAA799-D07.fa_prokka/PROKKA_10312021:Gene	AKDIDOID_00372	AKDIDOID_6:c11449-10733	AKDIDOID_00372
AAA799-D07.fa_prokka/PROKKA_10312021:Gene	bsdC	AKDIDOID_6:c12339-11446	AKDIDOID_00373
AAA799-D07.fa_prokka/PROKKA_10312021:Gene	mntR_2	AKDIDOID_8:c5935-5477	AKDIDOID_00398
AAA799-D07.fa_prokka/PROKKA_10312021:Gene	AKDIDOID_00399	AKDIDOID_8:c6705-5935	AKDIDOID_00399
AAA799-D07.fa_prokka/PROKKA_10312021:Gene	AKDIDOID_00403	AKDIDOID_9:487-1263	AKDIDOID_00403
AAA799-D07.fa_prokka/PROKKA_10312021:Gene	ogt	AKDIDOID_9:1260-1559	AKDIDOID_00404
AAA799-D07.fa_prokka/PROKKA_10312021:Gene	AKDIDOID_00405	AKDIDOID_9:c2032-1556	AKDIDOID_00405
AAA799-D07.fa_prokka/PROKKA_10312021:Gene	AKDIDOID_00406	AKDIDOID_9:c2402-1998	AKDIDOID_00406
AAA799-D07.fa_prokka/PROKKA_10312021:Gene	AKDIDOID_00413	AKDIDOID_9:9782-10198	AKDIDOID_00413
AAA799-D07.fa_prokka/PROKKA_10312021:Gene	AKDIDOID_00414	AKDIDOID_9:10195-10863	AKDIDOID_00414
AAA799-D07.fa_prokka/PROKKA_10312021:Gene	AKDIDOID_00415	AKDIDOID_9:10860-11336	AKDIDOID_00415
AAA799-D07.fa_prokka/PROKKA_10312021:Gene	AKDIDOID_00416	AKDIDOID_9:11338-11838	AKDIDOID_00416
AAA799-D07.fa_prokka/PROKKA_10312021:Gene	secY	AKDIDOID_9:11831-13282	AKDIDOID_00417
AAA799-D07.fa_prokka/PROKKA_10312021:Gene	AKDIDOID_00418	AKDIDOID_9:13263-13850	AKDIDOID_00418
AAA799-D07.fa_prokka/PROKKA_10312021:Gene	AKDIDOID_00419	AKDIDOID_9:13847-14488	AKDIDOID_00419
AAA799-D07.fa_prokka/PROKKA_10312021:Gene	cmk	AKDIDOID_9:14485-14901	AKDIDOID_00420
AAA799-D07.fa_prokka/PROKKA_10312021:Gene	AKDIDOID_00421	AKDIDOID_9:14861-14980	AKDIDOID_00421
AAA799-D07.fa_prokka/PROKKA_10312021:Gene	truB	AKDIDOID_9:14977-15987	AKDIDOID_00422
AAA799-D07.fa_prokka/PROKKA_10312021:Gene	AKDIDOID_00423	AKDIDOID_9:15984-16442	AKDIDOID_00423
AAA799-D07.fa_prokka/PROKKA_10312021:Gene	AKDIDOID_00424	AKDIDOID_9:16611-16841	AKDIDOID_00424
AAA799-D07.fa_prokka/PROKKA_10312021:Gene	AKDIDOID_00425	AKDIDOID_9:16784-17140	AKDIDOID_00425
AAA799-D07.fa_prokka/PROKKA_10312021:Gene	AKDIDOID_00435	AKDIDOID_9:c22247-21882	AKDIDOID_00435
AAA799-D07.fa_prokka/PROKKA_10312021:Gene	AKDIDOID_00436	AKDIDOID_9:c22383-22192	AKDIDOID_00436
AAA799-D07.fa_prokka/PROKKA_10312021:Gene	thrB_1	AKDIDOID_11:c3489-2545	AKDIDOID_00452
AAA799-D07.fa_prokka/PROKKA_10312021:Gene	AKDIDOID_00453	AKDIDOID_11:c4247-3489	AKDIDOID_00453
AAA799-D07.fa_prokka/PROKKA_10312021:Gene	griI	AKDIDOID_14:23-454	AKDIDOID_00478
AAA799-D07.fa_prokka/PROKKA_10312021:Gene	griH	AKDIDOID_14:444-1499	AKDIDOID_00479
AAA799-D07.fa_prokka/PROKKA_10312021:Gene	aroD	AKDIDOID_14:1496-2164	AKDIDOID_00480
AAA799-D07.fa_prokka/PROKKA_10312021:Gene	aroE	AKDIDOID_14:2165-2986	AKDIDOID_00481
AAA799-D07.fa_prokka/PROKKA_10312021:Gene	thrB_2	AKDIDOID_14:2986-3840	AKDIDOID_00482
AAA799-D07.fa_prokka/PROKKA_10312021:Gene	aroA_1	AKDIDOID_14:3830-4603	AKDIDOID_00483
AAA799-D07.fa_prokka/PROKKA_10312021:Gene	AKDIDOID_00489	AKDIDOID_15:565-921	AKDIDOID_00489
AAA799-D07.fa_prokka/PROKKA_10312021:Gene	novN_2	AKDIDOID_15:921-2627	AKDIDOID_00490
AAA799-D07.fa_prokka/PROKKA_10312021:Gene	AKDIDOID_00493	AKDIDOID_16:58-1083	AKDIDOID_00493
AAA799-D07.fa_prokka/PROKKA_10312021:Gene	AKDIDOID_00494	AKDIDOID_16:1083-1766	AKDIDOID_00494
AAA799-D07.fa_prokka/PROKKA_10312021:Gene	AKDIDOID_00505	AKDIDOID_18:527-817	AKDIDOID_00505
AAA799-D07.fa_prokka/PROKKA_10312021:Gene	AKDIDOID_00506	AKDIDOID_18:814-1011	AKDIDOID_00506
AAA799-D07.fa_prokka/PROKKA_10312021:Gene	mobA	AKDIDOID_18:c1578-994	AKDIDOID_00507
AAA799-D07.fa_prokka/PROKKA_10312021:Gene	cobS	AKDIDOID_18:c2300-1575	AKDIDOID_00508
AAA799-D07.fa_prokka/PROKKA_10312021:Gene	cobD_1	AKDIDOID_18:c3264-2293	AKDIDOID_00509
AAA799-D07.fa_prokka/PROKKA_10312021:Gene	cobQ	AKDIDOID_18:c3812-3264	AKDIDOID_00510
AAA799-D07.fa_prokka/PROKKA_10312021:Gene	mraY	AKDIDOID_21:489-1478	AKDIDOID_00522
AAA799-D07.fa_prokka/PROKKA_10312021:Gene	AKDIDOID_00523	AKDIDOID_21:1478-1708	AKDIDOID_00523
AAA799-D07.fa_prokka/PROKKA_10312021:Gene	DmdB	AKDIDOID_31:c653-171	AKDIDOID_00552
AAA799-D07.fa_prokka/PROKKA_10312021:Gene	dmdA	AKDIDOID_31:c1321-653	AKDIDOID_00553

DiscRep_ALL:SUSPECT_PRODUCT_NAMES::3 product_names contain suspect phrase or characters
DiscRep_SUB:SUSPECT_PRODUCT_NAMES::Organelles not appropriate in prokaryote
DiscRep_SUB:SUSPECT_PRODUCT_NAMES::2 features contains 'Chloroplast'
AAA799-D07.fa_prokka/PROKKA_10312021:CDS	NAD(P)H-quinone oxidoreductase subunit I, chloroplastic	AKDIDOID_3:c30457-30149	AKDIDOID_00247
AAA799-D07.fa_prokka/PROKKA_10312021:CDS	NAD(P)H-quinone oxidoreductase subunit 2, chloroplastic	AKDIDOID_24:c1637-153	AKDIDOID_00536

DiscRep_SUB:SUSPECT_PRODUCT_NAMES::May contain database identifier more appropriate in note; remove from product name
DiscRep_SUB:SUSPECT_PRODUCT_NAMES::1 features Three or more numbers together
AAA799-D07.fa_prokka/PROKKA_10312021:CDS	Bifunctional F420 biosynthesis protein FbiB	AKDIDOID_9:c23210-22443	AKDIDOID_00437

DiscRep_ALL:NO_ANNOTATION::2 bioseqs have no features
AAA799-D07.fa_prokka/PROKKA_10312021:Prokka:AKDIDOID_26 (length 1571)
AAA799-D07.fa_prokka/PROKKA_10312021:Prokka:AKDIDOID_33 (length 1001)

DiscRep_ALL:DISC_QUALITY_SCORES::Quality scores are missing on all sequences.

DiscRep_ALL:DISC_BAD_BACTERIAL_GENE_NAME::6 bacterial genes do not start with lowercase letters
AAA799-D07.fa_prokka/PROKKA_10312021:Gene	FCS1	AKDIDOID_1:c25199-23097	AKDIDOID_00032
AAA799-D07.fa_prokka/PROKKA_10312021:Gene	Dml	AKDIDOID_1:c46478-45621	AKDIDOID_00062
AAA799-D07.fa_prokka/PROKKA_10312021:Gene	OLA1_1	AKDIDOID_2:78861-80072	AKDIDOID_00207
AAA799-D07.fa_prokka/PROKKA_10312021:Gene	OLA1_2	AKDIDOID_3:c27921-26728	AKDIDOID_00244
AAA799-D07.fa_prokka/PROKKA_10312021:Gene	QTRT1	AKDIDOID_3:28607-30115	AKDIDOID_00246
AAA799-D07.fa_prokka/PROKKA_10312021:Gene	DmdB	AKDIDOID_31:c653-171	AKDIDOID_00552

DiscRep_ALL:ONCALLER_COMMENT_PRESENT::33 comment descriptors were found (all same)
AAA799-D07.fa_prokka/PROKKA_10312021:Prokka:AKDIDOID_1:Annotated using prokka 1.14.6 from https://github.com/tseemann/prokka
AAA799-D07.fa_prokka/PROKKA_10312021:Prokka:AKDIDOID_2:Annotated using prokka 1.14.6 from https://github.com/tseemann/prokka
AAA799-D07.fa_prokka/PROKKA_10312021:Prokka:AKDIDOID_3:Annotated using prokka 1.14.6 from https://github.com/tseemann/prokka
AAA799-D07.fa_prokka/PROKKA_10312021:Prokka:AKDIDOID_4:Annotated using prokka 1.14.6 from https://github.com/tseemann/prokka
AAA799-D07.fa_prokka/PROKKA_10312021:Prokka:AKDIDOID_5:Annotated using prokka 1.14.6 from https://github.com/tseemann/prokka
AAA799-D07.fa_prokka/PROKKA_10312021:Prokka:AKDIDOID_6:Annotated using prokka 1.14.6 from https://github.com/tseemann/prokka
AAA799-D07.fa_prokka/PROKKA_10312021:Prokka:AKDIDOID_7:Annotated using prokka 1.14.6 from https://github.com/tseemann/prokka
AAA799-D07.fa_prokka/PROKKA_10312021:Prokka:AKDIDOID_8:Annotated using prokka 1.14.6 from https://github.com/tseemann/prokka
AAA799-D07.fa_prokka/PROKKA_10312021:Prokka:AKDIDOID_9:Annotated using prokka 1.14.6 from https://github.com/tseemann/prokka
AAA799-D07.fa_prokka/PROKKA_10312021:Prokka:AKDIDOID_10:Annotated using prokka 1.14.6 from https://github.com/tseemann/prokka
AAA799-D07.fa_prokka/PROKKA_10312021:Prokka:AKDIDOID_11:Annotated using prokka 1.14.6 from https://github.com/tseemann/prokka
AAA799-D07.fa_prokka/PROKKA_10312021:Prokka:AKDIDOID_12:Annotated using prokka 1.14.6 from https://github.com/tseemann/prokka
AAA799-D07.fa_prokka/PROKKA_10312021:Prokka:AKDIDOID_13:Annotated using prokka 1.14.6 from https://github.com/tseemann/prokka
AAA799-D07.fa_prokka/PROKKA_10312021:Prokka:AKDIDOID_14:Annotated using prokka 1.14.6 from https://github.com/tseemann/prokka
AAA799-D07.fa_prokka/PROKKA_10312021:Prokka:AKDIDOID_15:Annotated using prokka 1.14.6 from https://github.com/tseemann/prokka
AAA799-D07.fa_prokka/PROKKA_10312021:Prokka:AKDIDOID_16:Annotated using prokka 1.14.6 from https://github.com/tseemann/prokka
AAA799-D07.fa_prokka/PROKKA_10312021:Prokka:AKDIDOID_17:Annotated using prokka 1.14.6 from https://github.com/tseemann/prokka
AAA799-D07.fa_prokka/PROKKA_10312021:Prokka:AKDIDOID_18:Annotated using prokka 1.14.6 from https://github.com/tseemann/prokka
AAA799-D07.fa_prokka/PROKKA_10312021:Prokka:AKDIDOID_19:Annotated using prokka 1.14.6 from https://github.com/tseemann/prokka
AAA799-D07.fa_prokka/PROKKA_10312021:Prokka:AKDIDOID_20:Annotated using prokka 1.14.6 from https://github.com/tseemann/prokka
AAA799-D07.fa_prokka/PROKKA_10312021:Prokka:AKDIDOID_21:Annotated using prokka 1.14.6 from https://github.com/tseemann/prokka
AAA799-D07.fa_prokka/PROKKA_10312021:Prokka:AKDIDOID_22:Annotated using prokka 1.14.6 from https://github.com/tseemann/prokka
AAA799-D07.fa_prokka/PROKKA_10312021:Prokka:AKDIDOID_23:Annotated using prokka 1.14.6 from https://github.com/tseemann/prokka
AAA799-D07.fa_prokka/PROKKA_10312021:Prokka:AKDIDOID_24:Annotated using prokka 1.14.6 from https://github.com/tseemann/prokka
AAA799-D07.fa_prokka/PROKKA_10312021:Prokka:AKDIDOID_25:Annotated using prokka 1.14.6 from https://github.com/tseemann/prokka
AAA799-D07.fa_prokka/PROKKA_10312021:Prokka:AKDIDOID_26:Annotated using prokka 1.14.6 from https://github.com/tseemann/prokka
AAA799-D07.fa_prokka/PROKKA_10312021:Prokka:AKDIDOID_27:Annotated using prokka 1.14.6 from https://github.com/tseemann/prokka
AAA799-D07.fa_prokka/PROKKA_10312021:Prokka:AKDIDOID_28:Annotated using prokka 1.14.6 from https://github.com/tseemann/prokka
AAA799-D07.fa_prokka/PROKKA_10312021:Prokka:AKDIDOID_29:Annotated using prokka 1.14.6 from https://github.com/tseemann/prokka
AAA799-D07.fa_prokka/PROKKA_10312021:Prokka:AKDIDOID_30:Annotated using prokka 1.14.6 from https://github.com/tseemann/prokka
AAA799-D07.fa_prokka/PROKKA_10312021:Prokka:AKDIDOID_31:Annotated using prokka 1.14.6 from https://github.com/tseemann/prokka
AAA799-D07.fa_prokka/PROKKA_10312021:Prokka:AKDIDOID_32:Annotated using prokka 1.14.6 from https://github.com/tseemann/prokka
AAA799-D07.fa_prokka/PROKKA_10312021:Prokka:AKDIDOID_33:Annotated using prokka 1.14.6 from https://github.com/tseemann/prokka

DiscRep_ALL:SHORT_PROT_SEQUENCES::12 protein sequences are shorter than 50 aa.
AAA799-D07.fa_prokka/PROKKA_10312021:Prokka:AKDIDOID_00131 (length 45)
AAA799-D07.fa_prokka/PROKKA_10312021:Prokka:AKDIDOID_00133 (length 35)
AAA799-D07.fa_prokka/PROKKA_10312021:Prokka:AKDIDOID_00164 (length 46)
AAA799-D07.fa_prokka/PROKKA_10312021:Prokka:AKDIDOID_00183 (length 41)
AAA799-D07.fa_prokka/PROKKA_10312021:Prokka:AKDIDOID_00296 (length 36)
AAA799-D07.fa_prokka/PROKKA_10312021:Prokka:AKDIDOID_00349 (length 37)
AAA799-D07.fa_prokka/PROKKA_10312021:Prokka:AKDIDOID_00390 (length 45)
AAA799-D07.fa_prokka/PROKKA_10312021:Prokka:AKDIDOID_00421 (length 39)
AAA799-D07.fa_prokka/PROKKA_10312021:Prokka:AKDIDOID_00438 (length 37)
AAA799-D07.fa_prokka/PROKKA_10312021:Prokka:AKDIDOID_00459 (length 49)
AAA799-D07.fa_prokka/PROKKA_10312021:Prokka:AKDIDOID_00468 (length 46)
AAA799-D07.fa_prokka/PROKKA_10312021:Prokka:AKDIDOID_00535 (length 35)

DiscRep_ALL:MISSING_GENOMEASSEMBLY_COMMENTS::33 bioseqs are missing GenomeAssembly structured comments
AAA799-D07.fa_prokka/PROKKA_10312021:Prokka:AKDIDOID_1 (length 90673)
AAA799-D07.fa_prokka/PROKKA_10312021:Prokka:AKDIDOID_2 (length 81748)
AAA799-D07.fa_prokka/PROKKA_10312021:Prokka:AKDIDOID_3 (length 64295)
AAA799-D07.fa_prokka/PROKKA_10312021:Prokka:AKDIDOID_4 (length 30733)
AAA799-D07.fa_prokka/PROKKA_10312021:Prokka:AKDIDOID_5 (length 26356)
AAA799-D07.fa_prokka/PROKKA_10312021:Prokka:AKDIDOID_6 (length 12429)
AAA799-D07.fa_prokka/PROKKA_10312021:Prokka:AKDIDOID_7 (length 11993)
AAA799-D07.fa_prokka/PROKKA_10312021:Prokka:AKDIDOID_8 (length 9865)
AAA799-D07.fa_prokka/PROKKA_10312021:Prokka:AKDIDOID_9 (length 23897)
AAA799-D07.fa_prokka/PROKKA_10312021:Prokka:AKDIDOID_10 (length 8305)
AAA799-D07.fa_prokka/PROKKA_10312021:Prokka:AKDIDOID_11 (length 8541)
AAA799-D07.fa_prokka/PROKKA_10312021:Prokka:AKDIDOID_12 (length 5864)
AAA799-D07.fa_prokka/PROKKA_10312021:Prokka:AKDIDOID_13 (length 5580)
AAA799-D07.fa_prokka/PROKKA_10312021:Prokka:AKDIDOID_14 (length 7783)
AAA799-D07.fa_prokka/PROKKA_10312021:Prokka:AKDIDOID_15 (length 4527)
AAA799-D07.fa_prokka/PROKKA_10312021:Prokka:AKDIDOID_16 (length 4158)
AAA799-D07.fa_prokka/PROKKA_10312021:Prokka:AKDIDOID_17 (length 4143)
AAA799-D07.fa_prokka/PROKKA_10312021:Prokka:AKDIDOID_18 (length 4965)
AAA799-D07.fa_prokka/PROKKA_10312021:Prokka:AKDIDOID_19 (length 3689)
AAA799-D07.fa_prokka/PROKKA_10312021:Prokka:AKDIDOID_20 (length 3647)
AAA799-D07.fa_prokka/PROKKA_10312021:Prokka:AKDIDOID_21 (length 3396)
AAA799-D07.fa_prokka/PROKKA_10312021:Prokka:AKDIDOID_22 (length 3168)
AAA799-D07.fa_prokka/PROKKA_10312021:Prokka:AKDIDOID_23 (length 1983)
AAA799-D07.fa_prokka/PROKKA_10312021:Prokka:AKDIDOID_24 (length 1704)
AAA799-D07.fa_prokka/PROKKA_10312021:Prokka:AKDIDOID_25 (length 1635)
AAA799-D07.fa_prokka/PROKKA_10312021:Prokka:AKDIDOID_26 (length 1571)
AAA799-D07.fa_prokka/PROKKA_10312021:Prokka:AKDIDOID_27 (length 1513)
AAA799-D07.fa_prokka/PROKKA_10312021:Prokka:AKDIDOID_28 (length 1497)
AAA799-D07.fa_prokka/PROKKA_10312021:Prokka:AKDIDOID_29 (length 1405)
AAA799-D07.fa_prokka/PROKKA_10312021:Prokka:AKDIDOID_30 (length 1374)
AAA799-D07.fa_prokka/PROKKA_10312021:Prokka:AKDIDOID_31 (length 1362)
AAA799-D07.fa_prokka/PROKKA_10312021:Prokka:AKDIDOID_32 (length 1118)
AAA799-D07.fa_prokka/PROKKA_10312021:Prokka:AKDIDOID_33 (length 1001)

DiscRep_ALL:TEST_UNUSUAL_MISC_RNA::1 unexpected misc_RNA features found.  misc_RNAs are unusual in a genome, consider using ncRNA, misc_binding, or misc_feature as appropriate.
AAA799-D07.fa_prokka/PROKKA_10312021:RNA	Archaea_SRP	AKDIDOID_5:1743-2054	AKDIDOID_00325

DiscRep_ALL:MOLTYPE_NOT_MRNA::33 molecule types are not set as mRNA.
AAA799-D07.fa_prokka/PROKKA_10312021:Prokka:AKDIDOID_1 (length 90673)
AAA799-D07.fa_prokka/PROKKA_10312021:Prokka:AKDIDOID_2 (length 81748)
AAA799-D07.fa_prokka/PROKKA_10312021:Prokka:AKDIDOID_3 (length 64295)
AAA799-D07.fa_prokka/PROKKA_10312021:Prokka:AKDIDOID_4 (length 30733)
AAA799-D07.fa_prokka/PROKKA_10312021:Prokka:AKDIDOID_5 (length 26356)
AAA799-D07.fa_prokka/PROKKA_10312021:Prokka:AKDIDOID_6 (length 12429)
AAA799-D07.fa_prokka/PROKKA_10312021:Prokka:AKDIDOID_7 (length 11993)
AAA799-D07.fa_prokka/PROKKA_10312021:Prokka:AKDIDOID_8 (length 9865)
AAA799-D07.fa_prokka/PROKKA_10312021:Prokka:AKDIDOID_9 (length 23897)
AAA799-D07.fa_prokka/PROKKA_10312021:Prokka:AKDIDOID_10 (length 8305)
AAA799-D07.fa_prokka/PROKKA_10312021:Prokka:AKDIDOID_11 (length 8541)
AAA799-D07.fa_prokka/PROKKA_10312021:Prokka:AKDIDOID_12 (length 5864)
AAA799-D07.fa_prokka/PROKKA_10312021:Prokka:AKDIDOID_13 (length 5580)
AAA799-D07.fa_prokka/PROKKA_10312021:Prokka:AKDIDOID_14 (length 7783)
AAA799-D07.fa_prokka/PROKKA_10312021:Prokka:AKDIDOID_15 (length 4527)
AAA799-D07.fa_prokka/PROKKA_10312021:Prokka:AKDIDOID_16 (length 4158)
AAA799-D07.fa_prokka/PROKKA_10312021:Prokka:AKDIDOID_17 (length 4143)
AAA799-D07.fa_prokka/PROKKA_10312021:Prokka:AKDIDOID_18 (length 4965)
AAA799-D07.fa_prokka/PROKKA_10312021:Prokka:AKDIDOID_19 (length 3689)
AAA799-D07.fa_prokka/PROKKA_10312021:Prokka:AKDIDOID_20 (length 3647)
AAA799-D07.fa_prokka/PROKKA_10312021:Prokka:AKDIDOID_21 (length 3396)
AAA799-D07.fa_prokka/PROKKA_10312021:Prokka:AKDIDOID_22 (length 3168)
AAA799-D07.fa_prokka/PROKKA_10312021:Prokka:AKDIDOID_23 (length 1983)
AAA799-D07.fa_prokka/PROKKA_10312021:Prokka:AKDIDOID_24 (length 1704)
AAA799-D07.fa_prokka/PROKKA_10312021:Prokka:AKDIDOID_25 (length 1635)
AAA799-D07.fa_prokka/PROKKA_10312021:Prokka:AKDIDOID_26 (length 1571)
AAA799-D07.fa_prokka/PROKKA_10312021:Prokka:AKDIDOID_27 (length 1513)
AAA799-D07.fa_prokka/PROKKA_10312021:Prokka:AKDIDOID_28 (length 1497)
AAA799-D07.fa_prokka/PROKKA_10312021:Prokka:AKDIDOID_29 (length 1405)
AAA799-D07.fa_prokka/PROKKA_10312021:Prokka:AKDIDOID_30 (length 1374)
AAA799-D07.fa_prokka/PROKKA_10312021:Prokka:AKDIDOID_31 (length 1362)
AAA799-D07.fa_prokka/PROKKA_10312021:Prokka:AKDIDOID_32 (length 1118)
AAA799-D07.fa_prokka/PROKKA_10312021:Prokka:AKDIDOID_33 (length 1001)

DiscRep_ALL:TECHNIQUE_NOT_TSA::33 technique are not set as TSA
AAA799-D07.fa_prokka/PROKKA_10312021:Prokka:AKDIDOID_1 (length 90673)
AAA799-D07.fa_prokka/PROKKA_10312021:Prokka:AKDIDOID_2 (length 81748)
AAA799-D07.fa_prokka/PROKKA_10312021:Prokka:AKDIDOID_3 (length 64295)
AAA799-D07.fa_prokka/PROKKA_10312021:Prokka:AKDIDOID_4 (length 30733)
AAA799-D07.fa_prokka/PROKKA_10312021:Prokka:AKDIDOID_5 (length 26356)
AAA799-D07.fa_prokka/PROKKA_10312021:Prokka:AKDIDOID_6 (length 12429)
AAA799-D07.fa_prokka/PROKKA_10312021:Prokka:AKDIDOID_7 (length 11993)
AAA799-D07.fa_prokka/PROKKA_10312021:Prokka:AKDIDOID_8 (length 9865)
AAA799-D07.fa_prokka/PROKKA_10312021:Prokka:AKDIDOID_9 (length 23897)
AAA799-D07.fa_prokka/PROKKA_10312021:Prokka:AKDIDOID_10 (length 8305)
AAA799-D07.fa_prokka/PROKKA_10312021:Prokka:AKDIDOID_11 (length 8541)
AAA799-D07.fa_prokka/PROKKA_10312021:Prokka:AKDIDOID_12 (length 5864)
AAA799-D07.fa_prokka/PROKKA_10312021:Prokka:AKDIDOID_13 (length 5580)
AAA799-D07.fa_prokka/PROKKA_10312021:Prokka:AKDIDOID_14 (length 7783)
AAA799-D07.fa_prokka/PROKKA_10312021:Prokka:AKDIDOID_15 (length 4527)
AAA799-D07.fa_prokka/PROKKA_10312021:Prokka:AKDIDOID_16 (length 4158)
AAA799-D07.fa_prokka/PROKKA_10312021:Prokka:AKDIDOID_17 (length 4143)
AAA799-D07.fa_prokka/PROKKA_10312021:Prokka:AKDIDOID_18 (length 4965)
AAA799-D07.fa_prokka/PROKKA_10312021:Prokka:AKDIDOID_19 (length 3689)
AAA799-D07.fa_prokka/PROKKA_10312021:Prokka:AKDIDOID_20 (length 3647)
AAA799-D07.fa_prokka/PROKKA_10312021:Prokka:AKDIDOID_21 (length 3396)
AAA799-D07.fa_prokka/PROKKA_10312021:Prokka:AKDIDOID_22 (length 3168)
AAA799-D07.fa_prokka/PROKKA_10312021:Prokka:AKDIDOID_23 (length 1983)
AAA799-D07.fa_prokka/PROKKA_10312021:Prokka:AKDIDOID_24 (length 1704)
AAA799-D07.fa_prokka/PROKKA_10312021:Prokka:AKDIDOID_25 (length 1635)
AAA799-D07.fa_prokka/PROKKA_10312021:Prokka:AKDIDOID_26 (length 1571)
AAA799-D07.fa_prokka/PROKKA_10312021:Prokka:AKDIDOID_27 (length 1513)
AAA799-D07.fa_prokka/PROKKA_10312021:Prokka:AKDIDOID_28 (length 1497)
AAA799-D07.fa_prokka/PROKKA_10312021:Prokka:AKDIDOID_29 (length 1405)
AAA799-D07.fa_prokka/PROKKA_10312021:Prokka:AKDIDOID_30 (length 1374)
AAA799-D07.fa_prokka/PROKKA_10312021:Prokka:AKDIDOID_31 (length 1362)
AAA799-D07.fa_prokka/PROKKA_10312021:Prokka:AKDIDOID_32 (length 1118)
AAA799-D07.fa_prokka/PROKKA_10312021:Prokka:AKDIDOID_33 (length 1001)

DiscRep_ALL:MISSING_STRUCTURED_COMMENT::33 sequences do not include structured comments.
AAA799-D07.fa_prokka/PROKKA_10312021:Prokka:AKDIDOID_1 (length 90673)
AAA799-D07.fa_prokka/PROKKA_10312021:Prokka:AKDIDOID_2 (length 81748)
AAA799-D07.fa_prokka/PROKKA_10312021:Prokka:AKDIDOID_3 (length 64295)
AAA799-D07.fa_prokka/PROKKA_10312021:Prokka:AKDIDOID_4 (length 30733)
AAA799-D07.fa_prokka/PROKKA_10312021:Prokka:AKDIDOID_5 (length 26356)
AAA799-D07.fa_prokka/PROKKA_10312021:Prokka:AKDIDOID_6 (length 12429)
AAA799-D07.fa_prokka/PROKKA_10312021:Prokka:AKDIDOID_7 (length 11993)
AAA799-D07.fa_prokka/PROKKA_10312021:Prokka:AKDIDOID_8 (length 9865)
AAA799-D07.fa_prokka/PROKKA_10312021:Prokka:AKDIDOID_9 (length 23897)
AAA799-D07.fa_prokka/PROKKA_10312021:Prokka:AKDIDOID_10 (length 8305)
AAA799-D07.fa_prokka/PROKKA_10312021:Prokka:AKDIDOID_11 (length 8541)
AAA799-D07.fa_prokka/PROKKA_10312021:Prokka:AKDIDOID_12 (length 5864)
AAA799-D07.fa_prokka/PROKKA_10312021:Prokka:AKDIDOID_13 (length 5580)
AAA799-D07.fa_prokka/PROKKA_10312021:Prokka:AKDIDOID_14 (length 7783)
AAA799-D07.fa_prokka/PROKKA_10312021:Prokka:AKDIDOID_15 (length 4527)
AAA799-D07.fa_prokka/PROKKA_10312021:Prokka:AKDIDOID_16 (length 4158)
AAA799-D07.fa_prokka/PROKKA_10312021:Prokka:AKDIDOID_17 (length 4143)
AAA799-D07.fa_prokka/PROKKA_10312021:Prokka:AKDIDOID_18 (length 4965)
AAA799-D07.fa_prokka/PROKKA_10312021:Prokka:AKDIDOID_19 (length 3689)
AAA799-D07.fa_prokka/PROKKA_10312021:Prokka:AKDIDOID_20 (length 3647)
AAA799-D07.fa_prokka/PROKKA_10312021:Prokka:AKDIDOID_21 (length 3396)
AAA799-D07.fa_prokka/PROKKA_10312021:Prokka:AKDIDOID_22 (length 3168)
AAA799-D07.fa_prokka/PROKKA_10312021:Prokka:AKDIDOID_23 (length 1983)
AAA799-D07.fa_prokka/PROKKA_10312021:Prokka:AKDIDOID_24 (length 1704)
AAA799-D07.fa_prokka/PROKKA_10312021:Prokka:AKDIDOID_25 (length 1635)
AAA799-D07.fa_prokka/PROKKA_10312021:Prokka:AKDIDOID_26 (length 1571)
AAA799-D07.fa_prokka/PROKKA_10312021:Prokka:AKDIDOID_27 (length 1513)
AAA799-D07.fa_prokka/PROKKA_10312021:Prokka:AKDIDOID_28 (length 1497)
AAA799-D07.fa_prokka/PROKKA_10312021:Prokka:AKDIDOID_29 (length 1405)
AAA799-D07.fa_prokka/PROKKA_10312021:Prokka:AKDIDOID_30 (length 1374)
AAA799-D07.fa_prokka/PROKKA_10312021:Prokka:AKDIDOID_31 (length 1362)
AAA799-D07.fa_prokka/PROKKA_10312021:Prokka:AKDIDOID_32 (length 1118)
AAA799-D07.fa_prokka/PROKKA_10312021:Prokka:AKDIDOID_33 (length 1001)

DiscRep_ALL:MISSING_PROJECT::570 sequences do not include project.
AAA799-D07.fa_prokka/PROKKA_10312021:Prokka:AKDIDOID_1 (length 90673)
AAA799-D07.fa_prokka/PROKKA_10312021:Prokka:AKDIDOID_00001 (length 53)
AAA799-D07.fa_prokka/PROKKA_10312021:Prokka:AKDIDOID_00002 (length 58)
AAA799-D07.fa_prokka/PROKKA_10312021:Prokka:AKDIDOID_00003 (length 697)
AAA799-D07.fa_prokka/PROKKA_10312021:Prokka:AKDIDOID_00004 (length 175)
AAA799-D07.fa_prokka/PROKKA_10312021:Prokka:AKDIDOID_00005 (length 318)
AAA799-D07.fa_prokka/PROKKA_10312021:Prokka:AKDIDOID_00007 (length 179)
AAA799-D07.fa_prokka/PROKKA_10312021:Prokka:AKDIDOID_00008 (length 221)
AAA799-D07.fa_prokka/PROKKA_10312021:Prokka:AKDIDOID_00009 (length 424)
AAA799-D07.fa_prokka/PROKKA_10312021:Prokka:AKDIDOID_00010 (length 138)
AAA799-D07.fa_prokka/PROKKA_10312021:Prokka:AKDIDOID_00011 (length 250)
AAA799-D07.fa_prokka/PROKKA_10312021:Prokka:AKDIDOID_00012 (length 299)
AAA799-D07.fa_prokka/PROKKA_10312021:Prokka:AKDIDOID_00013 (length 132)
AAA799-D07.fa_prokka/PROKKA_10312021:Prokka:AKDIDOID_00014 (length 65)
AAA799-D07.fa_prokka/PROKKA_10312021:Prokka:AKDIDOID_00015 (length 72)
AAA799-D07.fa_prokka/PROKKA_10312021:Prokka:AKDIDOID_00016 (length 130)
AAA799-D07.fa_prokka/PROKKA_10312021:Prokka:AKDIDOID_00017 (length 449)
AAA799-D07.fa_prokka/PROKKA_10312021:Prokka:AKDIDOID_00019 (length 280)
AAA799-D07.fa_prokka/PROKKA_10312021:Prokka:AKDIDOID_00020 (length 235)
AAA799-D07.fa_prokka/PROKKA_10312021:Prokka:AKDIDOID_00021 (length 72)
AAA799-D07.fa_prokka/PROKKA_10312021:Prokka:AKDIDOID_00022 (length 283)
AAA799-D07.fa_prokka/PROKKA_10312021:Prokka:AKDIDOID_00023 (length 224)
AAA799-D07.fa_prokka/PROKKA_10312021:Prokka:AKDIDOID_00024 (length 465)
AAA799-D07.fa_prokka/PROKKA_10312021:Prokka:AKDIDOID_00026 (length 120)
AAA799-D07.fa_prokka/PROKKA_10312021:Prokka:AKDIDOID_00027 (length 177)
AAA799-D07.fa_prokka/PROKKA_10312021:Prokka:AKDIDOID_00028 (length 110)
AAA799-D07.fa_prokka/PROKKA_10312021:Prokka:AKDIDOID_00029 (length 257)
AAA799-D07.fa_prokka/PROKKA_10312021:Prokka:AKDIDOID_00030 (length 251)
AAA799-D07.fa_prokka/PROKKA_10312021:Prokka:AKDIDOID_00031 (length 508)
AAA799-D07.fa_prokka/PROKKA_10312021:Prokka:AKDIDOID_00032 (length 700)
AAA799-D07.fa_prokka/PROKKA_10312021:Prokka:AKDIDOID_00033 (length 118)
AAA799-D07.fa_prokka/PROKKA_10312021:Prokka:AKDIDOID_00034 (length 150)
AAA799-D07.fa_prokka/PROKKA_10312021:Prokka:AKDIDOID_00035 (length 293)
AAA799-D07.fa_prokka/PROKKA_10312021:Prokka:AKDIDOID_00037 (length 471)
AAA799-D07.fa_prokka/PROKKA_10312021:Prokka:AKDIDOID_00038 (length 304)
AAA799-D07.fa_prokka/PROKKA_10312021:Prokka:AKDIDOID_00039 (length 519)
AAA799-D07.fa_prokka/PROKKA_10312021:Prokka:AKDIDOID_00040 (length 52)
AAA799-D07.fa_prokka/PROKKA_10312021:Prokka:AKDIDOID_00041 (length 80)
AAA799-D07.fa_prokka/PROKKA_10312021:Prokka:AKDIDOID_00042 (length 157)
AAA799-D07.fa_prokka/PROKKA_10312021:Prokka:AKDIDOID_00043 (length 117)
AAA799-D07.fa_prokka/PROKKA_10312021:Prokka:AKDIDOID_00044 (length 194)
AAA799-D07.fa_prokka/PROKKA_10312021:Prokka:AKDIDOID_00045 (length 463)
AAA799-D07.fa_prokka/PROKKA_10312021:Prokka:AKDIDOID_00046 (length 69)
AAA799-D07.fa_prokka/PROKKA_10312021:Prokka:AKDIDOID_00047 (length 184)
AAA799-D07.fa_prokka/PROKKA_10312021:Prokka:AKDIDOID_00048 (length 91)
AAA799-D07.fa_prokka/PROKKA_10312021:Prokka:AKDIDOID_00049 (length 209)
AAA799-D07.fa_prokka/PROKKA_10312021:Prokka:AKDIDOID_00050 (length 69)
AAA799-D07.fa_prokka/PROKKA_10312021:Prokka:AKDIDOID_00051 (length 68)
AAA799-D07.fa_prokka/PROKKA_10312021:Prokka:AKDIDOID_00054 (length 273)
AAA799-D07.fa_prokka/PROKKA_10312021:Prokka:AKDIDOID_00055 (length 371)
AAA799-D07.fa_prokka/PROKKA_10312021:Prokka:AKDIDOID_00056 (length 386)
AAA799-D07.fa_prokka/PROKKA_10312021:Prokka:AKDIDOID_00057 (length 101)
AAA799-D07.fa_prokka/PROKKA_10312021:Prokka:AKDIDOID_00058 (length 238)
AAA799-D07.fa_prokka/PROKKA_10312021:Prokka:AKDIDOID_00059 (length 356)
AAA799-D07.fa_prokka/PROKKA_10312021:Prokka:AKDIDOID_00061 (length 110)
AAA799-D07.fa_prokka/PROKKA_10312021:Prokka:AKDIDOID_00062 (length 285)
AAA799-D07.fa_prokka/PROKKA_10312021:Prokka:AKDIDOID_00063 (length 168)
AAA799-D07.fa_prokka/PROKKA_10312021:Prokka:AKDIDOID_00064 (length 570)
AAA799-D07.fa_prokka/PROKKA_10312021:Prokka:AKDIDOID_00065 (length 142)
AAA799-D07.fa_prokka/PROKKA_10312021:Prokka:AKDIDOID_00066 (length 115)
AAA799-D07.fa_prokka/PROKKA_10312021:Prokka:AKDIDOID_00067 (length 265)
AAA799-D07.fa_prokka/PROKKA_10312021:Prokka:AKDIDOID_00068 (length 107)
AAA799-D07.fa_prokka/PROKKA_10312021:Prokka:AKDIDOID_00069 (length 486)
AAA799-D07.fa_prokka/PROKKA_10312021:Prokka:AKDIDOID_00071 (length 215)
AAA799-D07.fa_prokka/PROKKA_10312021:Prokka:AKDIDOID_00072 (length 170)
AAA799-D07.fa_prokka/PROKKA_10312021:Prokka:AKDIDOID_00073 (length 147)
AAA799-D07.fa_prokka/PROKKA_10312021:Prokka:AKDIDOID_00074 (length 187)
AAA799-D07.fa_prokka/PROKKA_10312021:Prokka:AKDIDOID_00075 (length 513)
AAA799-D07.fa_prokka/PROKKA_10312021:Prokka:AKDIDOID_00076 (length 140)
AAA799-D07.fa_prokka/PROKKA_10312021:Prokka:AKDIDOID_00077 (length 86)
AAA799-D07.fa_prokka/PROKKA_10312021:Prokka:AKDIDOID_00078 (length 205)
AAA799-D07.fa_prokka/PROKKA_10312021:Prokka:AKDIDOID_00079 (length 223)
AAA799-D07.fa_prokka/PROKKA_10312021:Prokka:AKDIDOID_00080 (length 77)
AAA799-D07.fa_prokka/PROKKA_10312021:Prokka:AKDIDOID_00081 (length 133)
AAA799-D07.fa_prokka/PROKKA_10312021:Prokka:AKDIDOID_00082 (length 390)
AAA799-D07.fa_prokka/PROKKA_10312021:Prokka:AKDIDOID_00084 (length 335)
AAA799-D07.fa_prokka/PROKKA_10312021:Prokka:AKDIDOID_00085 (length 165)
AAA799-D07.fa_prokka/PROKKA_10312021:Prokka:AKDIDOID_00086 (length 584)
AAA799-D07.fa_prokka/PROKKA_10312021:Prokka:AKDIDOID_00087 (length 277)
AAA799-D07.fa_prokka/PROKKA_10312021:Prokka:AKDIDOID_00088 (length 225)
AAA799-D07.fa_prokka/PROKKA_10312021:Prokka:AKDIDOID_00089 (length 264)
AAA799-D07.fa_prokka/PROKKA_10312021:Prokka:AKDIDOID_00090 (length 644)
AAA799-D07.fa_prokka/PROKKA_10312021:Prokka:AKDIDOID_00091 (length 151)
AAA799-D07.fa_prokka/PROKKA_10312021:Prokka:AKDIDOID_00092 (length 329)
AAA799-D07.fa_prokka/PROKKA_10312021:Prokka:AKDIDOID_00093 (length 139)
AAA799-D07.fa_prokka/PROKKA_10312021:Prokka:AKDIDOID_00094 (length 246)
AAA799-D07.fa_prokka/PROKKA_10312021:Prokka:AKDIDOID_00095 (length 360)
AAA799-D07.fa_prokka/PROKKA_10312021:Prokka:AKDIDOID_00096 (length 253)
AAA799-D07.fa_prokka/PROKKA_10312021:Prokka:AKDIDOID_00097 (length 339)
AAA799-D07.fa_prokka/PROKKA_10312021:Prokka:AKDIDOID_00098 (length 232)
AAA799-D07.fa_prokka/PROKKA_10312021:Prokka:AKDIDOID_00099 (length 449)
AAA799-D07.fa_prokka/PROKKA_10312021:Prokka:AKDIDOID_00100 (length 420)
AAA799-D07.fa_prokka/PROKKA_10312021:Prokka:AKDIDOID_00101 (length 523)
AAA799-D07.fa_prokka/PROKKA_10312021:Prokka:AKDIDOID_00102 (length 447)
AAA799-D07.fa_prokka/PROKKA_10312021:Prokka:AKDIDOID_00103 (length 504)
AAA799-D07.fa_prokka/PROKKA_10312021:Prokka:AKDIDOID_00104 (length 268)
AAA799-D07.fa_prokka/PROKKA_10312021:Prokka:AKDIDOID_00105 (length 686)
AAA799-D07.fa_prokka/PROKKA_10312021:Prokka:AKDIDOID_00106 (length 336)
AAA799-D07.fa_prokka/PROKKA_10312021:Prokka:AKDIDOID_00107 (length 344)
AAA799-D07.fa_prokka/PROKKA_10312021:Prokka:AKDIDOID_00108 (length 211)
AAA799-D07.fa_prokka/PROKKA_10312021:Prokka:AKDIDOID_00109 (length 79)
AAA799-D07.fa_prokka/PROKKA_10312021:Prokka:AKDIDOID_00110 (length 414)
AAA799-D07.fa_prokka/PROKKA_10312021:Prokka:AKDIDOID_00111 (length 294)
AAA799-D07.fa_prokka/PROKKA_10312021:Prokka:AKDIDOID_2 (length 81748)
AAA799-D07.fa_prokka/PROKKA_10312021:Prokka:AKDIDOID_00112 (length 427)
AAA799-D07.fa_prokka/PROKKA_10312021:Prokka:AKDIDOID_00113 (length 132)
AAA799-D07.fa_prokka/PROKKA_10312021:Prokka:AKDIDOID_00114 (length 125)
AAA799-D07.fa_prokka/PROKKA_10312021:Prokka:AKDIDOID_00115 (length 109)
AAA799-D07.fa_prokka/PROKKA_10312021:Prokka:AKDIDOID_00116 (length 393)
AAA799-D07.fa_prokka/PROKKA_10312021:Prokka:AKDIDOID_00117 (length 350)
AAA799-D07.fa_prokka/PROKKA_10312021:Prokka:AKDIDOID_00118 (length 221)
AAA799-D07.fa_prokka/PROKKA_10312021:Prokka:AKDIDOID_00119 (length 581)
AAA799-D07.fa_prokka/PROKKA_10312021:Prokka:AKDIDOID_00120 (length 54)
AAA799-D07.fa_prokka/PROKKA_10312021:Prokka:AKDIDOID_00121 (length 281)
AAA799-D07.fa_prokka/PROKKA_10312021:Prokka:AKDIDOID_00122 (length 133)
AAA799-D07.fa_prokka/PROKKA_10312021:Prokka:AKDIDOID_00123 (length 79)
AAA799-D07.fa_prokka/PROKKA_10312021:Prokka:AKDIDOID_00124 (length 75)
AAA799-D07.fa_prokka/PROKKA_10312021:Prokka:AKDIDOID_00125 (length 174)
AAA799-D07.fa_prokka/PROKKA_10312021:Prokka:AKDIDOID_00126 (length 157)
AAA799-D07.fa_prokka/PROKKA_10312021:Prokka:AKDIDOID_00127 (length 61)
AAA799-D07.fa_prokka/PROKKA_10312021:Prokka:AKDIDOID_00128 (length 365)
AAA799-D07.fa_prokka/PROKKA_10312021:Prokka:AKDIDOID_00129 (length 92)
AAA799-D07.fa_prokka/PROKKA_10312021:Prokka:AKDIDOID_00130 (length 72)
AAA799-D07.fa_prokka/PROKKA_10312021:Prokka:AKDIDOID_00131 (length 45)
AAA799-D07.fa_prokka/PROKKA_10312021:Prokka:AKDIDOID_00132 (length 277)
AAA799-D07.fa_prokka/PROKKA_10312021:Prokka:AKDIDOID_00133 (length 35)
AAA799-D07.fa_prokka/PROKKA_10312021:Prokka:AKDIDOID_00134 (length 731)
AAA799-D07.fa_prokka/PROKKA_10312021:Prokka:AKDIDOID_00135 (length 1085)
AAA799-D07.fa_prokka/PROKKA_10312021:Prokka:AKDIDOID_00136 (length 210)
AAA799-D07.fa_prokka/PROKKA_10312021:Prokka:AKDIDOID_00137 (length 361)
AAA799-D07.fa_prokka/PROKKA_10312021:Prokka:AKDIDOID_00138 (length 315)
AAA799-D07.fa_prokka/PROKKA_10312021:Prokka:AKDIDOID_00139 (length 426)
AAA799-D07.fa_prokka/PROKKA_10312021:Prokka:AKDIDOID_00140 (length 68)
AAA799-D07.fa_prokka/PROKKA_10312021:Prokka:AKDIDOID_00141 (length 147)
AAA799-D07.fa_prokka/PROKKA_10312021:Prokka:AKDIDOID_00142 (length 74)
AAA799-D07.fa_prokka/PROKKA_10312021:Prokka:AKDIDOID_00143 (length 389)
AAA799-D07.fa_prokka/PROKKA_10312021:Prokka:AKDIDOID_00144 (length 65)
AAA799-D07.fa_prokka/PROKKA_10312021:Prokka:AKDIDOID_00145 (length 353)
AAA799-D07.fa_prokka/PROKKA_10312021:Prokka:AKDIDOID_00146 (length 397)
AAA799-D07.fa_prokka/PROKKA_10312021:Prokka:AKDIDOID_00147 (length 359)
AAA799-D07.fa_prokka/PROKKA_10312021:Prokka:AKDIDOID_00148 (length 1080)
AAA799-D07.fa_prokka/PROKKA_10312021:Prokka:AKDIDOID_00149 (length 248)
AAA799-D07.fa_prokka/PROKKA_10312021:Prokka:AKDIDOID_00150 (length 104)
AAA799-D07.fa_prokka/PROKKA_10312021:Prokka:AKDIDOID_00151 (length 182)
AAA799-D07.fa_prokka/PROKKA_10312021:Prokka:AKDIDOID_00152 (length 343)
AAA799-D07.fa_prokka/PROKKA_10312021:Prokka:AKDIDOID_00153 (length 290)
AAA799-D07.fa_prokka/PROKKA_10312021:Prokka:AKDIDOID_00154 (length 132)
AAA799-D07.fa_prokka/PROKKA_10312021:Prokka:AKDIDOID_00155 (length 566)
AAA799-D07.fa_prokka/PROKKA_10312021:Prokka:AKDIDOID_00156 (length 155)
AAA799-D07.fa_prokka/PROKKA_10312021:Prokka:AKDIDOID_00157 (length 503)
AAA799-D07.fa_prokka/PROKKA_10312021:Prokka:AKDIDOID_00158 (length 339)
AAA799-D07.fa_prokka/PROKKA_10312021:Prokka:AKDIDOID_00159 (length 428)
AAA799-D07.fa_prokka/PROKKA_10312021:Prokka:AKDIDOID_00160 (length 311)
AAA799-D07.fa_prokka/PROKKA_10312021:Prokka:AKDIDOID_00161 (length 213)
AAA799-D07.fa_prokka/PROKKA_10312021:Prokka:AKDIDOID_00162 (length 185)
AAA799-D07.fa_prokka/PROKKA_10312021:Prokka:AKDIDOID_00163 (length 187)
AAA799-D07.fa_prokka/PROKKA_10312021:Prokka:AKDIDOID_00164 (length 46)
AAA799-D07.fa_prokka/PROKKA_10312021:Prokka:AKDIDOID_00165 (length 75)
AAA799-D07.fa_prokka/PROKKA_10312021:Prokka:AKDIDOID_00166 (length 228)
AAA799-D07.fa_prokka/PROKKA_10312021:Prokka:AKDIDOID_00167 (length 153)
AAA799-D07.fa_prokka/PROKKA_10312021:Prokka:AKDIDOID_00168 (length 154)
AAA799-D07.fa_prokka/PROKKA_10312021:Prokka:AKDIDOID_00169 (length 168)
AAA799-D07.fa_prokka/PROKKA_10312021:Prokka:AKDIDOID_00170 (length 251)
AAA799-D07.fa_prokka/PROKKA_10312021:Prokka:AKDIDOID_00171 (length 536)
AAA799-D07.fa_prokka/PROKKA_10312021:Prokka:AKDIDOID_00172 (length 78)
AAA799-D07.fa_prokka/PROKKA_10312021:Prokka:AKDIDOID_00173 (length 125)
AAA799-D07.fa_prokka/PROKKA_10312021:Prokka:AKDIDOID_00174 (length 178)
AAA799-D07.fa_prokka/PROKKA_10312021:Prokka:AKDIDOID_00175 (length 217)
AAA799-D07.fa_prokka/PROKKA_10312021:Prokka:AKDIDOID_00176 (length 582)
AAA799-D07.fa_prokka/PROKKA_10312021:Prokka:AKDIDOID_00177 (length 136)
AAA799-D07.fa_prokka/PROKKA_10312021:Prokka:AKDIDOID_00178 (length 378)
AAA799-D07.fa_prokka/PROKKA_10312021:Prokka:AKDIDOID_00179 (length 432)
AAA799-D07.fa_prokka/PROKKA_10312021:Prokka:AKDIDOID_00180 (length 102)
AAA799-D07.fa_prokka/PROKKA_10312021:Prokka:AKDIDOID_00181 (length 70)
AAA799-D07.fa_prokka/PROKKA_10312021:Prokka:AKDIDOID_00182 (length 136)
AAA799-D07.fa_prokka/PROKKA_10312021:Prokka:AKDIDOID_00183 (length 41)
AAA799-D07.fa_prokka/PROKKA_10312021:Prokka:AKDIDOID_00184 (length 169)
AAA799-D07.fa_prokka/PROKKA_10312021:Prokka:AKDIDOID_00185 (length 379)
AAA799-D07.fa_prokka/PROKKA_10312021:Prokka:AKDIDOID_00186 (length 56)
AAA799-D07.fa_prokka/PROKKA_10312021:Prokka:AKDIDOID_00187 (length 122)
AAA799-D07.fa_prokka/PROKKA_10312021:Prokka:AKDIDOID_00188 (length 136)
AAA799-D07.fa_prokka/PROKKA_10312021:Prokka:AKDIDOID_00189 (length 237)
AAA799-D07.fa_prokka/PROKKA_10312021:Prokka:AKDIDOID_00190 (length 151)
AAA799-D07.fa_prokka/PROKKA_10312021:Prokka:AKDIDOID_00191 (length 237)
AAA799-D07.fa_prokka/PROKKA_10312021:Prokka:AKDIDOID_00192 (length 272)
AAA799-D07.fa_prokka/PROKKA_10312021:Prokka:AKDIDOID_00193 (length 438)
AAA799-D07.fa_prokka/PROKKA_10312021:Prokka:AKDIDOID_00196 (length 90)
AAA799-D07.fa_prokka/PROKKA_10312021:Prokka:AKDIDOID_00197 (length 324)
AAA799-D07.fa_prokka/PROKKA_10312021:Prokka:AKDIDOID_00198 (length 61)
AAA799-D07.fa_prokka/PROKKA_10312021:Prokka:AKDIDOID_00199 (length 75)
AAA799-D07.fa_prokka/PROKKA_10312021:Prokka:AKDIDOID_00200 (length 79)
AAA799-D07.fa_prokka/PROKKA_10312021:Prokka:AKDIDOID_00201 (length 185)
AAA799-D07.fa_prokka/PROKKA_10312021:Prokka:AKDIDOID_00202 (length 299)
AAA799-D07.fa_prokka/PROKKA_10312021:Prokka:AKDIDOID_00203 (length 503)
AAA799-D07.fa_prokka/PROKKA_10312021:Prokka:AKDIDOID_00204 (length 332)
AAA799-D07.fa_prokka/PROKKA_10312021:Prokka:AKDIDOID_00205 (length 151)
AAA799-D07.fa_prokka/PROKKA_10312021:Prokka:AKDIDOID_00206 (length 87)
AAA799-D07.fa_prokka/PROKKA_10312021:Prokka:AKDIDOID_00207 (length 403)
AAA799-D07.fa_prokka/PROKKA_10312021:Prokka:AKDIDOID_00208 (length 397)
AAA799-D07.fa_prokka/PROKKA_10312021:Prokka:AKDIDOID_00209 (length 68)
AAA799-D07.fa_prokka/PROKKA_10312021:Prokka:AKDIDOID_3 (length 64295)
AAA799-D07.fa_prokka/PROKKA_10312021:Prokka:AKDIDOID_00210 (length 361)
AAA799-D07.fa_prokka/PROKKA_10312021:Prokka:AKDIDOID_00211 (length 107)
AAA799-D07.fa_prokka/PROKKA_10312021:Prokka:AKDIDOID_00212 (length 307)
AAA799-D07.fa_prokka/PROKKA_10312021:Prokka:AKDIDOID_00213 (length 104)
AAA799-D07.fa_prokka/PROKKA_10312021:Prokka:AKDIDOID_00214 (length 209)
AAA799-D07.fa_prokka/PROKKA_10312021:Prokka:AKDIDOID_00215 (length 213)
AAA799-D07.fa_prokka/PROKKA_10312021:Prokka:AKDIDOID_00216 (length 584)
AAA799-D07.fa_prokka/PROKKA_10312021:Prokka:AKDIDOID_00217 (length 279)
AAA799-D07.fa_prokka/PROKKA_10312021:Prokka:AKDIDOID_00218 (length 203)
AAA799-D07.fa_prokka/PROKKA_10312021:Prokka:AKDIDOID_00219 (length 215)
AAA799-D07.fa_prokka/PROKKA_10312021:Prokka:AKDIDOID_00220 (length 204)
AAA799-D07.fa_prokka/PROKKA_10312021:Prokka:AKDIDOID_00222 (length 78)
AAA799-D07.fa_prokka/PROKKA_10312021:Prokka:AKDIDOID_00223 (length 412)
AAA799-D07.fa_prokka/PROKKA_10312021:Prokka:AKDIDOID_00224 (length 202)
AAA799-D07.fa_prokka/PROKKA_10312021:Prokka:AKDIDOID_00225 (length 318)
AAA799-D07.fa_prokka/PROKKA_10312021:Prokka:AKDIDOID_00226 (length 245)
AAA799-D07.fa_prokka/PROKKA_10312021:Prokka:AKDIDOID_00227 (length 228)
AAA799-D07.fa_prokka/PROKKA_10312021:Prokka:AKDIDOID_00228 (length 327)
AAA799-D07.fa_prokka/PROKKA_10312021:Prokka:AKDIDOID_00229 (length 578)
AAA799-D07.fa_prokka/PROKKA_10312021:Prokka:AKDIDOID_00230 (length 287)
AAA799-D07.fa_prokka/PROKKA_10312021:Prokka:AKDIDOID_00231 (length 102)
AAA799-D07.fa_prokka/PROKKA_10312021:Prokka:AKDIDOID_00232 (length 89)
AAA799-D07.fa_prokka/PROKKA_10312021:Prokka:AKDIDOID_00233 (length 252)
AAA799-D07.fa_prokka/PROKKA_10312021:Prokka:AKDIDOID_00234 (length 115)
AAA799-D07.fa_prokka/PROKKA_10312021:Prokka:AKDIDOID_00236 (length 348)
AAA799-D07.fa_prokka/PROKKA_10312021:Prokka:AKDIDOID_00237 (length 315)
AAA799-D07.fa_prokka/PROKKA_10312021:Prokka:AKDIDOID_00238 (length 550)
AAA799-D07.fa_prokka/PROKKA_10312021:Prokka:AKDIDOID_00239 (length 339)
AAA799-D07.fa_prokka/PROKKA_10312021:Prokka:AKDIDOID_00240 (length 183)
AAA799-D07.fa_prokka/PROKKA_10312021:Prokka:AKDIDOID_00241 (length 206)
AAA799-D07.fa_prokka/PROKKA_10312021:Prokka:AKDIDOID_00242 (length 113)
AAA799-D07.fa_prokka/PROKKA_10312021:Prokka:AKDIDOID_00243 (length 327)
AAA799-D07.fa_prokka/PROKKA_10312021:Prokka:AKDIDOID_00244 (length 397)
AAA799-D07.fa_prokka/PROKKA_10312021:Prokka:AKDIDOID_00245 (length 193)
AAA799-D07.fa_prokka/PROKKA_10312021:Prokka:AKDIDOID_00246 (length 502)
AAA799-D07.fa_prokka/PROKKA_10312021:Prokka:AKDIDOID_00247 (length 102)
AAA799-D07.fa_prokka/PROKKA_10312021:Prokka:AKDIDOID_00248 (length 70)
AAA799-D07.fa_prokka/PROKKA_10312021:Prokka:AKDIDOID_00249 (length 422)
AAA799-D07.fa_prokka/PROKKA_10312021:Prokka:AKDIDOID_00250 (length 296)
AAA799-D07.fa_prokka/PROKKA_10312021:Prokka:AKDIDOID_00252 (length 116)
AAA799-D07.fa_prokka/PROKKA_10312021:Prokka:AKDIDOID_00253 (length 158)
AAA799-D07.fa_prokka/PROKKA_10312021:Prokka:AKDIDOID_00254 (length 522)
AAA799-D07.fa_prokka/PROKKA_10312021:Prokka:AKDIDOID_00255 (length 200)
AAA799-D07.fa_prokka/PROKKA_10312021:Prokka:AKDIDOID_00256 (length 1426)
AAA799-D07.fa_prokka/PROKKA_10312021:Prokka:AKDIDOID_00257 (length 317)
AAA799-D07.fa_prokka/PROKKA_10312021:Prokka:AKDIDOID_00258 (length 1655)
AAA799-D07.fa_prokka/PROKKA_10312021:Prokka:AKDIDOID_00259 (length 451)
AAA799-D07.fa_prokka/PROKKA_10312021:Prokka:AKDIDOID_00260 (length 404)
AAA799-D07.fa_prokka/PROKKA_10312021:Prokka:AKDIDOID_00261 (length 111)
AAA799-D07.fa_prokka/PROKKA_10312021:Prokka:AKDIDOID_00262 (length 267)
AAA799-D07.fa_prokka/PROKKA_10312021:Prokka:AKDIDOID_00263 (length 234)
AAA799-D07.fa_prokka/PROKKA_10312021:Prokka:AKDIDOID_00264 (length 201)
AAA799-D07.fa_prokka/PROKKA_10312021:Prokka:AKDIDOID_00265 (length 195)
AAA799-D07.fa_prokka/PROKKA_10312021:Prokka:AKDIDOID_00266 (length 308)
AAA799-D07.fa_prokka/PROKKA_10312021:Prokka:AKDIDOID_00267 (length 355)
AAA799-D07.fa_prokka/PROKKA_10312021:Prokka:AKDIDOID_00268 (length 412)
AAA799-D07.fa_prokka/PROKKA_10312021:Prokka:AKDIDOID_00269 (length 328)
AAA799-D07.fa_prokka/PROKKA_10312021:Prokka:AKDIDOID_00270 (length 385)
AAA799-D07.fa_prokka/PROKKA_10312021:Prokka:AKDIDOID_00271 (length 364)
AAA799-D07.fa_prokka/PROKKA_10312021:Prokka:AKDIDOID_00272 (length 428)
AAA799-D07.fa_prokka/PROKKA_10312021:Prokka:AKDIDOID_00273 (length 441)
AAA799-D07.fa_prokka/PROKKA_10312021:Prokka:AKDIDOID_00274 (length 331)
AAA799-D07.fa_prokka/PROKKA_10312021:Prokka:AKDIDOID_00275 (length 182)
AAA799-D07.fa_prokka/PROKKA_10312021:Prokka:AKDIDOID_4 (length 30733)
AAA799-D07.fa_prokka/PROKKA_10312021:Prokka:AKDIDOID_00276 (length 55)
AAA799-D07.fa_prokka/PROKKA_10312021:Prokka:AKDIDOID_00277 (length 368)
AAA799-D07.fa_prokka/PROKKA_10312021:Prokka:AKDIDOID_00278 (length 107)
AAA799-D07.fa_prokka/PROKKA_10312021:Prokka:AKDIDOID_00279 (length 189)
AAA799-D07.fa_prokka/PROKKA_10312021:Prokka:AKDIDOID_00280 (length 243)
AAA799-D07.fa_prokka/PROKKA_10312021:Prokka:AKDIDOID_00281 (length 108)
AAA799-D07.fa_prokka/PROKKA_10312021:Prokka:AKDIDOID_00282 (length 124)
AAA799-D07.fa_prokka/PROKKA_10312021:Prokka:AKDIDOID_00283 (length 445)
AAA799-D07.fa_prokka/PROKKA_10312021:Prokka:AKDIDOID_00284 (length 415)
AAA799-D07.fa_prokka/PROKKA_10312021:Prokka:AKDIDOID_00285 (length 349)
AAA799-D07.fa_prokka/PROKKA_10312021:Prokka:AKDIDOID_00286 (length 286)
AAA799-D07.fa_prokka/PROKKA_10312021:Prokka:AKDIDOID_00287 (length 464)
AAA799-D07.fa_prokka/PROKKA_10312021:Prokka:AKDIDOID_00288 (length 228)
AAA799-D07.fa_prokka/PROKKA_10312021:Prokka:AKDIDOID_00289 (length 440)
AAA799-D07.fa_prokka/PROKKA_10312021:Prokka:AKDIDOID_00290 (length 326)
AAA799-D07.fa_prokka/PROKKA_10312021:Prokka:AKDIDOID_00291 (length 376)
AAA799-D07.fa_prokka/PROKKA_10312021:Prokka:AKDIDOID_00292 (length 215)
AAA799-D07.fa_prokka/PROKKA_10312021:Prokka:AKDIDOID_00293 (length 112)
AAA799-D07.fa_prokka/PROKKA_10312021:Prokka:AKDIDOID_00294 (length 245)
AAA799-D07.fa_prokka/PROKKA_10312021:Prokka:AKDIDOID_00295 (length 271)
AAA799-D07.fa_prokka/PROKKA_10312021:Prokka:AKDIDOID_00296 (length 36)
AAA799-D07.fa_prokka/PROKKA_10312021:Prokka:AKDIDOID_00297 (length 328)
AAA799-D07.fa_prokka/PROKKA_10312021:Prokka:AKDIDOID_00298 (length 270)
AAA799-D07.fa_prokka/PROKKA_10312021:Prokka:AKDIDOID_00299 (length 88)
AAA799-D07.fa_prokka/PROKKA_10312021:Prokka:AKDIDOID_00300 (length 130)
AAA799-D07.fa_prokka/PROKKA_10312021:Prokka:AKDIDOID_00301 (length 152)
AAA799-D07.fa_prokka/PROKKA_10312021:Prokka:AKDIDOID_00302 (length 244)
AAA799-D07.fa_prokka/PROKKA_10312021:Prokka:AKDIDOID_00303 (length 67)
AAA799-D07.fa_prokka/PROKKA_10312021:Prokka:AKDIDOID_00304 (length 113)
AAA799-D07.fa_prokka/PROKKA_10312021:Prokka:AKDIDOID_00305 (length 145)
AAA799-D07.fa_prokka/PROKKA_10312021:Prokka:AKDIDOID_00306 (length 158)
AAA799-D07.fa_prokka/PROKKA_10312021:Prokka:AKDIDOID_00307 (length 238)
AAA799-D07.fa_prokka/PROKKA_10312021:Prokka:AKDIDOID_00308 (length 173)
AAA799-D07.fa_prokka/PROKKA_10312021:Prokka:AKDIDOID_00309 (length 64)
AAA799-D07.fa_prokka/PROKKA_10312021:Prokka:AKDIDOID_00310 (length 130)
AAA799-D07.fa_prokka/PROKKA_10312021:Prokka:AKDIDOID_00311 (length 185)
AAA799-D07.fa_prokka/PROKKA_10312021:Prokka:AKDIDOID_00312 (length 96)
AAA799-D07.fa_prokka/PROKKA_10312021:Prokka:AKDIDOID_00314 (length 82)
AAA799-D07.fa_prokka/PROKKA_10312021:Prokka:AKDIDOID_00315 (length 109)
AAA799-D07.fa_prokka/PROKKA_10312021:Prokka:AKDIDOID_00316 (length 146)
AAA799-D07.fa_prokka/PROKKA_10312021:Prokka:AKDIDOID_00317 (length 79)
AAA799-D07.fa_prokka/PROKKA_10312021:Prokka:AKDIDOID_00318 (length 131)
AAA799-D07.fa_prokka/PROKKA_10312021:Prokka:AKDIDOID_00319 (length 138)
AAA799-D07.fa_prokka/PROKKA_10312021:Prokka:AKDIDOID_00320 (length 164)
AAA799-D07.fa_prokka/PROKKA_10312021:Prokka:AKDIDOID_00321 (length 274)
AAA799-D07.fa_prokka/PROKKA_10312021:Prokka:AKDIDOID_00322 (length 145)
AAA799-D07.fa_prokka/PROKKA_10312021:Prokka:AKDIDOID_5 (length 26356)
AAA799-D07.fa_prokka/PROKKA_10312021:Prokka:AKDIDOID_00323 (length 223)
AAA799-D07.fa_prokka/PROKKA_10312021:Prokka:AKDIDOID_00324 (length 301)
AAA799-D07.fa_prokka/PROKKA_10312021:Prokka:AKDIDOID_00326 (length 245)
AAA799-D07.fa_prokka/PROKKA_10312021:Prokka:AKDIDOID_00327 (length 146)
AAA799-D07.fa_prokka/PROKKA_10312021:Prokka:AKDIDOID_00328 (length 85)
AAA799-D07.fa_prokka/PROKKA_10312021:Prokka:AKDIDOID_00329 (length 163)
AAA799-D07.fa_prokka/PROKKA_10312021:Prokka:AKDIDOID_00330 (length 78)
AAA799-D07.fa_prokka/PROKKA_10312021:Prokka:AKDIDOID_00331 (length 390)
AAA799-D07.fa_prokka/PROKKA_10312021:Prokka:AKDIDOID_00332 (length 359)
AAA799-D07.fa_prokka/PROKKA_10312021:Prokka:AKDIDOID_00333 (length 496)
AAA799-D07.fa_prokka/PROKKA_10312021:Prokka:AKDIDOID_00334 (length 309)
AAA799-D07.fa_prokka/PROKKA_10312021:Prokka:AKDIDOID_00335 (length 153)
AAA799-D07.fa_prokka/PROKKA_10312021:Prokka:AKDIDOID_00336 (length 703)
AAA799-D07.fa_prokka/PROKKA_10312021:Prokka:AKDIDOID_00337 (length 109)
AAA799-D07.fa_prokka/PROKKA_10312021:Prokka:AKDIDOID_00338 (length 219)
AAA799-D07.fa_prokka/PROKKA_10312021:Prokka:AKDIDOID_00339 (length 467)
AAA799-D07.fa_prokka/PROKKA_10312021:Prokka:AKDIDOID_00340 (length 587)
AAA799-D07.fa_prokka/PROKKA_10312021:Prokka:AKDIDOID_00341 (length 119)
AAA799-D07.fa_prokka/PROKKA_10312021:Prokka:AKDIDOID_00342 (length 354)
AAA799-D07.fa_prokka/PROKKA_10312021:Prokka:AKDIDOID_00343 (length 184)
AAA799-D07.fa_prokka/PROKKA_10312021:Prokka:AKDIDOID_00344 (length 110)
AAA799-D07.fa_prokka/PROKKA_10312021:Prokka:AKDIDOID_00345 (length 257)
AAA799-D07.fa_prokka/PROKKA_10312021:Prokka:AKDIDOID_00346 (length 513)
AAA799-D07.fa_prokka/PROKKA_10312021:Prokka:AKDIDOID_00347 (length 178)
AAA799-D07.fa_prokka/PROKKA_10312021:Prokka:AKDIDOID_00348 (length 220)
AAA799-D07.fa_prokka/PROKKA_10312021:Prokka:AKDIDOID_00349 (length 37)
AAA799-D07.fa_prokka/PROKKA_10312021:Prokka:AKDIDOID_00350 (length 188)
AAA799-D07.fa_prokka/PROKKA_10312021:Prokka:AKDIDOID_00351 (length 117)
AAA799-D07.fa_prokka/PROKKA_10312021:Prokka:AKDIDOID_00352 (length 224)
AAA799-D07.fa_prokka/PROKKA_10312021:Prokka:AKDIDOID_00353 (length 414)
AAA799-D07.fa_prokka/PROKKA_10312021:Prokka:AKDIDOID_00354 (length 105)
AAA799-D07.fa_prokka/PROKKA_10312021:Prokka:AKDIDOID_6 (length 12429)
AAA799-D07.fa_prokka/PROKKA_10312021:Prokka:AKDIDOID_00355 (length 105)
AAA799-D07.fa_prokka/PROKKA_10312021:Prokka:AKDIDOID_00356 (length 224)
AAA799-D07.fa_prokka/PROKKA_10312021:Prokka:AKDIDOID_00357 (length 137)
AAA799-D07.fa_prokka/PROKKA_10312021:Prokka:AKDIDOID_00358 (length 259)
AAA799-D07.fa_prokka/PROKKA_10312021:Prokka:AKDIDOID_00359 (length 395)
AAA799-D07.fa_prokka/PROKKA_10312021:Prokka:AKDIDOID_00360 (length 217)
AAA799-D07.fa_prokka/PROKKA_10312021:Prokka:AKDIDOID_00361 (length 173)
AAA799-D07.fa_prokka/PROKKA_10312021:Prokka:AKDIDOID_00362 (length 181)
AAA799-D07.fa_prokka/PROKKA_10312021:Prokka:AKDIDOID_00363 (length 370)
AAA799-D07.fa_prokka/PROKKA_10312021:Prokka:AKDIDOID_00364 (length 348)
AAA799-D07.fa_prokka/PROKKA_10312021:Prokka:AKDIDOID_00365 (length 153)
AAA799-D07.fa_prokka/PROKKA_10312021:Prokka:AKDIDOID_00366 (length 113)
AAA799-D07.fa_prokka/PROKKA_10312021:Prokka:AKDIDOID_00367 (length 167)
AAA799-D07.fa_prokka/PROKKA_10312021:Prokka:AKDIDOID_00368 (length 79)
AAA799-D07.fa_prokka/PROKKA_10312021:Prokka:AKDIDOID_00369 (length 112)
AAA799-D07.fa_prokka/PROKKA_10312021:Prokka:AKDIDOID_00370 (length 116)
AAA799-D07.fa_prokka/PROKKA_10312021:Prokka:AKDIDOID_00371 (length 217)
AAA799-D07.fa_prokka/PROKKA_10312021:Prokka:AKDIDOID_00372 (length 238)
AAA799-D07.fa_prokka/PROKKA_10312021:Prokka:AKDIDOID_00373 (length 297)
AAA799-D07.fa_prokka/PROKKA_10312021:Prokka:AKDIDOID_7 (length 11993)
AAA799-D07.fa_prokka/PROKKA_10312021:Prokka:AKDIDOID_00374 (length 627)
AAA799-D07.fa_prokka/PROKKA_10312021:Prokka:AKDIDOID_00375 (length 212)
AAA799-D07.fa_prokka/PROKKA_10312021:Prokka:AKDIDOID_00376 (length 440)
AAA799-D07.fa_prokka/PROKKA_10312021:Prokka:AKDIDOID_00377 (length 144)
AAA799-D07.fa_prokka/PROKKA_10312021:Prokka:AKDIDOID_00379 (length 92)
AAA799-D07.fa_prokka/PROKKA_10312021:Prokka:AKDIDOID_00380 (length 164)
AAA799-D07.fa_prokka/PROKKA_10312021:Prokka:AKDIDOID_00381 (length 189)
AAA799-D07.fa_prokka/PROKKA_10312021:Prokka:AKDIDOID_00382 (length 237)
AAA799-D07.fa_prokka/PROKKA_10312021:Prokka:AKDIDOID_00384 (length 291)
AAA799-D07.fa_prokka/PROKKA_10312021:Prokka:AKDIDOID_00385 (length 60)
AAA799-D07.fa_prokka/PROKKA_10312021:Prokka:AKDIDOID_00386 (length 504)
AAA799-D07.fa_prokka/PROKKA_10312021:Prokka:AKDIDOID_00387 (length 119)
AAA799-D07.fa_prokka/PROKKA_10312021:Prokka:AKDIDOID_00388 (length 171)
AAA799-D07.fa_prokka/PROKKA_10312021:Prokka:AKDIDOID_00389 (length 214)
AAA799-D07.fa_prokka/PROKKA_10312021:Prokka:AKDIDOID_00390 (length 45)
AAA799-D07.fa_prokka/PROKKA_10312021:Prokka:AKDIDOID_8 (length 9865)
AAA799-D07.fa_prokka/PROKKA_10312021:Prokka:AKDIDOID_00391 (length 111)
AAA799-D07.fa_prokka/PROKKA_10312021:Prokka:AKDIDOID_00392 (length 370)
AAA799-D07.fa_prokka/PROKKA_10312021:Prokka:AKDIDOID_00393 (length 398)
AAA799-D07.fa_prokka/PROKKA_10312021:Prokka:AKDIDOID_00394 (length 103)
AAA799-D07.fa_prokka/PROKKA_10312021:Prokka:AKDIDOID_00395 (length 350)
AAA799-D07.fa_prokka/PROKKA_10312021:Prokka:AKDIDOID_00396 (length 131)
AAA799-D07.fa_prokka/PROKKA_10312021:Prokka:AKDIDOID_00397 (length 54)
AAA799-D07.fa_prokka/PROKKA_10312021:Prokka:AKDIDOID_00398 (length 152)
AAA799-D07.fa_prokka/PROKKA_10312021:Prokka:AKDIDOID_00399 (length 256)
AAA799-D07.fa_prokka/PROKKA_10312021:Prokka:AKDIDOID_00400 (length 555)
AAA799-D07.fa_prokka/PROKKA_10312021:Prokka:AKDIDOID_00401 (length 398)
AAA799-D07.fa_prokka/PROKKA_10312021:Prokka:AKDIDOID_9 (length 23897)
AAA799-D07.fa_prokka/PROKKA_10312021:Prokka:AKDIDOID_00402 (length 59)
AAA799-D07.fa_prokka/PROKKA_10312021:Prokka:AKDIDOID_00403 (length 258)
AAA799-D07.fa_prokka/PROKKA_10312021:Prokka:AKDIDOID_00404 (length 99)
AAA799-D07.fa_prokka/PROKKA_10312021:Prokka:AKDIDOID_00405 (length 158)
AAA799-D07.fa_prokka/PROKKA_10312021:Prokka:AKDIDOID_00406 (length 134)
AAA799-D07.fa_prokka/PROKKA_10312021:Prokka:AKDIDOID_00407 (length 530)
AAA799-D07.fa_prokka/PROKKA_10312021:Prokka:AKDIDOID_00408 (length 675)
AAA799-D07.fa_prokka/PROKKA_10312021:Prokka:AKDIDOID_00409 (length 206)
AAA799-D07.fa_prokka/PROKKA_10312021:Prokka:AKDIDOID_00410 (length 139)
AAA799-D07.fa_prokka/PROKKA_10312021:Prokka:AKDIDOID_00411 (length 406)
AAA799-D07.fa_prokka/PROKKA_10312021:Prokka:AKDIDOID_00412 (length 305)
AAA799-D07.fa_prokka/PROKKA_10312021:Prokka:AKDIDOID_00413 (length 138)
AAA799-D07.fa_prokka/PROKKA_10312021:Prokka:AKDIDOID_00414 (length 222)
AAA799-D07.fa_prokka/PROKKA_10312021:Prokka:AKDIDOID_00415 (length 158)
AAA799-D07.fa_prokka/PROKKA_10312021:Prokka:AKDIDOID_00416 (length 166)
AAA799-D07.fa_prokka/PROKKA_10312021:Prokka:AKDIDOID_00417 (length 483)
AAA799-D07.fa_prokka/PROKKA_10312021:Prokka:AKDIDOID_00418 (length 195)
AAA799-D07.fa_prokka/PROKKA_10312021:Prokka:AKDIDOID_00419 (length 213)
AAA799-D07.fa_prokka/PROKKA_10312021:Prokka:AKDIDOID_00420 (length 138)
AAA799-D07.fa_prokka/PROKKA_10312021:Prokka:AKDIDOID_00421 (length 39)
AAA799-D07.fa_prokka/PROKKA_10312021:Prokka:AKDIDOID_00422 (length 336)
AAA799-D07.fa_prokka/PROKKA_10312021:Prokka:AKDIDOID_00423 (length 152)
AAA799-D07.fa_prokka/PROKKA_10312021:Prokka:AKDIDOID_00424 (length 76)
AAA799-D07.fa_prokka/PROKKA_10312021:Prokka:AKDIDOID_00425 (length 118)
AAA799-D07.fa_prokka/PROKKA_10312021:Prokka:AKDIDOID_00426 (length 76)
AAA799-D07.fa_prokka/PROKKA_10312021:Prokka:AKDIDOID_00427 (length 99)
AAA799-D07.fa_prokka/PROKKA_10312021:Prokka:AKDIDOID_00428 (length 86)
AAA799-D07.fa_prokka/PROKKA_10312021:Prokka:AKDIDOID_00429 (length 52)
AAA799-D07.fa_prokka/PROKKA_10312021:Prokka:AKDIDOID_00430 (length 378)
AAA799-D07.fa_prokka/PROKKA_10312021:Prokka:AKDIDOID_00431 (length 113)
AAA799-D07.fa_prokka/PROKKA_10312021:Prokka:AKDIDOID_00432 (length 234)
AAA799-D07.fa_prokka/PROKKA_10312021:Prokka:AKDIDOID_00433 (length 144)
AAA799-D07.fa_prokka/PROKKA_10312021:Prokka:AKDIDOID_00434 (length 153)
AAA799-D07.fa_prokka/PROKKA_10312021:Prokka:AKDIDOID_00435 (length 121)
AAA799-D07.fa_prokka/PROKKA_10312021:Prokka:AKDIDOID_00436 (length 63)
AAA799-D07.fa_prokka/PROKKA_10312021:Prokka:AKDIDOID_00437 (length 255)
AAA799-D07.fa_prokka/PROKKA_10312021:Prokka:AKDIDOID_00438 (length 37)
AAA799-D07.fa_prokka/PROKKA_10312021:Prokka:AKDIDOID_10 (length 8305)
AAA799-D07.fa_prokka/PROKKA_10312021:Prokka:AKDIDOID_00439 (length 357)
AAA799-D07.fa_prokka/PROKKA_10312021:Prokka:AKDIDOID_00440 (length 151)
AAA799-D07.fa_prokka/PROKKA_10312021:Prokka:AKDIDOID_00441 (length 309)
AAA799-D07.fa_prokka/PROKKA_10312021:Prokka:AKDIDOID_00442 (length 229)
AAA799-D07.fa_prokka/PROKKA_10312021:Prokka:AKDIDOID_00443 (length 226)
AAA799-D07.fa_prokka/PROKKA_10312021:Prokka:AKDIDOID_00444 (length 549)
AAA799-D07.fa_prokka/PROKKA_10312021:Prokka:AKDIDOID_00445 (length 325)
AAA799-D07.fa_prokka/PROKKA_10312021:Prokka:AKDIDOID_00446 (length 332)
AAA799-D07.fa_prokka/PROKKA_10312021:Prokka:AKDIDOID_11 (length 8541)
AAA799-D07.fa_prokka/PROKKA_10312021:Prokka:AKDIDOID_00447 (length 52)
AAA799-D07.fa_prokka/PROKKA_10312021:Prokka:AKDIDOID_00448 (length 185)
AAA799-D07.fa_prokka/PROKKA_10312021:Prokka:AKDIDOID_00449 (length 108)
AAA799-D07.fa_prokka/PROKKA_10312021:Prokka:AKDIDOID_00450 (length 78)
AAA799-D07.fa_prokka/PROKKA_10312021:Prokka:AKDIDOID_00451 (length 224)
AAA799-D07.fa_prokka/PROKKA_10312021:Prokka:AKDIDOID_00452 (length 314)
AAA799-D07.fa_prokka/PROKKA_10312021:Prokka:AKDIDOID_00453 (length 252)
AAA799-D07.fa_prokka/PROKKA_10312021:Prokka:AKDIDOID_00454 (length 365)
AAA799-D07.fa_prokka/PROKKA_10312021:Prokka:AKDIDOID_00455 (length 268)
AAA799-D07.fa_prokka/PROKKA_10312021:Prokka:AKDIDOID_00456 (length 126)
AAA799-D07.fa_prokka/PROKKA_10312021:Prokka:AKDIDOID_00457 (length 104)
AAA799-D07.fa_prokka/PROKKA_10312021:Prokka:AKDIDOID_00458 (length 410)
AAA799-D07.fa_prokka/PROKKA_10312021:Prokka:AKDIDOID_12 (length 5864)
AAA799-D07.fa_prokka/PROKKA_10312021:Prokka:AKDIDOID_00459 (length 49)
AAA799-D07.fa_prokka/PROKKA_10312021:Prokka:AKDIDOID_00460 (length 57)
AAA799-D07.fa_prokka/PROKKA_10312021:Prokka:AKDIDOID_00461 (length 115)
AAA799-D07.fa_prokka/PROKKA_10312021:Prokka:AKDIDOID_00462 (length 61)
AAA799-D07.fa_prokka/PROKKA_10312021:Prokka:AKDIDOID_00463 (length 59)
AAA799-D07.fa_prokka/PROKKA_10312021:Prokka:AKDIDOID_00464 (length 126)
AAA799-D07.fa_prokka/PROKKA_10312021:Prokka:AKDIDOID_00465 (length 77)
AAA799-D07.fa_prokka/PROKKA_10312021:Prokka:AKDIDOID_00466 (length 306)
AAA799-D07.fa_prokka/PROKKA_10312021:Prokka:AKDIDOID_00467 (length 104)
AAA799-D07.fa_prokka/PROKKA_10312021:Prokka:AKDIDOID_00468 (length 46)
AAA799-D07.fa_prokka/PROKKA_10312021:Prokka:AKDIDOID_00469 (length 90)
AAA799-D07.fa_prokka/PROKKA_10312021:Prokka:AKDIDOID_00470 (length 191)
AAA799-D07.fa_prokka/PROKKA_10312021:Prokka:AKDIDOID_00471 (length 275)
AAA799-D07.fa_prokka/PROKKA_10312021:Prokka:AKDIDOID_00472 (length 153)
AAA799-D07.fa_prokka/PROKKA_10312021:Prokka:AKDIDOID_13 (length 5580)
AAA799-D07.fa_prokka/PROKKA_10312021:Prokka:AKDIDOID_00473 (length 576)
AAA799-D07.fa_prokka/PROKKA_10312021:Prokka:AKDIDOID_00474 (length 217)
AAA799-D07.fa_prokka/PROKKA_10312021:Prokka:AKDIDOID_00475 (length 178)
AAA799-D07.fa_prokka/PROKKA_10312021:Prokka:AKDIDOID_00476 (length 466)
AAA799-D07.fa_prokka/PROKKA_10312021:Prokka:AKDIDOID_00477 (length 65)
AAA799-D07.fa_prokka/PROKKA_10312021:Prokka:AKDIDOID_14 (length 7783)
AAA799-D07.fa_prokka/PROKKA_10312021:Prokka:AKDIDOID_00478 (length 143)
AAA799-D07.fa_prokka/PROKKA_10312021:Prokka:AKDIDOID_00479 (length 351)
AAA799-D07.fa_prokka/PROKKA_10312021:Prokka:AKDIDOID_00480 (length 222)
AAA799-D07.fa_prokka/PROKKA_10312021:Prokka:AKDIDOID_00481 (length 273)
AAA799-D07.fa_prokka/PROKKA_10312021:Prokka:AKDIDOID_00482 (length 284)
AAA799-D07.fa_prokka/PROKKA_10312021:Prokka:AKDIDOID_00483 (length 257)
AAA799-D07.fa_prokka/PROKKA_10312021:Prokka:AKDIDOID_00484 (length 108)
AAA799-D07.fa_prokka/PROKKA_10312021:Prokka:AKDIDOID_00485 (length 364)
AAA799-D07.fa_prokka/PROKKA_10312021:Prokka:AKDIDOID_00486 (length 458)
AAA799-D07.fa_prokka/PROKKA_10312021:Prokka:AKDIDOID_15 (length 4527)
AAA799-D07.fa_prokka/PROKKA_10312021:Prokka:AKDIDOID_00487 (length 76)
AAA799-D07.fa_prokka/PROKKA_10312021:Prokka:AKDIDOID_00488 (length 50)
AAA799-D07.fa_prokka/PROKKA_10312021:Prokka:AKDIDOID_00489 (length 118)
AAA799-D07.fa_prokka/PROKKA_10312021:Prokka:AKDIDOID_00490 (length 568)
AAA799-D07.fa_prokka/PROKKA_10312021:Prokka:AKDIDOID_00491 (length 347)
AAA799-D07.fa_prokka/PROKKA_10312021:Prokka:AKDIDOID_00492 (length 156)
AAA799-D07.fa_prokka/PROKKA_10312021:Prokka:AKDIDOID_16 (length 4158)
AAA799-D07.fa_prokka/PROKKA_10312021:Prokka:AKDIDOID_00493 (length 341)
AAA799-D07.fa_prokka/PROKKA_10312021:Prokka:AKDIDOID_00494 (length 227)
AAA799-D07.fa_prokka/PROKKA_10312021:Prokka:AKDIDOID_00495 (length 442)
AAA799-D07.fa_prokka/PROKKA_10312021:Prokka:AKDIDOID_00496 (length 134)
AAA799-D07.fa_prokka/PROKKA_10312021:Prokka:AKDIDOID_00497 (length 183)
AAA799-D07.fa_prokka/PROKKA_10312021:Prokka:AKDIDOID_17 (length 4143)
AAA799-D07.fa_prokka/PROKKA_10312021:Prokka:AKDIDOID_00498 (length 409)
AAA799-D07.fa_prokka/PROKKA_10312021:Prokka:AKDIDOID_00499 (length 130)
AAA799-D07.fa_prokka/PROKKA_10312021:Prokka:AKDIDOID_00500 (length 126)
AAA799-D07.fa_prokka/PROKKA_10312021:Prokka:AKDIDOID_00501 (length 119)
AAA799-D07.fa_prokka/PROKKA_10312021:Prokka:AKDIDOID_00502 (length 206)
AAA799-D07.fa_prokka/PROKKA_10312021:Prokka:AKDIDOID_00503 (length 163)
AAA799-D07.fa_prokka/PROKKA_10312021:Prokka:AKDIDOID_00504 (length 85)
AAA799-D07.fa_prokka/PROKKA_10312021:Prokka:AKDIDOID_18 (length 4965)
AAA799-D07.fa_prokka/PROKKA_10312021:Prokka:AKDIDOID_00505 (length 96)
AAA799-D07.fa_prokka/PROKKA_10312021:Prokka:AKDIDOID_00506 (length 65)
AAA799-D07.fa_prokka/PROKKA_10312021:Prokka:AKDIDOID_00507 (length 194)
AAA799-D07.fa_prokka/PROKKA_10312021:Prokka:AKDIDOID_00508 (length 241)
AAA799-D07.fa_prokka/PROKKA_10312021:Prokka:AKDIDOID_00509 (length 323)
AAA799-D07.fa_prokka/PROKKA_10312021:Prokka:AKDIDOID_00510 (length 182)
AAA799-D07.fa_prokka/PROKKA_10312021:Prokka:AKDIDOID_00511 (length 329)
AAA799-D07.fa_prokka/PROKKA_10312021:Prokka:AKDIDOID_19 (length 3689)
AAA799-D07.fa_prokka/PROKKA_10312021:Prokka:AKDIDOID_00512 (length 270)
AAA799-D07.fa_prokka/PROKKA_10312021:Prokka:AKDIDOID_00513 (length 117)
AAA799-D07.fa_prokka/PROKKA_10312021:Prokka:AKDIDOID_00514 (length 63)
AAA799-D07.fa_prokka/PROKKA_10312021:Prokka:AKDIDOID_00515 (length 152)
AAA799-D07.fa_prokka/PROKKA_10312021:Prokka:AKDIDOID_00516 (length 128)
AAA799-D07.fa_prokka/PROKKA_10312021:Prokka:AKDIDOID_00517 (length 366)
AAA799-D07.fa_prokka/PROKKA_10312021:Prokka:AKDIDOID_20 (length 3647)
AAA799-D07.fa_prokka/PROKKA_10312021:Prokka:AKDIDOID_00518 (length 402)
AAA799-D07.fa_prokka/PROKKA_10312021:Prokka:AKDIDOID_00519 (length 544)
AAA799-D07.fa_prokka/PROKKA_10312021:Prokka:AKDIDOID_00520 (length 189)
AAA799-D07.fa_prokka/PROKKA_10312021:Prokka:AKDIDOID_21 (length 3396)
AAA799-D07.fa_prokka/PROKKA_10312021:Prokka:AKDIDOID_00521 (length 156)
AAA799-D07.fa_prokka/PROKKA_10312021:Prokka:AKDIDOID_00522 (length 329)
AAA799-D07.fa_prokka/PROKKA_10312021:Prokka:AKDIDOID_00523 (length 76)
AAA799-D07.fa_prokka/PROKKA_10312021:Prokka:AKDIDOID_00524 (length 158)
AAA799-D07.fa_prokka/PROKKA_10312021:Prokka:AKDIDOID_00525 (length 85)
AAA799-D07.fa_prokka/PROKKA_10312021:Prokka:AKDIDOID_00526 (length 286)
AAA799-D07.fa_prokka/PROKKA_10312021:Prokka:AKDIDOID_22 (length 3168)
AAA799-D07.fa_prokka/PROKKA_10312021:Prokka:AKDIDOID_00527 (length 150)
AAA799-D07.fa_prokka/PROKKA_10312021:Prokka:AKDIDOID_00528 (length 160)
AAA799-D07.fa_prokka/PROKKA_10312021:Prokka:AKDIDOID_00529 (length 157)
AAA799-D07.fa_prokka/PROKKA_10312021:Prokka:AKDIDOID_00530 (length 217)
AAA799-D07.fa_prokka/PROKKA_10312021:Prokka:AKDIDOID_23 (length 1983)
AAA799-D07.fa_prokka/PROKKA_10312021:Prokka:AKDIDOID_00531 (length 219)
AAA799-D07.fa_prokka/PROKKA_10312021:Prokka:AKDIDOID_00532 (length 76)
AAA799-D07.fa_prokka/PROKKA_10312021:Prokka:AKDIDOID_00533 (length 54)
AAA799-D07.fa_prokka/PROKKA_10312021:Prokka:AKDIDOID_00534 (length 170)
AAA799-D07.fa_prokka/PROKKA_10312021:Prokka:AKDIDOID_24 (length 1704)
AAA799-D07.fa_prokka/PROKKA_10312021:Prokka:AKDIDOID_00535 (length 35)
AAA799-D07.fa_prokka/PROKKA_10312021:Prokka:AKDIDOID_00536 (length 494)
AAA799-D07.fa_prokka/PROKKA_10312021:Prokka:AKDIDOID_25 (length 1635)
AAA799-D07.fa_prokka/PROKKA_10312021:Prokka:AKDIDOID_00537 (length 92)
AAA799-D07.fa_prokka/PROKKA_10312021:Prokka:AKDIDOID_00538 (length 283)
AAA799-D07.fa_prokka/PROKKA_10312021:Prokka:AKDIDOID_00539 (length 126)
AAA799-D07.fa_prokka/PROKKA_10312021:Prokka:AKDIDOID_26 (length 1571)
AAA799-D07.fa_prokka/PROKKA_10312021:Prokka:AKDIDOID_27 (length 1513)
AAA799-D07.fa_prokka/PROKKA_10312021:Prokka:AKDIDOID_00540 (length 115)
AAA799-D07.fa_prokka/PROKKA_10312021:Prokka:AKDIDOID_00541 (length 201)
AAA799-D07.fa_prokka/PROKKA_10312021:Prokka:AKDIDOID_00542 (length 87)
AAA799-D07.fa_prokka/PROKKA_10312021:Prokka:AKDIDOID_28 (length 1497)
AAA799-D07.fa_prokka/PROKKA_10312021:Prokka:AKDIDOID_00543 (length 372)
AAA799-D07.fa_prokka/PROKKA_10312021:Prokka:AKDIDOID_00544 (length 79)
AAA799-D07.fa_prokka/PROKKA_10312021:Prokka:AKDIDOID_29 (length 1405)
AAA799-D07.fa_prokka/PROKKA_10312021:Prokka:AKDIDOID_00545 (length 87)
AAA799-D07.fa_prokka/PROKKA_10312021:Prokka:AKDIDOID_00546 (length 102)
AAA799-D07.fa_prokka/PROKKA_10312021:Prokka:AKDIDOID_00547 (length 67)
AAA799-D07.fa_prokka/PROKKA_10312021:Prokka:AKDIDOID_00548 (length 65)
AAA799-D07.fa_prokka/PROKKA_10312021:Prokka:AKDIDOID_00549 (length 85)
AAA799-D07.fa_prokka/PROKKA_10312021:Prokka:AKDIDOID_30 (length 1374)
AAA799-D07.fa_prokka/PROKKA_10312021:Prokka:AKDIDOID_00550 (length 102)
AAA799-D07.fa_prokka/PROKKA_10312021:Prokka:AKDIDOID_00551 (length 343)
AAA799-D07.fa_prokka/PROKKA_10312021:Prokka:AKDIDOID_31 (length 1362)
AAA799-D07.fa_prokka/PROKKA_10312021:Prokka:AKDIDOID_00552 (length 160)
AAA799-D07.fa_prokka/PROKKA_10312021:Prokka:AKDIDOID_00553 (length 222)
AAA799-D07.fa_prokka/PROKKA_10312021:Prokka:AKDIDOID_32 (length 1118)
AAA799-D07.fa_prokka/PROKKA_10312021:Prokka:AKDIDOID_00554 (length 58)
AAA799-D07.fa_prokka/PROKKA_10312021:Prokka:AKDIDOID_00555 (length 98)
AAA799-D07.fa_prokka/PROKKA_10312021:Prokka:AKDIDOID_33 (length 1001)

DiscRep_ALL:DISC_INCONSISTENT_MOLINFO_TECH::Molinfo Technique Report (some missing, all same)
DiscRep_SUB:DISC_INCONSISTENT_MOLINFO_TECH::technique (all missing)
DiscRep_SUB:DISC_INCONSISTENT_MOLINFO_TECH::33 Molinfos are missing field technique
AAA799-D07.fa_prokka/PROKKA_10312021:Prokka:AKDIDOID_1 (length 90673)
AAA799-D07.fa_prokka/PROKKA_10312021:Prokka:AKDIDOID_2 (length 81748)
AAA799-D07.fa_prokka/PROKKA_10312021:Prokka:AKDIDOID_3 (length 64295)
AAA799-D07.fa_prokka/PROKKA_10312021:Prokka:AKDIDOID_4 (length 30733)
AAA799-D07.fa_prokka/PROKKA_10312021:Prokka:AKDIDOID_5 (length 26356)
AAA799-D07.fa_prokka/PROKKA_10312021:Prokka:AKDIDOID_6 (length 12429)
AAA799-D07.fa_prokka/PROKKA_10312021:Prokka:AKDIDOID_7 (length 11993)
AAA799-D07.fa_prokka/PROKKA_10312021:Prokka:AKDIDOID_8 (length 9865)
AAA799-D07.fa_prokka/PROKKA_10312021:Prokka:AKDIDOID_9 (length 23897)
AAA799-D07.fa_prokka/PROKKA_10312021:Prokka:AKDIDOID_10 (length 8305)
AAA799-D07.fa_prokka/PROKKA_10312021:Prokka:AKDIDOID_11 (length 8541)
AAA799-D07.fa_prokka/PROKKA_10312021:Prokka:AKDIDOID_12 (length 5864)
AAA799-D07.fa_prokka/PROKKA_10312021:Prokka:AKDIDOID_13 (length 5580)
AAA799-D07.fa_prokka/PROKKA_10312021:Prokka:AKDIDOID_14 (length 7783)
AAA799-D07.fa_prokka/PROKKA_10312021:Prokka:AKDIDOID_15 (length 4527)
AAA799-D07.fa_prokka/PROKKA_10312021:Prokka:AKDIDOID_16 (length 4158)
AAA799-D07.fa_prokka/PROKKA_10312021:Prokka:AKDIDOID_17 (length 4143)
AAA799-D07.fa_prokka/PROKKA_10312021:Prokka:AKDIDOID_18 (length 4965)
AAA799-D07.fa_prokka/PROKKA_10312021:Prokka:AKDIDOID_19 (length 3689)
AAA799-D07.fa_prokka/PROKKA_10312021:Prokka:AKDIDOID_20 (length 3647)
AAA799-D07.fa_prokka/PROKKA_10312021:Prokka:AKDIDOID_21 (length 3396)
AAA799-D07.fa_prokka/PROKKA_10312021:Prokka:AKDIDOID_22 (length 3168)
AAA799-D07.fa_prokka/PROKKA_10312021:Prokka:AKDIDOID_23 (length 1983)
AAA799-D07.fa_prokka/PROKKA_10312021:Prokka:AKDIDOID_24 (length 1704)
AAA799-D07.fa_prokka/PROKKA_10312021:Prokka:AKDIDOID_25 (length 1635)
AAA799-D07.fa_prokka/PROKKA_10312021:Prokka:AKDIDOID_26 (length 1571)
AAA799-D07.fa_prokka/PROKKA_10312021:Prokka:AKDIDOID_27 (length 1513)
AAA799-D07.fa_prokka/PROKKA_10312021:Prokka:AKDIDOID_28 (length 1497)
AAA799-D07.fa_prokka/PROKKA_10312021:Prokka:AKDIDOID_29 (length 1405)
AAA799-D07.fa_prokka/PROKKA_10312021:Prokka:AKDIDOID_30 (length 1374)
AAA799-D07.fa_prokka/PROKKA_10312021:Prokka:AKDIDOID_31 (length 1362)
AAA799-D07.fa_prokka/PROKKA_10312021:Prokka:AKDIDOID_32 (length 1118)
AAA799-D07.fa_prokka/PROKKA_10312021:Prokka:AKDIDOID_33 (length 1001)

