[01:04:53] This is prokka 1.14.6
[01:04:53] Written by Torsten Seemann <torsten.seemann@gmail.com>
[01:04:53] Homepage is https://github.com/tseemann/prokka
[01:04:53] Local time is Mon Nov  1 01:04:53 2021
[01:04:53] You are ylifc
[01:04:53] Operating system is linux
[01:04:53] You have BioPerl 1.007002
[01:04:53] System has 64 cores.
[01:04:53] Will use maximum of 64 cores.
[01:04:53] Annotating as >>> Bacteria <<<
[01:04:53] Generating locus_tag from 'HM81_Bin2.fa' contents.
[01:04:53] Setting --locustag JNMKFPKK from MD5 3764f9442be623eb6c8491cc72d294f7
[01:04:53] Enabling options to ensure Genbank/ENA/DDJB submission compliance.
[01:04:53] Creating new output folder: HM81_Bin2.fa_prokka
[01:04:53] Running: mkdir -p HM81_Bin2\.fa_prokka
[01:04:53] Using filename prefix: PROKKA_11012021.XXX
[01:04:53] Setting HMMER_NCPU=1
[01:04:53] Writing log to: HM81_Bin2.fa_prokka/PROKKA_11012021.log
[01:04:53] Command: /home/ylifc/miniconda2/envs/prokka/bin/prokka --cpus 0 --compliant --rfam HM81_Bin2.fa --outdir HM81_Bin2.fa_prokka
[01:04:53] Appending to PATH: /home/ylifc/miniconda2/envs/prokka/bin
[01:04:53] Looking for 'aragorn' - found /home/ylifc/miniconda2/envs/prokka/bin/aragorn
[01:04:53] Determined aragorn version is 001002 from 'ARAGORN v1.2.38 Dean Laslett'
[01:04:53] Looking for 'barrnap' - found /home/ylifc/miniconda2/envs/prokka/bin/barrnap
[01:04:53] Determined barrnap version is 000009 from 'barrnap 0.9'
[01:04:53] Looking for 'blastp' - found /home/ylifc/miniconda2/envs/prokka/bin/blastp
[01:04:55] Determined blastp version is 002012 from 'blastp: 2.12.0+'
[01:04:55] Looking for 'cmpress' - found /home/ylifc/miniconda2/envs/prokka/bin/cmpress
[01:04:55] Determined cmpress version is 001001 from '# INFERNAL 1.1.4 (Dec 2020)'
[01:04:55] Looking for 'cmscan' - found /home/ylifc/miniconda2/envs/prokka/bin/cmscan
[01:04:55] Determined cmscan version is 001001 from '# INFERNAL 1.1.4 (Dec 2020)'
[01:04:55] Looking for 'egrep' - found /bin/egrep
[01:04:55] Looking for 'find' - found /usr/bin/find
[01:04:55] Looking for 'grep' - found /bin/grep
[01:04:55] Looking for 'hmmpress' - found /home/ylifc/miniconda2/envs/prokka/bin/hmmpress
[01:04:55] Determined hmmpress version is 003003 from '# HMMER 3.3.2 (Nov 2020); http://hmmer.org/'
[01:04:55] Looking for 'hmmscan' - found /home/ylifc/miniconda2/envs/prokka/bin/hmmscan
[01:04:55] Determined hmmscan version is 003003 from '# HMMER 3.3.2 (Nov 2020); http://hmmer.org/'
[01:04:55] Looking for 'java' - found /home/ylifc/miniconda2/envs/prokka/bin/java
[01:04:55] Looking for 'makeblastdb' - found /home/ylifc/miniconda2/envs/prokka/bin/makeblastdb
[01:04:56] Determined makeblastdb version is 002012 from 'makeblastdb: 2.12.0+'
[01:04:56] Looking for 'minced' - found /home/ylifc/miniconda2/envs/prokka/bin/minced
[01:04:57] Determined minced version is 004002 from 'minced 0.4.2'
[01:04:57] Looking for 'parallel' - found /home/ylifc/miniconda2/envs/prokka/bin/parallel
[01:04:57] Determined parallel version is 20211022 from 'GNU parallel 20211022'
[01:04:57] Looking for 'prodigal' - found /home/ylifc/miniconda2/envs/prokka/bin/prodigal
[01:04:57] Determined prodigal version is 002006 from 'Prodigal V2.6.3: February, 2016'
[01:04:57] Looking for 'prokka-genbank_to_fasta_db' - found /home/ylifc/miniconda2/envs/prokka/bin/prokka-genbank_to_fasta_db
[01:04:57] Looking for 'sed' - found /bin/sed
[01:04:57] Looking for 'tbl2asn' - found /home/ylifc/miniconda2/envs/prokka/bin/tbl2asn
[01:04:57] Determined tbl2asn version is 025007 from 'tbl2asn 25.7   arguments:'
[01:04:57] Using genetic code table 11.
[01:04:57] Loading and checking input file: HM81_Bin2.fa
[01:04:58] Wrote 1515 contigs totalling 2260385 bp.
[01:04:58] Predicting tRNAs and tmRNAs
[01:04:58] Running: aragorn -l -gc11  -w HM81_Bin2\.fa_prokka\/PROKKA_11012021\.fna
[01:04:58] 1 tRNA-Lys [1046,1120] 35 (ctt)
[01:04:58] 1 tRNA-Cys [27,98] 33 (gca)
[01:04:58] 1 tRNA-Gly [851,926] 37 (tcc)
[01:04:58] 1 tRNA-Glu c[834,912] 37 (ttc)
[01:04:58] 2 tRNA-Met [1667,1740] 35 (cat)
[01:04:58] 1 tRNA-Leu [480,566] 38 (cag)
[01:04:58] 1 tRNA-Gln c[203,292] 28 (ctg)
[01:04:58] 1 tRNA-Met c[1768,1843] 36 (cat)
[01:04:58] 1 tRNA-Leu [301,387] 37 (tag)
[01:04:58] 1 tRNA-Val c[1874,1947] 35 (gac)
[01:04:58] 1 tRNA-Lys c[2,76] 35 (ctt)
[01:04:58] 1 tRNA-Ala c[612,684] 33 (cgc)
[01:04:58] 1 tRNA-Val c[574,652] 37 (tac)
[01:04:58] 1 tRNA-Asn [1079,1153] 35 (gtt)
[01:04:58] 1 tRNA-Lys [26,100] 35 (ctt)
[01:04:58] 1 tRNA-Gly c[1610,1683] 35 (ccc)
[01:04:58] 1 tRNA-Gly c[332,408] 36 (gcc)
[01:04:58] 1 tRNA-Val c[889,965] 37 (tac)
[01:04:58] 1 tRNA-Trp c[969,1043] 35 (cca)
[01:04:58] 1 tRNA-Ala c[8,81] 35 (tgc)
[01:04:58] 2 tRNA-Ile [749,836] 36 (gat)
[01:04:58] 1 tRNA-Lys c[4,78] 35 (ctt)
[01:04:58] 1 tRNA-Met [639,714] 36 (cat)
[01:04:58] 1 tRNA-Ala c[1672,1748] 36 (tgc)
[01:04:58] 1 tRNA-Leu c[979,1064] 37 (tag)
[01:04:59] 1 tRNA-Leu [1049,1136] 37 (tag)
[01:04:59] 1 tRNA-Pro c[1952,2026] 35 (cgg)
[01:04:59] 2 tRNA-Ala c[2077,2152] 36 (ggc)
[01:04:59] 1 tRNA-Val c[920,994] 35 (gac)
[01:04:59] 1 tRNA-Val [149,223] 35 (gac)
[01:04:59] 1 tRNA-Arg c[1802,1878] 37 (gcg)
[01:04:59] 1 tRNA-Ser [890,975] 36 (tga)
[01:04:59] 1 tRNA-His c[77,150] 35 (gtg)
[01:04:59] 1 tRNA-Leu c[600,686] 38 (cag)
[01:04:59] 1 tRNA-Thr c[1053,1126] 35 (ggt)
[01:04:59] 2 tRNA-Leu [1218,1303] 37 (taa)
[01:04:59] 1 tRNA-Ala c[663,737] 35 (tgc)
[01:04:59] 1 tRNA-Pro [533,606] 35 (ggg)
[01:04:59] 1 tRNA-Lys c[475,549] 35 (ttt)
[01:04:59] 2 tRNA-Asp [645,720] 37 (gtc)
[01:04:59] 1 tRNA-Asn [567,641] 35 (gtt)
[01:04:59] 1 tRNA-Val c[768,842] 35 (gac)
[01:04:59] 1 tRNA-Thr [219,292] 35 (ggt)
[01:04:59] 1 tRNA-Gly [1200,1275] 37 (tcc)
[01:04:59] 1 tRNA-Met [575,648] 35 (cat)
[01:04:59] 1 tRNA-Ser [753,836] 34 (cga)
[01:04:59] Found 46 tRNAs
[01:04:59] Predicting Ribosomal RNAs
[01:04:59] Running Barrnap with 64 threads
[01:05:02] 1 gnl|Prokka|JNMKFPKK_179 777 5S ribosomal RNA
[01:05:02] 2 gnl|Prokka|JNMKFPKK_34 2055 5S ribosomal RNA
[01:05:02] Found 2 rRNAs
[01:05:02] Scanning for ncRNAs... please be patient.
[01:05:02] Running: cmscan -Z 4.52077 --cut_ga --rfam --nohmmonly --fmt 2 --cpu 64 --tblout /dev/stdout -o /dev/null --noali /home/ylifc/miniconda2/envs/prokka/db/cm/Bacteria HM81_Bin2\.fa_prokka\/PROKKA_11012021\.fna
[01:21:55] 1 ncRNA 1 gnl|Prokka|JNMKFPKK_995 1..292
[01:21:56] Found 1 ncRNAs.
[01:21:56] Total of 48 tRNA + rRNA features
[01:21:56] Searching for CRISPR repeats
[01:21:58] Found 0 CRISPRs
[01:21:58] Predicting coding sequences
[01:21:58] Contigs total 2260385 bp, so using single mode
[01:21:58] Running: prodigal -i HM81_Bin2\.fa_prokka\/PROKKA_11012021\.fna -c -m -g 11 -p single -f sco -q
[01:22:07] Excluding CDS which overlaps existing RNA (rRNA) at gnl|Prokka|JNMKFPKK_34:170..2062 on - strand
[01:22:07] Excluding CDS which overlaps existing RNA (tRNA) at gnl|Prokka|JNMKFPKK_78:98..493 on - strand
[01:22:07] Excluding CDS which overlaps existing RNA (tRNA) at gnl|Prokka|JNMKFPKK_112:896..1279 on + strand
[01:22:08] Excluding CDS which overlaps existing RNA (tRNA) at gnl|Prokka|JNMKFPKK_929:1297..1977 on - strand
[01:22:08] Excluding CDS which overlaps existing RNA (tRNA) at gnl|Prokka|JNMKFPKK_1012:975..1211 on - strand
[01:22:09] Found 2810 CDS
[01:22:09] Connecting features back to sequences
[01:22:09] Not using genus-specific database. Try --usegenus to enable it.
[01:22:09] Annotating CDS, please be patient.
[01:22:09] Will use 64 CPUs for similarity searching.
[01:22:10] There are still 2810 unannotated CDS left (started with 2810)
[01:22:10] Will use blast to search against /home/ylifc/miniconda2/envs/prokka/db/kingdom/Bacteria/IS with 64 CPUs
[01:22:10] Running: cat HM81_Bin2\.fa_prokka\/PROKKA_11012021\.IS\.tmp\.54214\.faa | parallel --gnu --plain -j 64 --block 3620 --recstart '>' --pipe blastp -query - -db /home/ylifc/miniconda2/envs/prokka/db/kingdom/Bacteria/IS -evalue 1e-30 -qcov_hsp_perc 90 -num_threads 1 -num_descriptions 1 -num_alignments 1 -seg no > HM81_Bin2\.fa_prokka\/PROKKA_11012021\.IS\.tmp\.54214\.blast 2> /dev/null
[01:22:51] Deleting unwanted file: HM81_Bin2.fa_prokka/PROKKA_11012021.IS.tmp.54214.faa
[01:22:51] Deleting unwanted file: HM81_Bin2.fa_prokka/PROKKA_11012021.IS.tmp.54214.blast
[01:22:52] There are still 2810 unannotated CDS left (started with 2810)
[01:22:53] Will use blast to search against /home/ylifc/miniconda2/envs/prokka/db/kingdom/Bacteria/AMR with 64 CPUs
[01:22:53] Running: cat HM81_Bin2\.fa_prokka\/PROKKA_11012021\.AMR\.tmp\.54214\.faa | parallel --gnu --plain -j 64 --block 3620 --recstart '>' --pipe blastp -query - -db /home/ylifc/miniconda2/envs/prokka/db/kingdom/Bacteria/AMR -evalue 9.99999999999999e-301 -qcov_hsp_perc 90 -num_threads 1 -num_descriptions 1 -num_alignments 1 -seg no > HM81_Bin2\.fa_prokka\/PROKKA_11012021\.AMR\.tmp\.54214\.blast 2> /dev/null
[01:23:30] Deleting unwanted file: HM81_Bin2.fa_prokka/PROKKA_11012021.AMR.tmp.54214.faa
[01:23:30] Deleting unwanted file: HM81_Bin2.fa_prokka/PROKKA_11012021.AMR.tmp.54214.blast
[01:23:31] There are still 2810 unannotated CDS left (started with 2810)
[01:23:31] Will use blast to search against /home/ylifc/miniconda2/envs/prokka/db/kingdom/Bacteria/sprot with 64 CPUs
[01:23:31] Running: cat HM81_Bin2\.fa_prokka\/PROKKA_11012021\.sprot\.tmp\.54214\.faa | parallel --gnu --plain -j 64 --block 3620 --recstart '>' --pipe blastp -query - -db /home/ylifc/miniconda2/envs/prokka/db/kingdom/Bacteria/sprot -evalue 1e-09 -qcov_hsp_perc 80 -num_threads 1 -num_descriptions 1 -num_alignments 1 -seg no > HM81_Bin2\.fa_prokka\/PROKKA_11012021\.sprot\.tmp\.54214\.blast 2> /dev/null
[01:25:29] Modify product: Uncharacterized protein YisK => putative protein YisK
[01:25:29] Modify product: Uncharacterized protein YccU => putative protein YccU
[01:25:29] Modify product: Probable endonuclease 4 => putative endonuclease 4
[01:25:30] Modify product: Bifunctional protein FolD => Bifunctional protein FolD protein
[01:25:30] Modify product: Uncharacterized oxidoreductase SA2266 => putative oxidoreductase
[01:25:30] Modify product: Dihydroorotate dehydrogenase B (NAD(+)), electron transfer subunit homolog => Dihydroorotate dehydrogenase B (NAD(+)), electron transfer subunit 
[01:25:30] Modify product: Putative universal stress protein SA1532 => Putative universal stress protein
[01:25:30] Modify product: Probable oxidoreductase CT_610 => putative oxidoreductase CT_610
[01:25:30] Modify product: Probable protein kinase UbiB => putative protein kinase UbiB
[01:25:30] Modify product: Probable adenylyl-sulfate kinase => putative adenylyl-sulfate kinase
[01:25:30] Modify product: Uncharacterized protein YedJ => putative protein YedJ
[01:25:30] Modify product: Probable adenylyl-sulfate kinase => putative adenylyl-sulfate kinase
[01:25:30] Modify product: UPF0098 protein CT_736 => hypothetical protein
[01:25:31] Modify product: Probable ABC transporter ATP-binding protein M6_Spy0273 => putative ABC transporter ATP-binding protein
[01:25:31] Modify product: Uncharacterized protein YccU => putative protein YccU
[01:25:31] Modify product: Probable propionyl-CoA carboxylase beta chain 5 => putative propionyl-CoA carboxylase beta chain 5
[01:25:31] Modify product: UPF0053 protein HI_0107 => hypothetical protein
[01:25:31] Modify product: Probable adenylyl-sulfate kinase => putative adenylyl-sulfate kinase
[01:25:31] Modify product: UPF0098 protein CT_736 => hypothetical protein
[01:25:31] Modify product: Bifunctional protein FolD => Bifunctional protein FolD protein
[01:25:31] Modify product: Uncharacterized protein YqgN => putative protein YqgN
[01:25:31] Modify product: Probable ABC transporter ATP-binding protein M6_Spy0273 => putative ABC transporter ATP-binding protein
[01:25:31] Modify product: NAD(P)H-dependent FAD/FMN reductase GTNG_3158 => NAD(P)H-dependent FAD/FMN reductase
[01:25:31] Modify product: Uncharacterized protein Rv2715 => putative protein
[01:25:31] Modify product: Dihydroorotate dehydrogenase B (NAD(+)), electron transfer subunit homolog => Dihydroorotate dehydrogenase B (NAD(+)), electron transfer subunit 
[01:25:31] Modify product: Uncharacterized protein YedJ => putative protein YedJ
[01:25:31] Modify product: Probable dipeptidase PepE => putative dipeptidase PepE
[01:25:31] Modify product: Probable cysteine desulfurase => putative cysteine desulfurase
[01:25:32] Modify product: Uncharacterized protein YccU => putative protein YccU
[01:25:32] Modify product: Putative universal stress protein SA1532 => Putative universal stress protein
[01:25:32] Modify product: Probable polyketide biosynthesis zinc-dependent hydrolase PksB => putative polyketide biosynthesis zinc-dependent hydrolase PksB
[01:25:32] Modify product: UPF0051 protein SA0778 => hypothetical protein
[01:25:32] Modify product: UPF0051 protein SA0778 => hypothetical protein
[01:25:32] Modify product: Bifunctional protein FolD => Bifunctional protein FolD protein
[01:25:32] Modify product: Probable GTPase Rv1496 => putative GTPase
[01:25:32] Modify product: Probable nicotinate-nucleotide pyrophosphorylase [carboxylating] => putative nicotinate-nucleotide pyrophosphorylase [carboxylating]
[01:25:32] Modify product: UPF0126 inner membrane protein YicG => hypothetical protein
[01:25:32] Modify product: Uncharacterized oxidoreductase SA2266 => putative oxidoreductase
[01:25:33] Modify product: Probable propionyl-CoA carboxylase beta chain 5 => putative propionyl-CoA carboxylase beta chain 5
[01:25:33] Modify product: UPF0051 protein Rv1461 => hypothetical protein
[01:25:33] Modify product: Probable endonuclease 4 => putative endonuclease 4
[01:25:33] Modify product: Uncharacterized protein YqgN => putative protein YqgN
[01:25:33] Modify product: UPF0126 inner membrane protein YicG => hypothetical protein
[01:25:33] Modify product: Uncharacterized oxidoreductase SA2266 => putative oxidoreductase
[01:25:33] Modify product: Probable oxidoreductase CT_610 => putative oxidoreductase CT_610
[01:25:33] Modify product: Probable glycine dehydrogenase (decarboxylating) subunit 2 => putative glycine dehydrogenase (decarboxylating) subunit 2
[01:25:33] Modify product: Probable ATP-dependent transporter SufC => putative ATP-dependent transporter SufC
[01:25:33] Modify product: Uncharacterized protein MSMEG_2782/MSMEI_2713 => putative protein/MSMEI_2713
[01:25:33] Cleaned 48 /product names
[01:25:33] Deleting unwanted file: HM81_Bin2.fa_prokka/PROKKA_11012021.sprot.tmp.54214.faa
[01:25:33] Deleting unwanted file: HM81_Bin2.fa_prokka/PROKKA_11012021.sprot.tmp.54214.blast
[01:25:34] There are still 2234 unannotated CDS left (started with 2810)
[01:25:34] Will use hmmer3 to search against /home/ylifc/miniconda2/envs/prokka/db/hmm/HAMAP.hmm with 64 CPUs
[01:25:34] Running: cat HM81_Bin2\.fa_prokka\/PROKKA_11012021\.HAMAP\.hmm\.tmp\.54214\.faa | parallel --gnu --plain -j 64 --block 2538 --recstart '>' --pipe hmmscan --noali --notextw --acc -E 1e-09 --cpu 1 /home/ylifc/miniconda2/envs/prokka/db/hmm/HAMAP.hmm /dev/stdin > HM81_Bin2\.fa_prokka\/PROKKA_11012021\.HAMAP\.hmm\.tmp\.54214\.hmmer3 2> /dev/null
[01:28:05] Modify product: Uncharacterized MFS-type transporter YcaD => putative MFS-type transporter YcaD
[01:28:05] Cleaned 1 /product names
[01:28:05] Deleting unwanted file: HM81_Bin2.fa_prokka/PROKKA_11012021.HAMAP.hmm.tmp.54214.faa
[01:28:05] Deleting unwanted file: HM81_Bin2.fa_prokka/PROKKA_11012021.HAMAP.hmm.tmp.54214.hmmer3
[01:28:05] Labelling remaining 2037 proteins as 'hypothetical protein'
[01:28:05] Possible /pseudo '[LysW]-aminoadipate semialdehyde transaminase' at gnl|Prokka|JNMKFPKK_602 position 635
[01:28:05] Possible /pseudo 'Transaldolase' at gnl|Prokka|JNMKFPKK_605 position 1596
[01:28:05] Possible /pseudo 'Phosphoenolpyruvate carboxykinase (ATP)' at gnl|Prokka|JNMKFPKK_718 position 1259
[01:28:05] Found 425 unique /gene codes.
[01:28:05] Fixed 2 duplicate /gene - korA_1 korA_2
[01:28:05] Fixed 2 duplicate /gene - ndhB_1 ndhB_2
[01:28:05] Fixed 2 duplicate /gene - hacB_1 hacB_2
[01:28:05] Fixed 3 duplicate /gene - pyrH_1 pyrH_2 pyrH_3
[01:28:05] Fixed 4 duplicate /gene - COQ5_1 COQ5_2 COQ5_3 COQ5_4
[01:28:05] Fixed 3 duplicate /gene - cysQ_1 cysQ_2 cysQ_3
[01:28:05] Fixed 2 duplicate /gene - queE_1 queE_2
[01:28:05] Fixed 3 duplicate /gene - cbiC_1 cbiC_2 cbiC_3
[01:28:05] Fixed 3 duplicate /gene - crt_1 crt_2 crt_3
[01:28:05] Fixed 2 duplicate /gene - gatA_1 gatA_2
[01:28:05] Fixed 3 duplicate /gene - hemA_1 hemA_2 hemA_3
[01:28:05] Fixed 2 duplicate /gene - apgM_1 apgM_2
[01:28:05] Fixed 4 duplicate /gene - aptB_1 aptB_2 aptB_3 aptB_4
[01:28:05] Fixed 5 duplicate /gene - cheY_1 cheY_2 cheY_3 cheY_4 cheY_5
[01:28:05] Fixed 2 duplicate /gene - trmR_1 trmR_2
[01:28:05] Fixed 3 duplicate /gene - proS_1 proS_2 proS_3
[01:28:05] Fixed 2 duplicate /gene - cheB_1 cheB_2
[01:28:05] Fixed 2 duplicate /gene - cysS_1 cysS_2
[01:28:05] Fixed 3 duplicate /gene - fbiA_1 fbiA_2 fbiA_3
[01:28:05] Fixed 2 duplicate /gene - queC_1 queC_2
[01:28:05] Fixed 2 duplicate /gene - hisB_1 hisB_2
[01:28:05] Fixed 3 duplicate /gene - prcB_1 prcB_2 prcB_3
[01:28:05] Fixed 2 duplicate /gene - thrB_1 thrB_2
[01:28:05] Fixed 2 duplicate /gene - dnaK_1 dnaK_2
[01:28:05] Fixed 2 duplicate /gene - ilvD_1 ilvD_2
[01:28:05] Fixed 2 duplicate /gene - groL_1 groL_2
[01:28:05] Fixed 3 duplicate /gene - ilvC_1 ilvC_2 ilvC_3
[01:28:05] Fixed 4 duplicate /gene - cbiD_1 cbiD_2 cbiD_3 cbiD_4
[01:28:05] Fixed 2 duplicate /gene - serB2_1 serB2_2
[01:28:05] Fixed 3 duplicate /gene - nfo_1 nfo_2 nfo_3
[01:28:05] Fixed 3 duplicate /gene - aspS2_1 aspS2_2 aspS2_3
[01:28:05] Fixed 2 duplicate /gene - sucC_1 sucC_2
[01:28:05] Fixed 3 duplicate /gene - nikR_1 nikR_2 nikR_3
[01:28:05] Fixed 5 duplicate /gene - glnB_1 glnB_2 glnB_3 glnB_4 glnB_5
[01:28:05] Fixed 3 duplicate /gene - prcA_1 prcA_2 prcA_3
[01:28:05] Fixed 2 duplicate /gene - apbC_1 apbC_2
[01:28:05] Fixed 3 duplicate /gene - znuB_1 znuB_2 znuB_3
[01:28:05] Fixed 3 duplicate /gene - cobT_1 cobT_2 cobT_3
[01:28:05] Fixed 2 duplicate /gene - egsA_1 egsA_2
[01:28:05] Fixed 2 duplicate /gene - hcaB_1 hcaB_2
[01:28:05] Fixed 2 duplicate /gene - rhdA_1 rhdA_2
[01:28:05] Fixed 2 duplicate /gene - dpnM_1 dpnM_2
[01:28:05] Fixed 2 duplicate /gene - ogt_1 ogt_2
[01:28:05] Fixed 2 duplicate /gene - metH_1 metH_2
[01:28:05] Fixed 2 duplicate /gene - alaA_1 alaA_2
[01:28:05] Fixed 2 duplicate /gene - pepA_1 pepA_2
[01:28:05] Fixed 2 duplicate /gene - cysM_1 cysM_2
[01:28:05] Fixed 2 duplicate /gene - argB_1 argB_2
[01:28:05] Fixed 2 duplicate /gene - citZ_1 citZ_2
[01:28:05] Fixed 4 duplicate /gene - dnaJ_1 dnaJ_2 dnaJ_3 dnaJ_4
[01:28:05] Fixed 2 duplicate /gene - uvrA_1 uvrA_2
[01:28:05] Fixed 7 duplicate /gene - sasA_1 sasA_2 sasA_3 sasA_4 sasA_5 sasA_6 sasA_7
[01:28:05] Fixed 2 duplicate /gene - purE_1 purE_2
[01:28:05] Fixed 4 duplicate /gene - rph_1 rph_2 rph_3 rph_4
[01:28:05] Fixed 2 duplicate /gene - phaC_1 phaC_2
[01:28:05] Fixed 7 duplicate /gene - ilvE_1 ilvE_2 ilvE_3 ilvE_4 ilvE_5 ilvE_6 ilvE_7
[01:28:05] Fixed 2 duplicate /gene - lptB_1 lptB_2
[01:28:05] Fixed 2 duplicate /gene - asd2_1 asd2_2
[01:28:05] Fixed 2 duplicate /gene - cfiB_1 cfiB_2
[01:28:05] Fixed 3 duplicate /gene - ctaD_1 ctaD_2 ctaD_3
[01:28:05] Fixed 4 duplicate /gene - hrp1_1 hrp1_2 hrp1_3 hrp1_4
[01:28:05] Fixed 2 duplicate /gene - atzA_1 atzA_2
[01:28:05] Fixed 6 duplicate /gene - ftsH_1 ftsH_2 ftsH_3 ftsH_4 ftsH_5 ftsH_6
[01:28:05] Fixed 2 duplicate /gene - lysS_1 lysS_2
[01:28:05] Fixed 2 duplicate /gene - cbiG_1 cbiG_2
[01:28:05] Fixed 3 duplicate /gene - iolS_1 iolS_2 iolS_3
[01:28:05] Fixed 2 duplicate /gene - hom_1 hom_2
[01:28:05] Fixed 2 duplicate /gene - purM_1 purM_2
[01:28:05] Fixed 2 duplicate /gene - RBKS_1 RBKS_2
[01:28:05] Fixed 2 duplicate /gene - idi_1 idi_2
[01:28:05] Fixed 2 duplicate /gene - pyrK_1 pyrK_2
[01:28:05] Fixed 2 duplicate /gene - spo0A_1 spo0A_2
[01:28:05] Fixed 2 duplicate /gene - metG_1 metG_2
[01:28:05] Fixed 2 duplicate /gene - egtB_1 egtB_2
[01:28:05] Fixed 2 duplicate /gene - hisF_1 hisF_2
[01:28:05] Fixed 3 duplicate /gene - larC_1 larC_2 larC_3
[01:28:05] Fixed 3 duplicate /gene - desV_1 desV_2 desV_3
[01:28:05] Fixed 3 duplicate /gene - trxA_1 trxA_2 trxA_3
[01:28:05] Fixed 3 duplicate /gene - speB_1 speB_2 speB_3
[01:28:05] Fixed 2 duplicate /gene - cbiX_1 cbiX_2
[01:28:05] Fixed 2 duplicate /gene - rnz_1 rnz_2
[01:28:05] Fixed 2 duplicate /gene - pyrE_1 pyrE_2
[01:28:05] Fixed 2 duplicate /gene - trpG_1 trpG_2
[01:28:05] Fixed 2 duplicate /gene - fbiD_1 fbiD_2
[01:28:05] Fixed 4 duplicate /gene - lysJ_1 lysJ_2 lysJ_3 lysJ_4
[01:28:05] Fixed 2 duplicate /gene - cobD_1 cobD_2
[01:28:05] Fixed 2 duplicate /gene - apt_1 apt_2
[01:28:05] Fixed 2 duplicate /gene - fgd_1 fgd_2
[01:28:05] Fixed 4 duplicate /gene - pyrD_1 pyrD_2 pyrD_3 pyrD_4
[01:28:05] Fixed 4 duplicate /gene - pcm_1 pcm_2 pcm_3 pcm_4
[01:28:05] Fixed 4 duplicate /gene - nadK_1 nadK_2 nadK_3 nadK_4
[01:28:05] Fixed 4 duplicate /gene - nuoK_1 nuoK_2 nuoK_3 nuoK_4
[01:28:05] Fixed 4 duplicate /gene - teaD_1 teaD_2 teaD_3 teaD_4
[01:28:05] Fixed 2 duplicate /gene - asnB_1 asnB_2
[01:28:05] Fixed 2 duplicate /gene - sufC_1 sufC_2
[01:28:05] Fixed 3 duplicate /gene - pckA_1 pckA_2 pckA_3
[01:28:05] Fixed 2 duplicate /gene - leuD1_1 leuD1_2
[01:28:05] Fixed 2 duplicate /gene - ssuC_1 ssuC_2
[01:28:05] Fixed 2 duplicate /gene - ndhC_1 ndhC_2
[01:28:05] Fixed 2 duplicate /gene - arnC_1 arnC_2
[01:28:05] Fixed 3 duplicate /gene - glyQS_1 glyQS_2 glyQS_3
[01:28:05] Fixed 3 duplicate /gene - ureB_1 ureB_2 ureB_3
[01:28:05] Fixed 2 duplicate /gene - leuC_1 leuC_2
[01:28:05] Fixed 2 duplicate /gene - dbpA_1 dbpA_2
[01:28:05] Fixed 3 duplicate /gene - yccU_1 yccU_2 yccU_3
[01:28:05] Fixed 3 duplicate /gene - cbiA_1 cbiA_2 cbiA_3
[01:28:05] Fixed 2 duplicate /gene - larE_1 larE_2
[01:28:05] Fixed 3 duplicate /gene - ribH_1 ribH_2 ribH_3
[01:28:05] Fixed 3 duplicate /gene - asnC_1 asnC_2 asnC_3
[01:28:05] Fixed 3 duplicate /gene - bphA3_1 bphA3_2 bphA3_3
[01:28:05] Fixed 3 duplicate /gene - vgb_1 vgb_2 vgb_3
[01:28:05] Fixed 2 duplicate /gene - hemB_1 hemB_2
[01:28:05] Fixed 2 duplicate /gene - gerN_1 gerN_2
[01:28:05] Fixed 3 duplicate /gene - aqpZ_1 aqpZ_2 aqpZ_3
[01:28:05] Fixed 2 duplicate /gene - sodA_1 sodA_2
[01:28:05] Fixed 2 duplicate /gene - znuA_1 znuA_2
[01:28:05] Fixed 3 duplicate /gene - cobS_1 cobS_2 cobS_3
[01:28:05] Fixed 2 duplicate /gene - mntR_1 mntR_2
[01:28:05] Fixed 4 duplicate /gene - glmS_1 glmS_2 glmS_3 glmS_4
[01:28:05] Fixed 2 duplicate /gene - nnr_1 nnr_2
[01:28:05] Fixed 3 duplicate /gene - ileS_1 ileS_2 ileS_3
[01:28:05] Fixed 3 duplicate /gene - glnA_1 glnA_2 glnA_3
[01:28:05] Fixed 4 duplicate /gene - tal_1 tal_2 tal_3 tal_4
[01:28:05] Fixed 2 duplicate /gene - mdh_1 mdh_2
[01:28:05] Fixed 2 duplicate /gene - cheA_1 cheA_2
[01:28:05] Fixed 3 duplicate /gene - bioB_1 bioB_2 bioB_3
[01:28:05] Fixed 4 duplicate /gene - ctaB_1 ctaB_2 ctaB_3 ctaB_4
[01:28:05] Fixed 2 duplicate /gene - thrA_1 thrA_2
[01:28:05] Fixed 3 duplicate /gene - ppdK_1 ppdK_2 ppdK_3
[01:28:05] Fixed 2 duplicate /gene - pdaD_1 pdaD_2
[01:28:05] Fixed 2 duplicate /gene - fadB_1 fadB_2
[01:28:05] Fixed 3 duplicate /gene - aspC_1 aspC_2 aspC_3
[01:28:05] Fixed 2 duplicate /gene - frdB_1 frdB_2
[01:28:05] Fixed 2 duplicate /gene - mcm_1 mcm_2
[01:28:05] Fixed 2 duplicate /gene - COQ3_1 COQ3_2
[01:28:05] Fixed 2 duplicate /gene - sat_1 sat_2
[01:28:05] Fixed 2 duplicate /gene - yedJ_1 yedJ_2
[01:28:05] Fixed 3 duplicate /gene - folD_1 folD_2 folD_3
[01:28:05] Fixed 2 duplicate /gene - accD5_1 accD5_2
[01:28:05] Fixed 6 duplicate /gene - petE_1 petE_2 petE_3 petE_4 petE_5 petE_6
[01:28:05] Fixed 2 duplicate /gene - pat_1 pat_2
[01:28:05] Fixed 3 duplicate /gene - trxB_1 trxB_2 trxB_3
[01:28:05] Fixed 3 duplicate /gene - griI_1 griI_2 griI_3
[01:28:05] Fixed 2 duplicate /gene - rsmA_1 rsmA_2
[01:28:05] Fixed 4 duplicate /gene - ureA_1 ureA_2 ureA_3 ureA_4
[01:28:05] Fixed 2 duplicate /gene - livF_1 livF_2
[01:28:05] Fixed 3 duplicate /gene - purU_1 purU_2 purU_3
[01:28:05] Fixed 2 duplicate /gene - ubiD_1 ubiD_2
[01:28:05] Fixed 3 duplicate /gene - ndhA_1 ndhA_2 ndhA_3
[01:28:05] Fixed 2 duplicate /gene - pabB_1 pabB_2
[01:28:05] Fixed 2 duplicate /gene - rtcA_1 rtcA_2
[01:28:05] Fixed 7 duplicate /gene - ndhI_1 ndhI_2 ndhI_3 ndhI_4 ndhI_5 ndhI_6 ndhI_7
[01:28:05] Fixed 2 duplicate /gene - ino1_1 ino1_2
[01:28:05] Fixed 2 duplicate /gene - scpB_1 scpB_2
[01:28:05] Fixed 4 duplicate /gene - pyrB_1 pyrB_2 pyrB_3 pyrB_4
[01:28:05] Fixed 2 duplicate /gene - hisG_1 hisG_2
[01:28:05] Fixed 3 duplicate /gene - cutA_1 cutA_2 cutA_3
[01:28:05] Fixed 3 duplicate /gene - tmk_1 tmk_2 tmk_3
[01:28:05] Fixed 3 duplicate /gene - cysC_1 cysC_2 cysC_3
[01:28:05] Fixed 3 duplicate /gene - guaA_1 guaA_2 guaA_3
[01:28:05] Fixed 3 duplicate /gene - ribE_1 ribE_2 ribE_3
[01:28:05] Fixed 2 duplicate /gene - nhaX_1 nhaX_2
[01:28:05] Fixed 5 duplicate /gene - lysX_1 lysX_2 lysX_3 lysX_4 lysX_5
[01:28:05] Fixed 3 duplicate /gene - frdA_1 frdA_2 frdA_3
[01:28:05] Fixed 2 duplicate /gene - nudF_1 nudF_2
[01:28:05] Fixed 2 duplicate /gene - purC_1 purC_2
[01:28:05] Fixed 3 duplicate /gene - ribBA_1 ribBA_2 ribBA_3
[01:28:05] Fixed 3 duplicate /gene - msrB_1 msrB_2 msrB_3
[01:28:05] Fixed 2 duplicate /gene - purL_1 purL_2
[01:28:05] Fixed 2 duplicate /gene - nhaP2_1 nhaP2_2
[01:28:05] Fixed 2 duplicate /gene - ccr_1 ccr_2
[01:28:05] Fixed 3 duplicate /gene - argC_1 argC_2 argC_3
[01:28:05] Fixed 2 duplicate /gene - purD_1 purD_2
[01:28:05] Fixed 2 duplicate /gene - yqgN_1 yqgN_2
[01:28:05] Fixed 2 duplicate /gene - cugP_1 cugP_2
[01:28:05] Fixed 2 duplicate /gene - rlmE_1 rlmE_2
[01:28:05] Fixed 2 duplicate /gene - IMPDH_1 IMPDH_2
[01:28:05] Fixed 2 duplicate /gene - purF_1 purF_2
[01:28:05] Fixed 178 colliding /gene names.
[01:28:05] Adding /locus_tag identifiers
[01:28:06] Assigned 2859 locus_tags to CDS and RNA features.
[01:28:06] Writing outputs to HM81_Bin2.fa_prokka/
[01:28:11] Generating annotation statistics file
[01:28:11] Generating Genbank and Sequin files
[01:28:11] Running: tbl2asn -V b -a r10k -l paired-ends -M n -N 1 -y 'Annotated using prokka 1.14.6 from https://github.com/tseemann/prokka' -Z HM81_Bin2\.fa_prokka\/PROKKA_11012021\.err -i HM81_Bin2\.fa_prokka\/PROKKA_11012021\.fsa 2> /dev/null
[01:28:36] Deleting unwanted file: HM81_Bin2.fa_prokka/errorsummary.val
[01:28:36] Deleting unwanted file: HM81_Bin2.fa_prokka/PROKKA_11012021.dr
[01:28:36] Deleting unwanted file: HM81_Bin2.fa_prokka/PROKKA_11012021.fixedproducts
[01:28:36] Deleting unwanted file: HM81_Bin2.fa_prokka/PROKKA_11012021.ecn
[01:28:36] Deleting unwanted file: HM81_Bin2.fa_prokka/PROKKA_11012021.val
[01:28:36] Repairing broken .GBK output that tbl2asn produces...
[01:28:36] Running: sed 's/COORDINATES: profile/COORDINATES:profile/' < HM81_Bin2\.fa_prokka\/PROKKA_11012021\.gbf > HM81_Bin2\.fa_prokka\/PROKKA_11012021\.gbk
[01:28:36] Deleting unwanted file: HM81_Bin2.fa_prokka/PROKKA_11012021.gbf
[01:28:36] Output files:
[01:28:36] HM81_Bin2.fa_prokka/PROKKA_11012021.err
[01:28:36] HM81_Bin2.fa_prokka/PROKKA_11012021.faa
[01:28:36] HM81_Bin2.fa_prokka/PROKKA_11012021.ffn
[01:28:36] HM81_Bin2.fa_prokka/PROKKA_11012021.fna
[01:28:36] HM81_Bin2.fa_prokka/PROKKA_11012021.fsa
[01:28:36] HM81_Bin2.fa_prokka/PROKKA_11012021.gbk
[01:28:36] HM81_Bin2.fa_prokka/PROKKA_11012021.gff
[01:28:36] HM81_Bin2.fa_prokka/PROKKA_11012021.log
[01:28:36] HM81_Bin2.fa_prokka/PROKKA_11012021.sqn
[01:28:36] HM81_Bin2.fa_prokka/PROKKA_11012021.tbl
[01:28:36] HM81_Bin2.fa_prokka/PROKKA_11012021.tsv
[01:28:36] HM81_Bin2.fa_prokka/PROKKA_11012021.txt
[01:28:36] Annotation finished successfully.
[01:28:36] Walltime used: 23.72 minutes
[01:28:36] If you use this result please cite the Prokka paper:
[01:28:36] Seemann T (2014) Prokka: rapid prokaryotic genome annotation. Bioinformatics. 30(14):2068-9.
[01:28:36] Type 'prokka --citation' for more details.
[01:28:36] Share and enjoy!
