[2022-04-16 00:02:19] INFO: CheckM v1.1.3
[2022-04-16 00:02:19] INFO: checkm lineage_wf genomes genomes_checkm
[2022-04-16 00:02:19] INFO: [CheckM - tree] Placing bins in reference genome tree.
[2022-04-16 00:02:19] ERROR: No bins found. Check the extension (-x) used to identify bins.
[2022-04-16 00:02:30] INFO: CheckM v1.1.3
[2022-04-16 00:02:30] INFO: checkm lineage_wf -x fa -t 64 genomes genomes_checkm
[2022-04-16 00:02:30] INFO: [CheckM - tree] Placing bins in reference genome tree.
[2022-04-16 00:02:30] INFO: Identifying marker genes in 16 bins with 64 threads:
[2022-04-16 00:03:04] INFO: Saving HMM info to file.
[2022-04-16 00:03:04] INFO: Calculating genome statistics for 16 bins with 64 threads:
[2022-04-16 00:03:04] INFO: Extracting marker genes to align.
[2022-04-16 00:03:04] INFO: Parsing HMM hits to marker genes:
[2022-04-16 00:03:06] INFO: Extracting 43 HMMs with 64 threads:
[2022-04-16 00:03:06] INFO: Aligning 43 marker genes with 64 threads:
[2022-04-16 00:03:07] INFO: Reading marker alignment files.
[2022-04-16 00:03:07] INFO: Concatenating alignments.
[2022-04-16 00:03:07] INFO: Placing 16 bins into the genome tree with pplacer (be patient).
[2022-04-16 00:09:07] INFO: { Current stage: 0:06:37.539 || Total: 0:06:37.539 }
[2022-04-16 00:09:07] INFO: [CheckM - lineage_set] Inferring lineage-specific marker sets.
[2022-04-16 00:09:07] INFO: Reading HMM info from file.
[2022-04-16 00:09:07] INFO: Parsing HMM hits to marker genes:
[2022-04-16 00:09:08] INFO: Determining marker sets for each genome bin.
[2022-04-16 00:09:11] INFO: Marker set written to: genomes_checkm/lineage.ms
[2022-04-16 00:09:11] INFO: { Current stage: 0:00:03.643 || Total: 0:06:41.182 }
[2022-04-16 00:09:11] INFO: [CheckM - analyze] Identifying marker genes in bins.
[2022-04-16 00:09:11] INFO: Identifying marker genes in 16 bins with 64 threads:
[2022-04-16 00:10:23] INFO: Saving HMM info to file.
[2022-04-16 00:10:24] INFO: { Current stage: 0:01:13.204 || Total: 0:07:54.387 }
[2022-04-16 00:10:24] INFO: Parsing HMM hits to marker genes:
[2022-04-16 00:10:27] INFO: Aligning marker genes with multiple hits in a single bin:
[2022-04-16 00:10:27] INFO: { Current stage: 0:00:03.313 || Total: 0:07:57.700 }
[2022-04-16 00:10:27] INFO: Calculating genome statistics for 16 bins with 64 threads:
[2022-04-16 00:10:28] INFO: { Current stage: 0:00:00.245 || Total: 0:07:57.946 }
[2022-04-16 00:10:28] INFO: [CheckM - qa] Tabulating genome statistics.
[2022-04-16 00:10:28] INFO: Calculating AAI between multi-copy marker genes.
[2022-04-16 00:10:28] INFO: Reading HMM info from file.
[2022-04-16 00:10:28] INFO: Parsing HMM hits to marker genes:
[2022-04-16 00:10:31] INFO: { Current stage: 0:00:03.114 || Total: 0:08:01.060 }
