[22:23:01] This is prokka 1.14.6
[22:23:01] Written by Torsten Seemann <torsten.seemann@gmail.com>
[22:23:01] Homepage is https://github.com/tseemann/prokka
[22:23:01] Local time is Sun Oct 31 22:23:01 2021
[22:23:01] You are ylifc
[22:23:01] Operating system is linux
[22:23:01] You have BioPerl 1.007002
[22:23:01] System has 64 cores.
[22:23:01] Will use maximum of 64 cores.
[22:23:01] Annotating as >>> Bacteria <<<
[22:23:01] Generating locus_tag from 'Nitrosotalea_koreensis_CS.fa' contents.
[22:23:01] Setting --locustag KOJMHIFG from MD5 483612f07f25d139841630aaeaf1595a
[22:23:01] Enabling options to ensure Genbank/ENA/DDJB submission compliance.
[22:23:01] Creating new output folder: Nitrosotalea_koreensis_CS.fa_prokka
[22:23:01] Running: mkdir -p Nitrosotalea_koreensis_CS\.fa_prokka
[22:23:01] Using filename prefix: PROKKA_10312021.XXX
[22:23:01] Setting HMMER_NCPU=1
[22:23:01] Writing log to: Nitrosotalea_koreensis_CS.fa_prokka/PROKKA_10312021.log
[22:23:01] Command: /home/ylifc/miniconda2/envs/prokka/bin/prokka --cpus 0 --compliant --rfam Nitrosotalea_koreensis_CS.fa --outdir Nitrosotalea_koreensis_CS.fa_prokka
[22:23:01] Appending to PATH: /home/ylifc/miniconda2/envs/prokka/bin
[22:23:01] Looking for 'aragorn' - found /home/ylifc/miniconda2/envs/prokka/bin/aragorn
[22:23:01] Determined aragorn version is 001002 from 'ARAGORN v1.2.38 Dean Laslett'
[22:23:01] Looking for 'barrnap' - found /home/ylifc/miniconda2/envs/prokka/bin/barrnap
[22:23:01] Determined barrnap version is 000009 from 'barrnap 0.9'
[22:23:01] Looking for 'blastp' - found /home/ylifc/miniconda2/envs/prokka/bin/blastp
[22:23:03] Determined blastp version is 002012 from 'blastp: 2.12.0+'
[22:23:03] Looking for 'cmpress' - found /home/ylifc/miniconda2/envs/prokka/bin/cmpress
[22:23:03] Determined cmpress version is 001001 from '# INFERNAL 1.1.4 (Dec 2020)'
[22:23:03] Looking for 'cmscan' - found /home/ylifc/miniconda2/envs/prokka/bin/cmscan
[22:23:03] Determined cmscan version is 001001 from '# INFERNAL 1.1.4 (Dec 2020)'
[22:23:03] Looking for 'egrep' - found /bin/egrep
[22:23:03] Looking for 'find' - found /usr/bin/find
[22:23:03] Looking for 'grep' - found /bin/grep
[22:23:03] Looking for 'hmmpress' - found /home/ylifc/miniconda2/envs/prokka/bin/hmmpress
[22:23:03] Determined hmmpress version is 003003 from '# HMMER 3.3.2 (Nov 2020); http://hmmer.org/'
[22:23:03] Looking for 'hmmscan' - found /home/ylifc/miniconda2/envs/prokka/bin/hmmscan
[22:23:03] Determined hmmscan version is 003003 from '# HMMER 3.3.2 (Nov 2020); http://hmmer.org/'
[22:23:03] Looking for 'java' - found /home/ylifc/miniconda2/envs/prokka/bin/java
[22:23:03] Looking for 'makeblastdb' - found /home/ylifc/miniconda2/envs/prokka/bin/makeblastdb
[22:23:04] Determined makeblastdb version is 002012 from 'makeblastdb: 2.12.0+'
[22:23:04] Looking for 'minced' - found /home/ylifc/miniconda2/envs/prokka/bin/minced
[22:23:05] Determined minced version is 004002 from 'minced 0.4.2'
[22:23:05] Looking for 'parallel' - found /home/ylifc/miniconda2/envs/prokka/bin/parallel
[22:23:05] Determined parallel version is 20211022 from 'GNU parallel 20211022'
[22:23:05] Looking for 'prodigal' - found /home/ylifc/miniconda2/envs/prokka/bin/prodigal
[22:23:05] Determined prodigal version is 002006 from 'Prodigal V2.6.3: February, 2016'
[22:23:05] Looking for 'prokka-genbank_to_fasta_db' - found /home/ylifc/miniconda2/envs/prokka/bin/prokka-genbank_to_fasta_db
[22:23:05] Looking for 'sed' - found /bin/sed
[22:23:05] Looking for 'tbl2asn' - found /home/ylifc/miniconda2/envs/prokka/bin/tbl2asn
[22:23:05] Determined tbl2asn version is 025007 from 'tbl2asn 25.7   arguments:'
[22:23:05] Using genetic code table 11.
[22:23:05] Loading and checking input file: Nitrosotalea_koreensis_CS.fa
[22:23:05] Wrote 1 contigs totalling 1972585 bp.
[22:23:05] Predicting tRNAs and tmRNAs
[22:23:05] Running: aragorn -l -gc11  -w Nitrosotalea_koreensis_CS\.fa_prokka\/PROKKA_10312021\.fna
[22:23:07] 1 tRNA-Gly c[15,88] 36 (gcc)
[22:23:07] 2 tRNA-Glu c[5862,5938] 37 (ctc)
[22:23:07] tRNA c[50422,50524] is a pseudo/wacky gene - skipping.
[22:23:07] 4 tRNA-Arg [117226,117302] 37 (gcg)
[22:23:07] 5 tRNA-Phe [411547,411622] 35 (gaa)
[22:23:07] 6 tRNA-Val [420865,420940] 36 (cac)
[22:23:07] 7 tRNA-Asn c[523243,523317] 35 (gtt)
[22:23:07] 8 tRNA-Thr [543513,543587] 36 (tgt)
[22:23:07] 9 tRNA-Asp c[846658,846730] 34 (gtc)
[22:23:07] 10 tRNA-Pro c[886978,887051] 35 (tgg)
[22:23:07] 11 tRNA-Tyr [1079652,1079747] 38 (ata)
[22:23:07] 12 tRNA-Ser c[1086800,1086884] 35 (gct)
[22:23:07] 13 tRNA-Cys [1134452,1134524] 33 (gca)
[22:23:07] 14 tRNA-Thr c[1149970,1150044] 35 (cgt)
[22:23:07] 15 tRNA-Ala c[1190508,1190583] 34 (tgc)
[22:23:07] 16 tRNA-Thr [1193726,1193799] 35 (ggt)
[22:23:07] 17 tRNA-Met c[1228076,1228150] 35 (cat)
[22:23:07] 18 tRNA-Lys [1249780,1249854] 35 (ttt)
[22:23:07] 19 tRNA-Ala c[1257298,1257372] 35 (ggc)
[22:23:07] 20 tRNA-Pro [1258400,1258473] 35 (cgg)
[22:23:07] 21 tRNA-Ser c[1275523,1275608] 36 (tga)
[22:23:07] 22 tRNA-Leu [1284114,1284200] 38 (tag)
[22:23:07] 23 tRNA-Leu c[1297808,1297894] 38 (cag)
[22:23:07] 24 tRNA-Gly [1357490,1357563] 36 (tcc)
[22:23:07] 25 tRNA-Val c[1427597,1427673] 37 (gac)
[22:23:07] 26 tRNA-Pro [1477377,1477451] 36 (ggg)
[22:23:07] 27 tRNA-Gly c[1562953,1563027] 35 (ccc)
[22:23:07] 28 tRNA-Gln c[1592271,1592343] 35 (ttg)
[22:23:07] tRNA [1607468,1607558] is a pseudo/wacky gene - skipping.
[22:23:07] 30 tRNA-Val [1619018,1619094] 37 (tac)
[22:23:07] 31 tRNA-Ala c[1636695,1636769] 34 (cgc)
[22:23:07] 32 tRNA-Arg c[1697667,1697741] 36 (tcg)
[22:23:07] 33 tRNA-Arg c[1712772,1712848] 37 (tct)
[22:23:07] 34 tRNA-His [1725484,1725556] 34 (gtg)
[22:23:07] 35 tRNA-Leu [1775984,1776070] 38 (gag)
[22:23:07] Found 33 tRNAs
[22:23:07] Predicting Ribosomal RNAs
[22:23:07] Running Barrnap with 64 threads
[22:23:11] 1 gnl|Prokka|KOJMHIFG_1 990515 23S ribosomal RNA
[22:23:11] 2 gnl|Prokka|KOJMHIFG_1 994344 16S ribosomal RNA
[22:23:11] 3 gnl|Prokka|KOJMHIFG_1 1220679 5S ribosomal RNA
[22:23:11] Found 3 rRNAs
[22:23:11] Scanning for ncRNAs... please be patient.
[22:23:11] Running: cmscan -Z 3.94517 --cut_ga --rfam --nohmmonly --fmt 2 --cpu 64 --tblout /dev/stdout -o /dev/null --noali /home/ylifc/miniconda2/envs/prokka/db/cm/Bacteria Nitrosotalea_koreensis_CS\.fa_prokka\/PROKKA_10312021\.fna
[22:29:08] 1 ncRNA 1 gnl|Prokka|KOJMHIFG_1 1..303
[22:29:08] 2 ncRNA 2 gnl|Prokka|KOJMHIFG_1 1..318
[22:29:08] 3 ncRNA 3 gnl|Prokka|KOJMHIFG_1 1..292
[22:29:08] 4 ncRNA 4 gnl|Prokka|KOJMHIFG_1 1..63
[22:29:09] Found 4 ncRNAs.
[22:29:09] Total of 36 tRNA + rRNA features
[22:29:09] Searching for CRISPR repeats
[22:29:10] Found 0 CRISPRs
[22:29:10] Predicting coding sequences
[22:29:10] Contigs total 1972585 bp, so using single mode
[22:29:10] Running: prodigal -i Nitrosotalea_koreensis_CS\.fa_prokka\/PROKKA_10312021\.fna -c -m -g 11 -p single -f sco -q
[22:29:19] Excluding CDS which overlaps existing RNA (tRNA) at gnl|Prokka|KOJMHIFG_1:846434..846685 on - strand
[22:29:19] Excluding CDS which overlaps existing RNA (rRNA) at gnl|Prokka|KOJMHIFG_1:990813..991004 on - strand
[22:29:19] Excluding CDS which overlaps existing RNA (rRNA) at gnl|Prokka|KOJMHIFG_1:991557..992048 on - strand
[22:29:19] Excluding CDS which overlaps existing RNA (rRNA) at gnl|Prokka|KOJMHIFG_1:992150..992596 on + strand
[22:29:19] Excluding CDS which overlaps existing RNA (rRNA) at gnl|Prokka|KOJMHIFG_1:993331..993555 on - strand
[22:29:19] Excluding CDS which overlaps existing RNA (tRNA) at gnl|Prokka|KOJMHIFG_1:1079596..1079826 on + strand
[22:29:20] Excluding CDS which overlaps existing RNA (tRNA) at gnl|Prokka|KOJMHIFG_1:1134505..1134753 on - strand
[22:29:20] Excluding CDS which overlaps existing RNA (tRNA) at gnl|Prokka|KOJMHIFG_1:1227880..1228185 on + strand
[22:29:21] Excluding CDS which overlaps existing RNA (tRNA) at gnl|Prokka|KOJMHIFG_1:1712573..1712860 on - strand
[22:29:21] Excluding CDS which overlaps existing RNA (tRNA) at gnl|Prokka|KOJMHIFG_1:1725302..1725550 on - strand
[22:29:21] Found 2321 CDS
[22:29:21] Connecting features back to sequences
[22:29:21] Not using genus-specific database. Try --usegenus to enable it.
[22:29:21] Annotating CDS, please be patient.
[22:29:21] Will use 64 CPUs for similarity searching.
[22:29:23] There are still 2321 unannotated CDS left (started with 2321)
[22:29:23] Will use blast to search against /home/ylifc/miniconda2/envs/prokka/db/kingdom/Bacteria/IS with 64 CPUs
[22:29:23] Running: cat Nitrosotalea_koreensis_CS\.fa_prokka\/PROKKA_10312021\.IS\.tmp\.58452\.faa | parallel --gnu --plain -j 64 --block 4606 --recstart '>' --pipe blastp -query - -db /home/ylifc/miniconda2/envs/prokka/db/kingdom/Bacteria/IS -evalue 1e-30 -qcov_hsp_perc 90 -num_threads 1 -num_descriptions 1 -num_alignments 1 -seg no > Nitrosotalea_koreensis_CS\.fa_prokka\/PROKKA_10312021\.IS\.tmp\.58452\.blast 2> /dev/null
[22:30:19] Deleting unwanted file: Nitrosotalea_koreensis_CS.fa_prokka/PROKKA_10312021.IS.tmp.58452.faa
[22:30:19] Deleting unwanted file: Nitrosotalea_koreensis_CS.fa_prokka/PROKKA_10312021.IS.tmp.58452.blast
[22:30:20] There are still 2318 unannotated CDS left (started with 2321)
[22:30:20] Will use blast to search against /home/ylifc/miniconda2/envs/prokka/db/kingdom/Bacteria/AMR with 64 CPUs
[22:30:20] Running: cat Nitrosotalea_koreensis_CS\.fa_prokka\/PROKKA_10312021\.AMR\.tmp\.58452\.faa | parallel --gnu --plain -j 64 --block 4597 --recstart '>' --pipe blastp -query - -db /home/ylifc/miniconda2/envs/prokka/db/kingdom/Bacteria/AMR -evalue 9.99999999999999e-301 -qcov_hsp_perc 90 -num_threads 1 -num_descriptions 1 -num_alignments 1 -seg no > Nitrosotalea_koreensis_CS\.fa_prokka\/PROKKA_10312021\.AMR\.tmp\.58452\.blast 2> /dev/null
[22:31:12] Deleting unwanted file: Nitrosotalea_koreensis_CS.fa_prokka/PROKKA_10312021.AMR.tmp.58452.faa
[22:31:12] Deleting unwanted file: Nitrosotalea_koreensis_CS.fa_prokka/PROKKA_10312021.AMR.tmp.58452.blast
[22:31:14] There are still 2318 unannotated CDS left (started with 2321)
[22:31:14] Will use blast to search against /home/ylifc/miniconda2/envs/prokka/db/kingdom/Bacteria/sprot with 64 CPUs
[22:31:14] Running: cat Nitrosotalea_koreensis_CS\.fa_prokka\/PROKKA_10312021\.sprot\.tmp\.58452\.faa | parallel --gnu --plain -j 64 --block 4597 --recstart '>' --pipe blastp -query - -db /home/ylifc/miniconda2/envs/prokka/db/kingdom/Bacteria/sprot -evalue 1e-09 -qcov_hsp_perc 80 -num_threads 1 -num_descriptions 1 -num_alignments 1 -seg no > Nitrosotalea_koreensis_CS\.fa_prokka\/PROKKA_10312021\.sprot\.tmp\.58452\.blast 2> /dev/null
[22:34:17] Modify product: Uncharacterized protein Rv0887c => putative protein
[22:34:17] Modify product: NADH dehydrogenase-like protein SAOUHSC_00878 => NADH dehydrogenase-like protein
[22:34:17] Modify product: Putative coenzyme F420-dependent oxidoreductase Rv3520c => Putative coenzyme F420-dependent oxidoreductase
[22:34:17] Modify product: Uncharacterized transporter Rv2685 => putative transporter
[22:34:17] Modify product: Uncharacterized protein HI_1163 => putative protein
[22:34:17] Modify product: UPF0056 inner membrane protein YhgN => hypothetical protein
[22:34:17] Modify product: Probable membrane transporter protein XF_0764 => putative membrane transporter protein
[22:34:17] Modify product: Probable nicotinate-nucleotide pyrophosphorylase [carboxylating] => putative nicotinate-nucleotide pyrophosphorylase [carboxylating]
[22:34:17] Modify product: Bifunctional protein FolD => Bifunctional protein FolD protein
[22:34:17] Modify product: Uncharacterized protein YqgN => putative protein YqgN
[22:34:17] Modify product: UPF0053 protein HI_0107 => hypothetical protein
[22:34:17] Modify product: Putative coenzyme F420-dependent oxidoreductase Rv3520c => Putative coenzyme F420-dependent oxidoreductase
[22:34:17] Modify product: Probable dual-specificity RNA methyltransferase RlmN => putative dual-specificity RNA methyltransferase RlmN
[22:34:17] Modify product: Protease HtpX homolog => Protease HtpX 
[22:34:17] Modify product: Putative phosphoribosyl transferase Rv0571c => Putative phosphoribosyl transferase
[22:34:17] Modify product: Probable cadmium-transporting ATPase => putative cadmium-transporting ATPase
[22:34:18] Modify product: Probable GTPase Rv1496 => putative GTPase
[22:34:18] Modify product: Uncharacterized protein YccU => putative protein YccU
[22:34:18] Modify product: Uncharacterized protein YedJ => putative protein YedJ
[22:34:18] Modify product: Uncharacterized ABC transporter ATP-binding protein YknY => putative ABC transporter ATP-binding protein YknY
[22:34:18] Modify product: UPF0051 protein SA0778 => hypothetical protein
[22:34:18] Modify product: UPF0051 protein SA0778 => hypothetical protein
[22:34:18] Modify product: Probable UbiX-like flavin prenyltransferase => putative UbiX-like flavin prenyltransferase
[22:34:18] Modify product: Dihydroorotate dehydrogenase B (NAD(+)), electron transfer subunit homolog => Dihydroorotate dehydrogenase B (NAD(+)), electron transfer subunit 
[22:34:18] Modify product: Probable undecaprenyl-phosphate N-acetylglucosaminyl 1-phosphate transferase => putative undecaprenyl-phosphate N-acetylglucosaminyl 1-phosphate transferase
[22:34:19] Modify product: Probable oxidoreductase CT_610 => putative oxidoreductase CT_610
[22:34:19] Modify product: Probable polyketide biosynthesis zinc-dependent hydrolase PksB => putative polyketide biosynthesis zinc-dependent hydrolase PksB
[22:34:19] Modify product: Probable endonuclease 4 => putative endonuclease 4
[22:34:19] Modify product: Uncharacterized protein YisK => putative protein YisK
[22:34:19] Modify product: NADH dehydrogenase-like protein SAOUHSC_00878 => NADH dehydrogenase-like protein
[22:34:19] Modify product: NAD(P)H-dependent FMN reductase PA1204 => NAD(P)H-dependent FMN reductase
[22:34:19] Modify product: UPF0173 metal-dependent hydrolase SA1529 => hypothetical protein
[22:34:19] Modify product: Uncharacterized oxidoreductase SA2266 => putative oxidoreductase
[22:34:19] Modify product: Ribonuclease TTHA0252 => Ribonuclease
[22:34:19] Modify product: UPF0126 inner membrane protein YicG => hypothetical protein
[22:34:19] Modify product: Uncharacterized oxidoreductase SA2266 => putative oxidoreductase
[22:34:19] Modify product: Probable ATP-dependent DNA helicase YoaA => putative ATP-dependent DNA helicase YoaA
[22:34:20] Cleaned 37 /product names
[22:34:20] Deleting unwanted file: Nitrosotalea_koreensis_CS.fa_prokka/PROKKA_10312021.sprot.tmp.58452.faa
[22:34:20] Deleting unwanted file: Nitrosotalea_koreensis_CS.fa_prokka/PROKKA_10312021.sprot.tmp.58452.blast
[22:34:21] There are still 1795 unannotated CDS left (started with 2321)
[22:34:21] Will use hmmer3 to search against /home/ylifc/miniconda2/envs/prokka/db/hmm/HAMAP.hmm with 64 CPUs
[22:34:21] Running: cat Nitrosotalea_koreensis_CS\.fa_prokka\/PROKKA_10312021\.HAMAP\.hmm\.tmp\.58452\.faa | parallel --gnu --plain -j 64 --block 3241 --recstart '>' --pipe hmmscan --noali --notextw --acc -E 1e-09 --cpu 1 /home/ylifc/miniconda2/envs/prokka/db/hmm/HAMAP.hmm /dev/stdin > Nitrosotalea_koreensis_CS\.fa_prokka\/PROKKA_10312021\.HAMAP\.hmm\.tmp\.58452\.hmmer3 2> /dev/null
[22:36:59] Modify product: Uncharacterized MFS-type transporter YcaD => putative MFS-type transporter YcaD
[22:36:59] Modify product: Uncharacterized Nudix hydrolase NudL => putative Nudix hydrolase NudL
[22:36:59] Cleaned 2 /product names
[22:36:59] Deleting unwanted file: Nitrosotalea_koreensis_CS.fa_prokka/PROKKA_10312021.HAMAP.hmm.tmp.58452.faa
[22:36:59] Deleting unwanted file: Nitrosotalea_koreensis_CS.fa_prokka/PROKKA_10312021.HAMAP.hmm.tmp.58452.hmmer3
[22:36:59] Labelling remaining 1583 proteins as 'hypothetical protein'
[22:36:59] Possible /pseudo 'Thymidylate kinase' at gnl|Prokka|KOJMHIFG_1 position 63737
[22:36:59] Possible /pseudo 'FO synthase' at gnl|Prokka|KOJMHIFG_1 position 902831
[22:36:59] Possible /pseudo 'Methionine synthase' at gnl|Prokka|KOJMHIFG_1 position 1043689
[22:36:59] Possible /pseudo 'NAD(P)H-quinone oxidoreductase subunit 2, chloroplastic' at gnl|Prokka|KOJMHIFG_1 position 1231403
[22:36:59] Possible /pseudo 'Plastocyanin' at gnl|Prokka|KOJMHIFG_1 position 1372335
[22:36:59] Possible /pseudo 'Crotonyl-CoA carboxylase/reductase' at gnl|Prokka|KOJMHIFG_1 position 1864889
[22:36:59] Possible /pseudo 'Ribonuclease PH' at gnl|Prokka|KOJMHIFG_1 position 1887060
[22:36:59] Found 543 unique /gene codes.
[22:36:59] Fixed 3 duplicate /gene - tuf_1 tuf_2 tuf_3
[22:36:59] Fixed 2 duplicate /gene - ureA_1 ureA_2
[22:36:59] Fixed 2 duplicate /gene - pdaD_1 pdaD_2
[22:36:59] Fixed 2 duplicate /gene - petC_1 petC_2
[22:36:59] Fixed 2 duplicate /gene - hit_1 hit_2
[22:36:59] Fixed 4 duplicate /gene - bcp_1 bcp_2 bcp_3 bcp_4
[22:36:59] Fixed 2 duplicate /gene - hemL_1 hemL_2
[22:36:59] Fixed 2 duplicate /gene - ndhK_1 ndhK_2
[22:36:59] Fixed 2 duplicate /gene - glnB_1 glnB_2
[22:36:59] Fixed 2 duplicate /gene - moaA_1 moaA_2
[22:36:59] Fixed 2 duplicate /gene - thi4_1 thi4_2
[22:36:59] Fixed 2 duplicate /gene - nadK_1 nadK_2
[22:36:59] Fixed 2 duplicate /gene - ilvE_1 ilvE_2
[22:36:59] Fixed 3 duplicate /gene - COQ5_1 COQ5_2 COQ5_3
[22:36:59] Fixed 2 duplicate /gene - lysX_1 lysX_2
[22:36:59] Fixed 2 duplicate /gene - ino1_1 ino1_2
[22:36:59] Fixed 4 duplicate /gene - cheY_1 cheY_2 cheY_3 cheY_4
[22:36:59] Fixed 2 duplicate /gene - guaA_1 guaA_2
[22:36:59] Fixed 3 duplicate /gene - cheB_1 cheB_2 cheB_3
[22:36:59] Fixed 2 duplicate /gene - addA_1 addA_2
[22:36:59] Fixed 2 duplicate /gene - mcm_1 mcm_2
[22:36:59] Fixed 2 duplicate /gene - thiI_1 thiI_2
[22:36:59] Fixed 4 duplicate /gene - vgb_1 vgb_2 vgb_3 vgb_4
[22:36:59] Fixed 6 duplicate /gene - ftsH_1 ftsH_2 ftsH_3 ftsH_4 ftsH_5 ftsH_6
[22:36:59] Fixed 2 duplicate /gene - lrp_1 lrp_2
[22:36:59] Fixed 2 duplicate /gene - prcA_1 prcA_2
[22:36:59] Fixed 2 duplicate /gene - hicd_1 hicd_2
[22:36:59] Fixed 2 duplicate /gene - mreB_1 mreB_2
[22:36:59] Fixed 2 duplicate /gene - aqpZ_1 aqpZ_2
[22:36:59] Fixed 2 duplicate /gene - iolG_1 iolG_2
[22:36:59] Fixed 3 duplicate /gene - nhaP2_1 nhaP2_2 nhaP2_3
[22:36:59] Fixed 3 duplicate /gene - tmk_1 tmk_2 tmk_3
[22:36:59] Fixed 2 duplicate /gene - bepA_1 bepA_2
[22:36:59] Fixed 4 duplicate /gene - dnaJ_1 dnaJ_2 dnaJ_3 dnaJ_4
[22:36:59] Fixed 2 duplicate /gene - ttuD_1 ttuD_2
[22:36:59] Fixed 2 duplicate /gene - glmS_1 glmS_2
[22:36:59] Fixed 2 duplicate /gene - RBKS_1 RBKS_2
[22:36:59] Fixed 2 duplicate /gene - ctaB_1 ctaB_2
[22:36:59] Fixed 3 duplicate /gene - slyA_1 slyA_2 slyA_3
[22:36:59] Fixed 3 duplicate /gene - ndhI_1 ndhI_2 ndhI_3
[22:36:59] Fixed 2 duplicate /gene - zupT_1 zupT_2
[22:36:59] Fixed 4 duplicate /gene - groL_1 groL_2 groL_3 groL_4
[22:36:59] Fixed 6 duplicate /gene - teaD_1 teaD_2 teaD_3 teaD_4 teaD_5 teaD_6
[22:36:59] Fixed 3 duplicate /gene - arnC_1 arnC_2 arnC_3
[22:36:59] Fixed 2 duplicate /gene - mntH_1 mntH_2
[22:36:59] Fixed 2 duplicate /gene - cysS_1 cysS_2
[22:36:59] Fixed 2 duplicate /gene - bphA3_1 bphA3_2
[22:36:59] Fixed 2 duplicate /gene - metH_1 metH_2
[22:36:59] Fixed 2 duplicate /gene - pseB_1 pseB_2
[22:36:59] Fixed 2 duplicate /gene - menA_1 menA_2
[22:36:59] Fixed 2 duplicate /gene - nnr_1 nnr_2
[22:36:59] Fixed 2 duplicate /gene - cobD_1 cobD_2
[22:36:59] Fixed 2 duplicate /gene - lnrL_1 lnrL_2
[22:36:59] Fixed 2 duplicate /gene - cmk_1 cmk_2
[22:36:59] Fixed 2 duplicate /gene - metG_1 metG_2
[22:36:59] Fixed 2 duplicate /gene - cpdA_1 cpdA_2
[22:36:59] Fixed 2 duplicate /gene - valS_1 valS_2
[22:36:59] Fixed 2 duplicate /gene - rph_1 rph_2
[22:36:59] Fixed 2 duplicate /gene - gvpA_1 gvpA_2
[22:36:59] Fixed 2 duplicate /gene - leuA_1 leuA_2
[22:36:59] Fixed 2 duplicate /gene - ureD_1 ureD_2
[22:36:59] Fixed 2 duplicate /gene - glnA_1 glnA_2
[22:36:59] Fixed 2 duplicate /gene - resA_1 resA_2
[22:36:59] Fixed 4 duplicate /gene - cugP_1 cugP_2 cugP_3 cugP_4
[22:36:59] Fixed 2 duplicate /gene - wbgU_1 wbgU_2
[22:36:59] Fixed 2 duplicate /gene - ureG_1 ureG_2
[22:36:59] Fixed 4 duplicate /gene - ccr_1 ccr_2 ccr_3 ccr_4
[22:36:59] Fixed 3 duplicate /gene - nrgA_1 nrgA_2 nrgA_3
[22:36:59] Fixed 2 duplicate /gene - sufS_1 sufS_2
[22:36:59] Fixed 2 duplicate /gene - speB_1 speB_2
[22:36:59] Fixed 2 duplicate /gene - crt_1 crt_2
[22:36:59] Fixed 3 duplicate /gene - noc_1 noc_2 noc_3
[22:36:59] Fixed 3 duplicate /gene - dbpA_1 dbpA_2 dbpA_3
[22:36:59] Fixed 6 duplicate /gene - rcsC_1 rcsC_2 rcsC_3 rcsC_4 rcsC_5 rcsC_6
[22:36:59] Fixed 2 duplicate /gene - fbiB_1 fbiB_2
[22:36:59] Fixed 2 duplicate /gene - fadA_1 fadA_2
[22:36:59] Fixed 6 duplicate /gene - petE_1 petE_2 petE_3 petE_4 petE_5 petE_6
[22:36:59] Fixed 2 duplicate /gene - prcB_1 prcB_2
[22:36:59] Fixed 2 duplicate /gene - fabG_1 fabG_2
[22:36:59] Fixed 5 duplicate /gene - IMPDH_1 IMPDH_2 IMPDH_3 IMPDH_4 IMPDH_5
[22:36:59] Fixed 2 duplicate /gene - fbiC_1 fbiC_2
[22:36:59] Fixed 10 duplicate /gene - sasA_1 sasA_2 sasA_3 sasA_4 sasA_5 sasA_6 sasA_7 sasA_8 sasA_9 sasA_10
[22:36:59] Fixed 3 duplicate /gene - thrB_1 thrB_2 thrB_3
[22:36:59] Fixed 2 duplicate /gene - aspS2_1 aspS2_2
[22:36:59] Fixed 2 duplicate /gene - ndhB_1 ndhB_2
[22:36:59] Fixed 2 duplicate /gene - trxB_1 trxB_2
[22:36:59] Fixed 3 duplicate /gene - smc_1 smc_2 smc_3
[22:36:59] Fixed 2 duplicate /gene - rmlD_1 rmlD_2
[22:36:59] Fixed 88 colliding /gene names.
[22:36:59] Adding /locus_tag identifiers
[22:37:00] Assigned 2361 locus_tags to CDS and RNA features.
[22:37:00] Writing outputs to Nitrosotalea_koreensis_CS.fa_prokka/
[22:37:04] Generating annotation statistics file
[22:37:04] Generating Genbank and Sequin files
[22:37:04] Running: tbl2asn -V b -a r10k -l paired-ends -M n -N 1 -y 'Annotated using prokka 1.14.6 from https://github.com/tseemann/prokka' -Z Nitrosotalea_koreensis_CS\.fa_prokka\/PROKKA_10312021\.err -i Nitrosotalea_koreensis_CS\.fa_prokka\/PROKKA_10312021\.fsa 2> /dev/null
[22:37:21] Deleting unwanted file: Nitrosotalea_koreensis_CS.fa_prokka/errorsummary.val
[22:37:21] Deleting unwanted file: Nitrosotalea_koreensis_CS.fa_prokka/PROKKA_10312021.dr
[22:37:21] Deleting unwanted file: Nitrosotalea_koreensis_CS.fa_prokka/PROKKA_10312021.fixedproducts
[22:37:21] Deleting unwanted file: Nitrosotalea_koreensis_CS.fa_prokka/PROKKA_10312021.ecn
[22:37:21] Deleting unwanted file: Nitrosotalea_koreensis_CS.fa_prokka/PROKKA_10312021.val
[22:37:21] Repairing broken .GBK output that tbl2asn produces...
[22:37:21] Running: sed 's/COORDINATES: profile/COORDINATES:profile/' < Nitrosotalea_koreensis_CS\.fa_prokka\/PROKKA_10312021\.gbf > Nitrosotalea_koreensis_CS\.fa_prokka\/PROKKA_10312021\.gbk
[22:37:22] Deleting unwanted file: Nitrosotalea_koreensis_CS.fa_prokka/PROKKA_10312021.gbf
[22:37:22] Output files:
[22:37:22] Nitrosotalea_koreensis_CS.fa_prokka/PROKKA_10312021.err
[22:37:22] Nitrosotalea_koreensis_CS.fa_prokka/PROKKA_10312021.faa
[22:37:22] Nitrosotalea_koreensis_CS.fa_prokka/PROKKA_10312021.ffn
[22:37:22] Nitrosotalea_koreensis_CS.fa_prokka/PROKKA_10312021.fna
[22:37:22] Nitrosotalea_koreensis_CS.fa_prokka/PROKKA_10312021.fsa
[22:37:22] Nitrosotalea_koreensis_CS.fa_prokka/PROKKA_10312021.gbk
[22:37:22] Nitrosotalea_koreensis_CS.fa_prokka/PROKKA_10312021.gff
[22:37:22] Nitrosotalea_koreensis_CS.fa_prokka/PROKKA_10312021.log
[22:37:22] Nitrosotalea_koreensis_CS.fa_prokka/PROKKA_10312021.sqn
[22:37:22] Nitrosotalea_koreensis_CS.fa_prokka/PROKKA_10312021.tbl
[22:37:22] Nitrosotalea_koreensis_CS.fa_prokka/PROKKA_10312021.tsv
[22:37:22] Nitrosotalea_koreensis_CS.fa_prokka/PROKKA_10312021.txt
[22:37:22] Annotation finished successfully.
[22:37:22] Walltime used: 14.35 minutes
[22:37:22] If you use this result please cite the Prokka paper:
[22:37:22] Seemann T (2014) Prokka: rapid prokaryotic genome annotation. Bioinformatics. 30(14):2068-9.
[22:37:22] Type 'prokka --citation' for more details.
[22:37:22] Share and enjoy!
