[01:54:13] This is prokka 1.14.6
[01:54:13] Written by Torsten Seemann <torsten.seemann@gmail.com>
[01:54:13] Homepage is https://github.com/tseemann/prokka
[01:54:13] Local time is Mon Nov  1 01:54:13 2021
[01:54:13] You are ylifc
[01:54:13] Operating system is linux
[01:54:13] You have BioPerl 1.007002
[01:54:13] System has 64 cores.
[01:54:13] Will use maximum of 64 cores.
[01:54:13] Annotating as >>> Bacteria <<<
[01:54:13] Generating locus_tag from 'HM82_Bin2.fa' contents.
[01:54:13] Setting --locustag ICPKAJPI from MD5 2c94a392bd880a0c846c8e4c26252e49
[01:54:13] Enabling options to ensure Genbank/ENA/DDJB submission compliance.
[01:54:13] Creating new output folder: HM82_Bin2.fa_prokka
[01:54:13] Running: mkdir -p HM82_Bin2\.fa_prokka
[01:54:13] Using filename prefix: PROKKA_11012021.XXX
[01:54:13] Setting HMMER_NCPU=1
[01:54:13] Writing log to: HM82_Bin2.fa_prokka/PROKKA_11012021.log
[01:54:13] Command: /home/ylifc/miniconda2/envs/prokka/bin/prokka --cpus 0 --compliant --rfam HM82_Bin2.fa --outdir HM82_Bin2.fa_prokka
[01:54:13] Appending to PATH: /home/ylifc/miniconda2/envs/prokka/bin
[01:54:13] Looking for 'aragorn' - found /home/ylifc/miniconda2/envs/prokka/bin/aragorn
[01:54:13] Determined aragorn version is 001002 from 'ARAGORN v1.2.38 Dean Laslett'
[01:54:13] Looking for 'barrnap' - found /home/ylifc/miniconda2/envs/prokka/bin/barrnap
[01:54:13] Determined barrnap version is 000009 from 'barrnap 0.9'
[01:54:13] Looking for 'blastp' - found /home/ylifc/miniconda2/envs/prokka/bin/blastp
[01:54:15] Determined blastp version is 002012 from 'blastp: 2.12.0+'
[01:54:15] Looking for 'cmpress' - found /home/ylifc/miniconda2/envs/prokka/bin/cmpress
[01:54:15] Determined cmpress version is 001001 from '# INFERNAL 1.1.4 (Dec 2020)'
[01:54:15] Looking for 'cmscan' - found /home/ylifc/miniconda2/envs/prokka/bin/cmscan
[01:54:15] Determined cmscan version is 001001 from '# INFERNAL 1.1.4 (Dec 2020)'
[01:54:15] Looking for 'egrep' - found /bin/egrep
[01:54:15] Looking for 'find' - found /usr/bin/find
[01:54:15] Looking for 'grep' - found /bin/grep
[01:54:15] Looking for 'hmmpress' - found /home/ylifc/miniconda2/envs/prokka/bin/hmmpress
[01:54:15] Determined hmmpress version is 003003 from '# HMMER 3.3.2 (Nov 2020); http://hmmer.org/'
[01:54:15] Looking for 'hmmscan' - found /home/ylifc/miniconda2/envs/prokka/bin/hmmscan
[01:54:15] Determined hmmscan version is 003003 from '# HMMER 3.3.2 (Nov 2020); http://hmmer.org/'
[01:54:15] Looking for 'java' - found /home/ylifc/miniconda2/envs/prokka/bin/java
[01:54:15] Looking for 'makeblastdb' - found /home/ylifc/miniconda2/envs/prokka/bin/makeblastdb
[01:54:17] Determined makeblastdb version is 002012 from 'makeblastdb: 2.12.0+'
[01:54:17] Looking for 'minced' - found /home/ylifc/miniconda2/envs/prokka/bin/minced
[01:54:17] Determined minced version is 004002 from 'minced 0.4.2'
[01:54:17] Looking for 'parallel' - found /home/ylifc/miniconda2/envs/prokka/bin/parallel
[01:54:17] Determined parallel version is 20211022 from 'GNU parallel 20211022'
[01:54:17] Looking for 'prodigal' - found /home/ylifc/miniconda2/envs/prokka/bin/prodigal
[01:54:17] Determined prodigal version is 002006 from 'Prodigal V2.6.3: February, 2016'
[01:54:17] Looking for 'prokka-genbank_to_fasta_db' - found /home/ylifc/miniconda2/envs/prokka/bin/prokka-genbank_to_fasta_db
[01:54:17] Looking for 'sed' - found /bin/sed
[01:54:17] Looking for 'tbl2asn' - found /home/ylifc/miniconda2/envs/prokka/bin/tbl2asn
[01:54:17] Determined tbl2asn version is 025007 from 'tbl2asn 25.7   arguments:'
[01:54:17] Using genetic code table 11.
[01:54:17] Loading and checking input file: HM82_Bin2.fa
[01:54:18] Wrote 613 contigs totalling 2386725 bp.
[01:54:18] Predicting tRNAs and tmRNAs
[01:54:18] Running: aragorn -l -gc11  -w HM82_Bin2\.fa_prokka\/PROKKA_11012021\.fna
[01:54:18] 1 tRNA-Ala [2790,2862] 33 (cgc)
[01:54:18] 1 tRNA-Lys [545,619] 35 (ctt)
[01:54:18] 1 tRNA-Met c[1000,1074] 35 (cat)
[01:54:18] 1 tRNA-Gly [2189,2262] 36 (gcc)
[01:54:18] 1 tRNA-Lys c[1810,1884] 35 (ttt)
[01:54:18] 2 tRNA-Asp [1979,2054] 37 (gtc)
[01:54:18] 1 tRNA-Asp c[3630,3707] 37 (gtc)
[01:54:18] 2 tRNA-Lys [3804,3877] 35 (ttt)
[01:54:18] 1 tRNA-Val [1580,1656] 37 (tac)
[01:54:18] 1 tRNA-His [9020,9093] 34 (gtg)
[01:54:18] 2 tRNA-Leu [20985,21071] 38 (gag)
[01:54:18] 1 tRNA-Cys [4470,4544] 33 (gca)
[01:54:18] 1 tRNA-Ala [143,218] 36 (tgc)
[01:54:18] 1 tRNA-Arg [51,128] 36 (tct)
[01:54:18] 1 tRNA-Gln c[1651,1726] 37 (ttg)
[01:54:18] 1 tRNA-Val [4791,4864] 35 (gac)
[01:54:18] 1 tRNA-Phe [5263,5339] 35 (gaa)
[01:54:18] 1 tRNA-Gly c[1843,1917] 36 (tcc)
[01:54:18] 1 tRNA-Pro [1182,1256] 35 (tgg)
[01:54:18] 1 tRNA-Ser c[240,325] 36 (cga)
[01:54:18] 1 tRNA-Leu c[4867,4952] 37 (cag)
[01:54:18] 1 tRNA-Met [4223,4296] 35 (cat)
[01:54:19] 1 tRNA-His c[3014,3087] 35 (gtg)
[01:54:19] 1 tRNA-Val [2008,2084] 37 (tac)
[01:54:19] 1 tRNA-Ala [225,299] 35 (tgc)
[01:54:19] 1 tRNA-Val c[870,946] 37 (tac)
[01:54:19] 1 tRNA-Glu c[4976,5051] 37 (ctc)
[01:54:19] 1 tRNA-Ala c[5152,5227] 36 (tgc)
[01:54:19] 1 tRNA-Pro c[3308,3382] 36 (ggg)
[01:54:19] 1 tRNA-Val [533,628] 35 (cac)
[01:54:19] 1 tRNA-Val c[2373,2446] 35 (gac)
[01:54:19] 1 tRNA-Leu [2464,2550] 38 (cag)
[01:54:19] 1 tRNA-Lys [1179,1253] 35 (ctt)
[01:54:19] 1 tRNA-Arg c[3798,3874] 37 (tct)
[01:54:19] 1 tRNA-Pro [2002,2075] 35 (ggg)
[01:54:19] 1 tRNA-His c[3305,3378] 35 (gtg)
[01:54:19] 1 tRNA-Thr [4798,4871] 35 (cgt)
[01:54:19] 1 tRNA-Pro c[5222,5298] 35 (ggg)
[01:54:19] 1 tRNA-Val c[1246,1340] 34 (cac)
[01:54:19] 1 tRNA-Pro [465,540] 36 (cgg)
[01:54:19] 1 tRNA-Ala [7610,7685] 36 (ggc)
[01:54:19] 2 tRNA-Pro [7735,7809] 35 (cgg)
[01:54:19] 1 tRNA-Glu [2704,2779] 37 (ctc)
[01:54:19] 1 tRNA-Thr [2678,2752] 36 (tgt)
[01:54:19] 1 tRNA-Arg [2272,2346] 36 (tcg)
[01:54:19] 1 tRNA-Gly c[2874,2947] 35 (ccc)
[01:54:19] 1 tRNA-Gly c[1978,2051] 35 (ccc)
[01:54:19] 1 tRNA-Asn c[244,318] 35 (gtt)
[01:54:19] Found 48 tRNAs
[01:54:19] Predicting Ribosomal RNAs
[01:54:19] Running Barrnap with 64 threads
[01:54:22] 1 gnl|Prokka|ICPKAJPI_25 2671 5S ribosomal RNA
[01:54:22] Found 1 rRNAs
[01:54:22] Scanning for ncRNAs... please be patient.
[01:54:22] Running: cmscan -Z 4.77345 --cut_ga --rfam --nohmmonly --fmt 2 --cpu 64 --tblout /dev/stdout -o /dev/null --noali /home/ylifc/miniconda2/envs/prokka/db/cm/Bacteria HM82_Bin2\.fa_prokka\/PROKKA_11012021\.fna
[02:06:31] 1 ncRNA 1 gnl|Prokka|ICPKAJPI_44 1..318
[02:06:31] 2 ncRNA 1 gnl|Prokka|ICPKAJPI_171 1..67
[02:06:31] 3 ncRNA 1 gnl|Prokka|ICPKAJPI_175 1..292
[02:06:31] Found 3 ncRNAs.
[02:06:31] Total of 49 tRNA + rRNA features
[02:06:31] Searching for CRISPR repeats
[02:06:33] Found 0 CRISPRs
[02:06:33] Predicting coding sequences
[02:06:33] Contigs total 2386725 bp, so using single mode
[02:06:33] Running: prodigal -i HM82_Bin2\.fa_prokka\/PROKKA_11012021\.fna -c -m -g 11 -p single -f sco -q
[02:06:36] Excluding CDS which overlaps existing RNA (tRNA) at gnl|Prokka|ICPKAJPI_38:687..1892 on - strand
[02:06:38] Found 2888 CDS
[02:06:38] Connecting features back to sequences
[02:06:38] Not using genus-specific database. Try --usegenus to enable it.
[02:06:38] Annotating CDS, please be patient.
[02:06:38] Will use 64 CPUs for similarity searching.
[02:06:40] There are still 2888 unannotated CDS left (started with 2888)
[02:06:40] Will use blast to search against /home/ylifc/miniconda2/envs/prokka/db/kingdom/Bacteria/IS with 64 CPUs
[02:06:40] Running: cat HM82_Bin2\.fa_prokka\/PROKKA_11012021\.IS\.tmp\.39977\.faa | parallel --gnu --plain -j 64 --block 5014 --recstart '>' --pipe blastp -query - -db /home/ylifc/miniconda2/envs/prokka/db/kingdom/Bacteria/IS -evalue 1e-30 -qcov_hsp_perc 90 -num_threads 1 -num_descriptions 1 -num_alignments 1 -seg no > HM82_Bin2\.fa_prokka\/PROKKA_11012021\.IS\.tmp\.39977\.blast 2> /dev/null
[02:07:29] Deleting unwanted file: HM82_Bin2.fa_prokka/PROKKA_11012021.IS.tmp.39977.faa
[02:07:29] Deleting unwanted file: HM82_Bin2.fa_prokka/PROKKA_11012021.IS.tmp.39977.blast
[02:07:31] There are still 2888 unannotated CDS left (started with 2888)
[02:07:31] Will use blast to search against /home/ylifc/miniconda2/envs/prokka/db/kingdom/Bacteria/AMR with 64 CPUs
[02:07:31] Running: cat HM82_Bin2\.fa_prokka\/PROKKA_11012021\.AMR\.tmp\.39977\.faa | parallel --gnu --plain -j 64 --block 5014 --recstart '>' --pipe blastp -query - -db /home/ylifc/miniconda2/envs/prokka/db/kingdom/Bacteria/AMR -evalue 9.99999999999999e-301 -qcov_hsp_perc 90 -num_threads 1 -num_descriptions 1 -num_alignments 1 -seg no > HM82_Bin2\.fa_prokka\/PROKKA_11012021\.AMR\.tmp\.39977\.blast 2> /dev/null
[02:08:14] Deleting unwanted file: HM82_Bin2.fa_prokka/PROKKA_11012021.AMR.tmp.39977.faa
[02:08:14] Deleting unwanted file: HM82_Bin2.fa_prokka/PROKKA_11012021.AMR.tmp.39977.blast
[02:08:16] There are still 2888 unannotated CDS left (started with 2888)
[02:08:16] Will use blast to search against /home/ylifc/miniconda2/envs/prokka/db/kingdom/Bacteria/sprot with 64 CPUs
[02:08:16] Running: cat HM82_Bin2\.fa_prokka\/PROKKA_11012021\.sprot\.tmp\.39977\.faa | parallel --gnu --plain -j 64 --block 5014 --recstart '>' --pipe blastp -query - -db /home/ylifc/miniconda2/envs/prokka/db/kingdom/Bacteria/sprot -evalue 1e-09 -qcov_hsp_perc 80 -num_threads 1 -num_descriptions 1 -num_alignments 1 -seg no > HM82_Bin2\.fa_prokka\/PROKKA_11012021\.sprot\.tmp\.39977\.blast 2> /dev/null
[02:10:48] Modify product: Uncharacterized metal-dependent hydrolase YcfH => putative metal-dependent hydrolase YcfH
[02:10:48] Modify product: Putative 2-hydroxyacid dehydrogenase SA2098 => Putative 2-hydroxyacid dehydrogenase
[02:10:48] Modify product: Putative phosphoribosyl transferase Rv0571c => Putative phosphoribosyl transferase
[02:10:48] Modify product: UPF0047 protein Rv2556c => hypothetical protein
[02:10:49] Modify product: Uncharacterized protein Rv2715 => putative protein
[02:10:49] Modify product: Probable dipeptidase PepE => putative dipeptidase PepE
[02:10:49] Modify product: Probable dual-specificity RNA methyltransferase RlmN => putative dual-specificity RNA methyltransferase RlmN
[02:10:49] Modify product: Probable UbiX-like flavin prenyltransferase => putative UbiX-like flavin prenyltransferase
[02:10:49] Modify product: Probable polyketide biosynthesis zinc-dependent hydrolase PksB => putative polyketide biosynthesis zinc-dependent hydrolase PksB
[02:10:49] Modify product: Putative universal stress protein SA1532 => Putative universal stress protein
[02:10:49] Modify product: Probable UbiX-like flavin prenyltransferase => putative UbiX-like flavin prenyltransferase
[02:10:49] Modify product: Probable protein kinase UbiB => putative protein kinase UbiB
[02:10:49] Modify product: Uncharacterized protein YccU => putative protein YccU
[02:10:49] Modify product: Putative coenzyme F420-dependent oxidoreductase Rv3520c => Putative coenzyme F420-dependent oxidoreductase
[02:10:49] Modify product: Probable nicotinate-nucleotide pyrophosphorylase [carboxylating] => putative nicotinate-nucleotide pyrophosphorylase [carboxylating]
[02:10:49] Modify product: Uncharacterized protein M6_Spy0233 => putative protein
[02:10:49] Modify product: NAD(P)H-dependent FAD/FMN reductase GTNG_3158 => NAD(P)H-dependent FAD/FMN reductase
[02:10:50] Modify product: UPF0053 protein HI_0107 => hypothetical protein
[02:10:50] Modify product: Probable oxidoreductase CT_610 => putative oxidoreductase CT_610
[02:10:50] Modify product: UPF0053 protein HI_0107 => hypothetical protein
[02:10:50] Modify product: Probable phosphite transport system-binding protein PtxB => putative phosphite transport system-binding protein PtxB
[02:10:50] Modify product: Uncharacterized protein HI_1163 => putative protein
[02:10:50] Modify product: Putative phosphoribosyl transferase Rv0571c => Putative phosphoribosyl transferase
[02:10:50] Modify product: UPF0047 protein Rv2556c => hypothetical protein
[02:10:50] Modify product: Uncharacterized ABC transporter ATP-binding protein YheS => putative ABC transporter ATP-binding protein YheS
[02:10:50] Modify product: Probable oxidoreductase CT_610 => putative oxidoreductase CT_610
[02:10:50] Modify product: Probable protein kinase UbiB => putative protein kinase UbiB
[02:10:50] Modify product: Uncharacterized protein M6_Spy0233 => putative protein
[02:10:51] Modify product: Putative universal stress protein SA1532 => Putative universal stress protein
[02:10:51] Modify product: Putative universal stress protein SA1532 => Putative universal stress protein
[02:10:51] Modify product: UPF0051 protein SA0778 => hypothetical protein
[02:10:51] Modify product: UPF0051 protein SA0778 => hypothetical protein
[02:10:51] Modify product: Probable cysteine desulfurase => putative cysteine desulfurase
[02:10:51] Modify product: Putative coenzyme F420-dependent oxidoreductase Rv3520c => Putative coenzyme F420-dependent oxidoreductase
[02:10:51] Modify product: Uncharacterized oxidoreductase Rv1350 => putative oxidoreductase
[02:10:51] Modify product: Uncharacterized oxidoreductase SA2266 => putative oxidoreductase
[02:10:51] Modify product: Uncharacterized protein YedJ => putative protein YedJ
[02:10:51] Modify product: Uncharacterized protein Rv2004c => putative protein
[02:10:51] Modify product: Probable polyketide biosynthesis zinc-dependent hydrolase PksB => putative polyketide biosynthesis zinc-dependent hydrolase PksB
[02:10:51] Modify product: Probable UbiX-like flavin prenyltransferase => putative UbiX-like flavin prenyltransferase
[02:10:51] Modify product: Probable peptidyl-prolyl cis-trans isomerase => putative peptidyl-prolyl cis-trans isomerase
[02:10:51] Modify product: Uncharacterized protein Rv0959 => putative protein
[02:10:52] Modify product: Bifunctional protein FolD => Bifunctional protein FolD protein
[02:10:52] Modify product: Uncharacterized protein YqgN => putative protein YqgN
[02:10:52] Modify product: Uncharacterized protein Rv2030c => putative protein
[02:10:52] Modify product: Probable ABC transporter ATP-binding protein M6_Spy0273 => putative ABC transporter ATP-binding protein
[02:10:52] Modify product: Uncharacterized protein MSMEG_2782/MSMEI_2713 => putative protein/MSMEI_2713
[02:10:52] Modify product: UPF0098 protein CT_736 => hypothetical protein
[02:10:52] Modify product: Probable dual-specificity RNA methyltransferase RlmN => putative dual-specificity RNA methyltransferase RlmN
[02:10:52] Modify product: Probable UbiX-like flavin prenyltransferase => putative UbiX-like flavin prenyltransferase
[02:10:52] Modify product: Uncharacterized oxidoreductase SA2266 => putative oxidoreductase
[02:10:52] Modify product: UPF0098 protein CT_736 => hypothetical protein
[02:10:52] Modify product: Uncharacterized protein MSMEG_2782/MSMEI_2713 => putative protein/MSMEI_2713
[02:10:52] Modify product: NAD(P)H-dependent FAD/FMN reductase GTNG_3158 => NAD(P)H-dependent FAD/FMN reductase
[02:10:52] Modify product: NADH dehydrogenase-like protein SAOUHSC_00878 => NADH dehydrogenase-like protein
[02:10:53] Modify product: UPF0047 protein Rv2556c => hypothetical protein
[02:10:53] Cleaned 56 /product names
[02:10:53] Deleting unwanted file: HM82_Bin2.fa_prokka/PROKKA_11012021.sprot.tmp.39977.faa
[02:10:53] Deleting unwanted file: HM82_Bin2.fa_prokka/PROKKA_11012021.sprot.tmp.39977.blast
[02:10:54] There are still 2146 unannotated CDS left (started with 2888)
[02:10:54] Will use hmmer3 to search against /home/ylifc/miniconda2/envs/prokka/db/hmm/HAMAP.hmm with 64 CPUs
[02:10:54] Running: cat HM82_Bin2\.fa_prokka\/PROKKA_11012021\.HAMAP\.hmm\.tmp\.39977\.faa | parallel --gnu --plain -j 64 --block 3264 --recstart '>' --pipe hmmscan --noali --notextw --acc -E 1e-09 --cpu 1 /home/ylifc/miniconda2/envs/prokka/db/hmm/HAMAP.hmm /dev/stdin > HM82_Bin2\.fa_prokka\/PROKKA_11012021\.HAMAP\.hmm\.tmp\.39977\.hmmer3 2> /dev/null
[02:13:22] Modify product: Uncharacterized Nudix hydrolase NudL => putative Nudix hydrolase NudL
[02:13:22] Cleaned 1 /product names
[02:13:22] Deleting unwanted file: HM82_Bin2.fa_prokka/PROKKA_11012021.HAMAP.hmm.tmp.39977.faa
[02:13:22] Deleting unwanted file: HM82_Bin2.fa_prokka/PROKKA_11012021.HAMAP.hmm.tmp.39977.hmmer3
[02:13:22] Labelling remaining 1904 proteins as 'hypothetical protein'
[02:13:22] Possible /pseudo '2-methoxy-6-polyprenyl-1,4-benzoquinol methylase, mitochondrial' at gnl|Prokka|ICPKAJPI_153 position 1024
[02:13:22] Possible /pseudo 'Methionine synthase' at gnl|Prokka|ICPKAJPI_206 position 392
[02:13:22] Possible /pseudo 'Nitrogen regulatory protein P-II' at gnl|Prokka|ICPKAJPI_227 position 1436
[02:13:22] Possible /pseudo 'Putative universal stress protein' at gnl|Prokka|ICPKAJPI_329 position 2068
[02:13:22] Possible /pseudo 'FO synthase' at gnl|Prokka|ICPKAJPI_333 position 8270
[02:13:22] Possible /pseudo 'Ribonuclease PH' at gnl|Prokka|ICPKAJPI_336 position 1720
[02:13:22] Possible /pseudo '5-methyltetrahydropteroyltriglutamate--homocysteine methyltransferase' at gnl|Prokka|ICPKAJPI_348 position 1425
[02:13:22] Possible /pseudo 'TRAP-T-associated universal stress protein TeaD' at gnl|Prokka|ICPKAJPI_400 position 419
[02:13:22] Possible /pseudo '5-methyltetrahydropteroyltriglutamate--homocysteine methyltransferase' at gnl|Prokka|ICPKAJPI_421 position 7483
[02:13:22] Possible /pseudo 'FO synthase' at gnl|Prokka|ICPKAJPI_548 position 1810
[02:13:22] Found 482 unique /gene codes.
[02:13:22] Fixed 2 duplicate /gene - sucD_1 sucD_2
[02:13:22] Fixed 2 duplicate /gene - grpE_1 grpE_2
[02:13:22] Fixed 3 duplicate /gene - citE_1 citE_2 citE_3
[02:13:22] Fixed 3 duplicate /gene - tmk_1 tmk_2 tmk_3
[02:13:22] Fixed 3 duplicate /gene - apt_1 apt_2 apt_3
[02:13:22] Fixed 4 duplicate /gene - hit_1 hit_2 hit_3 hit_4
[02:13:22] Fixed 2 duplicate /gene - pabB_1 pabB_2
[02:13:22] Fixed 3 duplicate /gene - ubiB_1 ubiB_2 ubiB_3
[02:13:22] Fixed 3 duplicate /gene - sumT_1 sumT_2 sumT_3
[02:13:22] Fixed 3 duplicate /gene - trpG_1 trpG_2 trpG_3
[02:13:22] Fixed 2 duplicate /gene - fadA_1 fadA_2
[02:13:22] Fixed 3 duplicate /gene - drrA_1 drrA_2 drrA_3
[02:13:22] Fixed 3 duplicate /gene - purS_1 purS_2 purS_3
[02:13:22] Fixed 2 duplicate /gene - murI_1 murI_2
[02:13:22] Fixed 3 duplicate /gene - TOP6B_1 TOP6B_2 TOP6B_3
[02:13:22] Fixed 5 duplicate /gene - ribE_1 ribE_2 ribE_3 ribE_4 ribE_5
[02:13:22] Fixed 3 duplicate /gene - mntR_1 mntR_2 mntR_3
[02:13:22] Fixed 3 duplicate /gene - larE_1 larE_2 larE_3
[02:13:22] Fixed 2 duplicate /gene - gutB_1 gutB_2
[02:13:22] Fixed 2 duplicate /gene - pyrE_1 pyrE_2
[02:13:22] Fixed 2 duplicate /gene - cysG_1 cysG_2
[02:13:22] Fixed 2 duplicate /gene - hemB_1 hemB_2
[02:13:22] Fixed 2 duplicate /gene - sufS_1 sufS_2
[02:13:22] Fixed 2 duplicate /gene - leuA_1 leuA_2
[02:13:22] Fixed 3 duplicate /gene - tatA_1 tatA_2 tatA_3
[02:13:22] Fixed 7 duplicate /gene - cheY_1 cheY_2 cheY_3 cheY_4 cheY_5 cheY_6 cheY_7
[02:13:22] Fixed 2 duplicate /gene - rlmN_1 rlmN_2
[02:13:22] Fixed 3 duplicate /gene - aroE_1 aroE_2 aroE_3
[02:13:22] Fixed 4 duplicate /gene - COQ5_1 COQ5_2 COQ5_3 COQ5_4
[02:13:22] Fixed 4 duplicate /gene - cugP_1 cugP_2 cugP_3 cugP_4
[02:13:22] Fixed 4 duplicate /gene - ecdB_1 ecdB_2 ecdB_3 ecdB_4
[02:13:22] Fixed 2 duplicate /gene - thpR_1 thpR_2
[02:13:22] Fixed 2 duplicate /gene - egtD_1 egtD_2
[02:13:22] Fixed 7 duplicate /gene - groL_1 groL_2 groL_3 groL_4 groL_5 groL_6 groL_7
[02:13:22] Fixed 2 duplicate /gene - aroD_1 aroD_2
[02:13:22] Fixed 4 duplicate /gene - dnaJ_1 dnaJ_2 dnaJ_3 dnaJ_4
[02:13:22] Fixed 2 duplicate /gene - ttuA_1 ttuA_2
[02:13:22] Fixed 2 duplicate /gene - argB_1 argB_2
[02:13:22] Fixed 2 duplicate /gene - bioB_1 bioB_2
[02:13:22] Fixed 4 duplicate /gene - pdxS_1 pdxS_2 pdxS_3 pdxS_4
[02:13:22] Fixed 6 duplicate /gene - nnr_1 nnr_2 nnr_3 nnr_4 nnr_5 nnr_6
[02:13:22] Fixed 2 duplicate /gene - hisC_1 hisC_2
[02:13:22] Fixed 3 duplicate /gene - larA_1 larA_2 larA_3
[02:13:22] Fixed 3 duplicate /gene - ttuD_1 ttuD_2 ttuD_3
[02:13:22] Fixed 2 duplicate /gene - dnaK_1 dnaK_2
[02:13:22] Fixed 6 duplicate /gene - cheB_1 cheB_2 cheB_3 cheB_4 cheB_5 cheB_6
[02:13:22] Fixed 2 duplicate /gene - cbiF_1 cbiF_2
[02:13:22] Fixed 3 duplicate /gene - aroC_1 aroC_2 aroC_3
[02:13:22] Fixed 4 duplicate /gene - cysQ_1 cysQ_2 cysQ_3 cysQ_4
[02:13:22] Fixed 2 duplicate /gene - oppD_1 oppD_2
[02:13:22] Fixed 3 duplicate /gene - ftsZ_1 ftsZ_2 ftsZ_3
[02:13:22] Fixed 4 duplicate /gene - metH_1 metH_2 metH_3 metH_4
[02:13:22] Fixed 2 duplicate /gene - ruvB_1 ruvB_2
[02:13:22] Fixed 2 duplicate /gene - rnj_1 rnj_2
[02:13:22] Fixed 3 duplicate /gene - trpA_1 trpA_2 trpA_3
[02:13:22] Fixed 2 duplicate /gene - argF_1 argF_2
[02:13:22] Fixed 2 duplicate /gene - btuR_1 btuR_2
[02:13:22] Fixed 5 duplicate /gene - proS_1 proS_2 proS_3 proS_4 proS_5
[02:13:22] Fixed 3 duplicate /gene - cshA_1 cshA_2 cshA_3
[02:13:22] Fixed 3 duplicate /gene - cbiA_1 cbiA_2 cbiA_3
[02:13:22] Fixed 2 duplicate /gene - cobB_1 cobB_2
[02:13:22] Fixed 12 duplicate /gene - sasA_1 sasA_2 sasA_3 sasA_4 sasA_5 sasA_6 sasA_7 sasA_8 sasA_9 sasA_10 sasA_11 sasA_12
[02:13:22] Fixed 4 duplicate /gene - yrbG_1 yrbG_2 yrbG_3 yrbG_4
[02:13:22] Fixed 8 duplicate /gene - fbiB_1 fbiB_2 fbiB_3 fbiB_4 fbiB_5 fbiB_6 fbiB_7 fbiB_8
[02:13:22] Fixed 2 duplicate /gene - tusA_1 tusA_2
[02:13:22] Fixed 2 duplicate /gene - iolS_1 iolS_2
[02:13:22] Fixed 2 duplicate /gene - ilvD_1 ilvD_2
[02:13:22] Fixed 4 duplicate /gene - metK_1 metK_2 metK_3 metK_4
[02:13:22] Fixed 3 duplicate /gene - purE_1 purE_2 purE_3
[02:13:22] Fixed 2 duplicate /gene - asnC_1 asnC_2
[02:13:22] Fixed 3 duplicate /gene - cbiX_1 cbiX_2 cbiX_3
[02:13:22] Fixed 2 duplicate /gene - aroA_1 aroA_2
[02:13:22] Fixed 2 duplicate /gene - pksB_1 pksB_2
[02:13:22] Fixed 2 duplicate /gene - lysX_1 lysX_2
[02:13:22] Fixed 3 duplicate /gene - glnA_1 glnA_2 glnA_3
[02:13:22] Fixed 3 duplicate /gene - Dml_1 Dml_2 Dml_3
[02:13:22] Fixed 3 duplicate /gene - asnB_1 asnB_2 asnB_3
[02:13:22] Fixed 3 duplicate /gene - pah_1 pah_2 pah_3
[02:13:22] Fixed 3 duplicate /gene - lolD_1 lolD_2 lolD_3
[02:13:22] Fixed 2 duplicate /gene - folP_1 folP_2
[02:13:22] Fixed 3 duplicate /gene - phaC_1 phaC_2 phaC_3
[02:13:22] Fixed 2 duplicate /gene - tuf_1 tuf_2
[02:13:22] Fixed 2 duplicate /gene - pmbA_1 pmbA_2
[02:13:22] Fixed 2 duplicate /gene - iolG_1 iolG_2
[02:13:22] Fixed 2 duplicate /gene - trxB_1 trxB_2
[02:13:22] Fixed 2 duplicate /gene - ftsY_1 ftsY_2
[02:13:22] Fixed 3 duplicate /gene - recA_1 recA_2 recA_3
[02:13:22] Fixed 4 duplicate /gene - guaA_1 guaA_2 guaA_3 guaA_4
[02:13:22] Fixed 2 duplicate /gene - nikR_1 nikR_2
[02:13:22] Fixed 2 duplicate /gene - resE_1 resE_2
[02:13:22] Fixed 6 duplicate /gene - speB_1 speB_2 speB_3 speB_4 speB_5 speB_6
[02:13:22] Fixed 4 duplicate /gene - ctaB_1 ctaB_2 ctaB_3 ctaB_4
[02:13:22] Fixed 2 duplicate /gene - prs_1 prs_2
[02:13:22] Fixed 2 duplicate /gene - phnE_1 phnE_2
[02:13:22] Fixed 3 duplicate /gene - gatA_1 gatA_2 gatA_3
[02:13:22] Fixed 3 duplicate /gene - trmI_1 trmI_2 trmI_3
[02:13:22] Fixed 2 duplicate /gene - cfiB_1 cfiB_2
[02:13:22] Fixed 3 duplicate /gene - uvrB_1 uvrB_2 uvrB_3
[02:13:22] Fixed 3 duplicate /gene - lsrF_1 lsrF_2 lsrF_3
[02:13:22] Fixed 2 duplicate /gene - gluD_1 gluD_2
[02:13:22] Fixed 4 duplicate /gene - acsA_1 acsA_2 acsA_3 acsA_4
[02:13:22] Fixed 3 duplicate /gene - ilvE_1 ilvE_2 ilvE_3
[02:13:22] Fixed 7 duplicate /gene - thi4_1 thi4_2 thi4_3 thi4_4 thi4_5 thi4_6 thi4_7
[02:13:22] Fixed 3 duplicate /gene - miaB_1 miaB_2 miaB_3
[02:13:22] Fixed 2 duplicate /gene - sat_1 sat_2
[02:13:22] Fixed 3 duplicate /gene - lnrL_1 lnrL_2 lnrL_3
[02:13:22] Fixed 2 duplicate /gene - desV_1 desV_2
[02:13:22] Fixed 2 duplicate /gene - hemL_1 hemL_2
[02:13:22] Fixed 2 duplicate /gene - thiI_1 thiI_2
[02:13:22] Fixed 2 duplicate /gene - mdh_1 mdh_2
[02:13:22] Fixed 2 duplicate /gene - carA_1 carA_2
[02:13:22] Fixed 4 duplicate /gene - ssuC_1 ssuC_2 ssuC_3 ssuC_4
[02:13:22] Fixed 2 duplicate /gene - corA_1 corA_2
[02:13:22] Fixed 3 duplicate /gene - TOP6A_1 TOP6A_2 TOP6A_3
[02:13:22] Fixed 2 duplicate /gene - gatB_1 gatB_2
[02:13:22] Fixed 3 duplicate /gene - hisB_1 hisB_2 hisB_3
[02:13:22] Fixed 2 duplicate /gene - ppiA_1 ppiA_2
[02:13:22] Fixed 3 duplicate /gene - trpD_1 trpD_2 trpD_3
[02:13:22] Fixed 2 duplicate /gene - bphA3_1 bphA3_2
[02:13:22] Fixed 2 duplicate /gene - cbiL_1 cbiL_2
[02:13:22] Fixed 4 duplicate /gene - cysM_1 cysM_2 cysM_3 cysM_4
[02:13:22] Fixed 4 duplicate /gene - metE_1 metE_2 metE_3 metE_4
[02:13:22] Fixed 2 duplicate /gene - tyrA_1 tyrA_2
[02:13:22] Fixed 3 duplicate /gene - hemC_1 hemC_2 hemC_3
[02:13:22] Fixed 2 duplicate /gene - ureB_1 ureB_2
[02:13:22] Fixed 2 duplicate /gene - ade_1 ade_2
[02:13:22] Fixed 2 duplicate /gene - folE_1 folE_2
[02:13:22] Fixed 5 duplicate /gene - rcsC_1 rcsC_2 rcsC_3 rcsC_4 rcsC_5
[02:13:22] Fixed 2 duplicate /gene - garR_1 garR_2
[02:13:22] Fixed 2 duplicate /gene - btuF_1 btuF_2
[02:13:22] Fixed 2 duplicate /gene - pgsA2_1 pgsA2_2
[02:13:22] Fixed 2 duplicate /gene - tmung_1 tmung_2
[02:13:22] Fixed 3 duplicate /gene - kynB_1 kynB_2 kynB_3
[02:13:22] Fixed 2 duplicate /gene - dinB1_1 dinB1_2
[02:13:22] Fixed 5 duplicate /gene - glnB_1 glnB_2 glnB_3 glnB_4 glnB_5
[02:13:22] Fixed 9 duplicate /gene - ftsH_1 ftsH_2 ftsH_3 ftsH_4 ftsH_5 ftsH_6 ftsH_7 ftsH_8 ftsH_9
[02:13:22] Fixed 2 duplicate /gene - fbiD_1 fbiD_2
[02:13:22] Fixed 2 duplicate /gene - aspC_1 aspC_2
[02:13:22] Fixed 2 duplicate /gene - fbp_1 fbp_2
[02:13:22] Fixed 3 duplicate /gene - pdxT_1 pdxT_2 pdxT_3
[02:13:22] Fixed 2 duplicate /gene - oppF_1 oppF_2
[02:13:22] Fixed 2 duplicate /gene - dmdA_1 dmdA_2
[02:13:22] Fixed 5 duplicate /gene - pyrG_1 pyrG_2 pyrG_3 pyrG_4 pyrG_5
[02:13:22] Fixed 2 duplicate /gene - gerN_1 gerN_2
[02:13:22] Fixed 2 duplicate /gene - dapL_1 dapL_2
[02:13:22] Fixed 3 duplicate /gene - pyrH_1 pyrH_2 pyrH_3
[02:13:22] Fixed 2 duplicate /gene - dinB_1 dinB_2
[02:13:22] Fixed 2 duplicate /gene - galK_1 galK_2
[02:13:22] Fixed 2 duplicate /gene - sir_1 sir_2
[02:13:22] Fixed 2 duplicate /gene - cysH_1 cysH_2
[02:13:22] Fixed 2 duplicate /gene - trpB_1 trpB_2
[02:13:22] Fixed 2 duplicate /gene - pdxK_1 pdxK_2
[02:13:22] Fixed 3 duplicate /gene - larC_1 larC_2 larC_3
[02:13:22] Fixed 2 duplicate /gene - auaH_1 auaH_2
[02:13:22] Fixed 2 duplicate /gene - znuA_1 znuA_2
[02:13:22] Fixed 3 duplicate /gene - smc_1 smc_2 smc_3
[02:13:22] Fixed 3 duplicate /gene - ndhI_1 ndhI_2 ndhI_3
[02:13:22] Fixed 2 duplicate /gene - mak_1 mak_2
[02:13:22] Fixed 2 duplicate /gene - ribBA_1 ribBA_2
[02:13:22] Fixed 2 duplicate /gene - ilvC_1 ilvC_2
[02:13:22] Fixed 4 duplicate /gene - RBKS_1 RBKS_2 RBKS_3 RBKS_4
[02:13:22] Fixed 2 duplicate /gene - arnC_1 arnC_2
[02:13:22] Fixed 4 duplicate /gene - tdcB_1 tdcB_2 tdcB_3 tdcB_4
[02:13:22] Fixed 2 duplicate /gene - cobD_1 cobD_2
[02:13:22] Fixed 2 duplicate /gene - GATB_1 GATB_2
[02:13:22] Fixed 2 duplicate /gene - lysS_1 lysS_2
[02:13:22] Fixed 2 duplicate /gene - trpC_1 trpC_2
[02:13:22] Fixed 2 duplicate /gene - menG_1 menG_2
[02:13:22] Fixed 3 duplicate /gene - ilvH_1 ilvH_2 ilvH_3
[02:13:22] Fixed 2 duplicate /gene - pfdA_1 pfdA_2
[02:13:22] Fixed 5 duplicate /gene - fbiC_1 fbiC_2 fbiC_3 fbiC_4 fbiC_5
[02:13:22] Fixed 4 duplicate /gene - aspS2_1 aspS2_2 aspS2_3 aspS2_4
[02:13:22] Fixed 3 duplicate /gene - griH_1 griH_2 griH_3
[02:13:22] Fixed 2 duplicate /gene - petB_1 petB_2
[02:13:22] Fixed 3 duplicate /gene - serB2_1 serB2_2 serB2_3
[02:13:22] Fixed 2 duplicate /gene - griI_1 griI_2
[02:13:22] Fixed 4 duplicate /gene - cbiG_1 cbiG_2 cbiG_3 cbiG_4
[02:13:22] Fixed 2 duplicate /gene - carB_1 carB_2
[02:13:22] Fixed 2 duplicate /gene - mqnC_1 mqnC_2
[02:13:22] Fixed 3 duplicate /gene - cbiC_1 cbiC_2 cbiC_3
[02:13:22] Fixed 4 duplicate /gene - purK_1 purK_2 purK_3 purK_4
[02:13:22] Fixed 4 duplicate /gene - hemA_1 hemA_2 hemA_3 hemA_4
[02:13:22] Fixed 4 duplicate /gene - prcB_1 prcB_2 prcB_3 prcB_4
[02:13:22] Fixed 2 duplicate /gene - saeR_1 saeR_2
[02:13:22] Fixed 8 duplicate /gene - thrB_1 thrB_2 thrB_3 thrB_4 thrB_5 thrB_6 thrB_7 thrB_8
[02:13:22] Fixed 2 duplicate /gene - bioK_1 bioK_2
[02:13:22] Fixed 2 duplicate /gene - cutA_1 cutA_2
[02:13:22] Fixed 2 duplicate /gene - pepF1_1 pepF1_2
[02:13:22] Fixed 3 duplicate /gene - bcp_1 bcp_2 bcp_3
[02:13:22] Fixed 4 duplicate /gene - tatC_1 tatC_2 tatC_3 tatC_4
[02:13:22] Fixed 3 duplicate /gene - divK_1 divK_2 divK_3
[02:13:22] Fixed 2 duplicate /gene - bsdC_1 bsdC_2
[02:13:22] Fixed 2 duplicate /gene - queC_1 queC_2
[02:13:22] Fixed 2 duplicate /gene - QTRT1_1 QTRT1_2
[02:13:22] Fixed 8 duplicate /gene - teaD_1 teaD_2 teaD_3 teaD_4 teaD_5 teaD_6 teaD_7 teaD_8
[02:13:22] Fixed 4 duplicate /gene - mtnP_1 mtnP_2 mtnP_3 mtnP_4
[02:13:22] Fixed 2 duplicate /gene - purC_1 purC_2
[02:13:22] Fixed 2 duplicate /gene - ribH_1 ribH_2
[02:13:22] Fixed 2 duplicate /gene - ffh_1 ffh_2
[02:13:22] Fixed 3 duplicate /gene - egtB_1 egtB_2 egtB_3
[02:13:22] Fixed 2 duplicate /gene - lig_1 lig_2
[02:13:22] Fixed 2 duplicate /gene - bioF_1 bioF_2
[02:13:22] Fixed 3 duplicate /gene - rnz_1 rnz_2 rnz_3
[02:13:22] Fixed 2 duplicate /gene - rph_1 rph_2
[02:13:22] Fixed 6 duplicate /gene - metG_1 metG_2 metG_3 metG_4 metG_5 metG_6
[02:13:22] Fixed 2 duplicate /gene - truB_1 truB_2
[02:13:22] Fixed 2 duplicate /gene - acnA_1 acnA_2
[02:13:22] Fixed 2 duplicate /gene - ubiD_1 ubiD_2
[02:13:22] Fixed 4 duplicate /gene - prcA_1 prcA_2 prcA_3 prcA_4
[02:13:22] Fixed 2 duplicate /gene - frdB_1 frdB_2
[02:13:22] Fixed 2 duplicate /gene - asd2_1 asd2_2
[02:13:22] Fixed 2 duplicate /gene - valS_1 valS_2
[02:13:22] Fixed 2 duplicate /gene - udg_1 udg_2
[02:13:22] Fixed 3 duplicate /gene - ilvB_1 ilvB_2 ilvB_3
[02:13:22] Fixed 4 duplicate /gene - cbiD_1 cbiD_2 cbiD_3 cbiD_4
[02:13:22] Fixed 2 duplicate /gene - fadM_1 fadM_2
[02:13:22] Fixed 3 duplicate /gene - rocA1_1 rocA1_2 rocA1_3
[02:13:22] Fixed 2 duplicate /gene - ureD_1 ureD_2
[02:13:22] Fixed 2 duplicate /gene - sucC_1 sucC_2
[02:13:22] Fixed 2 duplicate /gene - hisD_1 hisD_2
[02:13:22] Fixed 5 duplicate /gene - IMPDH_1 IMPDH_2 IMPDH_3 IMPDH_4 IMPDH_5
[02:13:22] Fixed 3 duplicate /gene - uvrA_1 uvrA_2 uvrA_3
[02:13:22] Fixed 6 duplicate /gene - nadK_1 nadK_2 nadK_3 nadK_4 nadK_5 nadK_6
[02:13:22] Fixed 2 duplicate /gene - apgM_1 apgM_2
[02:13:22] Fixed 224 colliding /gene names.
[02:13:22] Adding /locus_tag identifiers
[02:13:23] Assigned 2940 locus_tags to CDS and RNA features.
[02:13:23] Writing outputs to HM82_Bin2.fa_prokka/
[02:13:28] Generating annotation statistics file
[02:13:28] Generating Genbank and Sequin files
[02:13:28] Running: tbl2asn -V b -a r10k -l paired-ends -M n -N 1 -y 'Annotated using prokka 1.14.6 from https://github.com/tseemann/prokka' -Z HM82_Bin2\.fa_prokka\/PROKKA_11012021\.err -i HM82_Bin2\.fa_prokka\/PROKKA_11012021\.fsa 2> /dev/null
[02:13:50] Deleting unwanted file: HM82_Bin2.fa_prokka/errorsummary.val
[02:13:50] Deleting unwanted file: HM82_Bin2.fa_prokka/PROKKA_11012021.dr
[02:13:50] Deleting unwanted file: HM82_Bin2.fa_prokka/PROKKA_11012021.fixedproducts
[02:13:50] Deleting unwanted file: HM82_Bin2.fa_prokka/PROKKA_11012021.ecn
[02:13:50] Deleting unwanted file: HM82_Bin2.fa_prokka/PROKKA_11012021.val
[02:13:50] Repairing broken .GBK output that tbl2asn produces...
[02:13:50] Running: sed 's/COORDINATES: profile/COORDINATES:profile/' < HM82_Bin2\.fa_prokka\/PROKKA_11012021\.gbf > HM82_Bin2\.fa_prokka\/PROKKA_11012021\.gbk
[02:13:51] Deleting unwanted file: HM82_Bin2.fa_prokka/PROKKA_11012021.gbf
[02:13:51] Output files:
[02:13:51] HM82_Bin2.fa_prokka/PROKKA_11012021.err
[02:13:51] HM82_Bin2.fa_prokka/PROKKA_11012021.faa
[02:13:51] HM82_Bin2.fa_prokka/PROKKA_11012021.ffn
[02:13:51] HM82_Bin2.fa_prokka/PROKKA_11012021.fna
[02:13:51] HM82_Bin2.fa_prokka/PROKKA_11012021.fsa
[02:13:51] HM82_Bin2.fa_prokka/PROKKA_11012021.gbk
[02:13:51] HM82_Bin2.fa_prokka/PROKKA_11012021.gff
[02:13:51] HM82_Bin2.fa_prokka/PROKKA_11012021.log
[02:13:51] HM82_Bin2.fa_prokka/PROKKA_11012021.sqn
[02:13:51] HM82_Bin2.fa_prokka/PROKKA_11012021.tbl
[02:13:51] HM82_Bin2.fa_prokka/PROKKA_11012021.tsv
[02:13:51] HM82_Bin2.fa_prokka/PROKKA_11012021.txt
[02:13:51] Annotation finished successfully.
[02:13:51] Walltime used: 19.63 minutes
[02:13:51] If you use this result please cite the Prokka paper:
[02:13:51] Seemann T (2014) Prokka: rapid prokaryotic genome annotation. Bioinformatics. 30(14):2068-9.
[02:13:51] Type 'prokka --citation' for more details.
[02:13:51] Thank you, come again.
