[20:00:59] This is prokka 1.14.6
[20:00:59] Written by Torsten Seemann <torsten.seemann@gmail.com>
[20:00:59] Homepage is https://github.com/tseemann/prokka
[20:00:59] Local time is Sun Oct 31 20:00:59 2021
[20:00:59] You are ylifc
[20:00:59] Operating system is linux
[20:00:59] You have BioPerl 1.007002
[20:00:59] System has 64 cores.
[20:00:59] Will use maximum of 64 cores.
[20:00:59] Annotating as >>> Bacteria <<<
[20:00:59] Generating locus_tag from 'AAA799-D11.fa' contents.
[20:00:59] Setting --locustag PIFGGFLE from MD5 92f00f5e56f2b919df1f2df117d5f6b5
[20:00:59] Enabling options to ensure Genbank/ENA/DDJB submission compliance.
[20:00:59] Creating new output folder: AAA799-D11.fa_prokka
[20:00:59] Running: mkdir -p AAA799\-D11\.fa_prokka
[20:00:59] Using filename prefix: PROKKA_10312021.XXX
[20:00:59] Setting HMMER_NCPU=1
[20:00:59] Writing log to: AAA799-D11.fa_prokka/PROKKA_10312021.log
[20:00:59] Command: /home/ylifc/miniconda2/envs/prokka/bin/prokka --cpus 0 --compliant --rfam AAA799-D11.fa --outdir AAA799-D11.fa_prokka
[20:00:59] Appending to PATH: /home/ylifc/miniconda2/envs/prokka/bin
[20:00:59] Looking for 'aragorn' - found /home/ylifc/miniconda2/envs/prokka/bin/aragorn
[20:00:59] Determined aragorn version is 001002 from 'ARAGORN v1.2.38 Dean Laslett'
[20:00:59] Looking for 'barrnap' - found /home/ylifc/miniconda2/envs/prokka/bin/barrnap
[20:00:59] Determined barrnap version is 000009 from 'barrnap 0.9'
[20:00:59] Looking for 'blastp' - found /home/ylifc/miniconda2/envs/prokka/bin/blastp
[20:01:01] Determined blastp version is 002012 from 'blastp: 2.12.0+'
[20:01:01] Looking for 'cmpress' - found /home/ylifc/miniconda2/envs/prokka/bin/cmpress
[20:01:01] Determined cmpress version is 001001 from '# INFERNAL 1.1.4 (Dec 2020)'
[20:01:01] Looking for 'cmscan' - found /home/ylifc/miniconda2/envs/prokka/bin/cmscan
[20:01:01] Determined cmscan version is 001001 from '# INFERNAL 1.1.4 (Dec 2020)'
[20:01:01] Looking for 'egrep' - found /bin/egrep
[20:01:01] Looking for 'find' - found /usr/bin/find
[20:01:01] Looking for 'grep' - found /bin/grep
[20:01:01] Looking for 'hmmpress' - found /home/ylifc/miniconda2/envs/prokka/bin/hmmpress
[20:01:01] Determined hmmpress version is 003003 from '# HMMER 3.3.2 (Nov 2020); http://hmmer.org/'
[20:01:01] Looking for 'hmmscan' - found /home/ylifc/miniconda2/envs/prokka/bin/hmmscan
[20:01:01] Determined hmmscan version is 003003 from '# HMMER 3.3.2 (Nov 2020); http://hmmer.org/'
[20:01:01] Looking for 'java' - found /home/ylifc/miniconda2/envs/prokka/bin/java
[20:01:01] Looking for 'makeblastdb' - found /home/ylifc/miniconda2/envs/prokka/bin/makeblastdb
[20:01:02] Determined makeblastdb version is 002012 from 'makeblastdb: 2.12.0+'
[20:01:02] Looking for 'minced' - found /home/ylifc/miniconda2/envs/prokka/bin/minced
[20:01:03] Determined minced version is 004002 from 'minced 0.4.2'
[20:01:03] Looking for 'parallel' - found /home/ylifc/miniconda2/envs/prokka/bin/parallel
[20:01:03] Determined parallel version is 20211022 from 'GNU parallel 20211022'
[20:01:03] Looking for 'prodigal' - found /home/ylifc/miniconda2/envs/prokka/bin/prodigal
[20:01:03] Determined prodigal version is 002006 from 'Prodigal V2.6.3: February, 2016'
[20:01:03] Looking for 'prokka-genbank_to_fasta_db' - found /home/ylifc/miniconda2/envs/prokka/bin/prokka-genbank_to_fasta_db
[20:01:03] Looking for 'sed' - found /bin/sed
[20:01:03] Looking for 'tbl2asn' - found /home/ylifc/miniconda2/envs/prokka/bin/tbl2asn
[20:01:03] Determined tbl2asn version is 025007 from 'tbl2asn 25.7   arguments:'
[20:01:03] Using genetic code table 11.
[20:01:03] Loading and checking input file: AAA799-D11.fa
[20:01:03] Wrote 77 contigs totalling 1360636 bp.
[20:01:03] Predicting tRNAs and tmRNAs
[20:01:03] Running: aragorn -l -gc11  -w AAA799\-D11\.fa_prokka\/PROKKA_10312021\.fna
[20:01:04] 1 tRNA-Arg c[1279,1353] 36 (tcg)
[20:01:04] 2 tRNA-Lys [9545,9619] 35 (ctt)
[20:01:04] 1 tRNA-Ala [11562,11634] 33 (cgc)
[20:01:04] 2 tRNA-Leu c[23195,23282] 37 (tag)
[20:01:04] 3 tRNA-Ser [35161,35246] 36 (tga)
[20:01:04] 4 tRNA-Ala [47001,47075] 35 (ggc)
[20:01:04] 5 tRNA-Lys c[68114,68188] 35 (ttt)
[20:01:04] 6 tRNA-Asp [68285,68362] 37 (gtc)
[20:01:04] 7 tRNA-Met [91407,91480] 35 (cat)
[20:01:04] 1 tRNA-His [5189,5261] 34 (gtg)
[20:01:04] 2 tRNA-Leu [16488,16574] 38 (gag)
[20:01:04] 1 tRNA-Gly c[56827,56903] 36 (gcc)
[20:01:04] 1 tRNA-Glu c[8686,8760] 37 (ctc)
[20:01:04] 1 tRNA-Arg [201,277] 36 (gcg)
[20:01:04] 1 tRNA-Pro [44435,44511] 35 (tgg)
[20:01:04] 1 tRNA-Phe c[2446,2520] 35 (gaa)
[20:01:04] 1 tRNA-Val [156209,156304] 37 (cac)
[20:01:04] 2 tRNA-Thr [165454,165528] 36 (tgt)
[20:01:04] 1 tRNA-Ser c[3657,3743] 35 (gct)
[20:01:04] 1 tRNA-Cys [4833,4904] 33 (gca)
[20:01:04] 1 tRNA-Thr c[3446,3519] 35 (cgt)
[20:01:04] 1 tRNA-Ala c[17550,17624] 35 (tgc)
[20:01:04] 2 tRNA-Ile [18292,18368] 37 (gat)
[20:01:04] 3 tRNA-Thr [19986,20059] 35 (ggt)
[20:01:04] 1 tRNA-Arg [27159,27234] 36 (tct)
[20:01:04] 1 tRNA-Met [2443,2518] 36 (cat)
[20:01:04] 1 tRNA-Gly c[40292,40367] 37 (tcc)
[20:01:04] 1 tRNA-Val c[48718,48792] 35 (gac)
[20:01:04] 1 tRNA-Pro c[10880,10953] 35 (ggg)
[20:01:04] 2 tRNA-Gly c[112318,112391] 35 (ccc)
[20:01:04] 3 tRNA-Gln c[133687,133760] 35 (ttg)
[20:01:04] 4 tRNA-Leu [140408,140494] 38 (cag)
[20:01:04] Found 32 tRNAs
[20:01:04] Predicting Ribosomal RNAs
[20:01:04] Running Barrnap with 64 threads
[20:01:08] 1 gnl|Prokka|PIFGGFLE_33 60654 23S ribosomal RNA
[20:01:08] 2 gnl|Prokka|PIFGGFLE_33 63778 16S ribosomal RNA
[20:01:08] 3 gnl|Prokka|PIFGGFLE_6 97972 5S ribosomal RNA
[20:01:08] Found 3 rRNAs
[20:01:08] Scanning for ncRNAs... please be patient.
[20:01:08] Running: cmscan -Z 2.721272 --cut_ga --rfam --nohmmonly --fmt 2 --cpu 64 --tblout /dev/stdout -o /dev/null --noali /home/ylifc/miniconda2/envs/prokka/db/cm/Bacteria AAA799\-D11\.fa_prokka\/PROKKA_10312021\.fna
[20:07:08] 1 ncRNA 1 gnl|Prokka|PIFGGFLE_19 1..303
[20:07:08] 2 ncRNA 1 gnl|Prokka|PIFGGFLE_77 1..318
[20:07:08] Found 2 ncRNAs.
[20:07:08] Total of 35 tRNA + rRNA features
[20:07:08] Searching for CRISPR repeats
[20:07:10] Found 0 CRISPRs
[20:07:10] Predicting coding sequences
[20:07:10] Contigs total 1360636 bp, so using single mode
[20:07:10] Running: prodigal -i AAA799\-D11\.fa_prokka\/PROKKA_10312021\.fna -c -m -g 11 -p single -f sco -q
[20:07:12] Excluding CDS which overlaps existing RNA (tRNA) at gnl|Prokka|PIFGGFLE_6:47075..47614 on - strand
[20:07:13] Excluding CDS which overlaps existing RNA (rRNA) at gnl|Prokka|PIFGGFLE_33:60952..61140 on - strand
[20:07:13] Excluding CDS which overlaps existing RNA (rRNA) at gnl|Prokka|PIFGGFLE_33:61167..61598 on - strand
[20:07:13] Excluding CDS which overlaps existing RNA (tRNA) at gnl|Prokka|PIFGGFLE_59:18368..19261 on - strand
[20:07:14] Found 1678 CDS
[20:07:14] Connecting features back to sequences
[20:07:14] Not using genus-specific database. Try --usegenus to enable it.
[20:07:14] Annotating CDS, please be patient.
[20:07:14] Will use 64 CPUs for similarity searching.
[20:07:15] There are still 1678 unannotated CDS left (started with 1678)
[20:07:15] Will use blast to search against /home/ylifc/miniconda2/envs/prokka/db/kingdom/Bacteria/IS with 64 CPUs
[20:07:15] Running: cat AAA799\-D11\.fa_prokka\/PROKKA_10312021\.IS\.tmp\.32422\.faa | parallel --gnu --plain -j 64 --block 3233 --recstart '>' --pipe blastp -query - -db /home/ylifc/miniconda2/envs/prokka/db/kingdom/Bacteria/IS -evalue 1e-30 -qcov_hsp_perc 90 -num_threads 1 -num_descriptions 1 -num_alignments 1 -seg no > AAA799\-D11\.fa_prokka\/PROKKA_10312021\.IS\.tmp\.32422\.blast 2> /dev/null
[20:08:07] Deleting unwanted file: AAA799-D11.fa_prokka/PROKKA_10312021.IS.tmp.32422.faa
[20:08:07] Deleting unwanted file: AAA799-D11.fa_prokka/PROKKA_10312021.IS.tmp.32422.blast
[20:08:08] There are still 1676 unannotated CDS left (started with 1678)
[20:08:08] Will use blast to search against /home/ylifc/miniconda2/envs/prokka/db/kingdom/Bacteria/AMR with 64 CPUs
[20:08:08] Running: cat AAA799\-D11\.fa_prokka\/PROKKA_10312021\.AMR\.tmp\.32422\.faa | parallel --gnu --plain -j 64 --block 3227 --recstart '>' --pipe blastp -query - -db /home/ylifc/miniconda2/envs/prokka/db/kingdom/Bacteria/AMR -evalue 9.99999999999999e-301 -qcov_hsp_perc 90 -num_threads 1 -num_descriptions 1 -num_alignments 1 -seg no > AAA799\-D11\.fa_prokka\/PROKKA_10312021\.AMR\.tmp\.32422\.blast 2> /dev/null
[20:08:54] Deleting unwanted file: AAA799-D11.fa_prokka/PROKKA_10312021.AMR.tmp.32422.faa
[20:08:54] Deleting unwanted file: AAA799-D11.fa_prokka/PROKKA_10312021.AMR.tmp.32422.blast
[20:08:55] There are still 1676 unannotated CDS left (started with 1678)
[20:08:55] Will use blast to search against /home/ylifc/miniconda2/envs/prokka/db/kingdom/Bacteria/sprot with 64 CPUs
[20:08:55] Running: cat AAA799\-D11\.fa_prokka\/PROKKA_10312021\.sprot\.tmp\.32422\.faa | parallel --gnu --plain -j 64 --block 3227 --recstart '>' --pipe blastp -query - -db /home/ylifc/miniconda2/envs/prokka/db/kingdom/Bacteria/sprot -evalue 1e-09 -qcov_hsp_perc 80 -num_threads 1 -num_descriptions 1 -num_alignments 1 -seg no > AAA799\-D11\.fa_prokka\/PROKKA_10312021\.sprot\.tmp\.32422\.blast 2> /dev/null
[20:11:23] Modify product: Uncharacterized protein YedJ => putative protein YedJ
[20:11:23] Modify product: Uncharacterized protein MSMEG_2782/MSMEI_2713 => putative protein/MSMEI_2713
[20:11:23] Modify product: UPF0353 protein Rv1481 => hypothetical protein
[20:11:23] Modify product: Uncharacterized protein YisK => putative protein YisK
[20:11:23] Modify product: UPF0126 inner membrane protein YadS => hypothetical protein
[20:11:23] Modify product: Probable polyketide biosynthesis zinc-dependent hydrolase PksB => putative polyketide biosynthesis zinc-dependent hydrolase PksB
[20:11:24] Modify product: Uncharacterized membrane protein Rv0364 => putative membrane protein
[20:11:24] Modify product: UPF0051 protein SA0778 => hypothetical protein
[20:11:24] Modify product: UPF0051 protein SA0778 => hypothetical protein
[20:11:24] Modify product: Probable oxidoreductase CT_610 => putative oxidoreductase CT_610
[20:11:24] Modify product: Probable bacterial non-heme ferritin => putative bacterial non-heme ferritin
[20:11:24] Modify product: Uncharacterized protein YfgD => putative protein YfgD
[20:11:24] Modify product: Uncharacterized protein YccU => putative protein YccU
[20:11:24] Modify product: Probable cysteine desulfurase => putative cysteine desulfurase
[20:11:24] Modify product: Uncharacterized protein Rv2715 => putative protein
[20:11:24] Modify product: Probable membrane transporter protein YfcA => putative membrane transporter protein YfcA
[20:11:24] Modify product: Putative peroxiredoxin Rv2521 => Putative peroxiredoxin
[20:11:24] Modify product: Phosphate-specific transport system accessory protein PhoU homolog => Phosphate-specific transport system accessory protein PhoU 
[20:11:25] Modify product: Bifunctional protein FolD => Bifunctional protein FolD protein
[20:11:25] Modify product: Uncharacterized protein YqgN => putative protein YqgN
[20:11:25] Modify product: Uncharacterized metal-dependent hydrolase YjjV => putative metal-dependent hydrolase YjjV
[20:11:25] Modify product: Uncharacterized acyl-CoA thioester hydrolase HI_0827 => putative acyl-CoA thioester hydrolase
[20:11:25] Modify product: Probable dual-specificity RNA methyltransferase RlmN => putative dual-specificity RNA methyltransferase RlmN
[20:11:25] Modify product: Probable dipeptidase PepE => putative dipeptidase PepE
[20:11:25] Modify product: NADH dehydrogenase-like protein SAOUHSC_00878 => NADH dehydrogenase-like protein
[20:11:25] Modify product: Uncharacterized oxidoreductase SA2266 => putative oxidoreductase
[20:11:25] Modify product: NAD(P)H-dependent FAD/FMN reductase GTNG_3158 => NAD(P)H-dependent FAD/FMN reductase
[20:11:25] Modify product: NADH dehydrogenase-like protein SAOUHSC_00878 => NADH dehydrogenase-like protein
[20:11:25] Modify product: Ribonuclease TTHA0252 => Ribonuclease
[20:11:25] Modify product: Uncharacterized amino acid permease YhdG => putative amino acid permease YhdG
[20:11:25] Modify product: Uncharacterized oxidoreductase SA2266 => putative oxidoreductase
[20:11:25] Modify product: Probable adenylyl-sulfate kinase => putative adenylyl-sulfate kinase
[20:11:26] Modify product: Probable protein kinase UbiB => putative protein kinase UbiB
[20:11:26] Modify product: Probable endonuclease 4 => putative endonuclease 4
[20:11:26] Modify product: UPF0098 protein CT_736 => hypothetical protein
[20:11:26] Cleaned 35 /product names
[20:11:26] Deleting unwanted file: AAA799-D11.fa_prokka/PROKKA_10312021.sprot.tmp.32422.faa
[20:11:26] Deleting unwanted file: AAA799-D11.fa_prokka/PROKKA_10312021.sprot.tmp.32422.blast
[20:11:27] There are still 1283 unannotated CDS left (started with 1678)
[20:11:27] Will use hmmer3 to search against /home/ylifc/miniconda2/envs/prokka/db/hmm/HAMAP.hmm with 64 CPUs
[20:11:27] Running: cat AAA799\-D11\.fa_prokka\/PROKKA_10312021\.HAMAP\.hmm\.tmp\.32422\.faa | parallel --gnu --plain -j 64 --block 2222 --recstart '>' --pipe hmmscan --noali --notextw --acc -E 1e-09 --cpu 1 /home/ylifc/miniconda2/envs/prokka/db/hmm/HAMAP.hmm /dev/stdin > AAA799\-D11\.fa_prokka\/PROKKA_10312021\.HAMAP\.hmm\.tmp\.32422\.hmmer3 2> /dev/null
[20:13:23] Modify product: Uncharacterized MFS-type transporter YcaD => putative MFS-type transporter YcaD
[20:13:23] Modify product: Uncharacterized Nudix hydrolase NudL => putative Nudix hydrolase NudL
[20:13:24] Cleaned 2 /product names
[20:13:24] Deleting unwanted file: AAA799-D11.fa_prokka/PROKKA_10312021.HAMAP.hmm.tmp.32422.faa
[20:13:24] Deleting unwanted file: AAA799-D11.fa_prokka/PROKKA_10312021.HAMAP.hmm.tmp.32422.hmmer3
[20:13:24] Labelling remaining 1125 proteins as 'hypothetical protein'
[20:13:24] Possible /pseudo 'Ferredoxin-type protein NapF' at gnl|Prokka|PIFGGFLE_6 position 34544
[20:13:24] Possible /pseudo 'NAD(P)H-quinone oxidoreductase subunit 2, chloroplastic' at gnl|Prokka|PIFGGFLE_6 position 88187
[20:13:24] Possible /pseudo 'Ribonuclease PH' at gnl|Prokka|PIFGGFLE_10 position 44573
[20:13:24] Possible /pseudo 'FO synthase' at gnl|Prokka|PIFGGFLE_16 position 22476
[20:13:24] Possible /pseudo 'Methionine synthase' at gnl|Prokka|PIFGGFLE_49 position 20374
[20:13:24] Found 437 unique /gene codes.
[20:13:24] Fixed 2 duplicate /gene - hppA_1 hppA_2
[20:13:24] Fixed 2 duplicate /gene - hemL_1 hemL_2
[20:13:24] Fixed 2 duplicate /gene - cugP_1 cugP_2
[20:13:24] Fixed 2 duplicate /gene - glnA_1 glnA_2
[20:13:24] Fixed 3 duplicate /gene - dnaJ_1 dnaJ_2 dnaJ_3
[20:13:24] Fixed 4 duplicate /gene - cheY_1 cheY_2 cheY_3 cheY_4
[20:13:24] Fixed 2 duplicate /gene - mcm_1 mcm_2
[20:13:24] Fixed 2 duplicate /gene - algC_1 algC_2
[20:13:24] Fixed 4 duplicate /gene - COQ5_1 COQ5_2 COQ5_3 COQ5_4
[20:13:24] Fixed 2 duplicate /gene - metH_1 metH_2
[20:13:24] Fixed 2 duplicate /gene - teaD_1 teaD_2
[20:13:24] Fixed 2 duplicate /gene - ccr_1 ccr_2
[20:13:24] Fixed 2 duplicate /gene - mntR_1 mntR_2
[20:13:24] Fixed 2 duplicate /gene - fpr_1 fpr_2
[20:13:24] Fixed 2 duplicate /gene - cobD_1 cobD_2
[20:13:24] Fixed 2 duplicate /gene - OLA1_1 OLA1_2
[20:13:24] Fixed 2 duplicate /gene - metG_1 metG_2
[20:13:24] Fixed 2 duplicate /gene - lysX_1 lysX_2
[20:13:24] Fixed 2 duplicate /gene - bcp_1 bcp_2
[20:13:24] Fixed 2 duplicate /gene - fbiC_1 fbiC_2
[20:13:24] Fixed 2 duplicate /gene - ctaB_1 ctaB_2
[20:13:24] Fixed 2 duplicate /gene - cysQ_1 cysQ_2
[20:13:24] Fixed 2 duplicate /gene - sodA_1 sodA_2
[20:13:24] Fixed 2 duplicate /gene - cobO_1 cobO_2
[20:13:24] Fixed 2 duplicate /gene - guaA_1 guaA_2
[20:13:24] Fixed 2 duplicate /gene - ilvE_1 ilvE_2
[20:13:24] Fixed 2 duplicate /gene - yliI_1 yliI_2
[20:13:24] Fixed 2 duplicate /gene - groL_1 groL_2
[20:13:24] Fixed 2 duplicate /gene - nrgA_1 nrgA_2
[20:13:24] Fixed 2 duplicate /gene - recA_1 recA_2
[20:13:24] Fixed 2 duplicate /gene - hemA_1 hemA_2
[20:13:24] Fixed 2 duplicate /gene - arnC_1 arnC_2
[20:13:24] Fixed 2 duplicate /gene - rph_1 rph_2
[20:13:24] Fixed 6 duplicate /gene - petE_1 petE_2 petE_3 petE_4 petE_5 petE_6
[20:13:24] Fixed 2 duplicate /gene - tuf_1 tuf_2
[20:13:24] Fixed 2 duplicate /gene - smc_1 smc_2
[20:13:24] Fixed 3 duplicate /gene - IMPDH_1 IMPDH_2 IMPDH_3
[20:13:24] Fixed 6 duplicate /gene - xerC_1 xerC_2 xerC_3 xerC_4 xerC_5 xerC_6
[20:13:24] Fixed 3 duplicate /gene - dbpA_1 dbpA_2 dbpA_3
[20:13:24] Fixed 6 duplicate /gene - vgb_1 vgb_2 vgb_3 vgb_4 vgb_5 vgb_6
[20:13:24] Fixed 3 duplicate /gene - nanM_1 nanM_2 nanM_3
[20:13:24] Fixed 2 duplicate /gene - ubiD_1 ubiD_2
[20:13:24] Fixed 4 duplicate /gene - thrB_1 thrB_2 thrB_3 thrB_4
[20:13:24] Fixed 3 duplicate /gene - ftsH_1 ftsH_2 ftsH_3
[20:13:24] Fixed 2 duplicate /gene - valS_1 valS_2
[20:13:24] Fixed 3 duplicate /gene - glnB_1 glnB_2 glnB_3
[20:13:24] Fixed 2 duplicate /gene - pnp_1 pnp_2
[20:13:24] Fixed 2 duplicate /gene - zupT_1 zupT_2
[20:13:24] Fixed 2 duplicate /gene - ndhB_1 ndhB_2
[20:13:24] Fixed 2 duplicate /gene - thiI_1 thiI_2
[20:13:24] Fixed 2 duplicate /gene - napF_1 napF_2
[20:13:24] Fixed 4 duplicate /gene - sasA_1 sasA_2 sasA_3 sasA_4
[20:13:24] Fixed 52 colliding /gene names.
[20:13:24] Adding /locus_tag identifiers
[20:13:24] Assigned 1715 locus_tags to CDS and RNA features.
[20:13:24] Writing outputs to AAA799-D11.fa_prokka/
[20:13:27] Generating annotation statistics file
[20:13:27] Generating Genbank and Sequin files
[20:13:27] Running: tbl2asn -V b -a r10k -l paired-ends -M n -N 1 -y 'Annotated using prokka 1.14.6 from https://github.com/tseemann/prokka' -Z AAA799\-D11\.fa_prokka\/PROKKA_10312021\.err -i AAA799\-D11\.fa_prokka\/PROKKA_10312021\.fsa 2> /dev/null
[20:13:38] Deleting unwanted file: AAA799-D11.fa_prokka/errorsummary.val
[20:13:38] Deleting unwanted file: AAA799-D11.fa_prokka/PROKKA_10312021.dr
[20:13:38] Deleting unwanted file: AAA799-D11.fa_prokka/PROKKA_10312021.fixedproducts
[20:13:38] Deleting unwanted file: AAA799-D11.fa_prokka/PROKKA_10312021.ecn
[20:13:38] Deleting unwanted file: AAA799-D11.fa_prokka/PROKKA_10312021.val
[20:13:38] Repairing broken .GBK output that tbl2asn produces...
[20:13:38] Running: sed 's/COORDINATES: profile/COORDINATES:profile/' < AAA799\-D11\.fa_prokka\/PROKKA_10312021\.gbf > AAA799\-D11\.fa_prokka\/PROKKA_10312021\.gbk
[20:13:39] Deleting unwanted file: AAA799-D11.fa_prokka/PROKKA_10312021.gbf
[20:13:39] Output files:
[20:13:39] AAA799-D11.fa_prokka/PROKKA_10312021.err
[20:13:39] AAA799-D11.fa_prokka/PROKKA_10312021.faa
[20:13:39] AAA799-D11.fa_prokka/PROKKA_10312021.ffn
[20:13:39] AAA799-D11.fa_prokka/PROKKA_10312021.fna
[20:13:39] AAA799-D11.fa_prokka/PROKKA_10312021.fsa
[20:13:39] AAA799-D11.fa_prokka/PROKKA_10312021.gbk
[20:13:39] AAA799-D11.fa_prokka/PROKKA_10312021.gff
[20:13:39] AAA799-D11.fa_prokka/PROKKA_10312021.log
[20:13:39] AAA799-D11.fa_prokka/PROKKA_10312021.sqn
[20:13:39] AAA799-D11.fa_prokka/PROKKA_10312021.tbl
[20:13:39] AAA799-D11.fa_prokka/PROKKA_10312021.tsv
[20:13:39] AAA799-D11.fa_prokka/PROKKA_10312021.txt
[20:13:39] Annotation finished successfully.
[20:13:39] Walltime used: 12.67 minutes
[20:13:39] If you use this result please cite the Prokka paper:
[20:13:39] Seemann T (2014) Prokka: rapid prokaryotic genome annotation. Bioinformatics. 30(14):2068-9.
[20:13:39] Type 'prokka --citation' for more details.
[20:13:39] Thank you, come again.
