[17:05:39] This is prokka 1.14.6
[17:05:39] Written by Torsten Seemann <torsten.seemann@gmail.com>
[17:05:39] Homepage is https://github.com/tseemann/prokka
[17:05:39] Local time is Tue Dec 21 17:05:39 2021
[17:05:39] You are ylifc
[17:05:39] Operating system is linux
[17:05:39] You have BioPerl 1.007002
[17:05:39] System has 64 cores.
[17:05:39] Will use maximum of 64 cores.
[17:05:39] Annotating as >>> Bacteria <<<
[17:05:39] Generating locus_tag from 'Nitrosopumilales_archaeon_strain_NPMR_NP_delta_2.fa' contents.
[17:05:39] Setting --locustag LLOBKMHN from MD5 558b4617bbd18ed267c1c7906b9956c3
[17:05:39] Enabling options to ensure Genbank/ENA/DDJB submission compliance.
[17:05:39] Creating new output folder: Nitrosopumilales_archaeon_strain_NPMR_NP_delta_2_prokka
[17:05:39] Running: mkdir -p Nitrosopumilales_archaeon_strain_NPMR_NP_delta_2_prokka
[17:05:39] Using filename prefix: PROKKA_12212021.XXX
[17:05:39] Setting HMMER_NCPU=1
[17:05:39] Writing log to: Nitrosopumilales_archaeon_strain_NPMR_NP_delta_2_prokka/PROKKA_12212021.log
[17:05:39] Command: /home/ylifc/miniconda2/envs/prokka/bin/prokka --cpus 0 --compliant --rfam Nitrosopumilales_archaeon_strain_NPMR_NP_delta_2.fa --outdir Nitrosopumilales_archaeon_strain_NPMR_NP_delta_2_prokka
[17:05:39] Appending to PATH: /home/ylifc/miniconda2/envs/prokka/bin
[17:05:39] Looking for 'aragorn' - found /home/ylifc/miniconda2/envs/prokka/bin/aragorn
[17:05:39] Determined aragorn version is 001002 from 'ARAGORN v1.2.38 Dean Laslett'
[17:05:39] Looking for 'barrnap' - found /home/ylifc/miniconda2/envs/prokka/bin/barrnap
[17:05:39] Determined barrnap version is 000009 from 'barrnap 0.9'
[17:05:39] Looking for 'blastp' - found /home/ylifc/miniconda2/envs/prokka/bin/blastp
[17:05:41] Determined blastp version is 002012 from 'blastp: 2.12.0+'
[17:05:41] Looking for 'cmpress' - found /home/ylifc/miniconda2/envs/prokka/bin/cmpress
[17:05:41] Determined cmpress version is 001001 from '# INFERNAL 1.1.4 (Dec 2020)'
[17:05:41] Looking for 'cmscan' - found /home/ylifc/miniconda2/envs/prokka/bin/cmscan
[17:05:41] Determined cmscan version is 001001 from '# INFERNAL 1.1.4 (Dec 2020)'
[17:05:41] Looking for 'egrep' - found /bin/egrep
[17:05:41] Looking for 'find' - found /usr/bin/find
[17:05:41] Looking for 'grep' - found /bin/grep
[17:05:41] Looking for 'hmmpress' - found /home/ylifc/miniconda2/envs/prokka/bin/hmmpress
[17:05:41] Determined hmmpress version is 003003 from '# HMMER 3.3.2 (Nov 2020); http://hmmer.org/'
[17:05:41] Looking for 'hmmscan' - found /home/ylifc/miniconda2/envs/prokka/bin/hmmscan
[17:05:41] Determined hmmscan version is 003003 from '# HMMER 3.3.2 (Nov 2020); http://hmmer.org/'
[17:05:41] Looking for 'java' - found /home/ylifc/miniconda2/envs/prokka/bin/java
[17:05:41] Looking for 'makeblastdb' - found /home/ylifc/miniconda2/envs/prokka/bin/makeblastdb
[17:05:42] Determined makeblastdb version is 002012 from 'makeblastdb: 2.12.0+'
[17:05:42] Looking for 'minced' - found /home/ylifc/miniconda2/envs/prokka/bin/minced
[17:05:43] Determined minced version is 004002 from 'minced 0.4.2'
[17:05:43] Looking for 'parallel' - found /home/ylifc/miniconda2/envs/prokka/bin/parallel
[17:05:43] Determined parallel version is 20211022 from 'GNU parallel 20211022'
[17:05:43] Looking for 'prodigal' - found /home/ylifc/miniconda2/envs/prokka/bin/prodigal
[17:05:43] Determined prodigal version is 002006 from 'Prodigal V2.6.3: February, 2016'
[17:05:43] Looking for 'prokka-genbank_to_fasta_db' - found /home/ylifc/miniconda2/envs/prokka/bin/prokka-genbank_to_fasta_db
[17:05:43] Looking for 'sed' - found /bin/sed
[17:05:43] Looking for 'tbl2asn' - found /home/ylifc/miniconda2/envs/prokka/bin/tbl2asn
[17:05:43] Determined tbl2asn version is 025007 from 'tbl2asn 25.7   arguments:'
[17:05:43] Using genetic code table 11.
[17:05:43] Loading and checking input file: Nitrosopumilales_archaeon_strain_NPMR_NP_delta_2.fa
[17:05:43] Wrote 270 contigs totalling 610368 bp.
[17:05:43] Predicting tRNAs and tmRNAs
[17:05:43] Running: aragorn -l -gc11  -w Nitrosopumilales_archaeon_strain_NPMR_NP_delta_2_prokka\/PROKKA_12212021\.fna
[17:05:43] 1 tRNA-Leu [3254,3339] 37 (tag)
[17:05:43] 2 tRNA-Ala [8478,8550] 33 (cgc)
[17:05:43] 1 tRNA-Lys c[336,410] 35 (ctt)
[17:05:43] 1 tRNA-Val c[3506,3579] 35 (gac)
[17:05:43] 1 tRNA-His c[1854,1925] 33 (gtg)
[17:05:43] 1 tRNA-Thr c[3815,3888] 35 (ggt)
[17:05:43] 1 tRNA-Ala [3656,3731] 36 (ggc)
[17:05:43] 1 tRNA-Val c[49,125] 37 (tac)
[17:05:43] 1 tRNA-Asp c[2599,2674] 37 (gtc)
[17:05:43] 2 tRNA-Lys [2771,2845] 35 (ttt)
[17:05:43] 1 tRNA-Met [1849,1923] 35 (cat)
[17:05:43] 1 tRNA-Arg c[3160,3237] 36 (tct)
[17:05:43] 1 tRNA-Thr [894,968] 36 (tgt)
[17:05:43] 1 tRNA-Gly c[289,362] 35 (ccc)
[17:05:43] 1 tRNA-Cys c[983,1076] 37 (aca)
[17:05:43] 1 tRNA-Gly c[-1,73] 36 (gcc)
[17:05:43] 1 tRNA-Arg [626,702] 37 (gcg)
[17:05:43] 1 tRNA-Gln c[1894,1969] 36 (ttg)
[17:05:43] 1 tRNA-Gly c[-2,72] 36 (tcc)
[17:05:43] 1 tRNA-Pro c[524,601] 36 (ggg)
[17:05:43] 1 tRNA-Met c[4,77] 35 (cat)
[17:05:43] Found 21 tRNAs
[17:05:43] Predicting Ribosomal RNAs
[17:05:43] Running Barrnap with 64 threads
[17:05:44] 1 gnl|Prokka|LLOBKMHN_35 2866 5S ribosomal RNA
[17:05:44] Found 1 rRNAs
[17:05:44] Scanning for ncRNAs... please be patient.
[17:05:44] Running: cmscan -Z 1.220736 --cut_ga --rfam --nohmmonly --fmt 2 --cpu 64 --tblout /dev/stdout -o /dev/null --noali /home/ylifc/miniconda2/envs/prokka/db/cm/Bacteria Nitrosopumilales_archaeon_strain_NPMR_NP_delta_2_prokka\/PROKKA_12212021\.fna
[17:08:12] 1 ncRNA 1 gnl|Prokka|LLOBKMHN_31 1..318
[17:08:12] 2 ncRNA 1 gnl|Prokka|LLOBKMHN_139 1..303
[17:08:12] Found 2 ncRNAs.
[17:08:12] Total of 22 tRNA + rRNA features
[17:08:12] Searching for CRISPR repeats
[17:08:13] Found 0 CRISPRs
[17:08:13] Predicting coding sequences
[17:08:13] Contigs total 610368 bp, so using single mode
[17:08:13] Running: prodigal -i Nitrosopumilales_archaeon_strain_NPMR_NP_delta_2_prokka\/PROKKA_12212021\.fna -c -m -g 11 -p single -f sco -q
[17:08:14] Found 701 CDS
[17:08:14] Connecting features back to sequences
[17:08:14] Not using genus-specific database. Try --usegenus to enable it.
[17:08:14] Annotating CDS, please be patient.
[17:08:14] Will use 64 CPUs for similarity searching.
[17:08:15] There are still 701 unannotated CDS left (started with 701)
[17:08:15] Will use blast to search against /home/ylifc/miniconda2/envs/prokka/db/kingdom/Bacteria/IS with 64 CPUs
[17:08:15] Running: cat Nitrosopumilales_archaeon_strain_NPMR_NP_delta_2_prokka\/PROKKA_12212021\.IS\.tmp\.20381\.faa | parallel --gnu --plain -j 64 --block 1197 --recstart '>' --pipe blastp -query - -db /home/ylifc/miniconda2/envs/prokka/db/kingdom/Bacteria/IS -evalue 1e-30 -qcov_hsp_perc 90 -num_threads 1 -num_descriptions 1 -num_alignments 1 -seg no > Nitrosopumilales_archaeon_strain_NPMR_NP_delta_2_prokka\/PROKKA_12212021\.IS\.tmp\.20381\.blast 2> /dev/null
[17:08:23] Deleting unwanted file: Nitrosopumilales_archaeon_strain_NPMR_NP_delta_2_prokka/PROKKA_12212021.IS.tmp.20381.faa
[17:08:23] Deleting unwanted file: Nitrosopumilales_archaeon_strain_NPMR_NP_delta_2_prokka/PROKKA_12212021.IS.tmp.20381.blast
[17:08:24] There are still 701 unannotated CDS left (started with 701)
[17:08:24] Will use blast to search against /home/ylifc/miniconda2/envs/prokka/db/kingdom/Bacteria/AMR with 64 CPUs
[17:08:24] Running: cat Nitrosopumilales_archaeon_strain_NPMR_NP_delta_2_prokka\/PROKKA_12212021\.AMR\.tmp\.20381\.faa | parallel --gnu --plain -j 64 --block 1197 --recstart '>' --pipe blastp -query - -db /home/ylifc/miniconda2/envs/prokka/db/kingdom/Bacteria/AMR -evalue 9.99999999999999e-301 -qcov_hsp_perc 90 -num_threads 1 -num_descriptions 1 -num_alignments 1 -seg no > Nitrosopumilales_archaeon_strain_NPMR_NP_delta_2_prokka\/PROKKA_12212021\.AMR\.tmp\.20381\.blast 2> /dev/null
[17:08:33] Deleting unwanted file: Nitrosopumilales_archaeon_strain_NPMR_NP_delta_2_prokka/PROKKA_12212021.AMR.tmp.20381.faa
[17:08:33] Deleting unwanted file: Nitrosopumilales_archaeon_strain_NPMR_NP_delta_2_prokka/PROKKA_12212021.AMR.tmp.20381.blast
[17:08:34] There are still 701 unannotated CDS left (started with 701)
[17:08:34] Will use blast to search against /home/ylifc/miniconda2/envs/prokka/db/kingdom/Bacteria/sprot with 64 CPUs
[17:08:34] Running: cat Nitrosopumilales_archaeon_strain_NPMR_NP_delta_2_prokka\/PROKKA_12212021\.sprot\.tmp\.20381\.faa | parallel --gnu --plain -j 64 --block 1197 --recstart '>' --pipe blastp -query - -db /home/ylifc/miniconda2/envs/prokka/db/kingdom/Bacteria/sprot -evalue 1e-09 -qcov_hsp_perc 80 -num_threads 1 -num_descriptions 1 -num_alignments 1 -seg no > Nitrosopumilales_archaeon_strain_NPMR_NP_delta_2_prokka\/PROKKA_12212021\.sprot\.tmp\.20381\.blast 2> /dev/null
[17:08:49] Modify product: Uncharacterized protein YedJ => putative protein YedJ
[17:08:49] Modify product: Uncharacterized protein MSMEG_2782/MSMEI_2713 => putative protein/MSMEI_2713
[17:08:50] Modify product: Probable ABC transporter ATP-binding protein M6_Spy0273 => putative ABC transporter ATP-binding protein
[17:08:50] Modify product: Ribonuclease TTHA0252 => Ribonuclease
[17:08:50] Modify product: Probable oxidoreductase CT_610 => putative oxidoreductase CT_610
[17:08:50] Modify product: Probable endonuclease 4 => putative endonuclease 4
[17:08:50] Modify product: Probable protein kinase UbiB => putative protein kinase UbiB
[17:08:50] Modify product: UPF0051 protein Rv1461 => hypothetical protein
[17:08:50] Modify product: Probable cysteine desulfurase => putative cysteine desulfurase
[17:08:50] Modify product: Probable UbiX-like flavin prenyltransferase => putative UbiX-like flavin prenyltransferase
[17:08:50] Modify product: Probable oxidoreductase CT_610 => putative oxidoreductase CT_610
[17:08:50] Modify product: Probable polyketide biosynthesis zinc-dependent hydrolase PksB => putative polyketide biosynthesis zinc-dependent hydrolase PksB
[17:08:50] Modify product: Uncharacterized oxidoreductase SA2266 => putative oxidoreductase
[17:08:50] Cleaned 13 /product names
[17:08:50] Deleting unwanted file: Nitrosopumilales_archaeon_strain_NPMR_NP_delta_2_prokka/PROKKA_12212021.sprot.tmp.20381.faa
[17:08:50] Deleting unwanted file: Nitrosopumilales_archaeon_strain_NPMR_NP_delta_2_prokka/PROKKA_12212021.sprot.tmp.20381.blast
[17:08:51] There are still 493 unannotated CDS left (started with 701)
[17:08:51] Will use hmmer3 to search against /home/ylifc/miniconda2/envs/prokka/db/hmm/HAMAP.hmm with 64 CPUs
[17:08:51] Running: cat Nitrosopumilales_archaeon_strain_NPMR_NP_delta_2_prokka\/PROKKA_12212021\.HAMAP\.hmm\.tmp\.20381\.faa | parallel --gnu --plain -j 64 --block 698 --recstart '>' --pipe hmmscan --noali --notextw --acc -E 1e-09 --cpu 1 /home/ylifc/miniconda2/envs/prokka/db/hmm/HAMAP.hmm /dev/stdin > Nitrosopumilales_archaeon_strain_NPMR_NP_delta_2_prokka\/PROKKA_12212021\.HAMAP\.hmm\.tmp\.20381\.hmmer3 2> /dev/null
[17:09:05] Modify product: Uncharacterized MFS-type transporter YcaD => putative MFS-type transporter YcaD
[17:09:05] Modify product: Uncharacterized Nudix hydrolase NudL => putative Nudix hydrolase NudL
[17:09:05] Cleaned 2 /product names
[17:09:05] Deleting unwanted file: Nitrosopumilales_archaeon_strain_NPMR_NP_delta_2_prokka/PROKKA_12212021.HAMAP.hmm.tmp.20381.faa
[17:09:05] Deleting unwanted file: Nitrosopumilales_archaeon_strain_NPMR_NP_delta_2_prokka/PROKKA_12212021.HAMAP.hmm.tmp.20381.hmmer3
[17:09:05] Labelling remaining 425 proteins as 'hypothetical protein'
[17:09:05] Possible /pseudo 'Ribonuclease PH' at gnl|Prokka|LLOBKMHN_1 position 9772
[17:09:05] Possible /pseudo 'CTP synthase' at gnl|Prokka|LLOBKMHN_96 position 1200
[17:09:05] Found 240 unique /gene codes.
[17:09:05] Fixed 2 duplicate /gene - aspS2_1 aspS2_2
[17:09:05] Fixed 2 duplicate /gene - prcB_1 prcB_2
[17:09:05] Fixed 2 duplicate /gene - leuA_1 leuA_2
[17:09:05] Fixed 2 duplicate /gene - lysX_1 lysX_2
[17:09:05] Fixed 2 duplicate /gene - petE_1 petE_2
[17:09:05] Fixed 2 duplicate /gene - ctaB_1 ctaB_2
[17:09:05] Fixed 2 duplicate /gene - panB_1 panB_2
[17:09:05] Fixed 2 duplicate /gene - tuf_1 tuf_2
[17:09:05] Fixed 2 duplicate /gene - bcp_1 bcp_2
[17:09:05] Fixed 2 duplicate /gene - pyrG_1 pyrG_2
[17:09:05] Fixed 2 duplicate /gene - bhbA_1 bhbA_2
[17:09:05] Fixed 2 duplicate /gene - atpE_1 atpE_2
[17:09:05] Fixed 2 duplicate /gene - ndhI_1 ndhI_2
[17:09:05] Fixed 2 duplicate /gene - nadK_1 nadK_2
[17:09:05] Fixed 2 duplicate /gene - ftsH_1 ftsH_2
[17:09:05] Fixed 2 duplicate /gene - rph_1 rph_2
[17:09:05] Fixed 2 duplicate /gene - hemA_1 hemA_2
[17:09:05] Fixed 2 duplicate /gene - ilvE_1 ilvE_2
[17:09:05] Fixed 18 colliding /gene names.
[17:09:05] Adding /locus_tag identifiers
[17:09:05] Assigned 725 locus_tags to CDS and RNA features.
[17:09:05] Writing outputs to Nitrosopumilales_archaeon_strain_NPMR_NP_delta_2_prokka/
[17:09:07] Generating annotation statistics file
[17:09:07] Generating Genbank and Sequin files
[17:09:07] Running: tbl2asn -V b -a r10k -l paired-ends -M n -N 1 -y 'Annotated using prokka 1.14.6 from https://github.com/tseemann/prokka' -Z Nitrosopumilales_archaeon_strain_NPMR_NP_delta_2_prokka\/PROKKA_12212021\.err -i Nitrosopumilales_archaeon_strain_NPMR_NP_delta_2_prokka\/PROKKA_12212021\.fsa 2> /dev/null
[17:09:13] Deleting unwanted file: Nitrosopumilales_archaeon_strain_NPMR_NP_delta_2_prokka/errorsummary.val
[17:09:13] Deleting unwanted file: Nitrosopumilales_archaeon_strain_NPMR_NP_delta_2_prokka/PROKKA_12212021.dr
[17:09:13] Deleting unwanted file: Nitrosopumilales_archaeon_strain_NPMR_NP_delta_2_prokka/PROKKA_12212021.fixedproducts
[17:09:13] Deleting unwanted file: Nitrosopumilales_archaeon_strain_NPMR_NP_delta_2_prokka/PROKKA_12212021.ecn
[17:09:13] Deleting unwanted file: Nitrosopumilales_archaeon_strain_NPMR_NP_delta_2_prokka/PROKKA_12212021.val
[17:09:13] Repairing broken .GBK output that tbl2asn produces...
[17:09:13] Running: sed 's/COORDINATES: profile/COORDINATES:profile/' < Nitrosopumilales_archaeon_strain_NPMR_NP_delta_2_prokka\/PROKKA_12212021\.gbf > Nitrosopumilales_archaeon_strain_NPMR_NP_delta_2_prokka\/PROKKA_12212021\.gbk
[17:09:13] Deleting unwanted file: Nitrosopumilales_archaeon_strain_NPMR_NP_delta_2_prokka/PROKKA_12212021.gbf
[17:09:13] Output files:
[17:09:13] Nitrosopumilales_archaeon_strain_NPMR_NP_delta_2_prokka/PROKKA_12212021.err
[17:09:13] Nitrosopumilales_archaeon_strain_NPMR_NP_delta_2_prokka/PROKKA_12212021.faa
[17:09:13] Nitrosopumilales_archaeon_strain_NPMR_NP_delta_2_prokka/PROKKA_12212021.ffn
[17:09:13] Nitrosopumilales_archaeon_strain_NPMR_NP_delta_2_prokka/PROKKA_12212021.fna
[17:09:13] Nitrosopumilales_archaeon_strain_NPMR_NP_delta_2_prokka/PROKKA_12212021.fsa
[17:09:13] Nitrosopumilales_archaeon_strain_NPMR_NP_delta_2_prokka/PROKKA_12212021.gbk
[17:09:13] Nitrosopumilales_archaeon_strain_NPMR_NP_delta_2_prokka/PROKKA_12212021.gff
[17:09:13] Nitrosopumilales_archaeon_strain_NPMR_NP_delta_2_prokka/PROKKA_12212021.log
[17:09:13] Nitrosopumilales_archaeon_strain_NPMR_NP_delta_2_prokka/PROKKA_12212021.sqn
[17:09:13] Nitrosopumilales_archaeon_strain_NPMR_NP_delta_2_prokka/PROKKA_12212021.tbl
[17:09:13] Nitrosopumilales_archaeon_strain_NPMR_NP_delta_2_prokka/PROKKA_12212021.tsv
[17:09:13] Nitrosopumilales_archaeon_strain_NPMR_NP_delta_2_prokka/PROKKA_12212021.txt
[17:09:13] Annotation finished successfully.
[17:09:13] Walltime used: 3.57 minutes
[17:09:13] If you use this result please cite the Prokka paper:
[17:09:13] Seemann T (2014) Prokka: rapid prokaryotic genome annotation. Bioinformatics. 30(14):2068-9.
[17:09:13] Type 'prokka --citation' for more details.
[17:09:13] Thank you, come again.
