[17:16:47] This is prokka 1.14.6
[17:16:47] Written by Torsten Seemann <torsten.seemann@gmail.com>
[17:16:47] Homepage is https://github.com/tseemann/prokka
[17:16:47] Local time is Tue Dec 21 17:16:47 2021
[17:16:47] You are ylifc
[17:16:47] Operating system is linux
[17:16:47] You have BioPerl 1.007002
[17:16:47] System has 64 cores.
[17:16:47] Will use maximum of 64 cores.
[17:16:47] Annotating as >>> Bacteria <<<
[17:16:47] Generating locus_tag from 'Nitrosopumilales_archaeon_strain_NPMR_NP_theta_1.fa' contents.
[17:16:47] Setting --locustag HLFEOLAN from MD5 15fe85a7d5b2ebbd56084b27d82de999
[17:16:47] Enabling options to ensure Genbank/ENA/DDJB submission compliance.
[17:16:47] Creating new output folder: Nitrosopumilales_archaeon_strain_NPMR_NP_theta_1_prokka
[17:16:47] Running: mkdir -p Nitrosopumilales_archaeon_strain_NPMR_NP_theta_1_prokka
[17:16:47] Using filename prefix: PROKKA_12212021.XXX
[17:16:47] Setting HMMER_NCPU=1
[17:16:47] Writing log to: Nitrosopumilales_archaeon_strain_NPMR_NP_theta_1_prokka/PROKKA_12212021.log
[17:16:47] Command: /home/ylifc/miniconda2/envs/prokka/bin/prokka --cpus 0 --compliant --rfam Nitrosopumilales_archaeon_strain_NPMR_NP_theta_1.fa --outdir Nitrosopumilales_archaeon_strain_NPMR_NP_theta_1_prokka
[17:16:47] Appending to PATH: /home/ylifc/miniconda2/envs/prokka/bin
[17:16:47] Looking for 'aragorn' - found /home/ylifc/miniconda2/envs/prokka/bin/aragorn
[17:16:47] Determined aragorn version is 001002 from 'ARAGORN v1.2.38 Dean Laslett'
[17:16:47] Looking for 'barrnap' - found /home/ylifc/miniconda2/envs/prokka/bin/barrnap
[17:16:47] Determined barrnap version is 000009 from 'barrnap 0.9'
[17:16:47] Looking for 'blastp' - found /home/ylifc/miniconda2/envs/prokka/bin/blastp
[17:16:49] Determined blastp version is 002012 from 'blastp: 2.12.0+'
[17:16:49] Looking for 'cmpress' - found /home/ylifc/miniconda2/envs/prokka/bin/cmpress
[17:16:49] Determined cmpress version is 001001 from '# INFERNAL 1.1.4 (Dec 2020)'
[17:16:49] Looking for 'cmscan' - found /home/ylifc/miniconda2/envs/prokka/bin/cmscan
[17:16:49] Determined cmscan version is 001001 from '# INFERNAL 1.1.4 (Dec 2020)'
[17:16:49] Looking for 'egrep' - found /bin/egrep
[17:16:49] Looking for 'find' - found /usr/bin/find
[17:16:49] Looking for 'grep' - found /bin/grep
[17:16:49] Looking for 'hmmpress' - found /home/ylifc/miniconda2/envs/prokka/bin/hmmpress
[17:16:49] Determined hmmpress version is 003003 from '# HMMER 3.3.2 (Nov 2020); http://hmmer.org/'
[17:16:49] Looking for 'hmmscan' - found /home/ylifc/miniconda2/envs/prokka/bin/hmmscan
[17:16:49] Determined hmmscan version is 003003 from '# HMMER 3.3.2 (Nov 2020); http://hmmer.org/'
[17:16:49] Looking for 'java' - found /home/ylifc/miniconda2/envs/prokka/bin/java
[17:16:49] Looking for 'makeblastdb' - found /home/ylifc/miniconda2/envs/prokka/bin/makeblastdb
[17:16:51] Determined makeblastdb version is 002012 from 'makeblastdb: 2.12.0+'
[17:16:51] Looking for 'minced' - found /home/ylifc/miniconda2/envs/prokka/bin/minced
[17:16:51] Determined minced version is 004002 from 'minced 0.4.2'
[17:16:51] Looking for 'parallel' - found /home/ylifc/miniconda2/envs/prokka/bin/parallel
[17:16:51] Determined parallel version is 20211022 from 'GNU parallel 20211022'
[17:16:51] Looking for 'prodigal' - found /home/ylifc/miniconda2/envs/prokka/bin/prodigal
[17:16:51] Determined prodigal version is 002006 from 'Prodigal V2.6.3: February, 2016'
[17:16:51] Looking for 'prokka-genbank_to_fasta_db' - found /home/ylifc/miniconda2/envs/prokka/bin/prokka-genbank_to_fasta_db
[17:16:51] Looking for 'sed' - found /bin/sed
[17:16:51] Looking for 'tbl2asn' - found /home/ylifc/miniconda2/envs/prokka/bin/tbl2asn
[17:16:51] Determined tbl2asn version is 025007 from 'tbl2asn 25.7   arguments:'
[17:16:51] Using genetic code table 11.
[17:16:51] Loading and checking input file: Nitrosopumilales_archaeon_strain_NPMR_NP_theta_1.fa
[17:16:51] Wrote 174 contigs totalling 1521424 bp.
[17:16:51] Predicting tRNAs and tmRNAs
[17:16:51] Running: aragorn -l -gc11  -w Nitrosopumilales_archaeon_strain_NPMR_NP_theta_1_prokka\/PROKKA_12212021\.fna
[17:16:52] 1 tRNA-Arg [4840,4915] 36 (gcg)
[17:16:52] 1 tRNA-Ser c[6293,6379] 35 (gct)
[17:16:52] 1 tRNA-Val c[4639,4736] 36 (cac)
[17:16:52] 1 tRNA-Pro c[7711,7787] 35 (tgg)
[17:16:52] 1 tRNA-Ala c[55,127] 33 (cgc)
[17:16:52] 2 tRNA-Leu c[6610,6696] 38 (tag)
[17:16:52] 1 tRNA-Glu [1984,2061] 37 (ctc)
[17:16:52] 1 tRNA-Gly [2498,2571] 36 (gcc)
[17:16:52] 1 tRNA-Leu c[2313,2400] 38 (cag)
[17:16:52] 1 tRNA-Asn [928,1002] 35 (gtt)
[17:16:52] 1 tRNA-Met c[3210,3283] 35 (cat)
[17:16:52] 1 tRNA-Trp c[2887,2982] 38 (cca)
[17:16:52] 1 tRNA-Leu c[4,90] 38 (gag)
[17:16:52] 2 tRNA-His c[14187,14258] 33 (gtg)
[17:16:52] 1 tRNA-Arg c[1560,1634] 36 (tcg)
[17:16:52] 1 tRNA-Val [3485,3561] 37 (tac)
[17:16:52] 1 tRNA-Asp c[290,365] 37 (gtc)
[17:16:52] 2 tRNA-Lys [461,535] 35 (ttt)
[17:16:52] 1 tRNA-Lys [2054,2128] 35 (ctt)
[17:16:52] 1 tRNA-Thr c[1413,1486] 35 (ggt)
[17:16:52] tRNA c[3116,3205] is a pseudo/wacky gene - skipping.
[17:16:52] 3 tRNA-Ala [3872,3945] 35 (tgc)
[17:16:52] tRNA [13359,13449] is a pseudo/wacky gene - skipping.
[17:16:52] 1 tRNA-Thr [11057,11150] 35 (ggt)
[17:16:52] 1 tRNA-Pro c[137,212] 36 (cgg)
[17:16:52] 2 tRNA-Ala [1240,1314] 35 (ggc)
[17:16:52] 1 tRNA-Ala [1,73] 33 (cgc)
[17:16:52] 1 tRNA-Thr [4199,4273] 35 (cgt)
[17:16:52] 2 tRNA-Cys c[8112,8184] 33 (gca)
[17:16:52] 1 tRNA-Thr [5865,5940] 36 (tgt)
[17:16:52] 1 tRNA-Val c[1314,1390] 35 (gac)
[17:16:52] 1 tRNA-Ser c[7093,7178] 36 (tga)
[17:16:52] 1 tRNA-Gly [1345,1419] 35 (tcc)
[17:16:52] 1 tRNA-Ser c[17866,17949] 34 (cga)
[17:16:52] 1 tRNA-Pro [968,1045] 36 (ggg)
[17:16:52] 1 tRNA-Phe [13068,13142] 35 (gaa)
[17:16:52] 1 tRNA-Gly [15436,15509] 35 (ccc)
[17:16:52] 1 tRNA-Arg c[3257,3332] 36 (tct)
[17:16:52] Found 36 tRNAs
[17:16:52] Predicting Ribosomal RNAs
[17:16:52] Running Barrnap with 64 threads
[17:16:54] 1 gnl|Prokka|HLFEOLAN_102 24089 5S ribosomal RNA
[17:16:54] Found 1 rRNAs
[17:16:54] Scanning for ncRNAs... please be patient.
[17:16:54] Running: cmscan -Z 3.042848 --cut_ga --rfam --nohmmonly --fmt 2 --cpu 64 --tblout /dev/stdout -o /dev/null --noali /home/ylifc/miniconda2/envs/prokka/db/cm/Bacteria Nitrosopumilales_archaeon_strain_NPMR_NP_theta_1_prokka\/PROKKA_12212021\.fna
[17:20:19] 1 ncRNA 1 gnl|Prokka|HLFEOLAN_14 1..303
[17:20:19] 2 ncRNA 1 gnl|Prokka|HLFEOLAN_53 1..292
[17:20:19] 3 ncRNA 1 gnl|Prokka|HLFEOLAN_104 1..318
[17:20:19] Found 3 ncRNAs.
[17:20:19] Total of 37 tRNA + rRNA features
[17:20:19] Searching for CRISPR repeats
[17:20:20] CRISPR1 gnl|Prokka|HLFEOLAN_163 64 with 13 spacers
[17:20:20] Found 1 CRISPRs
[17:20:20] Predicting coding sequences
[17:20:20] Contigs total 1521424 bp, so using single mode
[17:20:20] Running: prodigal -i Nitrosopumilales_archaeon_strain_NPMR_NP_theta_1_prokka\/PROKKA_12212021\.fna -c -m -g 11 -p single -f sco -q
[17:20:26] Excluding CDS which overlaps existing RNA (tRNA) at gnl|Prokka|HLFEOLAN_25:2132..2572 on - strand
[17:20:27] Excluding CDS which overlaps existing RNA (tRNA) at gnl|Prokka|HLFEOLAN_87:3905..4129 on + strand
[17:20:27] Excluding CDS which overlaps existing RNA (tRNA) at gnl|Prokka|HLFEOLAN_89:11055..12218 on + strand
[17:20:27] Excluding CDS which overlaps existing RNA (tRNA) at gnl|Prokka|HLFEOLAN_95:1314..1862 on - strand
[17:20:27] Excluding CDS which overlaps existing RNA (repeat_region) at gnl|Prokka|HLFEOLAN_163:42..860 on + strand
[17:20:28] Found 1849 CDS
[17:20:28] Connecting features back to sequences
[17:20:28] Not using genus-specific database. Try --usegenus to enable it.
[17:20:28] Annotating CDS, please be patient.
[17:20:28] Will use 64 CPUs for similarity searching.
[17:20:29] There are still 1849 unannotated CDS left (started with 1849)
[17:20:29] Will use blast to search against /home/ylifc/miniconda2/envs/prokka/db/kingdom/Bacteria/IS with 64 CPUs
[17:20:29] Running: cat Nitrosopumilales_archaeon_strain_NPMR_NP_theta_1_prokka\/PROKKA_12212021\.IS\.tmp\.50441\.faa | parallel --gnu --plain -j 64 --block 3436 --recstart '>' --pipe blastp -query - -db /home/ylifc/miniconda2/envs/prokka/db/kingdom/Bacteria/IS -evalue 1e-30 -qcov_hsp_perc 90 -num_threads 1 -num_descriptions 1 -num_alignments 1 -seg no > Nitrosopumilales_archaeon_strain_NPMR_NP_theta_1_prokka\/PROKKA_12212021\.IS\.tmp\.50441\.blast 2> /dev/null
[17:20:44] Deleting unwanted file: Nitrosopumilales_archaeon_strain_NPMR_NP_theta_1_prokka/PROKKA_12212021.IS.tmp.50441.faa
[17:20:44] Deleting unwanted file: Nitrosopumilales_archaeon_strain_NPMR_NP_theta_1_prokka/PROKKA_12212021.IS.tmp.50441.blast
[17:20:45] There are still 1849 unannotated CDS left (started with 1849)
[17:20:45] Will use blast to search against /home/ylifc/miniconda2/envs/prokka/db/kingdom/Bacteria/AMR with 64 CPUs
[17:20:45] Running: cat Nitrosopumilales_archaeon_strain_NPMR_NP_theta_1_prokka\/PROKKA_12212021\.AMR\.tmp\.50441\.faa | parallel --gnu --plain -j 64 --block 3436 --recstart '>' --pipe blastp -query - -db /home/ylifc/miniconda2/envs/prokka/db/kingdom/Bacteria/AMR -evalue 9.99999999999999e-301 -qcov_hsp_perc 90 -num_threads 1 -num_descriptions 1 -num_alignments 1 -seg no > Nitrosopumilales_archaeon_strain_NPMR_NP_theta_1_prokka\/PROKKA_12212021\.AMR\.tmp\.50441\.blast 2> /dev/null
[17:20:59] Deleting unwanted file: Nitrosopumilales_archaeon_strain_NPMR_NP_theta_1_prokka/PROKKA_12212021.AMR.tmp.50441.faa
[17:20:59] Deleting unwanted file: Nitrosopumilales_archaeon_strain_NPMR_NP_theta_1_prokka/PROKKA_12212021.AMR.tmp.50441.blast
[17:21:00] There are still 1849 unannotated CDS left (started with 1849)
[17:21:00] Will use blast to search against /home/ylifc/miniconda2/envs/prokka/db/kingdom/Bacteria/sprot with 64 CPUs
[17:21:00] Running: cat Nitrosopumilales_archaeon_strain_NPMR_NP_theta_1_prokka\/PROKKA_12212021\.sprot\.tmp\.50441\.faa | parallel --gnu --plain -j 64 --block 3436 --recstart '>' --pipe blastp -query - -db /home/ylifc/miniconda2/envs/prokka/db/kingdom/Bacteria/sprot -evalue 1e-09 -qcov_hsp_perc 80 -num_threads 1 -num_descriptions 1 -num_alignments 1 -seg no > Nitrosopumilales_archaeon_strain_NPMR_NP_theta_1_prokka\/PROKKA_12212021\.sprot\.tmp\.50441\.blast 2> /dev/null
[17:21:33] Modify product: Uncharacterized membrane protein Rv0364 => putative membrane protein
[17:21:33] Modify product: Putative coenzyme F420-dependent oxidoreductase Rv3520c => Putative coenzyme F420-dependent oxidoreductase
[17:21:33] Modify product: Probable dipeptidase PepE => putative dipeptidase PepE
[17:21:33] Modify product: Bifunctional protein FolD => Bifunctional protein FolD protein
[17:21:33] Modify product: UPF0051 protein SA0778 => hypothetical protein
[17:21:33] Modify product: UPF0051 protein SA0778 => hypothetical protein
[17:21:33] Modify product: Probable cysteine desulfurase => putative cysteine desulfurase
[17:21:33] Modify product: Probable oxidoreductase CT_610 => putative oxidoreductase CT_610
[17:21:33] Modify product: Probable bacterial non-heme ferritin => putative bacterial non-heme ferritin
[17:21:33] Modify product: UPF0053 protein HI_0107 => hypothetical protein
[17:21:33] Modify product: Putative universal stress protein SA1532 => Putative universal stress protein
[17:21:33] Modify product: Uncharacterized protein Rv2715 => putative protein
[17:21:33] Modify product: Probable membrane transporter protein YfcA => putative membrane transporter protein YfcA
[17:21:33] Modify product: Uncharacterized protein YccU => putative protein YccU
[17:21:33] Modify product: Uncharacterized protein YccU => putative protein YccU
[17:21:34] Modify product: Uncharacterized protein MSMEG_2782/MSMEI_2713 => putative protein/MSMEI_2713
[17:21:34] Modify product: Uncharacterized protein YqgN => putative protein YqgN
[17:21:34] Modify product: Probable nicotinate-nucleotide pyrophosphorylase [carboxylating] => putative nicotinate-nucleotide pyrophosphorylase [carboxylating]
[17:21:34] Modify product: Putative universal stress protein SA1532 => Putative universal stress protein
[17:21:34] Modify product: Uncharacterized protein YisK => putative protein YisK
[17:21:34] Modify product: NADH dehydrogenase-like protein SAOUHSC_00878 => NADH dehydrogenase-like protein
[17:21:34] Modify product: Probable UbiX-like flavin prenyltransferase => putative UbiX-like flavin prenyltransferase
[17:21:35] Modify product: Probable endonuclease 4 => putative endonuclease 4
[17:21:35] Modify product: Phosphorylated carbohydrates phosphatase TM_1254 => Phosphorylated carbohydrates phosphatase
[17:21:35] Modify product: Putative universal stress protein SA1532 => Putative universal stress protein
[17:21:35] Modify product: Uncharacterized transporter Rv2685 => putative transporter
[17:21:35] Modify product: Uncharacterized protein Rv2004c => putative protein
[17:21:35] Modify product: Putative universal stress protein SA1532 => Putative universal stress protein
[17:21:35] Modify product: Putative phosphoribosyl transferase Rv0571c => Putative phosphoribosyl transferase
[17:21:35] Modify product: Uncharacterized metal-dependent hydrolase YjjV => putative metal-dependent hydrolase YjjV
[17:21:35] Modify product: UPF0098 protein CT_736 => hypothetical protein
[17:21:35] Modify product: Probable undecaprenyl-phosphate N-acetylglucosaminyl 1-phosphate transferase => putative undecaprenyl-phosphate N-acetylglucosaminyl 1-phosphate transferase
[17:21:35] Modify product: NAD(P)H-dependent FAD/FMN reductase GTNG_3158 => NAD(P)H-dependent FAD/FMN reductase
[17:21:35] Modify product: Uncharacterized oxidoreductase SA2266 => putative oxidoreductase
[17:21:35] Modify product: Ribonuclease TTHA0252 => Ribonuclease
[17:21:35] Modify product: Uncharacterized protein YedJ => putative protein YedJ
[17:21:35] Cleaned 36 /product names
[17:21:35] Deleting unwanted file: Nitrosopumilales_archaeon_strain_NPMR_NP_theta_1_prokka/PROKKA_12212021.sprot.tmp.50441.faa
[17:21:35] Deleting unwanted file: Nitrosopumilales_archaeon_strain_NPMR_NP_theta_1_prokka/PROKKA_12212021.sprot.tmp.50441.blast
[17:21:36] There are still 1395 unannotated CDS left (started with 1849)
[17:21:36] Will use hmmer3 to search against /home/ylifc/miniconda2/envs/prokka/db/hmm/HAMAP.hmm with 64 CPUs
[17:21:36] Running: cat Nitrosopumilales_archaeon_strain_NPMR_NP_theta_1_prokka\/PROKKA_12212021\.HAMAP\.hmm\.tmp\.50441\.faa | parallel --gnu --plain -j 64 --block 2299 --recstart '>' --pipe hmmscan --noali --notextw --acc -E 1e-09 --cpu 1 /home/ylifc/miniconda2/envs/prokka/db/hmm/HAMAP.hmm /dev/stdin > Nitrosopumilales_archaeon_strain_NPMR_NP_theta_1_prokka\/PROKKA_12212021\.HAMAP\.hmm\.tmp\.50441\.hmmer3 2> /dev/null
[17:22:16] Modify product: Uncharacterized Nudix hydrolase NudL => putative Nudix hydrolase NudL
[17:22:16] Cleaned 1 /product names
[17:22:16] Deleting unwanted file: Nitrosopumilales_archaeon_strain_NPMR_NP_theta_1_prokka/PROKKA_12212021.HAMAP.hmm.tmp.50441.faa
[17:22:16] Deleting unwanted file: Nitrosopumilales_archaeon_strain_NPMR_NP_theta_1_prokka/PROKKA_12212021.HAMAP.hmm.tmp.50441.hmmer3
[17:22:16] Labelling remaining 1234 proteins as 'hypothetical protein'
[17:22:16] Possible /pseudo 'NAD(P)H-quinone oxidoreductase subunit 2, chloroplastic' at gnl|Prokka|HLFEOLAN_45 position 6520
[17:22:16] Possible /pseudo 'Ribonuclease PH' at gnl|Prokka|HLFEOLAN_80 position 1479
[17:22:16] Possible /pseudo 'High-affinity branched-chain amino acid transport ATP-binding protein LivF' at gnl|Prokka|HLFEOLAN_86 position 10496
[17:22:16] Possible /pseudo '5-methyltetrahydropteroyltriglutamate--homocysteine methyltransferase' at gnl|Prokka|HLFEOLAN_101 position 9449
[17:22:16] Found 480 unique /gene codes.
[17:22:16] Fixed 3 duplicate /gene - COQ5_1 COQ5_2 COQ5_3
[17:22:16] Fixed 3 duplicate /gene - asnB_1 asnB_2 asnB_3
[17:22:16] Fixed 2 duplicate /gene - trxA_1 trxA_2
[17:22:16] Fixed 2 duplicate /gene - lysZ_1 lysZ_2
[17:22:16] Fixed 2 duplicate /gene - bzaF_1 bzaF_2
[17:22:16] Fixed 2 duplicate /gene - smc_1 smc_2
[17:22:16] Fixed 3 duplicate /gene - hisC_1 hisC_2 hisC_3
[17:22:16] Fixed 3 duplicate /gene - ndhI_1 ndhI_2 ndhI_3
[17:22:16] Fixed 2 duplicate /gene - thrA_1 thrA_2
[17:22:16] Fixed 2 duplicate /gene - kdsB_1 kdsB_2
[17:22:16] Fixed 2 duplicate /gene - prcB_1 prcB_2
[17:22:16] Fixed 2 duplicate /gene - lhgD_1 lhgD_2
[17:22:16] Fixed 2 duplicate /gene - hemL_1 hemL_2
[17:22:16] Fixed 2 duplicate /gene - lysJ_1 lysJ_2
[17:22:16] Fixed 2 duplicate /gene - lapB_1 lapB_2
[17:22:16] Fixed 4 duplicate /gene - dnaJ_1 dnaJ_2 dnaJ_3 dnaJ_4
[17:22:16] Fixed 2 duplicate /gene - ychF_1 ychF_2
[17:22:16] Fixed 2 duplicate /gene - hemA_1 hemA_2
[17:22:16] Fixed 2 duplicate /gene - hrp1_1 hrp1_2
[17:22:16] Fixed 3 duplicate /gene - arnC_1 arnC_2 arnC_3
[17:22:16] Fixed 2 duplicate /gene - leuA_1 leuA_2
[17:22:16] Fixed 2 duplicate /gene - wbpI_1 wbpI_2
[17:22:16] Fixed 3 duplicate /gene - cugP_1 cugP_2 cugP_3
[17:22:16] Fixed 2 duplicate /gene - cobD_1 cobD_2
[17:22:16] Fixed 2 duplicate /gene - ctaB_1 ctaB_2
[17:22:16] Fixed 2 duplicate /gene - valS_1 valS_2
[17:22:16] Fixed 3 duplicate /gene - cheY_1 cheY_2 cheY_3
[17:22:16] Fixed 2 duplicate /gene - mshA_1 mshA_2
[17:22:16] Fixed 4 duplicate /gene - ftsH_1 ftsH_2 ftsH_3 ftsH_4
[17:22:16] Fixed 2 duplicate /gene - bcp_1 bcp_2
[17:22:16] Fixed 2 duplicate /gene - atpC_1 atpC_2
[17:22:16] Fixed 3 duplicate /gene - groL_1 groL_2 groL_3
[17:22:16] Fixed 2 duplicate /gene - mntR_1 mntR_2
[17:22:16] Fixed 3 duplicate /gene - cheB_1 cheB_2 cheB_3
[17:22:16] Fixed 2 duplicate /gene - metG_1 metG_2
[17:22:16] Fixed 2 duplicate /gene - COQ3_1 COQ3_2
[17:22:16] Fixed 2 duplicate /gene - lysX_1 lysX_2
[17:22:16] Fixed 2 duplicate /gene - ilvE_1 ilvE_2
[17:22:16] Fixed 3 duplicate /gene - thrB_1 thrB_2 thrB_3
[17:22:16] Fixed 2 duplicate /gene - nadK_1 nadK_2
[17:22:16] Fixed 2 duplicate /gene - ttuD_1 ttuD_2
[17:22:16] Fixed 2 duplicate /gene - rocA1_1 rocA1_2
[17:22:16] Fixed 2 duplicate /gene - xerC_1 xerC_2
[17:22:16] Fixed 2 duplicate /gene - ubiD_1 ubiD_2
[17:22:16] Fixed 2 duplicate /gene - hisF_1 hisF_2
[17:22:16] Fixed 2 duplicate /gene - teaD_1 teaD_2
[17:22:16] Fixed 2 duplicate /gene - fusA_1 fusA_2
[17:22:16] Fixed 2 duplicate /gene - rph_1 rph_2
[17:22:16] Fixed 2 duplicate /gene - trmR_1 trmR_2
[17:22:16] Fixed 2 duplicate /gene - resA_1 resA_2
[17:22:16] Fixed 5 duplicate /gene - IMPDH_1 IMPDH_2 IMPDH_3 IMPDH_4 IMPDH_5
[17:22:16] Fixed 2 duplicate /gene - prcA_1 prcA_2
[17:22:16] Fixed 2 duplicate /gene - yccU_1 yccU_2
[17:22:16] Fixed 2 duplicate /gene - petE_1 petE_2
[17:22:16] Fixed 2 duplicate /gene - rnj_1 rnj_2
[17:22:16] Fixed 2 duplicate /gene - fbiB_1 fbiB_2
[17:22:16] Fixed 3 duplicate /gene - metE_1 metE_2 metE_3
[17:22:16] Fixed 2 duplicate /gene - sasA_1 sasA_2
[17:22:16] Fixed 2 duplicate /gene - iolG_1 iolG_2
[17:22:16] Fixed 2 duplicate /gene - ccr_1 ccr_2
[17:22:16] Fixed 2 duplicate /gene - gerN_1 gerN_2
[17:22:16] Fixed 2 duplicate /gene - iolS_1 iolS_2
[17:22:16] Fixed 2 duplicate /gene - asnC_1 asnC_2
[17:22:16] Fixed 2 duplicate /gene - nnr_1 nnr_2
[17:22:16] Fixed 2 duplicate /gene - ureA_1 ureA_2
[17:22:16] Fixed 2 duplicate /gene - guaA_1 guaA_2
[17:22:16] Fixed 2 duplicate /gene - rssB_1 rssB_2
[17:22:16] Fixed 2 duplicate /gene - hit_1 hit_2
[17:22:16] Fixed 2 duplicate /gene - acsA_1 acsA_2
[17:22:16] Fixed 2 duplicate /gene - fpr_1 fpr_2
[17:22:16] Fixed 2 duplicate /gene - hisH_1 hisH_2
[17:22:16] Fixed 2 duplicate /gene - aspS2_1 aspS2_2
[17:22:16] Fixed 2 duplicate /gene - ndhB_1 ndhB_2
[17:22:16] Fixed 2 duplicate /gene - thiI_1 thiI_2
[17:22:16] Fixed 2 duplicate /gene - livF_1 livF_2
[17:22:16] Fixed 75 colliding /gene names.
[17:22:16] Adding /locus_tag identifiers
[17:22:17] Assigned 1889 locus_tags to CDS and RNA features.
[17:22:17] Writing outputs to Nitrosopumilales_archaeon_strain_NPMR_NP_theta_1_prokka/
[17:22:21] Generating annotation statistics file
[17:22:21] Generating Genbank and Sequin files
[17:22:21] Running: tbl2asn -V b -a r10k -l paired-ends -M n -N 1 -y 'Annotated using prokka 1.14.6 from https://github.com/tseemann/prokka' -Z Nitrosopumilales_archaeon_strain_NPMR_NP_theta_1_prokka\/PROKKA_12212021\.err -i Nitrosopumilales_archaeon_strain_NPMR_NP_theta_1_prokka\/PROKKA_12212021\.fsa 2> /dev/null
[17:22:32] Deleting unwanted file: Nitrosopumilales_archaeon_strain_NPMR_NP_theta_1_prokka/errorsummary.val
[17:22:32] Deleting unwanted file: Nitrosopumilales_archaeon_strain_NPMR_NP_theta_1_prokka/PROKKA_12212021.dr
[17:22:32] Deleting unwanted file: Nitrosopumilales_archaeon_strain_NPMR_NP_theta_1_prokka/PROKKA_12212021.fixedproducts
[17:22:32] Deleting unwanted file: Nitrosopumilales_archaeon_strain_NPMR_NP_theta_1_prokka/PROKKA_12212021.ecn
[17:22:32] Deleting unwanted file: Nitrosopumilales_archaeon_strain_NPMR_NP_theta_1_prokka/PROKKA_12212021.val
[17:22:32] Repairing broken .GBK output that tbl2asn produces...
[17:22:32] Running: sed 's/COORDINATES: profile/COORDINATES:profile/' < Nitrosopumilales_archaeon_strain_NPMR_NP_theta_1_prokka\/PROKKA_12212021\.gbf > Nitrosopumilales_archaeon_strain_NPMR_NP_theta_1_prokka\/PROKKA_12212021\.gbk
[17:22:33] Deleting unwanted file: Nitrosopumilales_archaeon_strain_NPMR_NP_theta_1_prokka/PROKKA_12212021.gbf
[17:22:33] Output files:
[17:22:33] Nitrosopumilales_archaeon_strain_NPMR_NP_theta_1_prokka/PROKKA_12212021.err
[17:22:33] Nitrosopumilales_archaeon_strain_NPMR_NP_theta_1_prokka/PROKKA_12212021.faa
[17:22:33] Nitrosopumilales_archaeon_strain_NPMR_NP_theta_1_prokka/PROKKA_12212021.ffn
[17:22:33] Nitrosopumilales_archaeon_strain_NPMR_NP_theta_1_prokka/PROKKA_12212021.fna
[17:22:33] Nitrosopumilales_archaeon_strain_NPMR_NP_theta_1_prokka/PROKKA_12212021.fsa
[17:22:33] Nitrosopumilales_archaeon_strain_NPMR_NP_theta_1_prokka/PROKKA_12212021.gbk
[17:22:33] Nitrosopumilales_archaeon_strain_NPMR_NP_theta_1_prokka/PROKKA_12212021.gff
[17:22:33] Nitrosopumilales_archaeon_strain_NPMR_NP_theta_1_prokka/PROKKA_12212021.log
[17:22:33] Nitrosopumilales_archaeon_strain_NPMR_NP_theta_1_prokka/PROKKA_12212021.sqn
[17:22:33] Nitrosopumilales_archaeon_strain_NPMR_NP_theta_1_prokka/PROKKA_12212021.tbl
[17:22:33] Nitrosopumilales_archaeon_strain_NPMR_NP_theta_1_prokka/PROKKA_12212021.tsv
[17:22:33] Nitrosopumilales_archaeon_strain_NPMR_NP_theta_1_prokka/PROKKA_12212021.txt
[17:22:33] Annotation finished successfully.
[17:22:33] Walltime used: 5.77 minutes
[17:22:33] If you use this result please cite the Prokka paper:
[17:22:33] Seemann T (2014) Prokka: rapid prokaryotic genome annotation. Bioinformatics. 30(14):2068-9.
[17:22:33] Type 'prokka --citation' for more details.
[17:22:33] Thank you, come again.
