[21:19:55] This is prokka 1.14.6
[21:19:55] Written by Torsten Seemann <torsten.seemann@gmail.com>
[21:19:55] Homepage is https://github.com/tseemann/prokka
[21:19:55] Local time is Sun Oct 31 21:19:55 2021
[21:19:55] You are ylifc
[21:19:55] Operating system is linux
[21:19:55] You have BioPerl 1.007002
[21:19:55] System has 64 cores.
[21:19:55] Will use maximum of 64 cores.
[21:19:55] Annotating as >>> Bacteria <<<
[21:19:55] Generating locus_tag from 'EGM_Bin2.fa' contents.
[21:19:55] Setting --locustag GLHMLAAA from MD5 05165aaab79f85d592ef442a42e0eb84
[21:19:55] Enabling options to ensure Genbank/ENA/DDJB submission compliance.
[21:19:55] Creating new output folder: EGM_Bin2.fa_prokka
[21:19:55] Running: mkdir -p EGM_Bin2\.fa_prokka
[21:19:55] Using filename prefix: PROKKA_10312021.XXX
[21:19:55] Setting HMMER_NCPU=1
[21:19:55] Writing log to: EGM_Bin2.fa_prokka/PROKKA_10312021.log
[21:19:55] Command: /home/ylifc/miniconda2/envs/prokka/bin/prokka --cpus 0 --compliant --rfam EGM_Bin2.fa --outdir EGM_Bin2.fa_prokka
[21:19:55] Appending to PATH: /home/ylifc/miniconda2/envs/prokka/bin
[21:19:55] Looking for 'aragorn' - found /home/ylifc/miniconda2/envs/prokka/bin/aragorn
[21:19:55] Determined aragorn version is 001002 from 'ARAGORN v1.2.38 Dean Laslett'
[21:19:55] Looking for 'barrnap' - found /home/ylifc/miniconda2/envs/prokka/bin/barrnap
[21:19:55] Determined barrnap version is 000009 from 'barrnap 0.9'
[21:19:55] Looking for 'blastp' - found /home/ylifc/miniconda2/envs/prokka/bin/blastp
[21:19:57] Determined blastp version is 002012 from 'blastp: 2.12.0+'
[21:19:57] Looking for 'cmpress' - found /home/ylifc/miniconda2/envs/prokka/bin/cmpress
[21:19:57] Determined cmpress version is 001001 from '# INFERNAL 1.1.4 (Dec 2020)'
[21:19:57] Looking for 'cmscan' - found /home/ylifc/miniconda2/envs/prokka/bin/cmscan
[21:19:57] Determined cmscan version is 001001 from '# INFERNAL 1.1.4 (Dec 2020)'
[21:19:57] Looking for 'egrep' - found /bin/egrep
[21:19:57] Looking for 'find' - found /usr/bin/find
[21:19:57] Looking for 'grep' - found /bin/grep
[21:19:57] Looking for 'hmmpress' - found /home/ylifc/miniconda2/envs/prokka/bin/hmmpress
[21:19:57] Determined hmmpress version is 003003 from '# HMMER 3.3.2 (Nov 2020); http://hmmer.org/'
[21:19:57] Looking for 'hmmscan' - found /home/ylifc/miniconda2/envs/prokka/bin/hmmscan
[21:19:57] Determined hmmscan version is 003003 from '# HMMER 3.3.2 (Nov 2020); http://hmmer.org/'
[21:19:57] Looking for 'java' - found /home/ylifc/miniconda2/envs/prokka/bin/java
[21:19:57] Looking for 'makeblastdb' - found /home/ylifc/miniconda2/envs/prokka/bin/makeblastdb
[21:19:59] Determined makeblastdb version is 002012 from 'makeblastdb: 2.12.0+'
[21:19:59] Looking for 'minced' - found /home/ylifc/miniconda2/envs/prokka/bin/minced
[21:19:59] Determined minced version is 004002 from 'minced 0.4.2'
[21:19:59] Looking for 'parallel' - found /home/ylifc/miniconda2/envs/prokka/bin/parallel
[21:20:00] Determined parallel version is 20211022 from 'GNU parallel 20211022'
[21:20:00] Looking for 'prodigal' - found /home/ylifc/miniconda2/envs/prokka/bin/prodigal
[21:20:00] Determined prodigal version is 002006 from 'Prodigal V2.6.3: February, 2016'
[21:20:00] Looking for 'prokka-genbank_to_fasta_db' - found /home/ylifc/miniconda2/envs/prokka/bin/prokka-genbank_to_fasta_db
[21:20:00] Looking for 'sed' - found /bin/sed
[21:20:00] Looking for 'tbl2asn' - found /home/ylifc/miniconda2/envs/prokka/bin/tbl2asn
[21:20:00] Determined tbl2asn version is 025007 from 'tbl2asn 25.7   arguments:'
[21:20:00] Using genetic code table 11.
[21:20:00] Loading and checking input file: EGM_Bin2.fa
[21:20:01] Wrote 2476 contigs totalling 3573748 bp.
[21:20:01] Predicting tRNAs and tmRNAs
[21:20:01] Running: aragorn -l -gc11  -w EGM_Bin2\.fa_prokka\/PROKKA_10312021\.fna
[21:20:01] 1 tRNA-Met c[468,542] 35 (cat)
[21:20:01] 1 tRNA-Gly c[1212,1288] 36 (gcc)
[21:20:01] 1 tRNA-Gln c[346,419] 33 (ctg)
[21:20:01] tRNA c[1280,1354] is a pseudo/wacky gene - skipping.
[21:20:01] 3 tRNA-Gln c[1460,1535] 35 (ttg)
[21:20:01] 1 tRNA-Leu c[1032,1118] 38 (tag)
[21:20:01] 1 tRNA-Ala c[837,911] 33 (cgc)
[21:20:01] 1 tRNA-Ala [259,331] 33 (cgc)
[21:20:01] 1 tRNA-Val [656,731] 34 (tac)
[21:20:01] 2 tRNA-Ala [1288,1364] 35 (ggc)
[21:20:01] 1 tRNA-Arg [1562,1638] 37 (gcg)
[21:20:01] 1 tRNA-Gly [1406,1479] 33 (tcc)
[21:20:01] 1 tRNA-Val [190,267] 36 (cac)
[21:20:01] 1 tRNA-Gly [1587,1660] 33 (tcc)
[21:20:01] 2 tRNA-Gly [1754,1828] 34 (gcc)
[21:20:01] 1 tRNA-Ala c[1011,1086] 34 (tgc)
[21:20:01] 1 tRNA-Glu c[1016,1091] 37 (ctc)
[21:20:01] 1 tRNA-Pro [214,290] 37 (cgg)
[21:20:01] 1 tRNA-Val c[251,327] 37 (tac)
[21:20:01] 1 tRNA-Ala [16,91] 36 (ggc)
[21:20:01] 2 tRNA-Pro [137,211] 35 (cgg)
[21:20:01] 1 tRNA-Ala c[2940,3011] 33 (cgc)
[21:20:01] tRNA c[775,849] is a pseudo/wacky gene - skipping.
[21:20:01] 2 tRNA-Gln c[956,1031] 35 (ttg)
[21:20:02] 1 tRNA-Gly [290,363] 35 (ccc)
[21:20:02] 1 tRNA-Ala c[45,120] 37 (ggc)
[21:20:02] 2 tRNA-Lys [218,293] 35 (ttt)
[21:20:02] 1 tRNA-Ile c[1,76] 36 (gat)
[21:20:02] 2 tRNA-Pro [488,562] 36 (ggg)
[21:20:02] 1 tRNA-Leu c[1375,1461] 37 (tag)
[21:20:02] 1 tRNA-Arg c[3364,3438] 36 (tcg)
[21:20:02] 1 tRNA-Thr c[359,432] 35 (ggt)
[21:20:02] 1 tRNA-Pro [12,85] 35 (ggg)
[21:20:02] 1 tRNA-Arg c[34,111] 36 (tct)
[21:20:02] 1 tRNA-Asn [2186,2262] 35 (gtt)
[21:20:02] 1 tRNA-Ala c[5,79] 35 (tgc)
[21:20:02] 2 tRNA-Ile [747,823] 37 (gat)
[21:20:02] 1 tRNA-Leu [5,89] 35 (cag)
[21:20:02] 1 tRNA-Leu [5,89] 35 (cag)
[21:20:02] 1 tRNA-Arg c[10,84] 36 (tcg)
[21:20:02] 1 tRNA-Ser c[368,453] 35 (gct)
[21:20:02] 1 tRNA-Thr c[370,443] 35 (ggt)
[21:20:02] 1 tRNA-Ile c[1337,1413] 35 (gat)
[21:20:02] 1 tRNA-Thr c[1034,1107] 35 (ggt)
[21:20:02] 1 tRNA-Pro c[811,887] 35 (tgg)
[21:20:02] 1 tRNA-Ala [643,715] 33 (cgc)
[21:20:03] 1 tRNA-Ala c[408,483] 36 (tgc)
[21:20:03] 1 tRNA-Ser [445,529] 35 (tga)
[21:20:03] 1 tRNA-Glu c[26,103] 37 (ctc)
[21:20:03] 1 tRNA-His c[5,77] 34 (gtg)
[21:20:03] 1 tRNA-Ala c[1125,1200] 36 (tgc)
[21:20:03] 1 tRNA-Ala c[1127,1202] 36 (tgc)
[21:20:03] 1 tRNA-Pro c[1604,1680] 37 (tgg)
[21:20:03] 1 tRNA-Leu c[8,92] 35 (cag)
[21:20:03] tRNA [1039,1129] is a pseudo/wacky gene - skipping.
[21:20:03] 1 tRNA-Leu c[996,1082] 38 (gag)
[21:20:03] 1 tRNA-Ala c[1423,1495] 33 (cgc)
[21:20:03] Found 54 tRNAs
[21:20:03] Predicting Ribosomal RNAs
[21:20:03] Running Barrnap with 64 threads
[21:20:07] 1 gnl|Prokka|GLHMLAAA_299 649 5S ribosomal RNA
[21:20:07] Found 1 rRNAs
[21:20:07] Scanning for ncRNAs... please be patient.
[21:20:07] Running: cmscan -Z 7.147496 --cut_ga --rfam --nohmmonly --fmt 2 --cpu 64 --tblout /dev/stdout -o /dev/null --noali /home/ylifc/miniconda2/envs/prokka/db/cm/Bacteria EGM_Bin2\.fa_prokka\/PROKKA_10312021\.fna
[21:48:18] 1 ncRNA 1 gnl|Prokka|GLHMLAAA_356 56..303
[21:48:18] 2 ncRNA 1 gnl|Prokka|GLHMLAAA_743 1..46
[21:48:18] Found 2 ncRNAs.
[21:48:18] Total of 55 tRNA + rRNA features
[21:48:18] Searching for CRISPR repeats
[21:48:21] Found 0 CRISPRs
[21:48:21] Predicting coding sequences
[21:48:21] Contigs total 3573748 bp, so using single mode
[21:48:21] Running: prodigal -i EGM_Bin2\.fa_prokka\/PROKKA_10312021\.fna -c -m -g 11 -p single -f sco -q
[21:48:35] Excluding CDS which overlaps existing RNA (tRNA) at gnl|Prokka|GLHMLAAA_361:740..1288 on + strand
[21:48:36] Excluding CDS which overlaps existing RNA (tRNA) at gnl|Prokka|GLHMLAAA_1903:174..1034 on + strand
[21:48:36] Found 3990 CDS
[21:48:36] Connecting features back to sequences
[21:48:36] Not using genus-specific database. Try --usegenus to enable it.
[21:48:36] Annotating CDS, please be patient.
[21:48:36] Will use 64 CPUs for similarity searching.
[21:48:39] There are still 3990 unannotated CDS left (started with 3990)
[21:48:39] Will use blast to search against /home/ylifc/miniconda2/envs/prokka/db/kingdom/Bacteria/IS with 64 CPUs
[21:48:39] Running: cat EGM_Bin2\.fa_prokka\/PROKKA_10312021\.IS\.tmp\.58685\.faa | parallel --gnu --plain -j 64 --block 5449 --recstart '>' --pipe blastp -query - -db /home/ylifc/miniconda2/envs/prokka/db/kingdom/Bacteria/IS -evalue 1e-30 -qcov_hsp_perc 90 -num_threads 1 -num_descriptions 1 -num_alignments 1 -seg no > EGM_Bin2\.fa_prokka\/PROKKA_10312021\.IS\.tmp\.58685\.blast 2> /dev/null
[21:49:43] Deleting unwanted file: EGM_Bin2.fa_prokka/PROKKA_10312021.IS.tmp.58685.faa
[21:49:43] Deleting unwanted file: EGM_Bin2.fa_prokka/PROKKA_10312021.IS.tmp.58685.blast
[21:49:45] There are still 3986 unannotated CDS left (started with 3990)
[21:49:45] Will use blast to search against /home/ylifc/miniconda2/envs/prokka/db/kingdom/Bacteria/AMR with 64 CPUs
[21:49:45] Running: cat EGM_Bin2\.fa_prokka\/PROKKA_10312021\.AMR\.tmp\.58685\.faa | parallel --gnu --plain -j 64 --block 5439 --recstart '>' --pipe blastp -query - -db /home/ylifc/miniconda2/envs/prokka/db/kingdom/Bacteria/AMR -evalue 9.99999999999999e-301 -qcov_hsp_perc 90 -num_threads 1 -num_descriptions 1 -num_alignments 1 -seg no > EGM_Bin2\.fa_prokka\/PROKKA_10312021\.AMR\.tmp\.58685\.blast 2> /dev/null
[21:50:39] Deleting unwanted file: EGM_Bin2.fa_prokka/PROKKA_10312021.AMR.tmp.58685.faa
[21:50:39] Deleting unwanted file: EGM_Bin2.fa_prokka/PROKKA_10312021.AMR.tmp.58685.blast
[21:50:41] There are still 3986 unannotated CDS left (started with 3990)
[21:50:41] Will use blast to search against /home/ylifc/miniconda2/envs/prokka/db/kingdom/Bacteria/sprot with 64 CPUs
[21:50:41] Running: cat EGM_Bin2\.fa_prokka\/PROKKA_10312021\.sprot\.tmp\.58685\.faa | parallel --gnu --plain -j 64 --block 5439 --recstart '>' --pipe blastp -query - -db /home/ylifc/miniconda2/envs/prokka/db/kingdom/Bacteria/sprot -evalue 1e-09 -qcov_hsp_perc 80 -num_threads 1 -num_descriptions 1 -num_alignments 1 -seg no > EGM_Bin2\.fa_prokka\/PROKKA_10312021\.sprot\.tmp\.58685\.blast 2> /dev/null
[21:53:56] Modify product: Uncharacterized protein YedJ => putative protein YedJ
[21:53:57] Modify product: UPF0047 protein Rv2556c => hypothetical protein
[21:53:57] Modify product: Probable cytochrome c oxidase subunit 1 => putative cytochrome c oxidase subunit 1
[21:53:57] Modify product: UPF0051 protein SA0778 => hypothetical protein
[21:53:57] Modify product: Probable oxidoreductase CT_610 => putative oxidoreductase CT_610
[21:53:57] Modify product: Uncharacterized epimerase/dehydratase SA0511 => putative epimerase/dehydratase
[21:53:57] Modify product: NAD(P)H-dependent FAD/FMN reductase GTNG_3158 => NAD(P)H-dependent FAD/FMN reductase
[21:53:57] Modify product: Probable cytosol aminopeptidase => putative cytosol aminopeptidase
[21:53:57] Modify product: Probable adenylyl-sulfate kinase => putative adenylyl-sulfate kinase
[21:53:57] Modify product: Probable cysteine desulfurase => putative cysteine desulfurase
[21:53:57] Modify product: Fatty acid-binding protein TM_1468 => Fatty acid-binding protein
[21:53:57] Modify product: Probable cadmium-transporting ATPase => putative cadmium-transporting ATPase
[21:53:57] Modify product: Probable polyketide biosynthesis zinc-dependent hydrolase PksB => putative polyketide biosynthesis zinc-dependent hydrolase PksB
[21:53:57] Modify product: Uncharacterized protein YqgN => putative protein YqgN
[21:53:57] Modify product: Putative 2-hydroxyacid dehydrogenase SA2098 => Putative 2-hydroxyacid dehydrogenase
[21:53:58] Modify product: Uncharacterized amino acid permease YhdG => putative amino acid permease YhdG
[21:53:58] Modify product: NAD(P)H-dependent FAD/FMN reductase GTNG_3158 => NAD(P)H-dependent FAD/FMN reductase
[21:53:58] Modify product: Universal stress protein Rv2005c => Universal stress protein
[21:53:58] Modify product: Probable glycine dehydrogenase (decarboxylating) subunit 2 => putative glycine dehydrogenase (decarboxylating) subunit 2
[21:53:58] Modify product: Uncharacterized amino acid permease YhdG => putative amino acid permease YhdG
[21:53:58] Modify product: Probable glycine dehydrogenase (decarboxylating) subunit 1 => putative glycine dehydrogenase (decarboxylating) subunit 1
[21:53:58] Modify product: Ribonuclease TTHA0252 => Ribonuclease
[21:53:58] Modify product: Putative phosphoribosyl transferase Rv0571c => Putative phosphoribosyl transferase
[21:53:58] Modify product: Probable manganese efflux pump MntP => putative manganese efflux pump MntP
[21:53:58] Modify product: Probable membrane transporter protein YfcA => putative membrane transporter protein YfcA
[21:53:58] Modify product: Putative universal stress protein SA1532 => Putative universal stress protein
[21:53:58] Modify product: Probable glycine dehydrogenase (decarboxylating) subunit 1 => putative glycine dehydrogenase (decarboxylating) subunit 1
[21:53:58] Modify product: Probable aspartate aminotransferase => putative aspartate aminotransferase
[21:53:59] Modify product: Probable glycine dehydrogenase (decarboxylating) subunit 2 => putative glycine dehydrogenase (decarboxylating) subunit 2
[21:53:59] Modify product: Uncharacterized transporter Rv2685 => putative transporter
[21:53:59] Modify product: Probable dual-specificity RNA methyltransferase RlmN => putative dual-specificity RNA methyltransferase RlmN
[21:53:59] Modify product: Probable endonuclease 4 => putative endonuclease 4
[21:53:59] Modify product: UPF0173 metal-dependent hydrolase TM_1162 => hypothetical protein
[21:53:59] Modify product: Probable N-succinyldiaminopimelate aminotransferase DapC => putative N-succinyldiaminopimelate aminotransferase DapC
[21:53:59] Modify product: Uncharacterized ABC transporter ATP-binding protein YknY => putative ABC transporter ATP-binding protein YknY
[21:53:59] Modify product: Uncharacterized ABC transporter ATP-binding protein YknY => putative ABC transporter ATP-binding protein YknY
[21:53:59] Modify product: Uncharacterized ABC transporter permease YknZ => putative ABC transporter permease YknZ
[21:53:59] Modify product: Probable dipeptidase PepE => putative dipeptidase PepE
[21:53:59] Modify product: Uncharacterized protein Rv1367c => putative protein
[21:53:59] Modify product: Ribonuclease TTHA0252 => Ribonuclease
[21:53:59] Modify product: Probable ABC transporter permease protein NosY => putative ABC transporter permease protein NosY
[21:53:59] Modify product: Probable bacterial non-heme ferritin => putative bacterial non-heme ferritin
[21:53:59] Modify product: Uncharacterized peptidase SA1530 => putative peptidase
[21:53:59] Modify product: Bifunctional protein FolD => Bifunctional protein FolD protein
[21:53:59] Modify product: UPF0111 protein HI_1603 => hypothetical protein
[21:54:00] Modify product: Probable type I restriction enzyme BthVORF4518P M protein => putative type I restriction enzymeP M protein
[21:54:00] Modify product: UPF0210 protein SP_0239 => hypothetical protein
[21:54:00] Modify product: Uncharacterized amino acid permease YhdG => putative amino acid permease YhdG
[21:54:00] Modify product: Fluoroquinolones export ATP-binding protein Rv2688c => Fluoroquinolones export ATP-binding protein
[21:54:00] Modify product: Fluoroquinolones export permease protein Rv2687c => Fluoroquinolones export permease protein
[21:54:00] Modify product: Probable endonuclease 4 => putative endonuclease 4
[21:54:00] Modify product: Uncharacterized ABC transporter ATP-binding protein YejF => putative ABC transporter ATP-binding protein YejF
[21:54:00] Modify product: Probable dual-specificity RNA methyltransferase RlmN => putative dual-specificity RNA methyltransferase RlmN
[21:54:00] Modify product: Uncharacterized oxidoreductase SA2266 => putative oxidoreductase
[21:54:00] Modify product: Probable dipeptidase PepE => putative dipeptidase PepE
[21:54:00] Modify product: Fatty acid-binding protein TM_1468 => Fatty acid-binding protein
[21:54:00] Modify product: Uncharacterized oxidoreductase SA2266 => putative oxidoreductase
[21:54:01] Modify product: Probable 4-deoxy-4-formamido-L-arabinose-phosphoundecaprenol deformylase ArnD => putative 4-deoxy-4-formamido-L-arabinose-phosphoundecaprenol deformylase ArnD
[21:54:01] Modify product: Uncharacterized ABC transporter ATP-binding protein Rv1273c => putative ABC transporter ATP-binding protein
[21:54:01] Modify product: Uncharacterized protein YqgN => putative protein YqgN
[21:54:01] Modify product: Uncharacterized amino acid permease YhdG => putative amino acid permease YhdG
[21:54:01] Modify product: Putative universal stress protein SA1532 => Putative universal stress protein
[21:54:01] Modify product: Probable adenylyl-sulfate kinase => putative adenylyl-sulfate kinase
[21:54:01] Modify product: Uncharacterized epimerase/dehydratase SA0511 => putative epimerase/dehydratase
[21:54:01] Modify product: Probable L-lysine-epsilon aminotransferase => putative L-lysine-epsilon aminotransferase
[21:54:01] Modify product: Uncharacterized protein Rv2008c => putative protein
[21:54:01] Modify product: Uncharacterized ABC transporter ATP-binding protein TM_0288 => putative ABC transporter ATP-binding protein
[21:54:01] Modify product: Uncharacterized ABC transporter ATP-binding protein TM_0288 => putative ABC transporter ATP-binding protein
[21:54:01] Modify product: Putative multidrug export ATP-binding/permease protein SAV1866 => Putative multidrug export ATP-binding/permease protein
[21:54:01] Modify product: Probable ATP-dependent DNA helicase YoaA => putative ATP-dependent DNA helicase YoaA
[21:54:01] Modify product: Probable cation-transporting ATPase F => putative cation-transporting ATPase F
[21:54:01] Modify product: NADH dehydrogenase-like protein SAOUHSC_00878 => NADH dehydrogenase-like protein
[21:54:01] Modify product: Uncharacterized oxidoreductase Rv1350 => putative oxidoreductase
[21:54:01] Modify product: Putative cystathionine beta-synthase Rv1077 => Putative cystathionine beta-synthase
[21:54:01] Modify product: Probable protein kinase UbiB => putative protein kinase UbiB
[21:54:01] Modify product: Fatty acid-binding protein TM_1468 => Fatty acid-binding protein
[21:54:01] Modify product: Probable amino-acid import ATP-binding protein YxeO => putative amino-acid import ATP-binding protein YxeO
[21:54:01] Modify product: Uncharacterized oxidoreductase SA2266 => putative oxidoreductase
[21:54:02] Modify product: Ribonuclease TTHA0252 => Ribonuclease
[21:54:02] Modify product: Uncharacterized ABC transporter ATP-binding protein YknY => putative ABC transporter ATP-binding protein YknY
[21:54:02] Modify product: S-adenosyl-L-methionine-binding protein RPA0152 => S-adenosyl-L-methionine-binding protein
[21:54:02] Modify product: Uncharacterized protein YnbC => putative protein YnbC
[21:54:02] Cleaned 82 /product names
[21:54:02] Deleting unwanted file: EGM_Bin2.fa_prokka/PROKKA_10312021.sprot.tmp.58685.faa
[21:54:02] Deleting unwanted file: EGM_Bin2.fa_prokka/PROKKA_10312021.sprot.tmp.58685.blast
[21:54:03] There are still 3264 unannotated CDS left (started with 3990)
[21:54:03] Will use hmmer3 to search against /home/ylifc/miniconda2/envs/prokka/db/hmm/HAMAP.hmm with 64 CPUs
[21:54:03] Running: cat EGM_Bin2\.fa_prokka\/PROKKA_10312021\.HAMAP\.hmm\.tmp\.58685\.faa | parallel --gnu --plain -j 64 --block 4030 --recstart '>' --pipe hmmscan --noali --notextw --acc -E 1e-09 --cpu 1 /home/ylifc/miniconda2/envs/prokka/db/hmm/HAMAP.hmm /dev/stdin > EGM_Bin2\.fa_prokka\/PROKKA_10312021\.HAMAP\.hmm\.tmp\.58685\.hmmer3 2> /dev/null
[21:58:22] Modify product: Bifunctional protein FolD => Bifunctional protein FolD protein
[21:58:24] Cleaned 1 /product names
[21:58:24] Deleting unwanted file: EGM_Bin2.fa_prokka/PROKKA_10312021.HAMAP.hmm.tmp.58685.faa
[21:58:24] Deleting unwanted file: EGM_Bin2.fa_prokka/PROKKA_10312021.HAMAP.hmm.tmp.58685.hmmer3
[21:58:24] Labelling remaining 3011 proteins as 'hypothetical protein'
[21:58:24] Possible /pseudo 'DEAD-box ATP-dependent RNA helicase CshA' at gnl|Prokka|GLHMLAAA_233 position 929
[21:58:24] Possible /pseudo 'Modification methylase DpnIIB' at gnl|Prokka|GLHMLAAA_798 position 1480
[21:58:24] Possible /pseudo 'Beta-galactosidase' at gnl|Prokka|GLHMLAAA_838 position 558
[21:58:24] Possible /pseudo 'Aspartyl/glutamyl-tRNA(Asn/Gln) amidotransferase subunit B' at gnl|Prokka|GLHMLAAA_1218 position 1121
[21:58:24] Possible /pseudo 'NAD-dependent malic enzyme' at gnl|Prokka|GLHMLAAA_2256 position 617
[21:58:24] Found 545 unique /gene codes.
[21:58:24] Fixed 2 duplicate /gene - trpA_1 trpA_2
[21:58:24] Fixed 4 duplicate /gene - nfi_1 nfi_2 nfi_3 nfi_4
[21:58:24] Fixed 2 duplicate /gene - proS_1 proS_2
[21:58:24] Fixed 9 duplicate /gene - btuD_1 btuD_2 btuD_3 btuD_4 btuD_5 btuD_6 btuD_7 btuD_8 btuD_9
[21:58:24] Fixed 2 duplicate /gene - purK_1 purK_2
[21:58:24] Fixed 2 duplicate /gene - tdh_1 tdh_2
[21:58:24] Fixed 2 duplicate /gene - kynB_1 kynB_2
[21:58:24] Fixed 3 duplicate /gene - glmM_1 glmM_2 glmM_3
[21:58:24] Fixed 3 duplicate /gene - uvrB_1 uvrB_2 uvrB_3
[21:58:24] Fixed 3 duplicate /gene - lysX_1 lysX_2 lysX_3
[21:58:24] Fixed 2 duplicate /gene - queG_1 queG_2
[21:58:24] Fixed 3 duplicate /gene - gatB_1 gatB_2 gatB_3
[21:58:24] Fixed 4 duplicate /gene - apt_1 apt_2 apt_3 apt_4
[21:58:24] Fixed 6 duplicate /gene - cpdA_1 cpdA_2 cpdA_3 cpdA_4 cpdA_5 cpdA_6
[21:58:24] Fixed 3 duplicate /gene - cysS_1 cysS_2 cysS_3
[21:58:24] Fixed 2 duplicate /gene - sumT_1 sumT_2
[21:58:24] Fixed 5 duplicate /gene - arnC_1 arnC_2 arnC_3 arnC_4 arnC_5
[21:58:24] Fixed 2 duplicate /gene - idi_1 idi_2
[21:58:24] Fixed 3 duplicate /gene - rlmN_1 rlmN_2 rlmN_3
[21:58:24] Fixed 2 duplicate /gene - mftE_1 mftE_2
[21:58:24] Fixed 2 duplicate /gene - drrA_1 drrA_2
[21:58:24] Fixed 2 duplicate /gene - lacZ_1 lacZ_2
[21:58:24] Fixed 3 duplicate /gene - fabG_1 fabG_2 fabG_3
[21:58:24] Fixed 4 duplicate /gene - zraS_1 zraS_2 zraS_3 zraS_4
[21:58:24] Fixed 4 duplicate /gene - dppB_1 dppB_2 dppB_3 dppB_4
[21:58:24] Fixed 2 duplicate /gene - ybeM_1 ybeM_2
[21:58:24] Fixed 4 duplicate /gene - glnB_1 glnB_2 glnB_3 glnB_4
[21:58:24] Fixed 2 duplicate /gene - mraY_1 mraY_2
[21:58:24] Fixed 3 duplicate /gene - lsrF_1 lsrF_2 lsrF_3
[21:58:24] Fixed 2 duplicate /gene - aspS2_1 aspS2_2
[21:58:24] Fixed 2 duplicate /gene - purS_1 purS_2
[21:58:24] Fixed 2 duplicate /gene - dpnA_1 dpnA_2
[21:58:24] Fixed 2 duplicate /gene - nrdZ_1 nrdZ_2
[21:58:24] Fixed 3 duplicate /gene - nnr_1 nnr_2 nnr_3
[21:58:24] Fixed 4 duplicate /gene - glyQS_1 glyQS_2 glyQS_3 glyQS_4
[21:58:24] Fixed 2 duplicate /gene - gcvPB_1 gcvPB_2
[21:58:24] Fixed 2 duplicate /gene - glpK_1 glpK_2
[21:58:24] Fixed 2 duplicate /gene - erpA_1 erpA_2
[21:58:24] Fixed 2 duplicate /gene - fadA_1 fadA_2
[21:58:24] Fixed 2 duplicate /gene - pepE_1 pepE_2
[21:58:24] Fixed 2 duplicate /gene - dapH_1 dapH_2
[21:58:24] Fixed 2 duplicate /gene - adhT_1 adhT_2
[21:58:24] Fixed 2 duplicate /gene - mshA_1 mshA_2
[21:58:24] Fixed 3 duplicate /gene - speB_1 speB_2 speB_3
[21:58:24] Fixed 4 duplicate /gene - glnA_1 glnA_2 glnA_3 glnA_4
[21:58:24] Fixed 2 duplicate /gene - livF_1 livF_2
[21:58:24] Fixed 4 duplicate /gene - apgM_1 apgM_2 apgM_3 apgM_4
[21:58:24] Fixed 4 duplicate /gene - hit_1 hit_2 hit_3 hit_4
[21:58:24] Fixed 3 duplicate /gene - ctaB_1 ctaB_2 ctaB_3
[21:58:24] Fixed 2 duplicate /gene - tauB_1 tauB_2
[21:58:24] Fixed 3 duplicate /gene - nadE_1 nadE_2 nadE_3
[21:58:24] Fixed 2 duplicate /gene - chrR_1 chrR_2
[21:58:24] Fixed 6 duplicate /gene - thrC_1 thrC_2 thrC_3 thrC_4 thrC_5 thrC_6
[21:58:24] Fixed 2 duplicate /gene - purL_1 purL_2
[21:58:24] Fixed 2 duplicate /gene - pepQ_1 pepQ_2
[21:58:24] Fixed 2 duplicate /gene - fpr_1 fpr_2
[21:58:24] Fixed 2 duplicate /gene - pcm_1 pcm_2
[21:58:24] Fixed 2 duplicate /gene - pcp_1 pcp_2
[21:58:24] Fixed 4 duplicate /gene - ntpA_1 ntpA_2 ntpA_3 ntpA_4
[21:58:24] Fixed 2 duplicate /gene - tatC_1 tatC_2
[21:58:24] Fixed 2 duplicate /gene - metH_1 metH_2
[21:58:24] Fixed 2 duplicate /gene - infB_1 infB_2
[21:58:24] Fixed 4 duplicate /gene - ureA_1 ureA_2 ureA_3 ureA_4
[21:58:24] Fixed 2 duplicate /gene - ttuD_1 ttuD_2
[21:58:24] Fixed 4 duplicate /gene - ndhI_1 ndhI_2 ndhI_3 ndhI_4
[21:58:24] Fixed 2 duplicate /gene - mtnW_1 mtnW_2
[21:58:24] Fixed 2 duplicate /gene - sucC_1 sucC_2
[21:58:24] Fixed 2 duplicate /gene - aqpZ2_1 aqpZ2_2
[21:58:24] Fixed 2 duplicate /gene - rpoC_1 rpoC_2
[21:58:24] Fixed 2 duplicate /gene - teaD_1 teaD_2
[21:58:24] Fixed 2 duplicate /gene - dinB1_1 dinB1_2
[21:58:24] Fixed 2 duplicate /gene - frdA_1 frdA_2
[21:58:24] Fixed 2 duplicate /gene - lnrL_1 lnrL_2
[21:58:24] Fixed 2 duplicate /gene - leuC_1 leuC_2
[21:58:24] Fixed 2 duplicate /gene - dusB_1 dusB_2
[21:58:24] Fixed 2 duplicate /gene - lysDH_1 lysDH_2
[21:58:24] Fixed 2 duplicate /gene - hutH_1 hutH_2
[21:58:24] Fixed 2 duplicate /gene - nuoK_1 nuoK_2
[21:58:24] Fixed 2 duplicate /gene - ssuC_1 ssuC_2
[21:58:24] Fixed 3 duplicate /gene - resA_1 resA_2 resA_3
[21:58:24] Fixed 3 duplicate /gene - tusA_1 tusA_2 tusA_3
[21:58:24] Fixed 2 duplicate /gene - dnaG_1 dnaG_2
[21:58:24] Fixed 3 duplicate /gene - pckA_1 pckA_2 pckA_3
[21:58:24] Fixed 2 duplicate /gene - fbp_1 fbp_2
[21:58:24] Fixed 2 duplicate /gene - bioK_1 bioK_2
[21:58:24] Fixed 6 duplicate /gene - nadK_1 nadK_2 nadK_3 nadK_4 nadK_5 nadK_6
[21:58:24] Fixed 2 duplicate /gene - guaA_1 guaA_2
[21:58:24] Fixed 3 duplicate /gene - acsA_1 acsA_2 acsA_3
[21:58:24] Fixed 6 duplicate /gene - COQ5_1 COQ5_2 COQ5_3 COQ5_4 COQ5_5 COQ5_6
[21:58:24] Fixed 2 duplicate /gene - trxB_1 trxB_2
[21:58:24] Fixed 3 duplicate /gene - ftsH_1 ftsH_2 ftsH_3
[21:58:24] Fixed 2 duplicate /gene - purD_1 purD_2
[21:58:24] Fixed 2 duplicate /gene - glyA_1 glyA_2
[21:58:24] Fixed 3 duplicate /gene - tsaD_1 tsaD_2 tsaD_3
[21:58:24] Fixed 2 duplicate /gene - purN_1 purN_2
[21:58:24] Fixed 2 duplicate /gene - nuoN_1 nuoN_2
[21:58:24] Fixed 2 duplicate /gene - coxM_1 coxM_2
[21:58:24] Fixed 2 duplicate /gene - bacC_1 bacC_2
[21:58:24] Fixed 4 duplicate /gene - yhdG_1 yhdG_2 yhdG_3 yhdG_4
[21:58:24] Fixed 2 duplicate /gene - porC_1 porC_2
[21:58:24] Fixed 2 duplicate /gene - RBKS_1 RBKS_2
[21:58:24] Fixed 2 duplicate /gene - cshA_1 cshA_2
[21:58:24] Fixed 5 duplicate /gene - mtnA_1 mtnA_2 mtnA_3 mtnA_4 mtnA_5
[21:58:24] Fixed 2 duplicate /gene - cysH_1 cysH_2
[21:58:24] Fixed 3 duplicate /gene - thrS_1 thrS_2 thrS_3
[21:58:24] Fixed 3 duplicate /gene - pdg_1 pdg_2 pdg_3
[21:58:24] Fixed 2 duplicate /gene - hppA_1 hppA_2
[21:58:24] Fixed 3 duplicate /gene - hemA_1 hemA_2 hemA_3
[21:58:24] Fixed 2 duplicate /gene - hrp1_1 hrp1_2
[21:58:24] Fixed 2 duplicate /gene - fadJ_1 fadJ_2
[21:58:24] Fixed 3 duplicate /gene - gcvPA_1 gcvPA_2 gcvPA_3
[21:58:24] Fixed 3 duplicate /gene - acnA_1 acnA_2 acnA_3
[21:58:24] Fixed 2 duplicate /gene - pyrB_1 pyrB_2
[21:58:24] Fixed 2 duplicate /gene - cheA_1 cheA_2
[21:58:24] Fixed 2 duplicate /gene - nikR_1 nikR_2
[21:58:24] Fixed 2 duplicate /gene - ndhD_1 ndhD_2
[21:58:24] Fixed 2 duplicate /gene - egtD_1 egtD_2
[21:58:24] Fixed 2 duplicate /gene - hemG_1 hemG_2
[21:58:24] Fixed 2 duplicate /gene - folD_1 folD_2
[21:58:24] Fixed 4 duplicate /gene - thrA_1 thrA_2 thrA_3 thrA_4
[21:58:24] Fixed 2 duplicate /gene - psd_1 psd_2
[21:58:24] Fixed 2 duplicate /gene - oppC_1 oppC_2
[21:58:24] Fixed 3 duplicate /gene - nadX_1 nadX_2 nadX_3
[21:58:24] Fixed 3 duplicate /gene - carB_1 carB_2 carB_3
[21:58:24] Fixed 2 duplicate /gene - dcd_1 dcd_2
[21:58:24] Fixed 2 duplicate /gene - ino1_1 ino1_2
[21:58:24] Fixed 2 duplicate /gene - tatA_1 tatA_2
[21:58:24] Fixed 2 duplicate /gene - thpR_1 thpR_2
[21:58:24] Fixed 2 duplicate /gene - nuoH_1 nuoH_2
[21:58:24] Fixed 2 duplicate /gene - ttuA_1 ttuA_2
[21:58:24] Fixed 2 duplicate /gene - pdaD_1 pdaD_2
[21:58:24] Fixed 2 duplicate /gene - kaiC_1 kaiC_2
[21:58:24] Fixed 2 duplicate /gene - ppdK_1 ppdK_2
[21:58:24] Fixed 2 duplicate /gene - mshB_1 mshB_2
[21:58:24] Fixed 2 duplicate /gene - fgd_1 fgd_2
[21:58:24] Fixed 3 duplicate /gene - alaS_1 alaS_2 alaS_3
[21:58:24] Fixed 2 duplicate /gene - dsrE2_1 dsrE2_2
[21:58:24] Fixed 2 duplicate /gene - yqgN_1 yqgN_2
[21:58:24] Fixed 3 duplicate /gene - gdhA_1 gdhA_2 gdhA_3
[21:58:24] Fixed 2 duplicate /gene - cobB_1 cobB_2
[21:58:24] Fixed 3 duplicate /gene - purF_1 purF_2 purF_3
[21:58:24] Fixed 4 duplicate /gene - prmC_1 prmC_2 prmC_3 prmC_4
[21:58:24] Fixed 2 duplicate /gene - yrbG_1 yrbG_2
[21:58:24] Fixed 2 duplicate /gene - corA_1 corA_2
[21:58:24] Fixed 2 duplicate /gene - pyrK_1 pyrK_2
[21:58:24] Fixed 2 duplicate /gene - icd_1 icd_2
[21:58:24] Fixed 5 duplicate /gene - IMPDH_1 IMPDH_2 IMPDH_3 IMPDH_4 IMPDH_5
[21:58:24] Fixed 2 duplicate /gene - napA_1 napA_2
[21:58:24] Fixed 2 duplicate /gene - queC_1 queC_2
[21:58:24] Fixed 2 duplicate /gene - cbiF_1 cbiF_2
[21:58:24] Fixed 3 duplicate /gene - trxA_1 trxA_2 trxA_3
[21:58:24] Fixed 3 duplicate /gene - gatA_1 gatA_2 gatA_3
[21:58:24] Fixed 3 duplicate /gene - tldD_1 tldD_2 tldD_3
[21:58:24] Fixed 2 duplicate /gene - arcC1_1 arcC1_2
[21:58:24] Fixed 4 duplicate /gene - iscS_1 iscS_2 iscS_3 iscS_4
[21:58:24] Fixed 2 duplicate /gene - fusA_1 fusA_2
[21:58:24] Fixed 2 duplicate /gene - mat_1 mat_2
[21:58:24] Fixed 2 duplicate /gene - bhbA_1 bhbA_2
[21:58:24] Fixed 2 duplicate /gene - cmk_1 cmk_2
[21:58:24] Fixed 3 duplicate /gene - yknY_1 yknY_2 yknY_3
[21:58:24] Fixed 2 duplicate /gene - asrB_1 asrB_2
[21:58:24] Fixed 2 duplicate /gene - cysC_1 cysC_2
[21:58:24] Fixed 2 duplicate /gene - argC_1 argC_2
[21:58:24] Fixed 2 duplicate /gene - petE_1 petE_2
[21:58:24] Fixed 2 duplicate /gene - cbiC_1 cbiC_2
[21:58:24] Fixed 2 duplicate /gene - argH_1 argH_2
[21:58:24] Fixed 2 duplicate /gene - nrtD_1 nrtD_2
[21:58:24] Fixed 3 duplicate /gene - metG_1 metG_2 metG_3
[21:58:24] Fixed 3 duplicate /gene - ansA_1 ansA_2 ansA_3
[21:58:24] Fixed 2 duplicate /gene - zupT_1 zupT_2
[21:58:24] Fixed 2 duplicate /gene - cfiB_1 cfiB_2
[21:58:24] Fixed 2 duplicate /gene - cofG_1 cofG_2
[21:58:24] Fixed 3 duplicate /gene - fbiC_1 fbiC_2 fbiC_3
[21:58:24] Fixed 4 duplicate /gene - pmbA_1 pmbA_2 pmbA_3 pmbA_4
[21:58:24] Fixed 3 duplicate /gene - hcaB_1 hcaB_2 hcaB_3
[21:58:24] Fixed 4 duplicate /gene - thrB_1 thrB_2 thrB_3 thrB_4
[21:58:24] Fixed 5 duplicate /gene - purU_1 purU_2 purU_3 purU_4 purU_5
[21:58:24] Fixed 3 duplicate /gene - cheY_1 cheY_2 cheY_3
[21:58:24] Fixed 2 duplicate /gene - dnaK_1 dnaK_2
[21:58:24] Fixed 3 duplicate /gene - rsxB_1 rsxB_2 rsxB_3
[21:58:24] Fixed 3 duplicate /gene - ppaX_1 ppaX_2 ppaX_3
[21:58:24] Fixed 4 duplicate /gene - dnaJ_1 dnaJ_2 dnaJ_3 dnaJ_4
[21:58:24] Fixed 2 duplicate /gene - pheA_1 pheA_2
[21:58:24] Fixed 2 duplicate /gene - bioB_1 bioB_2
[21:58:24] Fixed 4 duplicate /gene - cugP_1 cugP_2 cugP_3 cugP_4
[21:58:24] Fixed 2 duplicate /gene - nfo_1 nfo_2
[21:58:24] Fixed 4 duplicate /gene - smc_1 smc_2 smc_3 smc_4
[21:58:24] Fixed 2 duplicate /gene - cbiA_1 cbiA_2
[21:58:24] Fixed 4 duplicate /gene - phaC_1 phaC_2 phaC_3 phaC_4
[21:58:24] Fixed 2 duplicate /gene - degV_1 degV_2
[21:58:24] Fixed 4 duplicate /gene - cysQ_1 cysQ_2 cysQ_3 cysQ_4
[21:58:24] Fixed 4 duplicate /gene - crt_1 crt_2 crt_3 crt_4
[21:58:24] Fixed 2 duplicate /gene - egtB_1 egtB_2
[21:58:24] Fixed 2 duplicate /gene - surE_1 surE_2
[21:58:24] Fixed 3 duplicate /gene - porA_1 porA_2 porA_3
[21:58:24] Fixed 2 duplicate /gene - birA_1 birA_2
[21:58:24] Fixed 4 duplicate /gene - tuf_1 tuf_2 tuf_3 tuf_4
[21:58:24] Fixed 3 duplicate /gene - ndhK_1 ndhK_2 ndhK_3
[21:58:24] Fixed 3 duplicate /gene - hom_1 hom_2 hom_3
[21:58:24] Fixed 2 duplicate /gene - ldh_1 ldh_2
[21:58:24] Fixed 2 duplicate /gene - dmlA_1 dmlA_2
[21:58:24] Fixed 2 duplicate /gene - fchA_1 fchA_2
[21:58:24] Fixed 2 duplicate /gene - FCS1_1 FCS1_2
[21:58:24] Fixed 2 duplicate /gene - ndhA_1 ndhA_2
[21:58:24] Fixed 5 duplicate /gene - groL_1 groL_2 groL_3 groL_4 groL_5
[21:58:24] Fixed 2 duplicate /gene - pyrE_1 pyrE_2
[21:58:24] Fixed 2 duplicate /gene - bcp_1 bcp_2
[21:58:24] Fixed 2 duplicate /gene - ftsZ_1 ftsZ_2
[21:58:24] Fixed 2 duplicate /gene - sat_1 sat_2
[21:58:24] Fixed 2 duplicate /gene - larB_1 larB_2
[21:58:24] Fixed 2 duplicate /gene - pncC_1 pncC_2
[21:58:24] Fixed 4 duplicate /gene - ilvE_1 ilvE_2 ilvE_3 ilvE_4
[21:58:24] Fixed 4 duplicate /gene - cobD_1 cobD_2 cobD_3 cobD_4
[21:58:24] Fixed 213 colliding /gene names.
[21:58:24] Adding /locus_tag identifiers
[21:58:25] Assigned 4047 locus_tags to CDS and RNA features.
[21:58:25] Writing outputs to EGM_Bin2.fa_prokka/
[21:58:32] Generating annotation statistics file
[21:58:32] Generating Genbank and Sequin files
[21:58:32] Running: tbl2asn -V b -a r10k -l paired-ends -M n -N 1 -y 'Annotated using prokka 1.14.6 from https://github.com/tseemann/prokka' -Z EGM_Bin2\.fa_prokka\/PROKKA_10312021\.err -i EGM_Bin2\.fa_prokka\/PROKKA_10312021\.fsa 2> /dev/null
[21:59:11] Deleting unwanted file: EGM_Bin2.fa_prokka/errorsummary.val
[21:59:11] Deleting unwanted file: EGM_Bin2.fa_prokka/PROKKA_10312021.dr
[21:59:11] Deleting unwanted file: EGM_Bin2.fa_prokka/PROKKA_10312021.fixedproducts
[21:59:11] Deleting unwanted file: EGM_Bin2.fa_prokka/PROKKA_10312021.ecn
[21:59:11] Deleting unwanted file: EGM_Bin2.fa_prokka/PROKKA_10312021.val
[21:59:11] Repairing broken .GBK output that tbl2asn produces...
[21:59:11] Running: sed 's/COORDINATES: profile/COORDINATES:profile/' < EGM_Bin2\.fa_prokka\/PROKKA_10312021\.gbf > EGM_Bin2\.fa_prokka\/PROKKA_10312021\.gbk
[21:59:11] Deleting unwanted file: EGM_Bin2.fa_prokka/PROKKA_10312021.gbf
[21:59:11] Output files:
[21:59:11] EGM_Bin2.fa_prokka/PROKKA_10312021.err
[21:59:11] EGM_Bin2.fa_prokka/PROKKA_10312021.faa
[21:59:11] EGM_Bin2.fa_prokka/PROKKA_10312021.ffn
[21:59:11] EGM_Bin2.fa_prokka/PROKKA_10312021.fna
[21:59:11] EGM_Bin2.fa_prokka/PROKKA_10312021.fsa
[21:59:11] EGM_Bin2.fa_prokka/PROKKA_10312021.gbk
[21:59:11] EGM_Bin2.fa_prokka/PROKKA_10312021.gff
[21:59:11] EGM_Bin2.fa_prokka/PROKKA_10312021.log
[21:59:11] EGM_Bin2.fa_prokka/PROKKA_10312021.sqn
[21:59:11] EGM_Bin2.fa_prokka/PROKKA_10312021.tbl
[21:59:11] EGM_Bin2.fa_prokka/PROKKA_10312021.tsv
[21:59:11] EGM_Bin2.fa_prokka/PROKKA_10312021.txt
[21:59:11] Annotation finished successfully.
[21:59:11] Walltime used: 39.27 minutes
[21:59:11] If you use this result please cite the Prokka paper:
[21:59:11] Seemann T (2014) Prokka: rapid prokaryotic genome annotation. Bioinformatics. 30(14):2068-9.
[21:59:11] Type 'prokka --citation' for more details.
[21:59:11] Thank you, come again.
