[20:13:39] This is prokka 1.14.6
[20:13:39] Written by Torsten Seemann <torsten.seemann@gmail.com>
[20:13:39] Homepage is https://github.com/tseemann/prokka
[20:13:39] Local time is Sun Oct 31 20:13:39 2021
[20:13:39] You are ylifc
[20:13:39] Operating system is linux
[20:13:39] You have BioPerl 1.007002
[20:13:39] System has 64 cores.
[20:13:39] Will use maximum of 64 cores.
[20:13:39] Annotating as >>> Bacteria <<<
[20:13:39] Generating locus_tag from 'AAA799-E16.fa' contents.
[20:13:39] Setting --locustag LCOKCIHG from MD5 5c84c2101409407336f9da89c84f6f15
[20:13:39] Enabling options to ensure Genbank/ENA/DDJB submission compliance.
[20:13:39] Creating new output folder: AAA799-E16.fa_prokka
[20:13:39] Running: mkdir -p AAA799\-E16\.fa_prokka
[20:13:39] Using filename prefix: PROKKA_10312021.XXX
[20:13:39] Setting HMMER_NCPU=1
[20:13:39] Writing log to: AAA799-E16.fa_prokka/PROKKA_10312021.log
[20:13:39] Command: /home/ylifc/miniconda2/envs/prokka/bin/prokka --cpus 0 --compliant --rfam AAA799-E16.fa --outdir AAA799-E16.fa_prokka
[20:13:39] Appending to PATH: /home/ylifc/miniconda2/envs/prokka/bin
[20:13:39] Looking for 'aragorn' - found /home/ylifc/miniconda2/envs/prokka/bin/aragorn
[20:13:39] Determined aragorn version is 001002 from 'ARAGORN v1.2.38 Dean Laslett'
[20:13:39] Looking for 'barrnap' - found /home/ylifc/miniconda2/envs/prokka/bin/barrnap
[20:13:39] Determined barrnap version is 000009 from 'barrnap 0.9'
[20:13:39] Looking for 'blastp' - found /home/ylifc/miniconda2/envs/prokka/bin/blastp
[20:13:41] Determined blastp version is 002012 from 'blastp: 2.12.0+'
[20:13:41] Looking for 'cmpress' - found /home/ylifc/miniconda2/envs/prokka/bin/cmpress
[20:13:41] Determined cmpress version is 001001 from '# INFERNAL 1.1.4 (Dec 2020)'
[20:13:41] Looking for 'cmscan' - found /home/ylifc/miniconda2/envs/prokka/bin/cmscan
[20:13:41] Determined cmscan version is 001001 from '# INFERNAL 1.1.4 (Dec 2020)'
[20:13:41] Looking for 'egrep' - found /bin/egrep
[20:13:41] Looking for 'find' - found /usr/bin/find
[20:13:41] Looking for 'grep' - found /bin/grep
[20:13:41] Looking for 'hmmpress' - found /home/ylifc/miniconda2/envs/prokka/bin/hmmpress
[20:13:41] Determined hmmpress version is 003003 from '# HMMER 3.3.2 (Nov 2020); http://hmmer.org/'
[20:13:41] Looking for 'hmmscan' - found /home/ylifc/miniconda2/envs/prokka/bin/hmmscan
[20:13:41] Determined hmmscan version is 003003 from '# HMMER 3.3.2 (Nov 2020); http://hmmer.org/'
[20:13:41] Looking for 'java' - found /home/ylifc/miniconda2/envs/prokka/bin/java
[20:13:41] Looking for 'makeblastdb' - found /home/ylifc/miniconda2/envs/prokka/bin/makeblastdb
[20:13:42] Determined makeblastdb version is 002012 from 'makeblastdb: 2.12.0+'
[20:13:42] Looking for 'minced' - found /home/ylifc/miniconda2/envs/prokka/bin/minced
[20:13:43] Determined minced version is 004002 from 'minced 0.4.2'
[20:13:43] Looking for 'parallel' - found /home/ylifc/miniconda2/envs/prokka/bin/parallel
[20:13:43] Determined parallel version is 20211022 from 'GNU parallel 20211022'
[20:13:43] Looking for 'prodigal' - found /home/ylifc/miniconda2/envs/prokka/bin/prodigal
[20:13:43] Determined prodigal version is 002006 from 'Prodigal V2.6.3: February, 2016'
[20:13:43] Looking for 'prokka-genbank_to_fasta_db' - found /home/ylifc/miniconda2/envs/prokka/bin/prokka-genbank_to_fasta_db
[20:13:43] Looking for 'sed' - found /bin/sed
[20:13:43] Looking for 'tbl2asn' - found /home/ylifc/miniconda2/envs/prokka/bin/tbl2asn
[20:13:43] Determined tbl2asn version is 025007 from 'tbl2asn 25.7   arguments:'
[20:13:43] Using genetic code table 11.
[20:13:43] Loading and checking input file: AAA799-E16.fa
[20:13:43] Wrote 167 contigs totalling 1415322 bp.
[20:13:43] Predicting tRNAs and tmRNAs
[20:13:43] Running: aragorn -l -gc11  -w AAA799\-E16\.fa_prokka\/PROKKA_10312021\.fna
[20:13:44] 1 tRNA-Met c[12803,12876] 35 (cat)
[20:13:44] 2 tRNA-Asp c[35914,35991] 37 (gtc)
[20:13:44] 3 tRNA-Lys [36088,36162] 35 (ttt)
[20:13:44] 4 tRNA-Ala c[57203,57277] 35 (ggc)
[20:13:44] 5 tRNA-Ser c[69032,69117] 36 (tga)
[20:13:44] 6 tRNA-Leu [81004,81091] 37 (tag)
[20:13:44] 1 tRNA-Arg c[32311,32385] 36 (tcg)
[20:13:44] 2 tRNA-Lys [40577,40651] 35 (ctt)
[20:13:44] 3 tRNA-Val [47664,47740] 37 (tac)
[20:13:44] 1 tRNA-Gly c[8115,8191] 36 (gcc)
[20:13:44] 2 tRNA-Glu c[12461,12535] 37 (ctc)
[20:13:44] 1 tRNA-Gly c[9861,9936] 37 (tcc)
[20:13:44] 1 tRNA-Val c[37493,37567] 35 (gac)
[20:13:44] 2 tRNA-Pro c[78626,78699] 35 (ggg)
[20:13:44] 1 tRNA-Val [25184,25279] 37 (cac)
[20:13:44] 2 tRNA-Thr [34429,34503] 36 (tgt)
[20:13:44] 1 tRNA-Leu c[66038,66124] 38 (gag)
[20:13:44] 1 tRNA-Met [9480,9555] 36 (cat)
[20:13:44] 1 tRNA-Gln c[9516,9588] 35 (ttg)
[20:13:44] 2 tRNA-Leu [16214,16300] 38 (cag)
[20:13:44] 1 tRNA-Gly c[1953,2026] 35 (ccc)
[20:13:44] 1 tRNA-Cys [4945,5016] 33 (gca)
[20:13:44] 2 tRNA-Thr c[9221,9294] 35 (cgt)
[20:13:44] 1 tRNA-Asn c[7822,7898] 35 (gtt)
[20:13:44] 1 tRNA-Pro c[1816,1892] 35 (tgg)
[20:13:44] 1 tRNA-Arg c[7477,7553] 36 (gcg)
[20:13:44] 1 tRNA-Arg c[1972,2048] 37 (tct)
[20:13:44] 2 tRNA-Met c[2093,2166] 35 (cat)
[20:13:44] 1 tRNA-His c[5569,5641] 34 (gtg)
[20:13:44] 1 tRNA-Ser [2987,3070] 34 (cga)
[20:13:44] 1 tRNA-Ala [2249,2321] 33 (cgc)
[20:13:44] 1 tRNA-Ser [1965,2051] 35 (gct)
[20:13:44] Found 32 tRNAs
[20:13:44] Predicting Ribosomal RNAs
[20:13:44] Running Barrnap with 64 threads
[20:13:48] 1 gnl|Prokka|LCOKCIHG_1 6200 5S ribosomal RNA
[20:13:48] 2 gnl|Prokka|LCOKCIHG_123 7 16S ribosomal RNA (partial)
[20:13:48] 3 gnl|Prokka|LCOKCIHG_22 14568 23S ribosomal RNA
[20:13:48] Found 3 rRNAs
[20:13:48] Scanning for ncRNAs... please be patient.
[20:13:48] Running: cmscan -Z 2.830644 --cut_ga --rfam --nohmmonly --fmt 2 --cpu 64 --tblout /dev/stdout -o /dev/null --noali /home/ylifc/miniconda2/envs/prokka/db/cm/Bacteria AAA799\-E16\.fa_prokka\/PROKKA_10312021\.fna
[20:20:45] 1 ncRNA 1 gnl|Prokka|LCOKCIHG_12 1..303
[20:20:45] 2 ncRNA 1 gnl|Prokka|LCOKCIHG_16 1..318
[20:20:46] Found 2 ncRNAs.
[20:20:46] Total of 35 tRNA + rRNA features
[20:20:46] Searching for CRISPR repeats
[20:20:47] Found 0 CRISPRs
[20:20:47] Predicting coding sequences
[20:20:47] Contigs total 1415322 bp, so using single mode
[20:20:47] Running: prodigal -i AAA799\-E16\.fa_prokka\/PROKKA_10312021\.fna -c -m -g 11 -p single -f sco -q
[20:20:50] Excluding CDS which overlaps existing RNA (tRNA) at gnl|Prokka|LCOKCIHG_1:56664..57203 on + strand
[20:20:51] Excluding CDS which overlaps existing RNA (tRNA) at gnl|Prokka|LCOKCIHG_13:9552..10907 on - strand
[20:20:51] Excluding CDS which overlaps existing RNA (rRNA) at gnl|Prokka|LCOKCIHG_22:14866..15054 on - strand
[20:20:51] Excluding CDS which overlaps existing RNA (rRNA) at gnl|Prokka|LCOKCIHG_22:15081..15512 on - strand
[20:20:51] Found 1804 CDS
[20:20:51] Connecting features back to sequences
[20:20:51] Not using genus-specific database. Try --usegenus to enable it.
[20:20:51] Annotating CDS, please be patient.
[20:20:51] Will use 64 CPUs for similarity searching.
[20:20:52] There are still 1804 unannotated CDS left (started with 1804)
[20:20:52] Will use blast to search against /home/ylifc/miniconda2/envs/prokka/db/kingdom/Bacteria/IS with 64 CPUs
[20:20:52] Running: cat AAA799\-E16\.fa_prokka\/PROKKA_10312021\.IS\.tmp\.30689\.faa | parallel --gnu --plain -j 64 --block 3261 --recstart '>' --pipe blastp -query - -db /home/ylifc/miniconda2/envs/prokka/db/kingdom/Bacteria/IS -evalue 1e-30 -qcov_hsp_perc 90 -num_threads 1 -num_descriptions 1 -num_alignments 1 -seg no > AAA799\-E16\.fa_prokka\/PROKKA_10312021\.IS\.tmp\.30689\.blast 2> /dev/null
[20:21:44] Deleting unwanted file: AAA799-E16.fa_prokka/PROKKA_10312021.IS.tmp.30689.faa
[20:21:44] Deleting unwanted file: AAA799-E16.fa_prokka/PROKKA_10312021.IS.tmp.30689.blast
[20:21:45] There are still 1803 unannotated CDS left (started with 1804)
[20:21:45] Will use blast to search against /home/ylifc/miniconda2/envs/prokka/db/kingdom/Bacteria/AMR with 64 CPUs
[20:21:45] Running: cat AAA799\-E16\.fa_prokka\/PROKKA_10312021\.AMR\.tmp\.30689\.faa | parallel --gnu --plain -j 64 --block 3259 --recstart '>' --pipe blastp -query - -db /home/ylifc/miniconda2/envs/prokka/db/kingdom/Bacteria/AMR -evalue 9.99999999999999e-301 -qcov_hsp_perc 90 -num_threads 1 -num_descriptions 1 -num_alignments 1 -seg no > AAA799\-E16\.fa_prokka\/PROKKA_10312021\.AMR\.tmp\.30689\.blast 2> /dev/null
[20:22:28] Deleting unwanted file: AAA799-E16.fa_prokka/PROKKA_10312021.AMR.tmp.30689.faa
[20:22:28] Deleting unwanted file: AAA799-E16.fa_prokka/PROKKA_10312021.AMR.tmp.30689.blast
[20:22:30] There are still 1803 unannotated CDS left (started with 1804)
[20:22:30] Will use blast to search against /home/ylifc/miniconda2/envs/prokka/db/kingdom/Bacteria/sprot with 64 CPUs
[20:22:30] Running: cat AAA799\-E16\.fa_prokka\/PROKKA_10312021\.sprot\.tmp\.30689\.faa | parallel --gnu --plain -j 64 --block 3259 --recstart '>' --pipe blastp -query - -db /home/ylifc/miniconda2/envs/prokka/db/kingdom/Bacteria/sprot -evalue 1e-09 -qcov_hsp_perc 80 -num_threads 1 -num_descriptions 1 -num_alignments 1 -seg no > AAA799\-E16\.fa_prokka\/PROKKA_10312021\.sprot\.tmp\.30689\.blast 2> /dev/null
[20:24:58] Modify product: UPF0051 protein SA0778 => hypothetical protein
[20:24:58] Modify product: UPF0051 protein SA0778 => hypothetical protein
[20:24:58] Modify product: Probable cysteine desulfurase => putative cysteine desulfurase
[20:24:58] Modify product: Uncharacterized amino acid permease YhdG => putative amino acid permease YhdG
[20:24:58] Modify product: NADH dehydrogenase-like protein SAOUHSC_00878 => NADH dehydrogenase-like protein
[20:24:58] Modify product: Uncharacterized oxidoreductase SA2266 => putative oxidoreductase
[20:24:58] Modify product: Probable oxidoreductase CT_610 => putative oxidoreductase CT_610
[20:24:58] Modify product: Probable dipeptidase PepE => putative dipeptidase PepE
[20:24:59] Modify product: Uncharacterized amino acid permease YhdG => putative amino acid permease YhdG
[20:24:59] Modify product: Putative universal stress protein SA1532 => Putative universal stress protein
[20:24:59] Modify product: Putative universal stress protein SA1532 => Putative universal stress protein
[20:24:59] Modify product: Uncharacterized membrane protein Rv0364 => putative membrane protein
[20:24:59] Modify product: NAD(P)H-dependent FAD/FMN reductase GTNG_3158 => NAD(P)H-dependent FAD/FMN reductase
[20:24:59] Modify product: Uncharacterized protein YedJ => putative protein YedJ
[20:24:59] Modify product: Uncharacterized protein MSMEG_2782/MSMEI_2713 => putative protein/MSMEI_2713
[20:24:59] Modify product: Probable membrane transporter protein YfcA => putative membrane transporter protein YfcA
[20:24:59] Modify product: Putative universal stress protein SA1532 => Putative universal stress protein
[20:24:59] Modify product: Putative universal stress protein SA1532 => Putative universal stress protein
[20:24:59] Modify product: Bifunctional protein FolD => Bifunctional protein FolD protein
[20:24:59] Modify product: Uncharacterized protein YqgN => putative protein YqgN
[20:24:59] Modify product: Uncharacterized oxidoreductase SA2266 => putative oxidoreductase
[20:24:59] Modify product: Phosphate-specific transport system accessory protein PhoU homolog => Phosphate-specific transport system accessory protein PhoU 
[20:24:59] Modify product: Probable protein kinase UbiB => putative protein kinase UbiB
[20:24:59] Modify product: Probable endonuclease 4 => putative endonuclease 4
[20:24:59] Modify product: Probable phosphite transport system-binding protein PtxB => putative phosphite transport system-binding protein PtxB
[20:24:59] Modify product: UPF0126 inner membrane protein YadS => hypothetical protein
[20:24:59] Modify product: Probable adenylyl-sulfate kinase => putative adenylyl-sulfate kinase
[20:24:59] Modify product: Probable dual-specificity RNA methyltransferase RlmN => putative dual-specificity RNA methyltransferase RlmN
[20:24:59] Modify product: Uncharacterized acyl-CoA thioester hydrolase HI_0827 => putative acyl-CoA thioester hydrolase
[20:24:59] Modify product: Uncharacterized metal-dependent hydrolase YjjV => putative metal-dependent hydrolase YjjV
[20:24:59] Modify product: Probable polyketide biosynthesis zinc-dependent hydrolase PksB => putative polyketide biosynthesis zinc-dependent hydrolase PksB
[20:25:00] Modify product: Probable bacterial non-heme ferritin => putative bacterial non-heme ferritin
[20:25:00] Modify product: Uncharacterized protein Rv2715 => putative protein
[20:25:00] Modify product: Putative peroxiredoxin Rv2521 => Putative peroxiredoxin
[20:25:00] Modify product: Uncharacterized protein HI_1163 => putative protein
[20:25:00] Modify product: NADH dehydrogenase-like protein SAOUHSC_00878 => NADH dehydrogenase-like protein
[20:25:00] Modify product: UPF0098 protein CT_736 => hypothetical protein
[20:25:00] Modify product: Probable UbiX-like flavin prenyltransferase => putative UbiX-like flavin prenyltransferase
[20:25:00] Modify product: Uncharacterized protein YisK => putative protein YisK
[20:25:00] Modify product: Uncharacterized protein YfgD => putative protein YfgD
[20:25:01] Cleaned 40 /product names
[20:25:01] Deleting unwanted file: AAA799-E16.fa_prokka/PROKKA_10312021.sprot.tmp.30689.faa
[20:25:01] Deleting unwanted file: AAA799-E16.fa_prokka/PROKKA_10312021.sprot.tmp.30689.blast
[20:25:02] There are still 1374 unannotated CDS left (started with 1804)
[20:25:02] Will use hmmer3 to search against /home/ylifc/miniconda2/envs/prokka/db/hmm/HAMAP.hmm with 64 CPUs
[20:25:02] Running: cat AAA799\-E16\.fa_prokka\/PROKKA_10312021\.HAMAP\.hmm\.tmp\.30689\.faa | parallel --gnu --plain -j 64 --block 2224 --recstart '>' --pipe hmmscan --noali --notextw --acc -E 1e-09 --cpu 1 /home/ylifc/miniconda2/envs/prokka/db/hmm/HAMAP.hmm /dev/stdin > AAA799\-E16\.fa_prokka\/PROKKA_10312021\.HAMAP\.hmm\.tmp\.30689\.hmmer3 2> /dev/null
[20:27:07] Modify product: Uncharacterized MFS-type transporter YcaD => putative MFS-type transporter YcaD
[20:27:08] Cleaned 1 /product names
[20:27:08] Deleting unwanted file: AAA799-E16.fa_prokka/PROKKA_10312021.HAMAP.hmm.tmp.30689.faa
[20:27:08] Deleting unwanted file: AAA799-E16.fa_prokka/PROKKA_10312021.HAMAP.hmm.tmp.30689.hmmer3
[20:27:08] Labelling remaining 1218 proteins as 'hypothetical protein'
[20:27:08] Possible /pseudo 'NAD(P)H-quinone oxidoreductase subunit 2, chloroplastic' at gnl|Prokka|LCOKCIHG_1 position 16109
[20:27:08] Possible /pseudo 'Ferredoxin-type protein NapF' at gnl|Prokka|LCOKCIHG_1 position 69848
[20:27:08] Possible /pseudo 'Decarbamoylnovobiocin carbamoyltransferase' at gnl|Prokka|LCOKCIHG_2 position 3190
[20:27:08] Possible /pseudo '2-isopropylmalate synthase' at gnl|Prokka|LCOKCIHG_7 position 25915
[20:27:08] Possible /pseudo 'L-lactate dehydrogenase' at gnl|Prokka|LCOKCIHG_8 position 43202
[20:27:08] Possible /pseudo 'D-inositol-3-phosphate glycosyltransferase' at gnl|Prokka|LCOKCIHG_16 position 38253
[20:27:08] Possible /pseudo 'Chromosome partition protein Smc' at gnl|Prokka|LCOKCIHG_17 position 21391
[20:27:08] Possible /pseudo '8-amino-7-oxononanoate synthase' at gnl|Prokka|LCOKCIHG_19 position 926
[20:27:08] Possible /pseudo 'FO synthase' at gnl|Prokka|LCOKCIHG_20 position 1380
[20:27:08] Possible /pseudo 'RNA-splicing ligase RtcB' at gnl|Prokka|LCOKCIHG_27 position 13712
[20:27:08] Possible /pseudo 'Ribonuclease PH' at gnl|Prokka|LCOKCIHG_47 position 4350
[20:27:08] Possible /pseudo '3-isopropylmalate dehydratase large subunit' at gnl|Prokka|LCOKCIHG_63 position 2133
[20:27:08] Possible /pseudo 'Methionine synthase' at gnl|Prokka|LCOKCIHG_71 position 1249
[20:27:08] Possible /pseudo 'Fumarate hydratase class II' at gnl|Prokka|LCOKCIHG_77 position 529
[20:27:08] Found 454 unique /gene codes.
[20:27:08] Fixed 2 duplicate /gene - ilvE_1 ilvE_2
[20:27:08] Fixed 2 duplicate /gene - ubiD_1 ubiD_2
[20:27:08] Fixed 5 duplicate /gene - xerC_1 xerC_2 xerC_3 xerC_4 xerC_5
[20:27:08] Fixed 4 duplicate /gene - vgb_1 vgb_2 vgb_3 vgb_4
[20:27:08] Fixed 2 duplicate /gene - recA_1 recA_2
[20:27:08] Fixed 2 duplicate /gene - fabG_1 fabG_2
[20:27:08] Fixed 2 duplicate /gene - nnr_1 nnr_2
[20:27:08] Fixed 2 duplicate /gene - napF_1 napF_2
[20:27:08] Fixed 2 duplicate /gene - sodA_1 sodA_2
[20:27:08] Fixed 2 duplicate /gene - bcp_1 bcp_2
[20:27:08] Fixed 2 duplicate /gene - pnp_1 pnp_2
[20:27:08] Fixed 2 duplicate /gene - gdhB_1 gdhB_2
[20:27:08] Fixed 2 duplicate /gene - groL_1 groL_2
[20:27:08] Fixed 2 duplicate /gene - mntR_1 mntR_2
[20:27:08] Fixed 2 duplicate /gene - guaA_1 guaA_2
[20:27:08] Fixed 2 duplicate /gene - nanM_1 nanM_2
[20:27:08] Fixed 2 duplicate /gene - tatA_1 tatA_2
[20:27:08] Fixed 2 duplicate /gene - nrgA_1 nrgA_2
[20:27:08] Fixed 2 duplicate /gene - cobD_1 cobD_2
[20:27:08] Fixed 2 duplicate /gene - valS_1 valS_2
[20:27:08] Fixed 2 duplicate /gene - thiI_1 thiI_2
[20:27:08] Fixed 2 duplicate /gene - fbiB_1 fbiB_2
[20:27:08] Fixed 2 duplicate /gene - ldh_1 ldh_2
[20:27:08] Fixed 4 duplicate /gene - teaD_1 teaD_2 teaD_3 teaD_4
[20:27:08] Fixed 3 duplicate /gene - ftsH_1 ftsH_2 ftsH_3
[20:27:08] Fixed 2 duplicate /gene - rep_1 rep_2
[20:27:08] Fixed 2 duplicate /gene - yhdG_1 yhdG_2
[20:27:08] Fixed 4 duplicate /gene - dnaJ_1 dnaJ_2 dnaJ_3 dnaJ_4
[20:27:08] Fixed 2 duplicate /gene - leuA_1 leuA_2
[20:27:08] Fixed 2 duplicate /gene - cugP_1 cugP_2
[20:27:08] Fixed 2 duplicate /gene - hrp1_1 hrp1_2
[20:27:08] Fixed 2 duplicate /gene - ccr_1 ccr_2
[20:27:08] Fixed 2 duplicate /gene - cysQ_1 cysQ_2
[20:27:08] Fixed 3 duplicate /gene - glnB_1 glnB_2 glnB_3
[20:27:08] Fixed 2 duplicate /gene - bioF_1 bioF_2
[20:27:08] Fixed 2 duplicate /gene - fpr_1 fpr_2
[20:27:08] Fixed 2 duplicate /gene - prcA_1 prcA_2
[20:27:08] Fixed 2 duplicate /gene - arnC_1 arnC_2
[20:27:08] Fixed 3 duplicate /gene - mshA_1 mshA_2 mshA_3
[20:27:08] Fixed 4 duplicate /gene - smc_1 smc_2 smc_3 smc_4
[20:27:08] Fixed 2 duplicate /gene - rph_1 rph_2
[20:27:08] Fixed 2 duplicate /gene - dbpA_1 dbpA_2
[20:27:08] Fixed 2 duplicate /gene - ppdK_1 ppdK_2
[20:27:08] Fixed 2 duplicate /gene - prcB_1 prcB_2
[20:27:08] Fixed 2 duplicate /gene - ndhB_1 ndhB_2
[20:27:08] Fixed 4 duplicate /gene - IMPDH_1 IMPDH_2 IMPDH_3 IMPDH_4
[20:27:08] Fixed 2 duplicate /gene - hemL_1 hemL_2
[20:27:08] Fixed 2 duplicate /gene - lrp_1 lrp_2
[20:27:08] Fixed 5 duplicate /gene - cheY_1 cheY_2 cheY_3 cheY_4 cheY_5
[20:27:08] Fixed 2 duplicate /gene - fbiC_1 fbiC_2
[20:27:08] Fixed 2 duplicate /gene - aqpZ2_1 aqpZ2_2
[20:27:08] Fixed 2 duplicate /gene - glnA_1 glnA_2
[20:27:08] Fixed 2 duplicate /gene - lysX_1 lysX_2
[20:27:08] Fixed 3 duplicate /gene - COQ5_1 COQ5_2 COQ5_3
[20:27:08] Fixed 3 duplicate /gene - rutE_1 rutE_2 rutE_3
[20:27:08] Fixed 2 duplicate /gene - hemA_1 hemA_2
[20:27:08] Fixed 2 duplicate /gene - fumC_1 fumC_2
[20:27:08] Fixed 2 duplicate /gene - metH_1 metH_2
[20:27:08] Fixed 2 duplicate /gene - algC_1 algC_2
[20:27:08] Fixed 2 duplicate /gene - rtcB_1 rtcB_2
[20:27:08] Fixed 2 duplicate /gene - novN_1 novN_2
[20:27:08] Fixed 2 duplicate /gene - vsr_1 vsr_2
[20:27:08] Fixed 3 duplicate /gene - leuC_1 leuC_2 leuC_3
[20:27:08] Fixed 4 duplicate /gene - sasA_1 sasA_2 sasA_3 sasA_4
[20:27:08] Fixed 4 duplicate /gene - thrB_1 thrB_2 thrB_3 thrB_4
[20:27:08] Fixed 5 duplicate /gene - petE_1 petE_2 petE_3 petE_4 petE_5
[20:27:08] Fixed 66 colliding /gene names.
[20:27:08] Adding /locus_tag identifiers
[20:27:08] Assigned 1841 locus_tags to CDS and RNA features.
[20:27:08] Writing outputs to AAA799-E16.fa_prokka/
[20:27:12] Generating annotation statistics file
[20:27:12] Generating Genbank and Sequin files
[20:27:12] Running: tbl2asn -V b -a r10k -l paired-ends -M n -N 1 -y 'Annotated using prokka 1.14.6 from https://github.com/tseemann/prokka' -Z AAA799\-E16\.fa_prokka\/PROKKA_10312021\.err -i AAA799\-E16\.fa_prokka\/PROKKA_10312021\.fsa 2> /dev/null
[20:27:26] Deleting unwanted file: AAA799-E16.fa_prokka/errorsummary.val
[20:27:26] Deleting unwanted file: AAA799-E16.fa_prokka/PROKKA_10312021.dr
[20:27:26] Deleting unwanted file: AAA799-E16.fa_prokka/PROKKA_10312021.fixedproducts
[20:27:26] Deleting unwanted file: AAA799-E16.fa_prokka/PROKKA_10312021.ecn
[20:27:26] Deleting unwanted file: AAA799-E16.fa_prokka/PROKKA_10312021.val
[20:27:26] Repairing broken .GBK output that tbl2asn produces...
[20:27:26] Running: sed 's/COORDINATES: profile/COORDINATES:profile/' < AAA799\-E16\.fa_prokka\/PROKKA_10312021\.gbf > AAA799\-E16\.fa_prokka\/PROKKA_10312021\.gbk
[20:27:26] Deleting unwanted file: AAA799-E16.fa_prokka/PROKKA_10312021.gbf
[20:27:26] Output files:
[20:27:26] AAA799-E16.fa_prokka/PROKKA_10312021.err
[20:27:26] AAA799-E16.fa_prokka/PROKKA_10312021.faa
[20:27:26] AAA799-E16.fa_prokka/PROKKA_10312021.ffn
[20:27:26] AAA799-E16.fa_prokka/PROKKA_10312021.fna
[20:27:26] AAA799-E16.fa_prokka/PROKKA_10312021.fsa
[20:27:26] AAA799-E16.fa_prokka/PROKKA_10312021.gbk
[20:27:26] AAA799-E16.fa_prokka/PROKKA_10312021.gff
[20:27:26] AAA799-E16.fa_prokka/PROKKA_10312021.log
[20:27:26] AAA799-E16.fa_prokka/PROKKA_10312021.sqn
[20:27:26] AAA799-E16.fa_prokka/PROKKA_10312021.tbl
[20:27:26] AAA799-E16.fa_prokka/PROKKA_10312021.tsv
[20:27:26] AAA799-E16.fa_prokka/PROKKA_10312021.txt
[20:27:26] Annotation finished successfully.
[20:27:26] Walltime used: 13.78 minutes
[20:27:26] If you use this result please cite the Prokka paper:
[20:27:26] Seemann T (2014) Prokka: rapid prokaryotic genome annotation. Bioinformatics. 30(14):2068-9.
[20:27:26] Type 'prokka --citation' for more details.
[20:27:26] Share and enjoy!
