[17:40:43] This is prokka 1.14.6
[17:40:43] Written by Torsten Seemann <torsten.seemann@gmail.com>
[17:40:43] Homepage is https://github.com/tseemann/prokka
[17:40:43] Local time is Tue Dec 21 17:40:43 2021
[17:40:43] You are ylifc
[17:40:43] Operating system is linux
[17:40:43] You have BioPerl 1.007002
[17:40:43] System has 64 cores.
[17:40:43] Will use maximum of 64 cores.
[17:40:43] Annotating as >>> Bacteria <<<
[17:40:43] Generating locus_tag from 'Nitrosopumilales_archaeon_strain_NPMR_NP_theta_5.fa' contents.
[17:40:43] Setting --locustag ICONNLDH from MD5 2c8775d13e2f83a3ccc4026b2ad9e05d
[17:40:43] Enabling options to ensure Genbank/ENA/DDJB submission compliance.
[17:40:43] Creating new output folder: Nitrosopumilales_archaeon_strain_NPMR_NP_theta_5_prokka
[17:40:43] Running: mkdir -p Nitrosopumilales_archaeon_strain_NPMR_NP_theta_5_prokka
[17:40:43] Using filename prefix: PROKKA_12212021.XXX
[17:40:43] Setting HMMER_NCPU=1
[17:40:43] Writing log to: Nitrosopumilales_archaeon_strain_NPMR_NP_theta_5_prokka/PROKKA_12212021.log
[17:40:43] Command: /home/ylifc/miniconda2/envs/prokka/bin/prokka --cpus 0 --compliant --rfam Nitrosopumilales_archaeon_strain_NPMR_NP_theta_5.fa --outdir Nitrosopumilales_archaeon_strain_NPMR_NP_theta_5_prokka
[17:40:43] Appending to PATH: /home/ylifc/miniconda2/envs/prokka/bin
[17:40:43] Looking for 'aragorn' - found /home/ylifc/miniconda2/envs/prokka/bin/aragorn
[17:40:43] Determined aragorn version is 001002 from 'ARAGORN v1.2.38 Dean Laslett'
[17:40:43] Looking for 'barrnap' - found /home/ylifc/miniconda2/envs/prokka/bin/barrnap
[17:40:43] Determined barrnap version is 000009 from 'barrnap 0.9'
[17:40:43] Looking for 'blastp' - found /home/ylifc/miniconda2/envs/prokka/bin/blastp
[17:40:45] Determined blastp version is 002012 from 'blastp: 2.12.0+'
[17:40:45] Looking for 'cmpress' - found /home/ylifc/miniconda2/envs/prokka/bin/cmpress
[17:40:45] Determined cmpress version is 001001 from '# INFERNAL 1.1.4 (Dec 2020)'
[17:40:45] Looking for 'cmscan' - found /home/ylifc/miniconda2/envs/prokka/bin/cmscan
[17:40:45] Determined cmscan version is 001001 from '# INFERNAL 1.1.4 (Dec 2020)'
[17:40:45] Looking for 'egrep' - found /bin/egrep
[17:40:45] Looking for 'find' - found /usr/bin/find
[17:40:45] Looking for 'grep' - found /bin/grep
[17:40:45] Looking for 'hmmpress' - found /home/ylifc/miniconda2/envs/prokka/bin/hmmpress
[17:40:45] Determined hmmpress version is 003003 from '# HMMER 3.3.2 (Nov 2020); http://hmmer.org/'
[17:40:45] Looking for 'hmmscan' - found /home/ylifc/miniconda2/envs/prokka/bin/hmmscan
[17:40:45] Determined hmmscan version is 003003 from '# HMMER 3.3.2 (Nov 2020); http://hmmer.org/'
[17:40:45] Looking for 'java' - found /home/ylifc/miniconda2/envs/prokka/bin/java
[17:40:45] Looking for 'makeblastdb' - found /home/ylifc/miniconda2/envs/prokka/bin/makeblastdb
[17:40:46] Determined makeblastdb version is 002012 from 'makeblastdb: 2.12.0+'
[17:40:46] Looking for 'minced' - found /home/ylifc/miniconda2/envs/prokka/bin/minced
[17:40:47] Determined minced version is 004002 from 'minced 0.4.2'
[17:40:47] Looking for 'parallel' - found /home/ylifc/miniconda2/envs/prokka/bin/parallel
[17:40:47] Determined parallel version is 20211022 from 'GNU parallel 20211022'
[17:40:47] Looking for 'prodigal' - found /home/ylifc/miniconda2/envs/prokka/bin/prodigal
[17:40:47] Determined prodigal version is 002006 from 'Prodigal V2.6.3: February, 2016'
[17:40:47] Looking for 'prokka-genbank_to_fasta_db' - found /home/ylifc/miniconda2/envs/prokka/bin/prokka-genbank_to_fasta_db
[17:40:47] Looking for 'sed' - found /bin/sed
[17:40:47] Looking for 'tbl2asn' - found /home/ylifc/miniconda2/envs/prokka/bin/tbl2asn
[17:40:47] Determined tbl2asn version is 025007 from 'tbl2asn 25.7   arguments:'
[17:40:47] Using genetic code table 11.
[17:40:47] Loading and checking input file: Nitrosopumilales_archaeon_strain_NPMR_NP_theta_5.fa
[17:40:47] Wrote 274 contigs totalling 697980 bp.
[17:40:47] Predicting tRNAs and tmRNAs
[17:40:47] Running: aragorn -l -gc11  -w Nitrosopumilales_archaeon_strain_NPMR_NP_theta_5_prokka\/PROKKA_12212021\.fna
[17:40:47] 1 tRNA-Gly c[10215,10288] 36 (gcc)
[17:40:47] 1 tRNA-Arg [11834,11909] 36 (tct)
[17:40:47] 1 tRNA-Met [3872,3945] 35 (cat)
[17:40:47] 1 tRNA-Ala c[1885,1957] 33 (cgc)
[17:40:47] 1 tRNA-Val c[4215,4291] 35 (gac)
[17:40:47] 1 tRNA-Asp c[3757,3834] 37 (gtc)
[17:40:47] 2 tRNA-Lys [3930,4004] 35 (ttt)
[17:40:47] 1 tRNA-Leu [4901,4987] 38 (cag)
[17:40:47] 1 tRNA-Gly [966,1040] 35 (tcc)
[17:40:47] 1 tRNA-Glu [4270,4345] 37 (ctc)
[17:40:47] 1 tRNA-Ser [2059,2145] 35 (gct)
[17:40:47] 1 tRNA-Gly [2531,2604] 35 (ccc)
[17:40:47] 1 tRNA-Ala c[460,533] 35 (tgc)
[17:40:47] tRNA [1200,1289] is a pseudo/wacky gene - skipping.
[17:40:47] 3 tRNA-Thr [2919,2992] 35 (ggt)
[17:40:47] 1 tRNA-Cys c[2574,2646] 33 (gca)
[17:40:48] 1 tRNA-Arg [1380,1454] 36 (tcg)
[17:40:48] 1 tRNA-Ala c[2132,2206] 35 (ggc)
[17:40:48] 1 tRNA-Thr [1518,1591] 35 (cgt)
[17:40:48] 1 tRNA-Thr c[1250,1327] 36 (tgt)
[17:40:48] 1 tRNA-Lys [1210,1284] 35 (ctt)
[17:40:48] 1 tRNA-Val [764,859] 36 (cac)
[17:40:48] 1 tRNA-Pro [705,780] 36 (ggg)
[17:40:48] Found 22 tRNAs
[17:40:48] Predicting Ribosomal RNAs
[17:40:48] Running Barrnap with 64 threads
[17:40:49] 1 gnl|Prokka|ICONNLDH_97 2130 5S ribosomal RNA
[17:40:49] Found 1 rRNAs
[17:40:49] Scanning for ncRNAs... please be patient.
[17:40:49] Running: cmscan -Z 1.39596 --cut_ga --rfam --nohmmonly --fmt 2 --cpu 64 --tblout /dev/stdout -o /dev/null --noali /home/ylifc/miniconda2/envs/prokka/db/cm/Bacteria Nitrosopumilales_archaeon_strain_NPMR_NP_theta_5_prokka\/PROKKA_12212021\.fna
[17:43:31] 1 ncRNA 1 gnl|Prokka|ICONNLDH_1 1..318
[17:43:31] 2 ncRNA 1 gnl|Prokka|ICONNLDH_77 1..303
[17:43:32] Found 2 ncRNAs.
[17:43:32] Total of 23 tRNA + rRNA features
[17:43:32] Searching for CRISPR repeats
[17:43:32] Found 0 CRISPRs
[17:43:32] Predicting coding sequences
[17:43:32] Contigs total 697980 bp, so using single mode
[17:43:32] Running: prodigal -i Nitrosopumilales_archaeon_strain_NPMR_NP_theta_5_prokka\/PROKKA_12212021\.fna -c -m -g 11 -p single -f sco -q
[17:43:34] Excluding CDS which overlaps existing RNA (tRNA) at gnl|Prokka|ICONNLDH_3:10214..10654 on + strand
[17:43:34] Excluding CDS which overlaps existing RNA (tRNA) at gnl|Prokka|ICONNLDH_98:1584..2132 on + strand
[17:43:34] Found 787 CDS
[17:43:34] Connecting features back to sequences
[17:43:34] Not using genus-specific database. Try --usegenus to enable it.
[17:43:34] Annotating CDS, please be patient.
[17:43:34] Will use 64 CPUs for similarity searching.
[17:43:35] There are still 787 unannotated CDS left (started with 787)
[17:43:35] Will use blast to search against /home/ylifc/miniconda2/envs/prokka/db/kingdom/Bacteria/IS with 64 CPUs
[17:43:35] Running: cat Nitrosopumilales_archaeon_strain_NPMR_NP_theta_5_prokka\/PROKKA_12212021\.IS\.tmp\.17393\.faa | parallel --gnu --plain -j 64 --block 1401 --recstart '>' --pipe blastp -query - -db /home/ylifc/miniconda2/envs/prokka/db/kingdom/Bacteria/IS -evalue 1e-30 -qcov_hsp_perc 90 -num_threads 1 -num_descriptions 1 -num_alignments 1 -seg no > Nitrosopumilales_archaeon_strain_NPMR_NP_theta_5_prokka\/PROKKA_12212021\.IS\.tmp\.17393\.blast 2> /dev/null
[17:43:48] Deleting unwanted file: Nitrosopumilales_archaeon_strain_NPMR_NP_theta_5_prokka/PROKKA_12212021.IS.tmp.17393.faa
[17:43:48] Deleting unwanted file: Nitrosopumilales_archaeon_strain_NPMR_NP_theta_5_prokka/PROKKA_12212021.IS.tmp.17393.blast
[17:43:48] There are still 787 unannotated CDS left (started with 787)
[17:43:48] Will use blast to search against /home/ylifc/miniconda2/envs/prokka/db/kingdom/Bacteria/AMR with 64 CPUs
[17:43:48] Running: cat Nitrosopumilales_archaeon_strain_NPMR_NP_theta_5_prokka\/PROKKA_12212021\.AMR\.tmp\.17393\.faa | parallel --gnu --plain -j 64 --block 1401 --recstart '>' --pipe blastp -query - -db /home/ylifc/miniconda2/envs/prokka/db/kingdom/Bacteria/AMR -evalue 9.99999999999999e-301 -qcov_hsp_perc 90 -num_threads 1 -num_descriptions 1 -num_alignments 1 -seg no > Nitrosopumilales_archaeon_strain_NPMR_NP_theta_5_prokka\/PROKKA_12212021\.AMR\.tmp\.17393\.blast 2> /dev/null
[17:44:00] Deleting unwanted file: Nitrosopumilales_archaeon_strain_NPMR_NP_theta_5_prokka/PROKKA_12212021.AMR.tmp.17393.faa
[17:44:00] Deleting unwanted file: Nitrosopumilales_archaeon_strain_NPMR_NP_theta_5_prokka/PROKKA_12212021.AMR.tmp.17393.blast
[17:44:01] There are still 787 unannotated CDS left (started with 787)
[17:44:01] Will use blast to search against /home/ylifc/miniconda2/envs/prokka/db/kingdom/Bacteria/sprot with 64 CPUs
[17:44:01] Running: cat Nitrosopumilales_archaeon_strain_NPMR_NP_theta_5_prokka\/PROKKA_12212021\.sprot\.tmp\.17393\.faa | parallel --gnu --plain -j 64 --block 1401 --recstart '>' --pipe blastp -query - -db /home/ylifc/miniconda2/envs/prokka/db/kingdom/Bacteria/sprot -evalue 1e-09 -qcov_hsp_perc 80 -num_threads 1 -num_descriptions 1 -num_alignments 1 -seg no > Nitrosopumilales_archaeon_strain_NPMR_NP_theta_5_prokka\/PROKKA_12212021\.sprot\.tmp\.17393\.blast 2> /dev/null
[17:44:26] Modify product: UPF0051 protein SA0778 => hypothetical protein
[17:44:26] Modify product: Probable cysteine desulfurase => putative cysteine desulfurase
[17:44:26] Modify product: UPF0051 protein SA0778 => hypothetical protein
[17:44:26] Modify product: Probable oxidoreductase CT_610 => putative oxidoreductase CT_610
[17:44:26] Modify product: NAD(P)H-dependent FAD/FMN reductase GTNG_3158 => NAD(P)H-dependent FAD/FMN reductase
[17:44:26] Modify product: Bifunctional protein FolD => Bifunctional protein FolD protein
[17:44:26] Modify product: Uncharacterized protein YqgN => putative protein YqgN
[17:44:26] Modify product: Uncharacterized protein YisK => putative protein YisK
[17:44:26] Modify product: Ribonuclease TTHA0252 => Ribonuclease
[17:44:26] Modify product: Probable undecaprenyl-phosphate N-acetylglucosaminyl 1-phosphate transferase => putative undecaprenyl-phosphate N-acetylglucosaminyl 1-phosphate transferase
[17:44:26] Modify product: Uncharacterized protein MSMEG_2782/MSMEI_2713 => putative protein/MSMEI_2713
[17:44:27] Modify product: UPF0053 protein HI_0107 => hypothetical protein
[17:44:27] Modify product: Uncharacterized oxidoreductase SA2266 => putative oxidoreductase
[17:44:27] Modify product: Uncharacterized protein YccU => putative protein YccU
[17:44:27] Modify product: Probable endonuclease 4 => putative endonuclease 4
[17:44:27] Modify product: Probable UbiX-like flavin prenyltransferase => putative UbiX-like flavin prenyltransferase
[17:44:27] Modify product: Uncharacterized oxidoreductase SA2266 => putative oxidoreductase
[17:44:27] Cleaned 17 /product names
[17:44:27] Deleting unwanted file: Nitrosopumilales_archaeon_strain_NPMR_NP_theta_5_prokka/PROKKA_12212021.sprot.tmp.17393.faa
[17:44:27] Deleting unwanted file: Nitrosopumilales_archaeon_strain_NPMR_NP_theta_5_prokka/PROKKA_12212021.sprot.tmp.17393.blast
[17:44:27] There are still 532 unannotated CDS left (started with 787)
[17:44:27] Will use hmmer3 to search against /home/ylifc/miniconda2/envs/prokka/db/hmm/HAMAP.hmm with 64 CPUs
[17:44:27] Running: cat Nitrosopumilales_archaeon_strain_NPMR_NP_theta_5_prokka\/PROKKA_12212021\.HAMAP\.hmm\.tmp\.17393\.faa | parallel --gnu --plain -j 64 --block 795 --recstart '>' --pipe hmmscan --noali --notextw --acc -E 1e-09 --cpu 1 /home/ylifc/miniconda2/envs/prokka/db/hmm/HAMAP.hmm /dev/stdin > Nitrosopumilales_archaeon_strain_NPMR_NP_theta_5_prokka\/PROKKA_12212021\.HAMAP\.hmm\.tmp\.17393\.hmmer3 2> /dev/null
[17:44:46] Deleting unwanted file: Nitrosopumilales_archaeon_strain_NPMR_NP_theta_5_prokka/PROKKA_12212021.HAMAP.hmm.tmp.17393.faa
[17:44:46] Deleting unwanted file: Nitrosopumilales_archaeon_strain_NPMR_NP_theta_5_prokka/PROKKA_12212021.HAMAP.hmm.tmp.17393.hmmer3
[17:44:46] Labelling remaining 464 proteins as 'hypothetical protein'
[17:44:46] Possible /pseudo '5-methyltetrahydropteroyltriglutamate--homocysteine methyltransferase' at gnl|Prokka|ICONNLDH_44 position 2608
[17:44:46] Possible /pseudo 'Amidophosphoribosyltransferase' at gnl|Prokka|ICONNLDH_45 position 3376
[17:44:46] Found 283 unique /gene codes.
[17:44:46] Fixed 2 duplicate /gene - dbpA_1 dbpA_2
[17:44:46] Fixed 2 duplicate /gene - cbiA_1 cbiA_2
[17:44:46] Fixed 2 duplicate /gene - ilvE_1 ilvE_2
[17:44:46] Fixed 2 duplicate /gene - hicd_1 hicd_2
[17:44:46] Fixed 2 duplicate /gene - guaA_1 guaA_2
[17:44:46] Fixed 2 duplicate /gene - nnr_1 nnr_2
[17:44:46] Fixed 2 duplicate /gene - purD_1 purD_2
[17:44:46] Fixed 2 duplicate /gene - dnaJ_1 dnaJ_2
[17:44:46] Fixed 2 duplicate /gene - asnC_1 asnC_2
[17:44:46] Fixed 2 duplicate /gene - metE_1 metE_2
[17:44:46] Fixed 2 duplicate /gene - purF_1 purF_2
[17:44:46] Fixed 2 duplicate /gene - aspS2_1 aspS2_2
[17:44:46] Fixed 2 duplicate /gene - lysZ_1 lysZ_2
[17:44:46] Fixed 2 duplicate /gene - cugP_1 cugP_2
[17:44:46] Fixed 2 duplicate /gene - ubiD_1 ubiD_2
[17:44:46] Fixed 2 duplicate /gene - leuA_1 leuA_2
[17:44:46] Fixed 2 duplicate /gene - ftsH_1 ftsH_2
[17:44:46] Fixed 2 duplicate /gene - rhdA_1 rhdA_2
[17:44:46] Fixed 2 duplicate /gene - lysX_1 lysX_2
[17:44:46] Fixed 3 duplicate /gene - ndhI_1 ndhI_2 ndhI_3
[17:44:46] Fixed 20 colliding /gene names.
[17:44:46] Adding /locus_tag identifiers
[17:44:46] Assigned 812 locus_tags to CDS and RNA features.
[17:44:46] Writing outputs to Nitrosopumilales_archaeon_strain_NPMR_NP_theta_5_prokka/
[17:44:48] Generating annotation statistics file
[17:44:48] Generating Genbank and Sequin files
[17:44:48] Running: tbl2asn -V b -a r10k -l paired-ends -M n -N 1 -y 'Annotated using prokka 1.14.6 from https://github.com/tseemann/prokka' -Z Nitrosopumilales_archaeon_strain_NPMR_NP_theta_5_prokka\/PROKKA_12212021\.err -i Nitrosopumilales_archaeon_strain_NPMR_NP_theta_5_prokka\/PROKKA_12212021\.fsa 2> /dev/null
[17:44:54] Deleting unwanted file: Nitrosopumilales_archaeon_strain_NPMR_NP_theta_5_prokka/errorsummary.val
[17:44:54] Deleting unwanted file: Nitrosopumilales_archaeon_strain_NPMR_NP_theta_5_prokka/PROKKA_12212021.dr
[17:44:54] Deleting unwanted file: Nitrosopumilales_archaeon_strain_NPMR_NP_theta_5_prokka/PROKKA_12212021.fixedproducts
[17:44:54] Deleting unwanted file: Nitrosopumilales_archaeon_strain_NPMR_NP_theta_5_prokka/PROKKA_12212021.ecn
[17:44:54] Deleting unwanted file: Nitrosopumilales_archaeon_strain_NPMR_NP_theta_5_prokka/PROKKA_12212021.val
[17:44:54] Repairing broken .GBK output that tbl2asn produces...
[17:44:54] Running: sed 's/COORDINATES: profile/COORDINATES:profile/' < Nitrosopumilales_archaeon_strain_NPMR_NP_theta_5_prokka\/PROKKA_12212021\.gbf > Nitrosopumilales_archaeon_strain_NPMR_NP_theta_5_prokka\/PROKKA_12212021\.gbk
[17:44:54] Deleting unwanted file: Nitrosopumilales_archaeon_strain_NPMR_NP_theta_5_prokka/PROKKA_12212021.gbf
[17:44:54] Output files:
[17:44:54] Nitrosopumilales_archaeon_strain_NPMR_NP_theta_5_prokka/PROKKA_12212021.err
[17:44:54] Nitrosopumilales_archaeon_strain_NPMR_NP_theta_5_prokka/PROKKA_12212021.faa
[17:44:54] Nitrosopumilales_archaeon_strain_NPMR_NP_theta_5_prokka/PROKKA_12212021.ffn
[17:44:54] Nitrosopumilales_archaeon_strain_NPMR_NP_theta_5_prokka/PROKKA_12212021.fna
[17:44:54] Nitrosopumilales_archaeon_strain_NPMR_NP_theta_5_prokka/PROKKA_12212021.fsa
[17:44:54] Nitrosopumilales_archaeon_strain_NPMR_NP_theta_5_prokka/PROKKA_12212021.gbk
[17:44:54] Nitrosopumilales_archaeon_strain_NPMR_NP_theta_5_prokka/PROKKA_12212021.gff
[17:44:54] Nitrosopumilales_archaeon_strain_NPMR_NP_theta_5_prokka/PROKKA_12212021.log
[17:44:54] Nitrosopumilales_archaeon_strain_NPMR_NP_theta_5_prokka/PROKKA_12212021.sqn
[17:44:54] Nitrosopumilales_archaeon_strain_NPMR_NP_theta_5_prokka/PROKKA_12212021.tbl
[17:44:54] Nitrosopumilales_archaeon_strain_NPMR_NP_theta_5_prokka/PROKKA_12212021.tsv
[17:44:54] Nitrosopumilales_archaeon_strain_NPMR_NP_theta_5_prokka/PROKKA_12212021.txt
[17:44:54] Annotation finished successfully.
[17:44:54] Walltime used: 4.18 minutes
[17:44:54] If you use this result please cite the Prokka paper:
[17:44:54] Seemann T (2014) Prokka: rapid prokaryotic genome annotation. Bioinformatics. 30(14):2068-9.
[17:44:54] Type 'prokka --citation' for more details.
[17:44:54] Share and enjoy!
