[21:10:52] This is prokka 1.14.6
[21:10:52] Written by Torsten Seemann <torsten.seemann@gmail.com>
[21:10:52] Homepage is https://github.com/tseemann/prokka
[21:10:52] Local time is Sun Oct 31 21:10:52 2021
[21:10:52] You are ylifc
[21:10:52] Operating system is linux
[21:10:52] You have BioPerl 1.007002
[21:10:52] System has 64 cores.
[21:10:52] Will use maximum of 64 cores.
[21:10:52] Annotating as >>> Bacteria <<<
[21:10:52] Generating locus_tag from 'Nitrososphaerales_archaeon_UBA213.fa' contents.
[21:10:52] Setting --locustag JDLIPBCA from MD5 3d529bca2aab7818cf58abd395daf995
[21:10:52] Enabling options to ensure Genbank/ENA/DDJB submission compliance.
[21:10:52] Creating new output folder: Nitrososphaerales_archaeon_UBA213.fa_prokka
[21:10:52] Running: mkdir -p Nitrososphaerales_archaeon_UBA213\.fa_prokka
[21:10:52] Using filename prefix: PROKKA_10312021.XXX
[21:10:52] Setting HMMER_NCPU=1
[21:10:52] Writing log to: Nitrososphaerales_archaeon_UBA213.fa_prokka/PROKKA_10312021.log
[21:10:52] Command: /home/ylifc/miniconda2/envs/prokka/bin/prokka --cpus 0 --compliant --rfam Nitrososphaerales_archaeon_UBA213.fa --outdir Nitrososphaerales_archaeon_UBA213.fa_prokka
[21:10:52] Appending to PATH: /home/ylifc/miniconda2/envs/prokka/bin
[21:10:52] Looking for 'aragorn' - found /home/ylifc/miniconda2/envs/prokka/bin/aragorn
[21:10:52] Determined aragorn version is 001002 from 'ARAGORN v1.2.38 Dean Laslett'
[21:10:52] Looking for 'barrnap' - found /home/ylifc/miniconda2/envs/prokka/bin/barrnap
[21:10:52] Determined barrnap version is 000009 from 'barrnap 0.9'
[21:10:52] Looking for 'blastp' - found /home/ylifc/miniconda2/envs/prokka/bin/blastp
[21:10:53] Determined blastp version is 002012 from 'blastp: 2.12.0+'
[21:10:53] Looking for 'cmpress' - found /home/ylifc/miniconda2/envs/prokka/bin/cmpress
[21:10:53] Determined cmpress version is 001001 from '# INFERNAL 1.1.4 (Dec 2020)'
[21:10:53] Looking for 'cmscan' - found /home/ylifc/miniconda2/envs/prokka/bin/cmscan
[21:10:53] Determined cmscan version is 001001 from '# INFERNAL 1.1.4 (Dec 2020)'
[21:10:53] Looking for 'egrep' - found /bin/egrep
[21:10:53] Looking for 'find' - found /usr/bin/find
[21:10:53] Looking for 'grep' - found /bin/grep
[21:10:53] Looking for 'hmmpress' - found /home/ylifc/miniconda2/envs/prokka/bin/hmmpress
[21:10:53] Determined hmmpress version is 003003 from '# HMMER 3.3.2 (Nov 2020); http://hmmer.org/'
[21:10:53] Looking for 'hmmscan' - found /home/ylifc/miniconda2/envs/prokka/bin/hmmscan
[21:10:53] Determined hmmscan version is 003003 from '# HMMER 3.3.2 (Nov 2020); http://hmmer.org/'
[21:10:53] Looking for 'java' - found /home/ylifc/miniconda2/envs/prokka/bin/java
[21:10:53] Looking for 'makeblastdb' - found /home/ylifc/miniconda2/envs/prokka/bin/makeblastdb
[21:10:55] Determined makeblastdb version is 002012 from 'makeblastdb: 2.12.0+'
[21:10:55] Looking for 'minced' - found /home/ylifc/miniconda2/envs/prokka/bin/minced
[21:10:56] Determined minced version is 004002 from 'minced 0.4.2'
[21:10:56] Looking for 'parallel' - found /home/ylifc/miniconda2/envs/prokka/bin/parallel
[21:10:56] Determined parallel version is 20211022 from 'GNU parallel 20211022'
[21:10:56] Looking for 'prodigal' - found /home/ylifc/miniconda2/envs/prokka/bin/prodigal
[21:10:56] Determined prodigal version is 002006 from 'Prodigal V2.6.3: February, 2016'
[21:10:56] Looking for 'prokka-genbank_to_fasta_db' - found /home/ylifc/miniconda2/envs/prokka/bin/prokka-genbank_to_fasta_db
[21:10:56] Looking for 'sed' - found /bin/sed
[21:10:56] Looking for 'tbl2asn' - found /home/ylifc/miniconda2/envs/prokka/bin/tbl2asn
[21:10:56] Determined tbl2asn version is 025007 from 'tbl2asn 25.7   arguments:'
[21:10:56] Using genetic code table 11.
[21:10:56] Loading and checking input file: Nitrososphaerales_archaeon_UBA213.fa
[21:10:56] Wrote 150 contigs totalling 1235054 bp.
[21:10:56] Predicting tRNAs and tmRNAs
[21:10:56] Running: aragorn -l -gc11  -w Nitrososphaerales_archaeon_UBA213\.fa_prokka\/PROKKA_10312021\.fna
[21:10:57] 1 tRNA-Ala [7703,7775] 34 (cgc)
[21:10:57] 1 tRNA-Gly c[1546,1644] 35 (ccc)
[21:10:57] 1 tRNA-Val [1805,1879] 35 (tac)
[21:10:57] tRNA c[19123,19220] is a pseudo/wacky gene - skipping.
[21:10:57] 1 tRNA-Pro [28028,28116] 37 (ggg)
[21:10:57] 1 tRNA-Asn c[3728,3815] 34 (gtt)
[21:10:57] 1 tRNA-His [2927,2998] 33 (gtg)
[21:10:57] 1 tRNA-Thr [22,94] 34 (ggt)
[21:10:57] 2 tRNA-Gln c[4690,4781] 39 (ttg)
[21:10:57] 1 tRNA-Gly c[25687,25761] 38 (tcc)
[21:10:57] 1 tRNA-Pro [5080,5155] 36 (ggg)
[21:10:57] 1 tRNA-Glu [1815,1891] 37 (ctc)
[21:10:57] 2 tRNA-Gly [4433,4506] 36 (gcc)
[21:10:57] 1 tRNA-His c[2758,2831] 34 (gtg)
[21:10:57] 1 tRNA-Cys c[1330,1401] 33 (gca)
[21:10:57] Found 14 tRNAs
[21:10:57] Predicting Ribosomal RNAs
[21:10:57] Running Barrnap with 64 threads
[21:10:59] 1 gnl|Prokka|JDLIPBCA_119 913 5S ribosomal RNA
[21:10:59] Found 1 rRNAs
[21:10:59] Scanning for ncRNAs... please be patient.
[21:10:59] Running: cmscan -Z 2.470108 --cut_ga --rfam --nohmmonly --fmt 2 --cpu 64 --tblout /dev/stdout -o /dev/null --noali /home/ylifc/miniconda2/envs/prokka/db/cm/Bacteria Nitrososphaerales_archaeon_UBA213\.fa_prokka\/PROKKA_10312021\.fna
[21:15:31] 1 ncRNA 1 gnl|Prokka|JDLIPBCA_24 1..318
[21:15:31] Found 1 ncRNAs.
[21:15:31] Total of 15 tRNA + rRNA features
[21:15:31] Searching for CRISPR repeats
[21:15:33] Found 0 CRISPRs
[21:15:33] Predicting coding sequences
[21:15:33] Contigs total 1235054 bp, so using single mode
[21:15:33] Running: prodigal -i Nitrososphaerales_archaeon_UBA213\.fa_prokka\/PROKKA_10312021\.fna -c -m -g 11 -p single -f sco -q
[21:15:35] Excluding CDS which overlaps existing RNA (tRNA) at gnl|Prokka|JDLIPBCA_27:1541..1723 on + strand
[21:15:35] Excluding CDS which overlaps existing RNA (tRNA) at gnl|Prokka|JDLIPBCA_111:1891..2967 on - strand
[21:15:36] Found 1328 CDS
[21:15:36] Connecting features back to sequences
[21:15:36] Not using genus-specific database. Try --usegenus to enable it.
[21:15:36] Annotating CDS, please be patient.
[21:15:36] Will use 64 CPUs for similarity searching.
[21:15:37] There are still 1328 unannotated CDS left (started with 1328)
[21:15:37] Will use blast to search against /home/ylifc/miniconda2/envs/prokka/db/kingdom/Bacteria/IS with 64 CPUs
[21:15:37] Running: cat Nitrososphaerales_archaeon_UBA213\.fa_prokka\/PROKKA_10312021\.IS\.tmp\.32474\.faa | parallel --gnu --plain -j 64 --block 2519 --recstart '>' --pipe blastp -query - -db /home/ylifc/miniconda2/envs/prokka/db/kingdom/Bacteria/IS -evalue 1e-30 -qcov_hsp_perc 90 -num_threads 1 -num_descriptions 1 -num_alignments 1 -seg no > Nitrososphaerales_archaeon_UBA213\.fa_prokka\/PROKKA_10312021\.IS\.tmp\.32474\.blast 2> /dev/null
[21:16:17] Deleting unwanted file: Nitrososphaerales_archaeon_UBA213.fa_prokka/PROKKA_10312021.IS.tmp.32474.faa
[21:16:17] Deleting unwanted file: Nitrososphaerales_archaeon_UBA213.fa_prokka/PROKKA_10312021.IS.tmp.32474.blast
[21:16:18] There are still 1328 unannotated CDS left (started with 1328)
[21:16:18] Will use blast to search against /home/ylifc/miniconda2/envs/prokka/db/kingdom/Bacteria/AMR with 64 CPUs
[21:16:18] Running: cat Nitrososphaerales_archaeon_UBA213\.fa_prokka\/PROKKA_10312021\.AMR\.tmp\.32474\.faa | parallel --gnu --plain -j 64 --block 2519 --recstart '>' --pipe blastp -query - -db /home/ylifc/miniconda2/envs/prokka/db/kingdom/Bacteria/AMR -evalue 9.99999999999999e-301 -qcov_hsp_perc 90 -num_threads 1 -num_descriptions 1 -num_alignments 1 -seg no > Nitrososphaerales_archaeon_UBA213\.fa_prokka\/PROKKA_10312021\.AMR\.tmp\.32474\.blast 2> /dev/null
[21:16:56] Deleting unwanted file: Nitrososphaerales_archaeon_UBA213.fa_prokka/PROKKA_10312021.AMR.tmp.32474.faa
[21:16:56] Deleting unwanted file: Nitrososphaerales_archaeon_UBA213.fa_prokka/PROKKA_10312021.AMR.tmp.32474.blast
[21:16:57] There are still 1328 unannotated CDS left (started with 1328)
[21:16:57] Will use blast to search against /home/ylifc/miniconda2/envs/prokka/db/kingdom/Bacteria/sprot with 64 CPUs
[21:16:57] Running: cat Nitrososphaerales_archaeon_UBA213\.fa_prokka\/PROKKA_10312021\.sprot\.tmp\.32474\.faa | parallel --gnu --plain -j 64 --block 2519 --recstart '>' --pipe blastp -query - -db /home/ylifc/miniconda2/envs/prokka/db/kingdom/Bacteria/sprot -evalue 1e-09 -qcov_hsp_perc 80 -num_threads 1 -num_descriptions 1 -num_alignments 1 -seg no > Nitrososphaerales_archaeon_UBA213\.fa_prokka\/PROKKA_10312021\.sprot\.tmp\.32474\.blast 2> /dev/null
[21:18:51] Modify product: UPF0173 metal-dependent hydrolase TM_1162 => hypothetical protein
[21:18:51] Modify product: Uncharacterized protein YqgN => putative protein YqgN
[21:18:51] Modify product: Bifunctional protein FolD => Bifunctional protein FolD protein
[21:18:51] Modify product: Dihydroorotate dehydrogenase B (NAD(+)), electron transfer subunit homolog => Dihydroorotate dehydrogenase B (NAD(+)), electron transfer subunit 
[21:18:51] Modify product: Uncharacterized protein YccU => putative protein YccU
[21:18:51] Modify product: Uncharacterized protein HI_1163 => putative protein
[21:18:51] Modify product: Putative coenzyme F420-dependent oxidoreductase Rv3520c => Putative coenzyme F420-dependent oxidoreductase
[21:18:51] Modify product: Uncharacterized protein MSMEG_2782/MSMEI_2713 => putative protein/MSMEI_2713
[21:18:51] Modify product: Probable protein kinase UbiB => putative protein kinase UbiB
[21:18:51] Modify product: Uncharacterized ABC transporter ATP-binding protein YknY => putative ABC transporter ATP-binding protein YknY
[21:18:51] Modify product: Uncharacterized protein HI_1048 => putative protein
[21:18:52] Modify product: Probable UbiX-like flavin prenyltransferase => putative UbiX-like flavin prenyltransferase
[21:18:52] Modify product: Probable GTPase Rv1496 => putative GTPase
[21:18:52] Modify product: Probable nicotinate-nucleotide pyrophosphorylase [carboxylating] => putative nicotinate-nucleotide pyrophosphorylase [carboxylating]
[21:18:52] Modify product: Probable peptidyl-prolyl cis-trans isomerase => putative peptidyl-prolyl cis-trans isomerase
[21:18:52] Modify product: Probable N-acetyl-LL-diaminopimelate aminotransferase => putative N-acetyl-LL-diaminopimelate aminotransferase
[21:18:52] Modify product: Putative phosphoribosyl transferase Rv0571c => Putative phosphoribosyl transferase
[21:18:52] Modify product: UPF0051 protein SA0778 => hypothetical protein
[21:18:52] Modify product: UPF0051 protein SA0778 => hypothetical protein
[21:18:52] Modify product: UPF0051 protein SA0778 => hypothetical protein
[21:18:52] Modify product: Ribonuclease TTHA0252 => Ribonuclease
[21:18:52] Modify product: Probable endonuclease 4 => putative endonuclease 4
[21:18:52] Modify product: Probable glycine dehydrogenase (decarboxylating) subunit 2 => putative glycine dehydrogenase (decarboxylating) subunit 2
[21:18:52] Modify product: Probable glycine dehydrogenase (decarboxylating) subunit 1 => putative glycine dehydrogenase (decarboxylating) subunit 1
[21:18:52] Modify product: Uncharacterized protein Rv0959 => putative protein
[21:18:52] Modify product: Putative coenzyme F420-dependent oxidoreductase Rv3520c => Putative coenzyme F420-dependent oxidoreductase
[21:18:53] Modify product: Nucleotidase CA_C3379 => Nucleotidase
[21:18:53] Modify product: Uncharacterized metal-dependent hydrolase YcfH => putative metal-dependent hydrolase YcfH
[21:18:53] Cleaned 28 /product names
[21:18:53] Deleting unwanted file: Nitrososphaerales_archaeon_UBA213.fa_prokka/PROKKA_10312021.sprot.tmp.32474.faa
[21:18:53] Deleting unwanted file: Nitrososphaerales_archaeon_UBA213.fa_prokka/PROKKA_10312021.sprot.tmp.32474.blast
[21:18:53] There are still 968 unannotated CDS left (started with 1328)
[21:18:53] Will use hmmer3 to search against /home/ylifc/miniconda2/envs/prokka/db/hmm/HAMAP.hmm with 64 CPUs
[21:18:53] Running: cat Nitrososphaerales_archaeon_UBA213\.fa_prokka\/PROKKA_10312021\.HAMAP\.hmm\.tmp\.32474\.faa | parallel --gnu --plain -j 64 --block 1590 --recstart '>' --pipe hmmscan --noali --notextw --acc -E 1e-09 --cpu 1 /home/ylifc/miniconda2/envs/prokka/db/hmm/HAMAP.hmm /dev/stdin > Nitrososphaerales_archaeon_UBA213\.fa_prokka\/PROKKA_10312021\.HAMAP\.hmm\.tmp\.32474\.hmmer3 2> /dev/null
[21:20:28] Modify product: Uncharacterized Nudix hydrolase NudL => putative Nudix hydrolase NudL
[21:20:28] Cleaned 1 /product names
[21:20:28] Deleting unwanted file: Nitrososphaerales_archaeon_UBA213.fa_prokka/PROKKA_10312021.HAMAP.hmm.tmp.32474.faa
[21:20:28] Deleting unwanted file: Nitrososphaerales_archaeon_UBA213.fa_prokka/PROKKA_10312021.HAMAP.hmm.tmp.32474.hmmer3
[21:20:28] Labelling remaining 843 proteins as 'hypothetical protein'
[21:20:28] Possible /pseudo 'Ribonuclease PH' at gnl|Prokka|JDLIPBCA_56 position 1409
[21:20:28] Possible /pseudo 'FO synthase' at gnl|Prokka|JDLIPBCA_60 position 15106
[21:20:28] Possible /pseudo 'NAD(P)H-quinone oxidoreductase subunit 2, chloroplastic' at gnl|Prokka|JDLIPBCA_61 position 2407
[21:20:28] Possible /pseudo '5-methyltetrahydropteroyltriglutamate--homocysteine methyltransferase' at gnl|Prokka|JDLIPBCA_120 position 4340
[21:20:28] Found 394 unique /gene codes.
[21:20:28] Fixed 3 duplicate /gene - dbpA_1 dbpA_2 dbpA_3
[21:20:28] Fixed 2 duplicate /gene - btuD_1 btuD_2
[21:20:28] Fixed 2 duplicate /gene - pyrH_1 pyrH_2
[21:20:28] Fixed 2 duplicate /gene - recA_1 recA_2
[21:20:28] Fixed 2 duplicate /gene - asnS_1 asnS_2
[21:20:28] Fixed 2 duplicate /gene - sufS_1 sufS_2
[21:20:28] Fixed 2 duplicate /gene - ubiD_1 ubiD_2
[21:20:28] Fixed 3 duplicate /gene - resA_1 resA_2 resA_3
[21:20:28] Fixed 2 duplicate /gene - ndhB_1 ndhB_2
[21:20:28] Fixed 3 duplicate /gene - nfo_1 nfo_2 nfo_3
[21:20:28] Fixed 2 duplicate /gene - metE_1 metE_2
[21:20:28] Fixed 2 duplicate /gene - cpdA_1 cpdA_2
[21:20:28] Fixed 2 duplicate /gene - rph_1 rph_2
[21:20:28] Fixed 2 duplicate /gene - lysX_1 lysX_2
[21:20:28] Fixed 2 duplicate /gene - prcB_1 prcB_2
[21:20:28] Fixed 2 duplicate /gene - guaA_1 guaA_2
[21:20:28] Fixed 4 duplicate /gene - ftsH_1 ftsH_2 ftsH_3 ftsH_4
[21:20:28] Fixed 2 duplicate /gene - smc_1 smc_2
[21:20:28] Fixed 3 duplicate /gene - groL_1 groL_2 groL_3
[21:20:28] Fixed 2 duplicate /gene - ctaB_1 ctaB_2
[21:20:28] Fixed 2 duplicate /gene - fbiC_1 fbiC_2
[21:20:28] Fixed 2 duplicate /gene - mntR_1 mntR_2
[21:20:28] Fixed 2 duplicate /gene - nadK_1 nadK_2
[21:20:28] Fixed 2 duplicate /gene - queC_1 queC_2
[21:20:28] Fixed 3 duplicate /gene - thrB_1 thrB_2 thrB_3
[21:20:28] Fixed 2 duplicate /gene - asnB_1 asnB_2
[21:20:28] Fixed 2 duplicate /gene - hldE_1 hldE_2
[21:20:28] Fixed 2 duplicate /gene - ino1_1 ino1_2
[21:20:28] Fixed 2 duplicate /gene - gcvT_1 gcvT_2
[21:20:28] Fixed 2 duplicate /gene - vgb_1 vgb_2
[21:20:28] Fixed 2 duplicate /gene - sat_1 sat_2
[21:20:28] Fixed 2 duplicate /gene - rhdA_1 rhdA_2
[21:20:28] Fixed 2 duplicate /gene - mcm_1 mcm_2
[21:20:28] Fixed 3 duplicate /gene - adh_1 adh_2 adh_3
[21:20:28] Fixed 3 duplicate /gene - tldD_1 tldD_2 tldD_3
[21:20:28] Fixed 2 duplicate /gene - cas1_1 cas1_2
[21:20:28] Fixed 2 duplicate /gene - cugP_1 cugP_2
[21:20:28] Fixed 2 duplicate /gene - fabG_1 fabG_2
[21:20:28] Fixed 2 duplicate /gene - valS_1 valS_2
[21:20:28] Fixed 3 duplicate /gene - rnj_1 rnj_2 rnj_3
[21:20:28] Fixed 2 duplicate /gene - leuA_1 leuA_2
[21:20:28] Fixed 2 duplicate /gene - lrp_1 lrp_2
[21:20:28] Fixed 42 colliding /gene names.
[21:20:28] Adding /locus_tag identifiers
[21:20:28] Assigned 1344 locus_tags to CDS and RNA features.
[21:20:28] Writing outputs to Nitrososphaerales_archaeon_UBA213.fa_prokka/
[21:20:31] Generating annotation statistics file
[21:20:31] Generating Genbank and Sequin files
[21:20:31] Running: tbl2asn -V b -a r10k -l paired-ends -M n -N 1 -y 'Annotated using prokka 1.14.6 from https://github.com/tseemann/prokka' -Z Nitrososphaerales_archaeon_UBA213\.fa_prokka\/PROKKA_10312021\.err -i Nitrososphaerales_archaeon_UBA213\.fa_prokka\/PROKKA_10312021\.fsa 2> /dev/null
[21:20:41] Deleting unwanted file: Nitrososphaerales_archaeon_UBA213.fa_prokka/errorsummary.val
[21:20:41] Deleting unwanted file: Nitrososphaerales_archaeon_UBA213.fa_prokka/PROKKA_10312021.dr
[21:20:41] Deleting unwanted file: Nitrososphaerales_archaeon_UBA213.fa_prokka/PROKKA_10312021.fixedproducts
[21:20:41] Deleting unwanted file: Nitrososphaerales_archaeon_UBA213.fa_prokka/PROKKA_10312021.ecn
[21:20:41] Deleting unwanted file: Nitrososphaerales_archaeon_UBA213.fa_prokka/PROKKA_10312021.val
[21:20:41] Repairing broken .GBK output that tbl2asn produces...
[21:20:41] Running: sed 's/COORDINATES: profile/COORDINATES:profile/' < Nitrososphaerales_archaeon_UBA213\.fa_prokka\/PROKKA_10312021\.gbf > Nitrososphaerales_archaeon_UBA213\.fa_prokka\/PROKKA_10312021\.gbk
[21:20:41] Deleting unwanted file: Nitrososphaerales_archaeon_UBA213.fa_prokka/PROKKA_10312021.gbf
[21:20:41] Output files:
[21:20:41] Nitrososphaerales_archaeon_UBA213.fa_prokka/PROKKA_10312021.err
[21:20:41] Nitrososphaerales_archaeon_UBA213.fa_prokka/PROKKA_10312021.faa
[21:20:41] Nitrososphaerales_archaeon_UBA213.fa_prokka/PROKKA_10312021.ffn
[21:20:41] Nitrososphaerales_archaeon_UBA213.fa_prokka/PROKKA_10312021.fna
[21:20:41] Nitrososphaerales_archaeon_UBA213.fa_prokka/PROKKA_10312021.fsa
[21:20:41] Nitrososphaerales_archaeon_UBA213.fa_prokka/PROKKA_10312021.gbk
[21:20:41] Nitrososphaerales_archaeon_UBA213.fa_prokka/PROKKA_10312021.gff
[21:20:41] Nitrososphaerales_archaeon_UBA213.fa_prokka/PROKKA_10312021.log
[21:20:41] Nitrososphaerales_archaeon_UBA213.fa_prokka/PROKKA_10312021.sqn
[21:20:41] Nitrososphaerales_archaeon_UBA213.fa_prokka/PROKKA_10312021.tbl
[21:20:41] Nitrososphaerales_archaeon_UBA213.fa_prokka/PROKKA_10312021.tsv
[21:20:41] Nitrososphaerales_archaeon_UBA213.fa_prokka/PROKKA_10312021.txt
[21:20:41] Annotation finished successfully.
[21:20:41] Walltime used: 9.82 minutes
[21:20:41] If you use this result please cite the Prokka paper:
[21:20:41] Seemann T (2014) Prokka: rapid prokaryotic genome annotation. Bioinformatics. 30(14):2068-9.
[21:20:41] Type 'prokka --citation' for more details.
[21:20:41] Share and enjoy!
