[20:27:26] This is prokka 1.14.6
[20:27:26] Written by Torsten Seemann <torsten.seemann@gmail.com>
[20:27:26] Homepage is https://github.com/tseemann/prokka
[20:27:26] Local time is Sun Oct 31 20:27:26 2021
[20:27:26] You are ylifc
[20:27:26] Operating system is linux
[20:27:26] You have BioPerl 1.007002
[20:27:26] System has 64 cores.
[20:27:26] Will use maximum of 64 cores.
[20:27:26] Annotating as >>> Bacteria <<<
[20:27:26] Generating locus_tag from 'AAA799-N04.fa' contents.
[20:27:26] Setting --locustag KNMFCPDG from MD5 476fc9d0d365852851b2b8e87b346a32
[20:27:26] Enabling options to ensure Genbank/ENA/DDJB submission compliance.
[20:27:26] Creating new output folder: AAA799-N04.fa_prokka
[20:27:26] Running: mkdir -p AAA799\-N04\.fa_prokka
[20:27:26] Using filename prefix: PROKKA_10312021.XXX
[20:27:26] Setting HMMER_NCPU=1
[20:27:26] Writing log to: AAA799-N04.fa_prokka/PROKKA_10312021.log
[20:27:26] Command: /home/ylifc/miniconda2/envs/prokka/bin/prokka --cpus 0 --compliant --rfam AAA799-N04.fa --outdir AAA799-N04.fa_prokka
[20:27:26] Appending to PATH: /home/ylifc/miniconda2/envs/prokka/bin
[20:27:26] Looking for 'aragorn' - found /home/ylifc/miniconda2/envs/prokka/bin/aragorn
[20:27:26] Determined aragorn version is 001002 from 'ARAGORN v1.2.38 Dean Laslett'
[20:27:26] Looking for 'barrnap' - found /home/ylifc/miniconda2/envs/prokka/bin/barrnap
[20:27:26] Determined barrnap version is 000009 from 'barrnap 0.9'
[20:27:26] Looking for 'blastp' - found /home/ylifc/miniconda2/envs/prokka/bin/blastp
[20:27:28] Determined blastp version is 002012 from 'blastp: 2.12.0+'
[20:27:28] Looking for 'cmpress' - found /home/ylifc/miniconda2/envs/prokka/bin/cmpress
[20:27:28] Determined cmpress version is 001001 from '# INFERNAL 1.1.4 (Dec 2020)'
[20:27:28] Looking for 'cmscan' - found /home/ylifc/miniconda2/envs/prokka/bin/cmscan
[20:27:28] Determined cmscan version is 001001 from '# INFERNAL 1.1.4 (Dec 2020)'
[20:27:28] Looking for 'egrep' - found /bin/egrep
[20:27:28] Looking for 'find' - found /usr/bin/find
[20:27:28] Looking for 'grep' - found /bin/grep
[20:27:28] Looking for 'hmmpress' - found /home/ylifc/miniconda2/envs/prokka/bin/hmmpress
[20:27:28] Determined hmmpress version is 003003 from '# HMMER 3.3.2 (Nov 2020); http://hmmer.org/'
[20:27:28] Looking for 'hmmscan' - found /home/ylifc/miniconda2/envs/prokka/bin/hmmscan
[20:27:28] Determined hmmscan version is 003003 from '# HMMER 3.3.2 (Nov 2020); http://hmmer.org/'
[20:27:28] Looking for 'java' - found /home/ylifc/miniconda2/envs/prokka/bin/java
[20:27:28] Looking for 'makeblastdb' - found /home/ylifc/miniconda2/envs/prokka/bin/makeblastdb
[20:27:30] Determined makeblastdb version is 002012 from 'makeblastdb: 2.12.0+'
[20:27:30] Looking for 'minced' - found /home/ylifc/miniconda2/envs/prokka/bin/minced
[20:27:30] Determined minced version is 004002 from 'minced 0.4.2'
[20:27:30] Looking for 'parallel' - found /home/ylifc/miniconda2/envs/prokka/bin/parallel
[20:27:31] Determined parallel version is 20211022 from 'GNU parallel 20211022'
[20:27:31] Looking for 'prodigal' - found /home/ylifc/miniconda2/envs/prokka/bin/prodigal
[20:27:31] Determined prodigal version is 002006 from 'Prodigal V2.6.3: February, 2016'
[20:27:31] Looking for 'prokka-genbank_to_fasta_db' - found /home/ylifc/miniconda2/envs/prokka/bin/prokka-genbank_to_fasta_db
[20:27:31] Looking for 'sed' - found /bin/sed
[20:27:31] Looking for 'tbl2asn' - found /home/ylifc/miniconda2/envs/prokka/bin/tbl2asn
[20:27:31] Determined tbl2asn version is 025007 from 'tbl2asn 25.7   arguments:'
[20:27:31] Using genetic code table 11.
[20:27:31] Loading and checking input file: AAA799-N04.fa
[20:27:31] Wrote 119 contigs totalling 1296717 bp.
[20:27:31] Predicting tRNAs and tmRNAs
[20:27:31] Running: aragorn -l -gc11  -w AAA799\-N04\.fa_prokka\/PROKKA_10312021\.fna
[20:27:32] 1 tRNA-Gly c[66157,66230] 35 (ccc)
[20:27:32] 2 tRNA-Gln c[89150,89223] 35 (ttg)
[20:27:32] 3 tRNA-Leu [95900,95986] 38 (cag)
[20:27:32] 1 tRNA-Met [19201,19274] 35 (cat)
[20:27:32] 2 tRNA-His [33486,33558] 34 (gtg)
[20:27:32] 3 tRNA-Leu [44785,44871] 38 (gag)
[20:27:32] 1 tRNA-Thr c[2433,2506] 35 (ggt)
[20:27:32] 2 tRNA-Ile c[4124,4200] 37 (gat)
[20:27:32] 3 tRNA-Ala [4868,4942] 35 (tgc)
[20:27:32] 1 tRNA-Asn [2058,2134] 35 (gtt)
[20:27:32] 1 tRNA-Ser c[17458,17544] 35 (gct)
[20:27:32] 1 tRNA-Pro [16385,16458] 35 (ggg)
[20:27:32] 1 tRNA-Gly [5768,5844] 36 (gcc)
[20:27:32] 1 tRNA-Cys [3943,4014] 33 (gca)
[20:27:32] 2 tRNA-Thr c[8219,8292] 35 (cgt)
[20:27:32] 1 tRNA-Pro c[7915,7991] 35 (tgg)
[20:27:32] 1 tRNA-Ser [1466,1549] 34 (cga)
[20:27:32] 1 tRNA-Asn [5516,5592] 35 (gtt)
[20:27:32] 1 tRNA-Val [2653,2748] 37 (cac)
[20:27:32] 2 tRNA-Thr [12456,12530] 36 (tgt)
[20:27:32] 1 tRNA-Arg [1360,1435] 36 (tct)
[20:27:32] 1 tRNA-Arg c[2705,2781] 36 (gcg)
[20:27:32] 1 tRNA-Phe [508,582] 35 (gaa)
[20:27:32] 1 tRNA-Ser [110,195] 36 (tga)
[20:27:32] Found 24 tRNAs
[20:27:32] Predicting Ribosomal RNAs
[20:27:32] Running Barrnap with 64 threads
[20:27:35] 1 gnl|Prokka|KNMFCPDG_12 286 23S ribosomal RNA
[20:27:35] 2 gnl|Prokka|KNMFCPDG_12 3410 16S ribosomal RNA
[20:27:35] 3 gnl|Prokka|KNMFCPDG_3 25766 5S ribosomal RNA
[20:27:35] Found 3 rRNAs
[20:27:35] Scanning for ncRNAs... please be patient.
[20:27:35] Running: cmscan -Z 2.593434 --cut_ga --rfam --nohmmonly --fmt 2 --cpu 64 --tblout /dev/stdout -o /dev/null --noali /home/ylifc/miniconda2/envs/prokka/db/cm/Bacteria AAA799\-N04\.fa_prokka\/PROKKA_10312021\.fna
[20:33:36] 1 ncRNA 1 gnl|Prokka|KNMFCPDG_9 1..303
[20:33:36] 2 ncRNA 1 gnl|Prokka|KNMFCPDG_24 1..318
[20:33:36] Found 2 ncRNAs.
[20:33:36] Total of 27 tRNA + rRNA features
[20:33:36] Searching for CRISPR repeats
[20:33:38] Found 0 CRISPRs
[20:33:38] Predicting coding sequences
[20:33:38] Contigs total 1296717 bp, so using single mode
[20:33:38] Running: prodigal -i AAA799\-N04\.fa_prokka\/PROKKA_10312021\.fna -c -m -g 11 -p single -f sco -q
[20:33:41] Excluding CDS which overlaps existing RNA (tRNA) at gnl|Prokka|KNMFCPDG_8:3231..4124 on + strand
[20:33:41] Excluding CDS which overlaps existing RNA (rRNA) at gnl|Prokka|KNMFCPDG_12:584..772 on - strand
[20:33:41] Excluding CDS which overlaps existing RNA (rRNA) at gnl|Prokka|KNMFCPDG_12:799..1230 on - strand
[20:33:42] Excluding CDS which overlaps existing RNA (tRNA) at gnl|Prokka|KNMFCPDG_43:11965..12465 on + strand
[20:33:42] Found 1677 CDS
[20:33:42] Connecting features back to sequences
[20:33:42] Not using genus-specific database. Try --usegenus to enable it.
[20:33:42] Annotating CDS, please be patient.
[20:33:42] Will use 64 CPUs for similarity searching.
[20:33:43] There are still 1677 unannotated CDS left (started with 1677)
[20:33:43] Will use blast to search against /home/ylifc/miniconda2/envs/prokka/db/kingdom/Bacteria/IS with 64 CPUs
[20:33:43] Running: cat AAA799\-N04\.fa_prokka\/PROKKA_10312021\.IS\.tmp\.20170\.faa | parallel --gnu --plain -j 64 --block 2973 --recstart '>' --pipe blastp -query - -db /home/ylifc/miniconda2/envs/prokka/db/kingdom/Bacteria/IS -evalue 1e-30 -qcov_hsp_perc 90 -num_threads 1 -num_descriptions 1 -num_alignments 1 -seg no > AAA799\-N04\.fa_prokka\/PROKKA_10312021\.IS\.tmp\.20170\.blast 2> /dev/null
[20:34:32] Deleting unwanted file: AAA799-N04.fa_prokka/PROKKA_10312021.IS.tmp.20170.faa
[20:34:32] Deleting unwanted file: AAA799-N04.fa_prokka/PROKKA_10312021.IS.tmp.20170.blast
[20:34:33] There are still 1674 unannotated CDS left (started with 1677)
[20:34:33] Will use blast to search against /home/ylifc/miniconda2/envs/prokka/db/kingdom/Bacteria/AMR with 64 CPUs
[20:34:33] Running: cat AAA799\-N04\.fa_prokka\/PROKKA_10312021\.AMR\.tmp\.20170\.faa | parallel --gnu --plain -j 64 --block 2965 --recstart '>' --pipe blastp -query - -db /home/ylifc/miniconda2/envs/prokka/db/kingdom/Bacteria/AMR -evalue 9.99999999999999e-301 -qcov_hsp_perc 90 -num_threads 1 -num_descriptions 1 -num_alignments 1 -seg no > AAA799\-N04\.fa_prokka\/PROKKA_10312021\.AMR\.tmp\.20170\.blast 2> /dev/null
[20:35:15] Deleting unwanted file: AAA799-N04.fa_prokka/PROKKA_10312021.AMR.tmp.20170.faa
[20:35:15] Deleting unwanted file: AAA799-N04.fa_prokka/PROKKA_10312021.AMR.tmp.20170.blast
[20:35:16] There are still 1674 unannotated CDS left (started with 1677)
[20:35:16] Will use blast to search against /home/ylifc/miniconda2/envs/prokka/db/kingdom/Bacteria/sprot with 64 CPUs
[20:35:16] Running: cat AAA799\-N04\.fa_prokka\/PROKKA_10312021\.sprot\.tmp\.20170\.faa | parallel --gnu --plain -j 64 --block 2965 --recstart '>' --pipe blastp -query - -db /home/ylifc/miniconda2/envs/prokka/db/kingdom/Bacteria/sprot -evalue 1e-09 -qcov_hsp_perc 80 -num_threads 1 -num_descriptions 1 -num_alignments 1 -seg no > AAA799\-N04\.fa_prokka\/PROKKA_10312021\.sprot\.tmp\.20170\.blast 2> /dev/null
[20:37:33] Modify product: Probable polyketide biosynthesis zinc-dependent hydrolase PksB => putative polyketide biosynthesis zinc-dependent hydrolase PksB
[20:37:33] Modify product: Uncharacterized protein YccU => putative protein YccU
[20:37:33] Modify product: Probable endonuclease 4 => putative endonuclease 4
[20:37:33] Modify product: UPF0098 protein CT_736 => hypothetical protein
[20:37:33] Modify product: Probable adenylyl-sulfate kinase => putative adenylyl-sulfate kinase
[20:37:33] Modify product: Uncharacterized protein Rv2715 => putative protein
[20:37:33] Modify product: Uncharacterized oxidoreductase SA2266 => putative oxidoreductase
[20:37:33] Modify product: UPF0126 inner membrane protein YadS => hypothetical protein
[20:37:33] Modify product: UPF0053 protein HI_0107 => hypothetical protein
[20:37:33] Modify product: Putative coenzyme F420-dependent oxidoreductase Rv3520c => Putative coenzyme F420-dependent oxidoreductase
[20:37:34] Modify product: Probable dual-specificity RNA methyltransferase RlmN => putative dual-specificity RNA methyltransferase RlmN
[20:37:34] Modify product: NADH dehydrogenase-like protein SAOUHSC_00878 => NADH dehydrogenase-like protein
[20:37:34] Modify product: Uncharacterized protein YisK => putative protein YisK
[20:37:34] Modify product: Probable oxidoreductase CT_610 => putative oxidoreductase CT_610
[20:37:34] Modify product: Uncharacterized metal-dependent hydrolase YjjV => putative metal-dependent hydrolase YjjV
[20:37:35] Modify product: Probable cysteine desulfurase => putative cysteine desulfurase
[20:37:35] Modify product: Probable UbiX-like flavin prenyltransferase => putative UbiX-like flavin prenyltransferase
[20:37:35] Modify product: Uncharacterized protein YedJ => putative protein YedJ
[20:37:35] Modify product: Probable bacterial non-heme ferritin => putative bacterial non-heme ferritin
[20:37:35] Modify product: UPF0353 protein Rv1481 => hypothetical protein
[20:37:35] Modify product: Uncharacterized protein HI_1163 => putative protein
[20:37:35] Modify product: Uncharacterized protein MSMEG_2782/MSMEI_2713 => putative protein/MSMEI_2713
[20:37:35] Modify product: Uncharacterized oxidoreductase SA2266 => putative oxidoreductase
[20:37:35] Modify product: NADH dehydrogenase-like protein SAOUHSC_00878 => NADH dehydrogenase-like protein
[20:37:35] Modify product: Putative universal stress protein SA1532 => Putative universal stress protein
[20:37:35] Modify product: Putative universal stress protein SA1532 => Putative universal stress protein
[20:37:35] Modify product: Putative universal stress protein SA1532 => Putative universal stress protein
[20:37:35] Modify product: Putative peroxiredoxin Rv2521 => Putative peroxiredoxin
[20:37:35] Modify product: Uncharacterized protein YqgN => putative protein YqgN
[20:37:35] Modify product: Uncharacterized amino acid permease YhdG => putative amino acid permease YhdG
[20:37:35] Cleaned 30 /product names
[20:37:35] Deleting unwanted file: AAA799-N04.fa_prokka/PROKKA_10312021.sprot.tmp.20170.faa
[20:37:35] Deleting unwanted file: AAA799-N04.fa_prokka/PROKKA_10312021.sprot.tmp.20170.blast
[20:37:36] There are still 1344 unannotated CDS left (started with 1677)
[20:37:36] Will use hmmer3 to search against /home/ylifc/miniconda2/envs/prokka/db/hmm/HAMAP.hmm with 64 CPUs
[20:37:36] Running: cat AAA799\-N04\.fa_prokka\/PROKKA_10312021\.HAMAP\.hmm\.tmp\.20170\.faa | parallel --gnu --plain -j 64 --block 2144 --recstart '>' --pipe hmmscan --noali --notextw --acc -E 1e-09 --cpu 1 /home/ylifc/miniconda2/envs/prokka/db/hmm/HAMAP.hmm /dev/stdin > AAA799\-N04\.fa_prokka\/PROKKA_10312021\.HAMAP\.hmm\.tmp\.20170\.hmmer3 2> /dev/null
[20:39:47] Modify product: Uncharacterized Nudix hydrolase NudL => putative Nudix hydrolase NudL
[20:39:48] Modify product: Uncharacterized MFS-type transporter YcaD => putative MFS-type transporter YcaD
[20:39:48] Cleaned 2 /product names
[20:39:48] Deleting unwanted file: AAA799-N04.fa_prokka/PROKKA_10312021.HAMAP.hmm.tmp.20170.faa
[20:39:48] Deleting unwanted file: AAA799-N04.fa_prokka/PROKKA_10312021.HAMAP.hmm.tmp.20170.hmmer3
[20:39:48] Labelling remaining 1201 proteins as 'hypothetical protein'
[20:39:48] Possible /pseudo 'Glutamyl-tRNA(Gln) amidotransferase subunit B, chloroplastic/mitochondrial' at gnl|Prokka|KNMFCPDG_1 position 107538
[20:39:48] Possible /pseudo 'NAD(P)H-quinone oxidoreductase subunit 2, chloroplastic' at gnl|Prokka|KNMFCPDG_3 position 15981
[20:39:48] Possible /pseudo 'Iron-sulfur cluster carrier protein' at gnl|Prokka|KNMFCPDG_7 position 67445
[20:39:48] Possible /pseudo 'Chromosome partition protein Smc' at gnl|Prokka|KNMFCPDG_14 position 21394
[20:39:48] Possible /pseudo 'Methionine synthase' at gnl|Prokka|KNMFCPDG_16 position 7277
[20:39:48] Possible /pseudo 'FO synthase' at gnl|Prokka|KNMFCPDG_17 position 9944
[20:39:48] Possible /pseudo 'Ribonuclease PH' at gnl|Prokka|KNMFCPDG_18 position 18102
[20:39:48] Possible /pseudo 'UTP--glucose-1-phosphate uridylyltransferase' at gnl|Prokka|KNMFCPDG_21 position 550
[20:39:48] Possible /pseudo 'Proteasome subunit beta' at gnl|Prokka|KNMFCPDG_39 position 10910
[20:39:48] Possible /pseudo 'L-lactate dehydrogenase' at gnl|Prokka|KNMFCPDG_51 position 1390
[20:39:48] Found 379 unique /gene codes.
[20:39:48] Fixed 2 duplicate /gene - cheY_1 cheY_2
[20:39:48] Fixed 3 duplicate /gene - cugP_1 cugP_2 cugP_3
[20:39:48] Fixed 2 duplicate /gene - dbpA_1 dbpA_2
[20:39:48] Fixed 2 duplicate /gene - fbiC_1 fbiC_2
[20:39:48] Fixed 2 duplicate /gene - valS_1 valS_2
[20:39:48] Fixed 2 duplicate /gene - ndhB_1 ndhB_2
[20:39:48] Fixed 5 duplicate /gene - petE_1 petE_2 petE_3 petE_4 petE_5
[20:39:48] Fixed 2 duplicate /gene - COQ5_1 COQ5_2
[20:39:48] Fixed 2 duplicate /gene - metG_1 metG_2
[20:39:48] Fixed 3 duplicate /gene - glnB_1 glnB_2 glnB_3
[20:39:48] Fixed 2 duplicate /gene - rph_1 rph_2
[20:39:48] Fixed 2 duplicate /gene - hemA_1 hemA_2
[20:39:48] Fixed 2 duplicate /gene - nhaX_1 nhaX_2
[20:39:48] Fixed 2 duplicate /gene - tuf_1 tuf_2
[20:39:48] Fixed 3 duplicate /gene - dnaJ_1 dnaJ_2 dnaJ_3
[20:39:48] Fixed 2 duplicate /gene - ldh_1 ldh_2
[20:39:48] Fixed 2 duplicate /gene - prcB_1 prcB_2
[20:39:48] Fixed 2 duplicate /gene - prcA_1 prcA_2
[20:39:48] Fixed 3 duplicate /gene - rutE_1 rutE_2 rutE_3
[20:39:48] Fixed 4 duplicate /gene - xerC_1 xerC_2 xerC_3 xerC_4
[20:39:48] Fixed 2 duplicate /gene - asnB_1 asnB_2
[20:39:48] Fixed 4 duplicate /gene - ftsH_1 ftsH_2 ftsH_3 ftsH_4
[20:39:48] Fixed 2 duplicate /gene - thrB_1 thrB_2
[20:39:48] Fixed 2 duplicate /gene - fbiB_1 fbiB_2
[20:39:48] Fixed 2 duplicate /gene - rapA_1 rapA_2
[20:39:48] Fixed 2 duplicate /gene - nnr_1 nnr_2
[20:39:48] Fixed 2 duplicate /gene - lysX_1 lysX_2
[20:39:48] Fixed 2 duplicate /gene - arnC_1 arnC_2
[20:39:48] Fixed 2 duplicate /gene - recA_1 recA_2
[20:39:48] Fixed 3 duplicate /gene - mntR_1 mntR_2 mntR_3
[20:39:48] Fixed 2 duplicate /gene - bcp_1 bcp_2
[20:39:48] Fixed 2 duplicate /gene - cpdA_1 cpdA_2
[20:39:48] Fixed 2 duplicate /gene - GATB_1 GATB_2
[20:39:48] Fixed 2 duplicate /gene - nadK_1 nadK_2
[20:39:48] Fixed 2 duplicate /gene - metH_1 metH_2
[20:39:48] Fixed 2 duplicate /gene - sodA_1 sodA_2
[20:39:48] Fixed 2 duplicate /gene - rnj_1 rnj_2
[20:39:48] Fixed 2 duplicate /gene - vgb_1 vgb_2
[20:39:48] Fixed 2 duplicate /gene - mcm_1 mcm_2
[20:39:48] Fixed 5 duplicate /gene - IMPDH_1 IMPDH_2 IMPDH_3 IMPDH_4 IMPDH_5
[20:39:48] Fixed 2 duplicate /gene - lrp_1 lrp_2
[20:39:48] Fixed 2 duplicate /gene - OLA1_1 OLA1_2
[20:39:48] Fixed 4 duplicate /gene - smc_1 smc_2 smc_3 smc_4
[20:39:48] Fixed 2 duplicate /gene - speB_1 speB_2
[20:39:48] Fixed 2 duplicate /gene - hrp1_1 hrp1_2
[20:39:48] Fixed 2 duplicate /gene - rcsC_1 rcsC_2
[20:39:48] Fixed 46 colliding /gene names.
[20:39:48] Adding /locus_tag identifiers
[20:39:49] Assigned 1706 locus_tags to CDS and RNA features.
[20:39:49] Writing outputs to AAA799-N04.fa_prokka/
[20:39:52] Generating annotation statistics file
[20:39:52] Generating Genbank and Sequin files
[20:39:52] Running: tbl2asn -V b -a r10k -l paired-ends -M n -N 1 -y 'Annotated using prokka 1.14.6 from https://github.com/tseemann/prokka' -Z AAA799\-N04\.fa_prokka\/PROKKA_10312021\.err -i AAA799\-N04\.fa_prokka\/PROKKA_10312021\.fsa 2> /dev/null
[20:40:05] Deleting unwanted file: AAA799-N04.fa_prokka/errorsummary.val
[20:40:05] Deleting unwanted file: AAA799-N04.fa_prokka/PROKKA_10312021.dr
[20:40:05] Deleting unwanted file: AAA799-N04.fa_prokka/PROKKA_10312021.fixedproducts
[20:40:05] Deleting unwanted file: AAA799-N04.fa_prokka/PROKKA_10312021.ecn
[20:40:05] Deleting unwanted file: AAA799-N04.fa_prokka/PROKKA_10312021.val
[20:40:05] Repairing broken .GBK output that tbl2asn produces...
[20:40:05] Running: sed 's/COORDINATES: profile/COORDINATES:profile/' < AAA799\-N04\.fa_prokka\/PROKKA_10312021\.gbf > AAA799\-N04\.fa_prokka\/PROKKA_10312021\.gbk
[20:40:05] Deleting unwanted file: AAA799-N04.fa_prokka/PROKKA_10312021.gbf
[20:40:05] Output files:
[20:40:05] AAA799-N04.fa_prokka/PROKKA_10312021.err
[20:40:05] AAA799-N04.fa_prokka/PROKKA_10312021.faa
[20:40:05] AAA799-N04.fa_prokka/PROKKA_10312021.ffn
[20:40:05] AAA799-N04.fa_prokka/PROKKA_10312021.fna
[20:40:05] AAA799-N04.fa_prokka/PROKKA_10312021.fsa
[20:40:05] AAA799-N04.fa_prokka/PROKKA_10312021.gbk
[20:40:05] AAA799-N04.fa_prokka/PROKKA_10312021.gff
[20:40:05] AAA799-N04.fa_prokka/PROKKA_10312021.log
[20:40:05] AAA799-N04.fa_prokka/PROKKA_10312021.sqn
[20:40:05] AAA799-N04.fa_prokka/PROKKA_10312021.tbl
[20:40:05] AAA799-N04.fa_prokka/PROKKA_10312021.tsv
[20:40:05] AAA799-N04.fa_prokka/PROKKA_10312021.txt
[20:40:05] Annotation finished successfully.
[20:40:05] Walltime used: 12.65 minutes
[20:40:05] If you use this result please cite the Prokka paper:
[20:40:05] Seemann T (2014) Prokka: rapid prokaryotic genome annotation. Bioinformatics. 30(14):2068-9.
[20:40:05] Type 'prokka --citation' for more details.
[20:40:05] Share and enjoy!
