[21:57:09] This is prokka 1.14.6
[21:57:09] Written by Torsten Seemann <torsten.seemann@gmail.com>
[21:57:09] Homepage is https://github.com/tseemann/prokka
[21:57:09] Local time is Sun Oct 31 21:57:09 2021
[21:57:09] You are ylifc
[21:57:09] Operating system is linux
[21:57:09] You have BioPerl 1.007002
[21:57:09] System has 64 cores.
[21:57:09] Will use maximum of 64 cores.
[21:57:09] Annotating as >>> Bacteria <<<
[21:57:09] Generating locus_tag from 'Nitrosomarinus_catalina_strain_SPOT01.fa' contents.
[21:57:09] Setting --locustag HEKDCIED from MD5 1e4dc2ed38e9068fa2143cb6fe3f12e9
[21:57:09] Enabling options to ensure Genbank/ENA/DDJB submission compliance.
[21:57:09] Creating new output folder: Nitrosomarinus_catalina_strain_SPOT01.fa_prokka
[21:57:09] Running: mkdir -p Nitrosomarinus_catalina_strain_SPOT01\.fa_prokka
[21:57:09] Using filename prefix: PROKKA_10312021.XXX
[21:57:09] Setting HMMER_NCPU=1
[21:57:09] Writing log to: Nitrosomarinus_catalina_strain_SPOT01.fa_prokka/PROKKA_10312021.log
[21:57:09] Command: /home/ylifc/miniconda2/envs/prokka/bin/prokka --cpus 0 --compliant --rfam Nitrosomarinus_catalina_strain_SPOT01.fa --outdir Nitrosomarinus_catalina_strain_SPOT01.fa_prokka
[21:57:09] Appending to PATH: /home/ylifc/miniconda2/envs/prokka/bin
[21:57:09] Looking for 'aragorn' - found /home/ylifc/miniconda2/envs/prokka/bin/aragorn
[21:57:09] Determined aragorn version is 001002 from 'ARAGORN v1.2.38 Dean Laslett'
[21:57:09] Looking for 'barrnap' - found /home/ylifc/miniconda2/envs/prokka/bin/barrnap
[21:57:10] Determined barrnap version is 000009 from 'barrnap 0.9'
[21:57:10] Looking for 'blastp' - found /home/ylifc/miniconda2/envs/prokka/bin/blastp
[21:57:12] Determined blastp version is 002012 from 'blastp: 2.12.0+'
[21:57:12] Looking for 'cmpress' - found /home/ylifc/miniconda2/envs/prokka/bin/cmpress
[21:57:12] Determined cmpress version is 001001 from '# INFERNAL 1.1.4 (Dec 2020)'
[21:57:12] Looking for 'cmscan' - found /home/ylifc/miniconda2/envs/prokka/bin/cmscan
[21:57:12] Determined cmscan version is 001001 from '# INFERNAL 1.1.4 (Dec 2020)'
[21:57:12] Looking for 'egrep' - found /bin/egrep
[21:57:12] Looking for 'find' - found /usr/bin/find
[21:57:12] Looking for 'grep' - found /bin/grep
[21:57:12] Looking for 'hmmpress' - found /home/ylifc/miniconda2/envs/prokka/bin/hmmpress
[21:57:12] Determined hmmpress version is 003003 from '# HMMER 3.3.2 (Nov 2020); http://hmmer.org/'
[21:57:12] Looking for 'hmmscan' - found /home/ylifc/miniconda2/envs/prokka/bin/hmmscan
[21:57:12] Determined hmmscan version is 003003 from '# HMMER 3.3.2 (Nov 2020); http://hmmer.org/'
[21:57:12] Looking for 'java' - found /home/ylifc/miniconda2/envs/prokka/bin/java
[21:57:12] Looking for 'makeblastdb' - found /home/ylifc/miniconda2/envs/prokka/bin/makeblastdb
[21:57:13] Determined makeblastdb version is 002012 from 'makeblastdb: 2.12.0+'
[21:57:13] Looking for 'minced' - found /home/ylifc/miniconda2/envs/prokka/bin/minced
[21:57:14] Determined minced version is 004002 from 'minced 0.4.2'
[21:57:14] Looking for 'parallel' - found /home/ylifc/miniconda2/envs/prokka/bin/parallel
[21:57:14] Determined parallel version is 20211022 from 'GNU parallel 20211022'
[21:57:14] Looking for 'prodigal' - found /home/ylifc/miniconda2/envs/prokka/bin/prodigal
[21:57:14] Determined prodigal version is 002006 from 'Prodigal V2.6.3: February, 2016'
[21:57:14] Looking for 'prokka-genbank_to_fasta_db' - found /home/ylifc/miniconda2/envs/prokka/bin/prokka-genbank_to_fasta_db
[21:57:14] Looking for 'sed' - found /bin/sed
[21:57:14] Looking for 'tbl2asn' - found /home/ylifc/miniconda2/envs/prokka/bin/tbl2asn
[21:57:14] Determined tbl2asn version is 025007 from 'tbl2asn 25.7   arguments:'
[21:57:14] Using genetic code table 11.
[21:57:14] Loading and checking input file: Nitrosomarinus_catalina_strain_SPOT01.fa
[21:57:14] Wrote 1 contigs totalling 1360076 bp.
[21:57:14] Predicting tRNAs and tmRNAs
[21:57:14] Running: aragorn -l -gc11  -w Nitrosomarinus_catalina_strain_SPOT01\.fa_prokka\/PROKKA_10312021\.fna
[21:57:15] 1 tRNA-Gly c[60500,60573] 35 (ccc)
[21:57:15] 2 tRNA-Gln c[79008,79081] 35 (ttg)
[21:57:15] 3 tRNA-Leu [85798,85883] 37 (cag)
[21:57:15] 4 tRNA-Met c[176527,176602] 36 (cat)
[21:57:15] 5 tRNA-Arg c[202546,202621] 36 (tct)
[21:57:15] 6 tRNA-Thr c[234951,235024] 35 (ggt)
[21:57:15] 7 tRNA-Ile c[236641,236716] 36 (gat)
[21:57:15] 8 tRNA-Ala [237415,237489] 35 (tgc)
[21:57:15] 9 tRNA-Trp c[250896,250971] 36 (cca)
[21:57:15] 10 tRNA-Thr [266346,266420] 35 (cgt)
[21:57:15] 11 tRNA-Cys c[270651,270722] 33 (gca)
[21:57:15] 12 tRNA-Ser [311084,311170] 35 (gct)
[21:57:15] 13 tRNA-Thr c[407526,407599] 35 (tgt)
[21:57:15] 14 tRNA-Val c[415596,415689] 36 (cac)
[21:57:15] 15 tRNA-Asn c[607233,607307] 35 (gtt)
[21:57:15] 16 tRNA-Phe c[658056,658130] 35 (gaa)
[21:57:15] 17 tRNA-Ser c[773868,773951] 34 (cga)
[21:57:15] 18 tRNA-Pro c[852103,852179] 35 (tgg)
[21:57:15] 19 tRNA-Arg c[876605,876680] 36 (gcg)
[21:57:15] 20 tRNA-Glu [955713,955788] 37 (ctc)
[21:57:15] 21 tRNA-Gly [1007495,1007571] 36 (gcc)
[21:57:15] 22 tRNA-Gln c[1067555,1067643] 28 (ctg)
[21:57:15] 23 tRNA-Leu c[1102603,1102688] 37 (gag)
[21:57:15] 24 tRNA-His c[1113410,1113482] 34 (gtg)
[21:57:15] 25 tRNA-Met c[1127991,1128064] 35 (cat)
[21:57:15] 26 tRNA-Glu [1128820,1128898] 37 (ttc)
[21:57:15] 27 tRNA-Asp c[1150952,1151029] 37 (gtc)
[21:57:15] 28 tRNA-Lys [1151126,1151200] 35 (ttt)
[21:57:15] 29 tRNA-Ala c[1158796,1158870] 35 (ggc)
[21:57:15] 30 tRNA-Ser c[1170206,1170291] 36 (tga)
[21:57:15] 31 tRNA-Leu [1184570,1184657] 37 (tag)
[21:57:15] 32 tRNA-Ala [1190090,1190161] 33 (cgc)
[21:57:15] 33 tRNA-Val c[1200092,1200167] 36 (tac)
[21:57:15] 34 tRNA-Lys c[1204919,1204993] 35 (ctt)
[21:57:15] 35 tRNA-Arg [1213203,1213277] 36 (tcg)
[21:57:15] 36 tRNA-Gly c[1235549,1235622] 36 (tcc)
[21:57:15] 37 tRNA-Val c[1312236,1312311] 36 (gac)
[21:57:15] 38 tRNA-Pro c[1345281,1345354] 35 (ggg)
[21:57:15] Found 38 tRNAs
[21:57:15] Predicting Ribosomal RNAs
[21:57:15] Running Barrnap with 64 threads
[21:57:19] 1 gnl|Prokka|HEKDCIED_1 507277 16S ribosomal RNA
[21:57:19] 2 gnl|Prokka|HEKDCIED_1 508907 23S ribosomal RNA
[21:57:19] 3 gnl|Prokka|HEKDCIED_1 1121377 5S ribosomal RNA
[21:57:19] Found 3 rRNAs
[21:57:19] Scanning for ncRNAs... please be patient.
[21:57:19] Running: cmscan -Z 2.720152 --cut_ga --rfam --nohmmonly --fmt 2 --cpu 64 --tblout /dev/stdout -o /dev/null --noali /home/ylifc/miniconda2/envs/prokka/db/cm/Bacteria Nitrosomarinus_catalina_strain_SPOT01\.fa_prokka\/PROKKA_10312021\.fna
[22:02:24] 1 ncRNA 1 gnl|Prokka|HEKDCIED_1 1..303
[22:02:24] 2 ncRNA 2 gnl|Prokka|HEKDCIED_1 1..318
[22:02:24] 3 ncRNA 3 gnl|Prokka|HEKDCIED_1 1..292
[22:02:24] Found 3 ncRNAs.
[22:02:24] Total of 41 tRNA + rRNA features
[22:02:24] Searching for CRISPR repeats
[22:02:26] Found 0 CRISPRs
[22:02:26] Predicting coding sequences
[22:02:26] Contigs total 1360076 bp, so using single mode
[22:02:26] Running: prodigal -i Nitrosomarinus_catalina_strain_SPOT01\.fa_prokka\/PROKKA_10312021\.fna -c -m -g 11 -p single -f sco -q
[22:02:33] Found 1677 CDS
[22:02:33] Connecting features back to sequences
[22:02:33] Not using genus-specific database. Try --usegenus to enable it.
[22:02:33] Annotating CDS, please be patient.
[22:02:33] Will use 64 CPUs for similarity searching.
[22:02:34] There are still 1677 unannotated CDS left (started with 1677)
[22:02:34] Will use blast to search against /home/ylifc/miniconda2/envs/prokka/db/kingdom/Bacteria/IS with 64 CPUs
[22:02:34] Running: cat Nitrosomarinus_catalina_strain_SPOT01\.fa_prokka\/PROKKA_10312021\.IS\.tmp\.63380\.faa | parallel --gnu --plain -j 64 --block 3331 --recstart '>' --pipe blastp -query - -db /home/ylifc/miniconda2/envs/prokka/db/kingdom/Bacteria/IS -evalue 1e-30 -qcov_hsp_perc 90 -num_threads 1 -num_descriptions 1 -num_alignments 1 -seg no > Nitrosomarinus_catalina_strain_SPOT01\.fa_prokka\/PROKKA_10312021\.IS\.tmp\.63380\.blast 2> /dev/null
[22:03:18] Deleting unwanted file: Nitrosomarinus_catalina_strain_SPOT01.fa_prokka/PROKKA_10312021.IS.tmp.63380.faa
[22:03:18] Deleting unwanted file: Nitrosomarinus_catalina_strain_SPOT01.fa_prokka/PROKKA_10312021.IS.tmp.63380.blast
[22:03:19] There are still 1677 unannotated CDS left (started with 1677)
[22:03:19] Will use blast to search against /home/ylifc/miniconda2/envs/prokka/db/kingdom/Bacteria/AMR with 64 CPUs
[22:03:19] Running: cat Nitrosomarinus_catalina_strain_SPOT01\.fa_prokka\/PROKKA_10312021\.AMR\.tmp\.63380\.faa | parallel --gnu --plain -j 64 --block 3331 --recstart '>' --pipe blastp -query - -db /home/ylifc/miniconda2/envs/prokka/db/kingdom/Bacteria/AMR -evalue 9.99999999999999e-301 -qcov_hsp_perc 90 -num_threads 1 -num_descriptions 1 -num_alignments 1 -seg no > Nitrosomarinus_catalina_strain_SPOT01\.fa_prokka\/PROKKA_10312021\.AMR\.tmp\.63380\.blast 2> /dev/null
[22:03:59] Deleting unwanted file: Nitrosomarinus_catalina_strain_SPOT01.fa_prokka/PROKKA_10312021.AMR.tmp.63380.faa
[22:03:59] Deleting unwanted file: Nitrosomarinus_catalina_strain_SPOT01.fa_prokka/PROKKA_10312021.AMR.tmp.63380.blast
[22:04:01] There are still 1677 unannotated CDS left (started with 1677)
[22:04:01] Will use blast to search against /home/ylifc/miniconda2/envs/prokka/db/kingdom/Bacteria/sprot with 64 CPUs
[22:04:01] Running: cat Nitrosomarinus_catalina_strain_SPOT01\.fa_prokka\/PROKKA_10312021\.sprot\.tmp\.63380\.faa | parallel --gnu --plain -j 64 --block 3331 --recstart '>' --pipe blastp -query - -db /home/ylifc/miniconda2/envs/prokka/db/kingdom/Bacteria/sprot -evalue 1e-09 -qcov_hsp_perc 80 -num_threads 1 -num_descriptions 1 -num_alignments 1 -seg no > Nitrosomarinus_catalina_strain_SPOT01\.fa_prokka\/PROKKA_10312021\.sprot\.tmp\.63380\.blast 2> /dev/null
[22:06:13] Modify product: Probable dual-specificity RNA methyltransferase RlmN => putative dual-specificity RNA methyltransferase RlmN
[22:06:13] Modify product: NADH dehydrogenase-like protein SAOUHSC_00878 => NADH dehydrogenase-like protein
[22:06:13] Modify product: Probable nicotinate-nucleotide pyrophosphorylase [carboxylating] => putative nicotinate-nucleotide pyrophosphorylase [carboxylating]
[22:06:13] Modify product: Uncharacterized protein Rv2715 => putative protein
[22:06:13] Modify product: UPF0098 protein CT_736 => hypothetical protein
[22:06:13] Modify product: Uncharacterized protein YqgN => putative protein YqgN
[22:06:13] Modify product: Bifunctional protein FolD => Bifunctional protein FolD protein
[22:06:13] Modify product: Probable GTPase Rv1496 => putative GTPase
[22:06:13] Modify product: Uncharacterized protein HI_1163 => putative protein
[22:06:13] Modify product: UPF0053 protein HI_0107 => hypothetical protein
[22:06:13] Modify product: Putative coenzyme F420-dependent oxidoreductase Rv3520c => Putative coenzyme F420-dependent oxidoreductase
[22:06:14] Modify product: Probable membrane transporter protein YfcA => putative membrane transporter protein YfcA
[22:06:14] Modify product: Ribonuclease TTHA0252 => Ribonuclease
[22:06:14] Modify product: Probable adenylyl-sulfate kinase => putative adenylyl-sulfate kinase
[22:06:14] Modify product: Uncharacterized oxidoreductase SA2266 => putative oxidoreductase
[22:06:14] Modify product: Probable UbiX-like flavin prenyltransferase => putative UbiX-like flavin prenyltransferase
[22:06:14] Modify product: Uncharacterized protein YccU => putative protein YccU
[22:06:14] Modify product: UPF0060 membrane protein YnfA => hypothetical protein
[22:06:14] Modify product: UPF0060 membrane protein YnfA => hypothetical protein
[22:06:14] Modify product: Probable cysteine desulfurase => putative cysteine desulfurase
[22:06:14] Modify product: UPF0051 protein SA0778 => hypothetical protein
[22:06:14] Modify product: UPF0051 protein SA0778 => hypothetical protein
[22:06:14] Modify product: Uncharacterized protein MSMEG_2782/MSMEI_2713 => putative protein/MSMEI_2713
[22:06:14] Modify product: UPF0353 protein Rv1481 => hypothetical protein
[22:06:14] Modify product: Uncharacterized protein YedJ => putative protein YedJ
[22:06:15] Modify product: Probable polyketide biosynthesis zinc-dependent hydrolase PksB => putative polyketide biosynthesis zinc-dependent hydrolase PksB
[22:06:15] Modify product: Uncharacterized protein YisK => putative protein YisK
[22:06:15] Modify product: UPF0126 inner membrane protein YicG => hypothetical protein
[22:06:15] Modify product: Probable oxidoreductase CT_610 => putative oxidoreductase CT_610
[22:06:15] Modify product: Probable dipeptidase PepE => putative dipeptidase PepE
[22:06:15] Modify product: NAD(P)H-dependent FAD/FMN reductase GTNG_3158 => NAD(P)H-dependent FAD/FMN reductase
[22:06:15] Modify product: Uncharacterized oxidoreductase SA2266 => putative oxidoreductase
[22:06:15] Cleaned 32 /product names
[22:06:15] Deleting unwanted file: Nitrosomarinus_catalina_strain_SPOT01.fa_prokka/PROKKA_10312021.sprot.tmp.63380.faa
[22:06:15] Deleting unwanted file: Nitrosomarinus_catalina_strain_SPOT01.fa_prokka/PROKKA_10312021.sprot.tmp.63380.blast
[22:06:16] There are still 1235 unannotated CDS left (started with 1677)
[22:06:16] Will use hmmer3 to search against /home/ylifc/miniconda2/envs/prokka/db/hmm/HAMAP.hmm with 64 CPUs
[22:06:16] Running: cat Nitrosomarinus_catalina_strain_SPOT01\.fa_prokka\/PROKKA_10312021\.HAMAP\.hmm\.tmp\.63380\.faa | parallel --gnu --plain -j 64 --block 2164 --recstart '>' --pipe hmmscan --noali --notextw --acc -E 1e-09 --cpu 1 /home/ylifc/miniconda2/envs/prokka/db/hmm/HAMAP.hmm /dev/stdin > Nitrosomarinus_catalina_strain_SPOT01\.fa_prokka\/PROKKA_10312021\.HAMAP\.hmm\.tmp\.63380\.hmmer3 2> /dev/null
[22:08:06] Modify product: Uncharacterized MFS-type transporter YcaD => putative MFS-type transporter YcaD
[22:08:06] Modify product: Uncharacterized Nudix hydrolase NudL => putative Nudix hydrolase NudL
[22:08:07] Cleaned 2 /product names
[22:08:07] Deleting unwanted file: Nitrosomarinus_catalina_strain_SPOT01.fa_prokka/PROKKA_10312021.HAMAP.hmm.tmp.63380.faa
[22:08:07] Deleting unwanted file: Nitrosomarinus_catalina_strain_SPOT01.fa_prokka/PROKKA_10312021.HAMAP.hmm.tmp.63380.hmmer3
[22:08:07] Labelling remaining 1083 proteins as 'hypothetical protein'
[22:08:07] Possible /pseudo 'Methionine synthase' at gnl|Prokka|HEKDCIED_1 position 349871
[22:08:07] Possible /pseudo 'FO synthase' at gnl|Prokka|HEKDCIED_1 position 860636
[22:08:07] Possible /pseudo 'Ribonuclease PH' at gnl|Prokka|HEKDCIED_1 position 1020190
[22:08:07] Possible /pseudo 'NAD(P)H-quinone oxidoreductase subunit 2, chloroplastic' at gnl|Prokka|HEKDCIED_1 position 1131278
[22:08:07] Possible /pseudo 'Ferredoxin-type protein NapF' at gnl|Prokka|HEKDCIED_1 position 1171005
[22:08:07] Found 484 unique /gene codes.
[22:08:07] Fixed 2 duplicate /gene - cobO_1 cobO_2
[22:08:07] Fixed 2 duplicate /gene - napF_1 napF_2
[22:08:07] Fixed 2 duplicate /gene - ctaB_1 ctaB_2
[22:08:07] Fixed 2 duplicate /gene - pipB2_1 pipB2_2
[22:08:07] Fixed 2 duplicate /gene - prcA_1 prcA_2
[22:08:07] Fixed 3 duplicate /gene - cugP_1 cugP_2 cugP_3
[22:08:07] Fixed 2 duplicate /gene - smc_1 smc_2
[22:08:07] Fixed 2 duplicate /gene - cobD_1 cobD_2
[22:08:07] Fixed 2 duplicate /gene - COQ5_1 COQ5_2
[22:08:07] Fixed 2 duplicate /gene - lrp_1 lrp_2
[22:08:07] Fixed 2 duplicate /gene - hemA_1 hemA_2
[22:08:07] Fixed 2 duplicate /gene - petE_1 petE_2
[22:08:07] Fixed 2 duplicate /gene - metG_1 metG_2
[22:08:07] Fixed 2 duplicate /gene - moaA_1 moaA_2
[22:08:07] Fixed 2 duplicate /gene - pnp_1 pnp_2
[22:08:07] Fixed 2 duplicate /gene - resA_1 resA_2
[22:08:07] Fixed 2 duplicate /gene - valS_1 valS_2
[22:08:07] Fixed 2 duplicate /gene - thiI_1 thiI_2
[22:08:07] Fixed 2 duplicate /gene - ccr_1 ccr_2
[22:08:07] Fixed 2 duplicate /gene - nnr_1 nnr_2
[22:08:07] Fixed 2 duplicate /gene - fbiB_1 fbiB_2
[22:08:07] Fixed 2 duplicate /gene - rhdA_1 rhdA_2
[22:08:07] Fixed 2 duplicate /gene - bcp_1 bcp_2
[22:08:07] Fixed 4 duplicate /gene - dbpA_1 dbpA_2 dbpA_3 dbpA_4
[22:08:07] Fixed 2 duplicate /gene - thi4_1 thi4_2
[22:08:07] Fixed 2 duplicate /gene - rph_1 rph_2
[22:08:07] Fixed 2 duplicate /gene - cysQ_1 cysQ_2
[22:08:07] Fixed 2 duplicate /gene - sodA_1 sodA_2
[22:08:07] Fixed 2 duplicate /gene - aspS2_1 aspS2_2
[22:08:07] Fixed 3 duplicate /gene - ftsH_1 ftsH_2 ftsH_3
[22:08:07] Fixed 2 duplicate /gene - ilvE_1 ilvE_2
[22:08:07] Fixed 2 duplicate /gene - groL_1 groL_2
[22:08:07] Fixed 3 duplicate /gene - fpr_1 fpr_2 fpr_3
[22:08:07] Fixed 2 duplicate /gene - mntR_1 mntR_2
[22:08:07] Fixed 3 duplicate /gene - COQ3_1 COQ3_2 COQ3_3
[22:08:07] Fixed 2 duplicate /gene - prcB_1 prcB_2
[22:08:07] Fixed 2 duplicate /gene - guaA_1 guaA_2
[22:08:07] Fixed 2 duplicate /gene - metH_1 metH_2
[22:08:07] Fixed 2 duplicate /gene - nadK_1 nadK_2
[22:08:07] Fixed 2 duplicate /gene - rnj_1 rnj_2
[22:08:07] Fixed 2 duplicate /gene - fbiC_1 fbiC_2
[22:08:07] Fixed 2 duplicate /gene - glmM_1 glmM_2
[22:08:07] Fixed 2 duplicate /gene - fadA_1 fadA_2
[22:08:07] Fixed 2 duplicate /gene - lysX_1 lysX_2
[22:08:07] Fixed 2 duplicate /gene - iscS_1 iscS_2
[22:08:07] Fixed 2 duplicate /gene - atpC_1 atpC_2
[22:08:07] Fixed 2 duplicate /gene - vgb_1 vgb_2
[22:08:07] Fixed 2 duplicate /gene - recA_1 recA_2
[22:08:07] Fixed 2 duplicate /gene - arnC_1 arnC_2
[22:08:07] Fixed 2 duplicate /gene - glnA_1 glnA_2
[22:08:07] Fixed 2 duplicate /gene - hldE_1 hldE_2
[22:08:07] Fixed 7 duplicate /gene - dnaJ_1 dnaJ_2 dnaJ_3 dnaJ_4 dnaJ_5 dnaJ_6 dnaJ_7
[22:08:07] Fixed 2 duplicate /gene - hrp1_1 hrp1_2
[22:08:07] Fixed 2 duplicate /gene - ndhI_1 ndhI_2
[22:08:07] Fixed 2 duplicate /gene - ndhB_1 ndhB_2
[22:08:07] Fixed 3 duplicate /gene - thrB_1 thrB_2 thrB_3
[22:08:07] Fixed 56 colliding /gene names.
[22:08:07] Adding /locus_tag identifiers
[22:08:07] Assigned 1721 locus_tags to CDS and RNA features.
[22:08:07] Writing outputs to Nitrosomarinus_catalina_strain_SPOT01.fa_prokka/
[22:08:10] Generating annotation statistics file
[22:08:10] Generating Genbank and Sequin files
[22:08:10] Running: tbl2asn -V b -a r10k -l paired-ends -M n -N 1 -y 'Annotated using prokka 1.14.6 from https://github.com/tseemann/prokka' -Z Nitrosomarinus_catalina_strain_SPOT01\.fa_prokka\/PROKKA_10312021\.err -i Nitrosomarinus_catalina_strain_SPOT01\.fa_prokka\/PROKKA_10312021\.fsa 2> /dev/null
[22:08:22] Deleting unwanted file: Nitrosomarinus_catalina_strain_SPOT01.fa_prokka/errorsummary.val
[22:08:22] Deleting unwanted file: Nitrosomarinus_catalina_strain_SPOT01.fa_prokka/PROKKA_10312021.dr
[22:08:22] Deleting unwanted file: Nitrosomarinus_catalina_strain_SPOT01.fa_prokka/PROKKA_10312021.fixedproducts
[22:08:22] Deleting unwanted file: Nitrosomarinus_catalina_strain_SPOT01.fa_prokka/PROKKA_10312021.ecn
[22:08:22] Deleting unwanted file: Nitrosomarinus_catalina_strain_SPOT01.fa_prokka/PROKKA_10312021.val
[22:08:22] Repairing broken .GBK output that tbl2asn produces...
[22:08:22] Running: sed 's/COORDINATES: profile/COORDINATES:profile/' < Nitrosomarinus_catalina_strain_SPOT01\.fa_prokka\/PROKKA_10312021\.gbf > Nitrosomarinus_catalina_strain_SPOT01\.fa_prokka\/PROKKA_10312021\.gbk
[22:08:22] Deleting unwanted file: Nitrosomarinus_catalina_strain_SPOT01.fa_prokka/PROKKA_10312021.gbf
[22:08:22] Output files:
[22:08:22] Nitrosomarinus_catalina_strain_SPOT01.fa_prokka/PROKKA_10312021.err
[22:08:22] Nitrosomarinus_catalina_strain_SPOT01.fa_prokka/PROKKA_10312021.faa
[22:08:22] Nitrosomarinus_catalina_strain_SPOT01.fa_prokka/PROKKA_10312021.ffn
[22:08:22] Nitrosomarinus_catalina_strain_SPOT01.fa_prokka/PROKKA_10312021.fna
[22:08:22] Nitrosomarinus_catalina_strain_SPOT01.fa_prokka/PROKKA_10312021.fsa
[22:08:22] Nitrosomarinus_catalina_strain_SPOT01.fa_prokka/PROKKA_10312021.gbk
[22:08:22] Nitrosomarinus_catalina_strain_SPOT01.fa_prokka/PROKKA_10312021.gff
[22:08:22] Nitrosomarinus_catalina_strain_SPOT01.fa_prokka/PROKKA_10312021.log
[22:08:22] Nitrosomarinus_catalina_strain_SPOT01.fa_prokka/PROKKA_10312021.sqn
[22:08:22] Nitrosomarinus_catalina_strain_SPOT01.fa_prokka/PROKKA_10312021.tbl
[22:08:22] Nitrosomarinus_catalina_strain_SPOT01.fa_prokka/PROKKA_10312021.tsv
[22:08:22] Nitrosomarinus_catalina_strain_SPOT01.fa_prokka/PROKKA_10312021.txt
[22:08:22] Annotation finished successfully.
[22:08:22] Walltime used: 11.22 minutes
[22:08:22] If you use this result please cite the Prokka paper:
[22:08:22] Seemann T (2014) Prokka: rapid prokaryotic genome annotation. Bioinformatics. 30(14):2068-9.
[22:08:22] Type 'prokka --citation' for more details.
[22:08:22] Share and enjoy!
