[23:24:33] This is prokka 1.14.6
[23:24:33] Written by Torsten Seemann <torsten.seemann@gmail.com>
[23:24:33] Homepage is https://github.com/tseemann/prokka
[23:24:33] Local time is Sun Oct 31 23:24:33 2021
[23:24:33] You are ylifc
[23:24:33] Operating system is linux
[23:24:33] You have BioPerl 1.007002
[23:24:33] System has 64 cores.
[23:24:33] Will use maximum of 64 cores.
[23:24:33] Annotating as >>> Bacteria <<<
[23:24:33] Generating locus_tag from 'Thaumarchaeota_archaeon_SAT137.fa' contents.
[23:24:33] Setting --locustag GIKOLODH from MD5 024858d17e505d42c5bc6293affebde9
[23:24:33] Enabling options to ensure Genbank/ENA/DDJB submission compliance.
[23:24:33] Creating new output folder: Thaumarchaeota_archaeon_SAT137.fa_prokka
[23:24:33] Running: mkdir -p Thaumarchaeota_archaeon_SAT137\.fa_prokka
[23:24:33] Using filename prefix: PROKKA_10312021.XXX
[23:24:33] Setting HMMER_NCPU=1
[23:24:33] Writing log to: Thaumarchaeota_archaeon_SAT137.fa_prokka/PROKKA_10312021.log
[23:24:33] Command: /home/ylifc/miniconda2/envs/prokka/bin/prokka --cpus 0 --compliant --rfam Thaumarchaeota_archaeon_SAT137.fa --outdir Thaumarchaeota_archaeon_SAT137.fa_prokka
[23:24:33] Appending to PATH: /home/ylifc/miniconda2/envs/prokka/bin
[23:24:33] Looking for 'aragorn' - found /home/ylifc/miniconda2/envs/prokka/bin/aragorn
[23:24:33] Determined aragorn version is 001002 from 'ARAGORN v1.2.38 Dean Laslett'
[23:24:33] Looking for 'barrnap' - found /home/ylifc/miniconda2/envs/prokka/bin/barrnap
[23:24:33] Determined barrnap version is 000009 from 'barrnap 0.9'
[23:24:33] Looking for 'blastp' - found /home/ylifc/miniconda2/envs/prokka/bin/blastp
[23:24:35] Determined blastp version is 002012 from 'blastp: 2.12.0+'
[23:24:35] Looking for 'cmpress' - found /home/ylifc/miniconda2/envs/prokka/bin/cmpress
[23:24:35] Determined cmpress version is 001001 from '# INFERNAL 1.1.4 (Dec 2020)'
[23:24:35] Looking for 'cmscan' - found /home/ylifc/miniconda2/envs/prokka/bin/cmscan
[23:24:35] Determined cmscan version is 001001 from '# INFERNAL 1.1.4 (Dec 2020)'
[23:24:35] Looking for 'egrep' - found /bin/egrep
[23:24:35] Looking for 'find' - found /usr/bin/find
[23:24:35] Looking for 'grep' - found /bin/grep
[23:24:35] Looking for 'hmmpress' - found /home/ylifc/miniconda2/envs/prokka/bin/hmmpress
[23:24:35] Determined hmmpress version is 003003 from '# HMMER 3.3.2 (Nov 2020); http://hmmer.org/'
[23:24:35] Looking for 'hmmscan' - found /home/ylifc/miniconda2/envs/prokka/bin/hmmscan
[23:24:35] Determined hmmscan version is 003003 from '# HMMER 3.3.2 (Nov 2020); http://hmmer.org/'
[23:24:35] Looking for 'java' - found /home/ylifc/miniconda2/envs/prokka/bin/java
[23:24:35] Looking for 'makeblastdb' - found /home/ylifc/miniconda2/envs/prokka/bin/makeblastdb
[23:24:36] Determined makeblastdb version is 002012 from 'makeblastdb: 2.12.0+'
[23:24:36] Looking for 'minced' - found /home/ylifc/miniconda2/envs/prokka/bin/minced
[23:24:37] Determined minced version is 004002 from 'minced 0.4.2'
[23:24:37] Looking for 'parallel' - found /home/ylifc/miniconda2/envs/prokka/bin/parallel
[23:24:37] Determined parallel version is 20211022 from 'GNU parallel 20211022'
[23:24:37] Looking for 'prodigal' - found /home/ylifc/miniconda2/envs/prokka/bin/prodigal
[23:24:37] Determined prodigal version is 002006 from 'Prodigal V2.6.3: February, 2016'
[23:24:37] Looking for 'prokka-genbank_to_fasta_db' - found /home/ylifc/miniconda2/envs/prokka/bin/prokka-genbank_to_fasta_db
[23:24:37] Looking for 'sed' - found /bin/sed
[23:24:37] Looking for 'tbl2asn' - found /home/ylifc/miniconda2/envs/prokka/bin/tbl2asn
[23:24:37] Determined tbl2asn version is 025007 from 'tbl2asn 25.7   arguments:'
[23:24:37] Using genetic code table 11.
[23:24:37] Loading and checking input file: Thaumarchaeota_archaeon_SAT137.fa
[23:24:38] Wrote 53 contigs totalling 1459682 bp.
[23:24:38] Predicting tRNAs and tmRNAs
[23:24:38] Running: aragorn -l -gc11  -w Thaumarchaeota_archaeon_SAT137\.fa_prokka\/PROKKA_10312021\.fna
[23:24:38] 1 tRNA-Val [3025,3099] 35 (tac)
[23:24:38] 2 tRNA-Ala [18786,18858] 34 (cgc)
[23:24:38] 1 tRNA-Leu c[56021,56106] 37 (gag)
[23:24:38] 2 tRNA-Gly [70688,70762] 38 (tcc)
[23:24:38] 3 tRNA-Pro [241223,241311] 37 (ggg)
[23:24:38] 1 tRNA-Val c[18337,18410] 35 (gac)
[23:24:38] 2 tRNA-His c[35209,35280] 33 (gtg)
[23:24:38] 1 tRNA-Asn c[13672,13759] 34 (gtt)
[23:24:38] 1 tRNA-Gln [33516,33607] 39 (ttg)
[23:24:38] tRNA c[38203,38297] is a pseudo/wacky gene - skipping.
[23:24:38] 1 tRNA-Leu [2968,3066] 38 (caa)
[23:24:38] 1 tRNA-Val [21135,21209] 35 (tac)
[23:24:38] tRNA c[29758,29855] is a pseudo/wacky gene - skipping.
[23:24:38] 2 tRNA-Pro [44081,44156] 36 (ggg)
[23:24:38] 1 tRNA-Gly [8280,8353] 33 (tcc)
[23:24:38] 1 tRNA-Leu [12102,12188] 35 (cag)
[23:24:38] 1 tRNA-Arg c[9898,9972] 35 (tct)
[23:24:38] Found 15 tRNAs
[23:24:38] Predicting Ribosomal RNAs
[23:24:38] Running Barrnap with 64 threads
[23:24:42] 1 gnl|Prokka|GIKOLODH_16 25997 5S ribosomal RNA
[23:24:42] 2 gnl|Prokka|GIKOLODH_5 34283 23S ribosomal RNA
[23:24:42] 3 gnl|Prokka|GIKOLODH_5 37467 16S ribosomal RNA (partial)
[23:24:42] Found 3 rRNAs
[23:24:42] Scanning for ncRNAs... please be patient.
[23:24:42] Running: cmscan -Z 2.919364 --cut_ga --rfam --nohmmonly --fmt 2 --cpu 64 --tblout /dev/stdout -o /dev/null --noali /home/ylifc/miniconda2/envs/prokka/db/cm/Bacteria Thaumarchaeota_archaeon_SAT137\.fa_prokka\/PROKKA_10312021\.fna
[23:29:22] 1 ncRNA 1 gnl|Prokka|GIKOLODH_2 1..126
[23:29:22] 2 ncRNA 1 gnl|Prokka|GIKOLODH_8 1..318
[23:29:22] Found 2 ncRNAs.
[23:29:22] Total of 18 tRNA + rRNA features
[23:29:22] Searching for CRISPR repeats
[23:29:24] Found 0 CRISPRs
[23:29:24] Predicting coding sequences
[23:29:24] Contigs total 1459682 bp, so using single mode
[23:29:24] Running: prodigal -i Thaumarchaeota_archaeon_SAT137\.fa_prokka\/PROKKA_10312021\.fna -c -m -g 11 -p single -f sco -q
[23:29:26] Excluding CDS which overlaps existing RNA (rRNA) at gnl|Prokka|GIKOLODH_5:34586..34774 on - strand
[23:29:26] Excluding CDS which overlaps existing RNA (rRNA) at gnl|Prokka|GIKOLODH_5:34729..35229 on - strand
[23:29:26] Excluding CDS which overlaps existing RNA (rRNA) at gnl|Prokka|GIKOLODH_5:35721..36230 on + strand
[23:29:26] Excluding CDS which overlaps existing RNA (rRNA) at gnl|Prokka|GIKOLODH_5:37195..37638 on + strand
[23:29:26] Excluding CDS which overlaps existing RNA (rRNA) at gnl|Prokka|GIKOLODH_5:37997..38098 on - strand
[23:29:28] Excluding CDS which overlaps existing RNA (tRNA) at gnl|Prokka|GIKOLODH_42:8278..8370 on + strand
[23:29:28] Found 1552 CDS
[23:29:28] Connecting features back to sequences
[23:29:28] Not using genus-specific database. Try --usegenus to enable it.
[23:29:28] Annotating CDS, please be patient.
[23:29:28] Will use 64 CPUs for similarity searching.
[23:29:29] There are still 1552 unannotated CDS left (started with 1552)
[23:29:29] Will use blast to search against /home/ylifc/miniconda2/envs/prokka/db/kingdom/Bacteria/IS with 64 CPUs
[23:29:29] Running: cat Thaumarchaeota_archaeon_SAT137\.fa_prokka\/PROKKA_10312021\.IS\.tmp\.20225\.faa | parallel --gnu --plain -j 64 --block 3315 --recstart '>' --pipe blastp -query - -db /home/ylifc/miniconda2/envs/prokka/db/kingdom/Bacteria/IS -evalue 1e-30 -qcov_hsp_perc 90 -num_threads 1 -num_descriptions 1 -num_alignments 1 -seg no > Thaumarchaeota_archaeon_SAT137\.fa_prokka\/PROKKA_10312021\.IS\.tmp\.20225\.blast 2> /dev/null
[23:30:11] Deleting unwanted file: Thaumarchaeota_archaeon_SAT137.fa_prokka/PROKKA_10312021.IS.tmp.20225.faa
[23:30:11] Deleting unwanted file: Thaumarchaeota_archaeon_SAT137.fa_prokka/PROKKA_10312021.IS.tmp.20225.blast
[23:30:12] There are still 1552 unannotated CDS left (started with 1552)
[23:30:12] Will use blast to search against /home/ylifc/miniconda2/envs/prokka/db/kingdom/Bacteria/AMR with 64 CPUs
[23:30:12] Running: cat Thaumarchaeota_archaeon_SAT137\.fa_prokka\/PROKKA_10312021\.AMR\.tmp\.20225\.faa | parallel --gnu --plain -j 64 --block 3315 --recstart '>' --pipe blastp -query - -db /home/ylifc/miniconda2/envs/prokka/db/kingdom/Bacteria/AMR -evalue 9.99999999999999e-301 -qcov_hsp_perc 90 -num_threads 1 -num_descriptions 1 -num_alignments 1 -seg no > Thaumarchaeota_archaeon_SAT137\.fa_prokka\/PROKKA_10312021\.AMR\.tmp\.20225\.blast 2> /dev/null
[23:30:50] Deleting unwanted file: Thaumarchaeota_archaeon_SAT137.fa_prokka/PROKKA_10312021.AMR.tmp.20225.faa
[23:30:50] Deleting unwanted file: Thaumarchaeota_archaeon_SAT137.fa_prokka/PROKKA_10312021.AMR.tmp.20225.blast
[23:30:51] There are still 1552 unannotated CDS left (started with 1552)
[23:30:51] Will use blast to search against /home/ylifc/miniconda2/envs/prokka/db/kingdom/Bacteria/sprot with 64 CPUs
[23:30:51] Running: cat Thaumarchaeota_archaeon_SAT137\.fa_prokka\/PROKKA_10312021\.sprot\.tmp\.20225\.faa | parallel --gnu --plain -j 64 --block 3315 --recstart '>' --pipe blastp -query - -db /home/ylifc/miniconda2/envs/prokka/db/kingdom/Bacteria/sprot -evalue 1e-09 -qcov_hsp_perc 80 -num_threads 1 -num_descriptions 1 -num_alignments 1 -seg no > Thaumarchaeota_archaeon_SAT137\.fa_prokka\/PROKKA_10312021\.sprot\.tmp\.20225\.blast 2> /dev/null
[23:32:55] Modify product: Putative coenzyme F420-dependent oxidoreductase Rv3520c => Putative coenzyme F420-dependent oxidoreductase
[23:32:55] Modify product: Dihydroorotate dehydrogenase B (NAD(+)), electron transfer subunit homolog => Dihydroorotate dehydrogenase B (NAD(+)), electron transfer subunit 
[23:32:56] Modify product: Uncharacterized protein HI_1163 => putative protein
[23:32:56] Modify product: Probable UbiX-like flavin prenyltransferase => putative UbiX-like flavin prenyltransferase
[23:32:56] Modify product: Probable glycine dehydrogenase (decarboxylating) subunit 2 => putative glycine dehydrogenase (decarboxylating) subunit 2
[23:32:56] Modify product: Probable glycine dehydrogenase (decarboxylating) subunit 1 => putative glycine dehydrogenase (decarboxylating) subunit 1
[23:32:56] Modify product: Probable endonuclease 4 => putative endonuclease 4
[23:32:56] Modify product: Probable protein kinase UbiB => putative protein kinase UbiB
[23:32:56] Modify product: Putative coenzyme F420-dependent oxidoreductase Rv3520c => Putative coenzyme F420-dependent oxidoreductase
[23:32:56] Modify product: Nucleotidase CA_C3379 => Nucleotidase
[23:32:56] Modify product: Uncharacterized protein Rv0959 => putative protein
[23:32:56] Modify product: Ribonuclease TTHA0252 => Ribonuclease
[23:32:57] Modify product: UPF0053 protein HI_0107 => hypothetical protein
[23:32:57] Modify product: Putative phosphoribosyl transferase Rv0571c => Putative phosphoribosyl transferase
[23:32:57] Modify product: Probable nicotinate-nucleotide pyrophosphorylase [carboxylating] => putative nicotinate-nucleotide pyrophosphorylase [carboxylating]
[23:32:57] Modify product: UPF0051 protein SA0778 => hypothetical protein
[23:32:57] Modify product: Probable polyketide biosynthesis zinc-dependent hydrolase PksB => putative polyketide biosynthesis zinc-dependent hydrolase PksB
[23:32:57] Modify product: Uncharacterized protein MSMEG_2782/MSMEI_2713 => putative protein/MSMEI_2713
[23:32:57] Modify product: UPF0051 protein SA0778 => hypothetical protein
[23:32:57] Modify product: Probable transcriptional regulatory protein CBU_1566 => putative transcriptional regulatory protein
[23:32:57] Modify product: Probable tRNA-dihydrouridine synthase => putative tRNA-dihydrouridine synthase
[23:32:57] Modify product: Uncharacterized zinc protease Rv2782c => putative zinc protease
[23:32:57] Modify product: Uncharacterized zinc protease Rv2782c => putative zinc protease
[23:32:57] Modify product: Uncharacterized ABC transporter ATP-binding protein YxlF => putative ABC transporter ATP-binding protein YxlF
[23:32:57] Modify product: Uncharacterized ABC transporter ATP-binding protein YadG => putative ABC transporter ATP-binding protein YadG
[23:32:57] Modify product: Probable polyketide biosynthesis zinc-dependent hydrolase BaeB => putative polyketide biosynthesis zinc-dependent hydrolase BaeB
[23:32:57] Modify product: Uncharacterized protein HI_1048 => putative protein
[23:32:58] Cleaned 27 /product names
[23:32:58] Deleting unwanted file: Thaumarchaeota_archaeon_SAT137.fa_prokka/PROKKA_10312021.sprot.tmp.20225.faa
[23:32:58] Deleting unwanted file: Thaumarchaeota_archaeon_SAT137.fa_prokka/PROKKA_10312021.sprot.tmp.20225.blast
[23:32:58] There are still 1099 unannotated CDS left (started with 1552)
[23:32:58] Will use hmmer3 to search against /home/ylifc/miniconda2/envs/prokka/db/hmm/HAMAP.hmm with 64 CPUs
[23:32:58] Running: cat Thaumarchaeota_archaeon_SAT137\.fa_prokka\/PROKKA_10312021\.HAMAP\.hmm\.tmp\.20225\.faa | parallel --gnu --plain -j 64 --block 2078 --recstart '>' --pipe hmmscan --noali --notextw --acc -E 1e-09 --cpu 1 /home/ylifc/miniconda2/envs/prokka/db/hmm/HAMAP.hmm /dev/stdin > Thaumarchaeota_archaeon_SAT137\.fa_prokka\/PROKKA_10312021\.HAMAP\.hmm\.tmp\.20225\.hmmer3 2> /dev/null
[23:34:24] Modify product: Uncharacterized Nudix hydrolase NudL => putative Nudix hydrolase NudL
[23:34:24] Cleaned 1 /product names
[23:34:24] Deleting unwanted file: Thaumarchaeota_archaeon_SAT137.fa_prokka/PROKKA_10312021.HAMAP.hmm.tmp.20225.faa
[23:34:24] Deleting unwanted file: Thaumarchaeota_archaeon_SAT137.fa_prokka/PROKKA_10312021.HAMAP.hmm.tmp.20225.hmmer3
[23:34:24] Labelling remaining 950 proteins as 'hypothetical protein'
[23:34:24] Possible /pseudo 'FO synthase' at gnl|Prokka|GIKOLODH_1 position 31646
[23:34:24] Possible /pseudo 'NAD(P)H-quinone oxidoreductase subunit 2, chloroplastic' at gnl|Prokka|GIKOLODH_8 position 41709
[23:34:24] Possible /pseudo 'Outer membrane protein assembly factor BamA' at gnl|Prokka|GIKOLODH_10 position 3202
[23:34:24] Possible /pseudo 'Ribonuclease PH' at gnl|Prokka|GIKOLODH_19 position 24005
[23:34:24] Possible /pseudo '5-methyltetrahydropteroyltriglutamate--homocysteine methyltransferase' at gnl|Prokka|GIKOLODH_27 position 37957
[23:34:24] Possible /pseudo 'putative zinc protease' at gnl|Prokka|GIKOLODH_33 position 5078
[23:34:24] Found 471 unique /gene codes.
[23:34:24] Fixed 3 duplicate /gene - valS_1 valS_2 valS_3
[23:34:24] Fixed 2 duplicate /gene - guaA_1 guaA_2
[23:34:24] Fixed 2 duplicate /gene - ubiD_1 ubiD_2
[23:34:24] Fixed 2 duplicate /gene - asnS_1 asnS_2
[23:34:24] Fixed 2 duplicate /gene - carA_1 carA_2
[23:34:24] Fixed 2 duplicate /gene - lrp_1 lrp_2
[23:34:24] Fixed 2 duplicate /gene - kefB_1 kefB_2
[23:34:24] Fixed 2 duplicate /gene - nnr_1 nnr_2
[23:34:24] Fixed 2 duplicate /gene - smc_1 smc_2
[23:34:24] Fixed 2 duplicate /gene - ctaB_1 ctaB_2
[23:34:24] Fixed 2 duplicate /gene - hppA_1 hppA_2
[23:34:24] Fixed 3 duplicate /gene - thrB_1 thrB_2 thrB_3
[23:34:24] Fixed 2 duplicate /gene - rhdA_1 rhdA_2
[23:34:24] Fixed 2 duplicate /gene - prmC_1 prmC_2
[23:34:24] Fixed 2 duplicate /gene - adk_1 adk_2
[23:34:24] Fixed 2 duplicate /gene - hicd_1 hicd_2
[23:34:24] Fixed 2 duplicate /gene - trxB_1 trxB_2
[23:34:24] Fixed 2 duplicate /gene - fabG_1 fabG_2
[23:34:24] Fixed 2 duplicate /gene - ndhI_1 ndhI_2
[23:34:24] Fixed 4 duplicate /gene - sat_1 sat_2 sat_3 sat_4
[23:34:24] Fixed 3 duplicate /gene - recA_1 recA_2 recA_3
[23:34:24] Fixed 2 duplicate /gene - prcB_1 prcB_2
[23:34:24] Fixed 2 duplicate /gene - ino1_1 ino1_2
[23:34:24] Fixed 2 duplicate /gene - rph_1 rph_2
[23:34:24] Fixed 2 duplicate /gene - leuA_1 leuA_2
[23:34:24] Fixed 2 duplicate /gene - scpA_1 scpA_2
[23:34:24] Fixed 2 duplicate /gene - RBKS_1 RBKS_2
[23:34:24] Fixed 3 duplicate /gene - cas1_1 cas1_2 cas1_3
[23:34:24] Fixed 2 duplicate /gene - pyrD_1 pyrD_2
[23:34:24] Fixed 2 duplicate /gene - nadK_1 nadK_2
[23:34:24] Fixed 2 duplicate /gene - nth_1 nth_2
[23:34:24] Fixed 2 duplicate /gene - carB_1 carB_2
[23:34:24] Fixed 2 duplicate /gene - pdxT_1 pdxT_2
[23:34:24] Fixed 2 duplicate /gene - dxr_1 dxr_2
[23:34:24] Fixed 2 duplicate /gene - dnaJ_1 dnaJ_2
[23:34:24] Fixed 2 duplicate /gene - cpoB_1 cpoB_2
[23:34:24] Fixed 2 duplicate /gene - tldD_1 tldD_2
[23:34:24] Fixed 2 duplicate /gene - rnj_1 rnj_2
[23:34:24] Fixed 2 duplicate /gene - lysX_1 lysX_2
[23:34:24] Fixed 4 duplicate /gene - nfo_1 nfo_2 nfo_3 nfo_4
[23:34:24] Fixed 2 duplicate /gene - aspS_1 aspS_2
[23:34:24] Fixed 2 duplicate /gene - ndhB_1 ndhB_2
[23:34:24] Fixed 2 duplicate /gene - bcp_1 bcp_2
[23:34:24] Fixed 2 duplicate /gene - dapE_1 dapE_2
[23:34:24] Fixed 2 duplicate /gene - fadA_1 fadA_2
[23:34:24] Fixed 2 duplicate /gene - glmS_1 glmS_2
[23:34:24] Fixed 2 duplicate /gene - fbiC_1 fbiC_2
[23:34:24] Fixed 2 duplicate /gene - trxA_1 trxA_2
[23:34:24] Fixed 2 duplicate /gene - tal_1 tal_2
[23:34:24] Fixed 2 duplicate /gene - vgb_1 vgb_2
[23:34:24] Fixed 2 duplicate /gene - queC_1 queC_2
[23:34:24] Fixed 3 duplicate /gene - hldE_1 hldE_2 hldE_3
[23:34:24] Fixed 2 duplicate /gene - tolB_1 tolB_2
[23:34:24] Fixed 3 duplicate /gene - bamA_1 bamA_2 bamA_3
[23:34:24] Fixed 2 duplicate /gene - metE_1 metE_2
[23:34:24] Fixed 2 duplicate /gene - cugP_1 cugP_2
[23:34:24] Fixed 2 duplicate /gene - erpA_1 erpA_2
[23:34:24] Fixed 2 duplicate /gene - pdxS_1 pdxS_2
[23:34:24] Fixed 2 duplicate /gene - msrB_1 msrB_2
[23:34:24] Fixed 2 duplicate /gene - cpdA_1 cpdA_2
[23:34:24] Fixed 2 duplicate /gene - apbC_1 apbC_2
[23:34:24] Fixed 3 duplicate /gene - dbpA_1 dbpA_2 dbpA_3
[23:34:24] Fixed 2 duplicate /gene - nikR_1 nikR_2
[23:34:24] Fixed 2 duplicate /gene - resA_1 resA_2
[23:34:24] Fixed 3 duplicate /gene - ftsH_1 ftsH_2 ftsH_3
[23:34:24] Fixed 2 duplicate /gene - btuD_1 btuD_2
[23:34:24] Fixed 2 duplicate /gene - sufS_1 sufS_2
[23:34:24] Fixed 3 duplicate /gene - adh_1 adh_2 adh_3
[23:34:24] Fixed 3 duplicate /gene - groL_1 groL_2 groL_3
[23:34:24] Fixed 2 duplicate /gene - ffh_1 ffh_2
[23:34:24] Fixed 70 colliding /gene names.
[23:34:24] Adding /locus_tag identifiers
[23:34:25] Assigned 1572 locus_tags to CDS and RNA features.
[23:34:25] Writing outputs to Thaumarchaeota_archaeon_SAT137.fa_prokka/
[23:34:28] Generating annotation statistics file
[23:34:28] Generating Genbank and Sequin files
[23:34:28] Running: tbl2asn -V b -a r10k -l paired-ends -M n -N 1 -y 'Annotated using prokka 1.14.6 from https://github.com/tseemann/prokka' -Z Thaumarchaeota_archaeon_SAT137\.fa_prokka\/PROKKA_10312021\.err -i Thaumarchaeota_archaeon_SAT137\.fa_prokka\/PROKKA_10312021\.fsa 2> /dev/null
[23:34:39] Deleting unwanted file: Thaumarchaeota_archaeon_SAT137.fa_prokka/errorsummary.val
[23:34:39] Deleting unwanted file: Thaumarchaeota_archaeon_SAT137.fa_prokka/PROKKA_10312021.dr
[23:34:39] Deleting unwanted file: Thaumarchaeota_archaeon_SAT137.fa_prokka/PROKKA_10312021.fixedproducts
[23:34:39] Deleting unwanted file: Thaumarchaeota_archaeon_SAT137.fa_prokka/PROKKA_10312021.ecn
[23:34:39] Deleting unwanted file: Thaumarchaeota_archaeon_SAT137.fa_prokka/PROKKA_10312021.val
[23:34:39] Repairing broken .GBK output that tbl2asn produces...
[23:34:39] Running: sed 's/COORDINATES: profile/COORDINATES:profile/' < Thaumarchaeota_archaeon_SAT137\.fa_prokka\/PROKKA_10312021\.gbf > Thaumarchaeota_archaeon_SAT137\.fa_prokka\/PROKKA_10312021\.gbk
[23:34:39] Deleting unwanted file: Thaumarchaeota_archaeon_SAT137.fa_prokka/PROKKA_10312021.gbf
[23:34:39] Output files:
[23:34:39] Thaumarchaeota_archaeon_SAT137.fa_prokka/PROKKA_10312021.err
[23:34:39] Thaumarchaeota_archaeon_SAT137.fa_prokka/PROKKA_10312021.faa
[23:34:39] Thaumarchaeota_archaeon_SAT137.fa_prokka/PROKKA_10312021.ffn
[23:34:39] Thaumarchaeota_archaeon_SAT137.fa_prokka/PROKKA_10312021.fna
[23:34:39] Thaumarchaeota_archaeon_SAT137.fa_prokka/PROKKA_10312021.fsa
[23:34:39] Thaumarchaeota_archaeon_SAT137.fa_prokka/PROKKA_10312021.gbk
[23:34:39] Thaumarchaeota_archaeon_SAT137.fa_prokka/PROKKA_10312021.gff
[23:34:39] Thaumarchaeota_archaeon_SAT137.fa_prokka/PROKKA_10312021.log
[23:34:39] Thaumarchaeota_archaeon_SAT137.fa_prokka/PROKKA_10312021.sqn
[23:34:39] Thaumarchaeota_archaeon_SAT137.fa_prokka/PROKKA_10312021.tbl
[23:34:39] Thaumarchaeota_archaeon_SAT137.fa_prokka/PROKKA_10312021.tsv
[23:34:39] Thaumarchaeota_archaeon_SAT137.fa_prokka/PROKKA_10312021.txt
[23:34:39] Annotation finished successfully.
[23:34:39] Walltime used: 10.10 minutes
[23:34:39] If you use this result please cite the Prokka paper:
[23:34:39] Seemann T (2014) Prokka: rapid prokaryotic genome annotation. Bioinformatics. 30(14):2068-9.
[23:34:39] Type 'prokka --citation' for more details.
[23:34:39] Thank you, come again.
