[2022-04-15 23:53:50] INFO: CheckM v1.1.3
[2022-04-15 23:53:50] INFO: checkm lineage_wf -x fa genomes methane_seep_checkm
[2022-04-15 23:53:50] INFO: [CheckM - tree] Placing bins in reference genome tree.
[2022-04-15 23:53:50] INFO: Identifying marker genes in 18 bins with 1 threads:
[2022-04-15 23:54:00] INFO: CheckM v1.1.3
[2022-04-15 23:54:00] INFO: checkm lineage_wf -x fa -t 60 genomes methane_seep_checkm
[2022-04-15 23:54:00] INFO: [CheckM - tree] Placing bins in reference genome tree.
[2022-04-15 23:54:00] INFO: Identifying marker genes in 18 bins with 60 threads:
[2022-04-15 23:54:29] INFO: Saving HMM info to file.
[2022-04-15 23:54:29] INFO: Calculating genome statistics for 18 bins with 60 threads:
[2022-04-15 23:54:29] INFO: Extracting marker genes to align.
[2022-04-15 23:54:29] INFO: Parsing HMM hits to marker genes:
[2022-04-15 23:54:31] INFO: Extracting 43 HMMs with 60 threads:
[2022-04-15 23:54:31] INFO: Aligning 43 marker genes with 60 threads:
[2022-04-15 23:54:31] INFO: Reading marker alignment files.
[2022-04-15 23:54:31] INFO: Concatenating alignments.
[2022-04-15 23:54:31] INFO: Placing 18 bins into the genome tree with pplacer (be patient).
[2022-04-16 00:00:53] INFO: { Current stage: 0:06:53.001 || Total: 0:06:53.001 }
[2022-04-16 00:00:53] INFO: [CheckM - lineage_set] Inferring lineage-specific marker sets.
[2022-04-16 00:00:53] INFO: Reading HMM info from file.
[2022-04-16 00:00:53] INFO: Parsing HMM hits to marker genes:
[2022-04-16 00:00:54] INFO: Determining marker sets for each genome bin.
[2022-04-16 00:00:57] INFO: Marker set written to: methane_seep_checkm/lineage.ms
[2022-04-16 00:00:57] INFO: { Current stage: 0:00:04.159 || Total: 0:06:57.161 }
[2022-04-16 00:00:57] INFO: [CheckM - analyze] Identifying marker genes in bins.
[2022-04-16 00:00:57] INFO: Identifying marker genes in 18 bins with 60 threads:
[2022-04-16 00:02:25] INFO: Saving HMM info to file.
[2022-04-16 00:02:26] INFO: { Current stage: 0:01:29.225 || Total: 0:08:26.386 }
[2022-04-16 00:02:26] INFO: Parsing HMM hits to marker genes:
[2022-04-16 00:02:32] INFO: Aligning marker genes with multiple hits in a single bin:
[2022-04-16 00:02:34] INFO: { Current stage: 0:00:07.552 || Total: 0:08:33.939 }
[2022-04-16 00:02:34] INFO: Calculating genome statistics for 18 bins with 60 threads:
[2022-04-16 00:02:34] INFO: { Current stage: 0:00:00.440 || Total: 0:08:34.379 }
[2022-04-16 00:02:34] INFO: [CheckM - qa] Tabulating genome statistics.
[2022-04-16 00:02:34] INFO: Calculating AAI between multi-copy marker genes.
[2022-04-16 00:02:35] INFO: Reading HMM info from file.
[2022-04-16 00:02:35] INFO: Parsing HMM hits to marker genes:
[2022-04-16 00:02:40] INFO: { Current stage: 0:00:05.990 || Total: 0:08:40.369 }
