[23:27:30] This is prokka 1.14.6
[23:27:30] Written by Torsten Seemann <torsten.seemann@gmail.com>
[23:27:30] Homepage is https://github.com/tseemann/prokka
[23:27:30] Local time is Sun Oct 31 23:27:30 2021
[23:27:30] You are ylifc
[23:27:30] Operating system is linux
[23:27:30] You have BioPerl 1.007002
[23:27:30] System has 64 cores.
[23:27:30] Will use maximum of 64 cores.
[23:27:30] Annotating as >>> Bacteria <<<
[23:27:30] Generating locus_tag from 'Nitrosopumilus_sp_DDS1.fa' contents.
[23:27:30] Setting --locustag DFECLBEL from MD5 dfec5be5be7ae36db7dc2a15aba070ff
[23:27:30] Enabling options to ensure Genbank/ENA/DDJB submission compliance.
[23:27:30] Creating new output folder: Nitrosopumilus_sp_DDS1.fa_prokka
[23:27:30] Running: mkdir -p Nitrosopumilus_sp_DDS1\.fa_prokka
[23:27:30] Using filename prefix: PROKKA_10312021.XXX
[23:27:30] Setting HMMER_NCPU=1
[23:27:30] Writing log to: Nitrosopumilus_sp_DDS1.fa_prokka/PROKKA_10312021.log
[23:27:30] Command: /home/ylifc/miniconda2/envs/prokka/bin/prokka --cpus 0 --compliant --rfam Nitrosopumilus_sp_DDS1.fa --outdir Nitrosopumilus_sp_DDS1.fa_prokka
[23:27:30] Appending to PATH: /home/ylifc/miniconda2/envs/prokka/bin
[23:27:30] Looking for 'aragorn' - found /home/ylifc/miniconda2/envs/prokka/bin/aragorn
[23:27:30] Determined aragorn version is 001002 from 'ARAGORN v1.2.38 Dean Laslett'
[23:27:30] Looking for 'barrnap' - found /home/ylifc/miniconda2/envs/prokka/bin/barrnap
[23:27:31] Determined barrnap version is 000009 from 'barrnap 0.9'
[23:27:31] Looking for 'blastp' - found /home/ylifc/miniconda2/envs/prokka/bin/blastp
[23:27:32] Determined blastp version is 002012 from 'blastp: 2.12.0+'
[23:27:32] Looking for 'cmpress' - found /home/ylifc/miniconda2/envs/prokka/bin/cmpress
[23:27:32] Determined cmpress version is 001001 from '# INFERNAL 1.1.4 (Dec 2020)'
[23:27:32] Looking for 'cmscan' - found /home/ylifc/miniconda2/envs/prokka/bin/cmscan
[23:27:32] Determined cmscan version is 001001 from '# INFERNAL 1.1.4 (Dec 2020)'
[23:27:32] Looking for 'egrep' - found /bin/egrep
[23:27:32] Looking for 'find' - found /usr/bin/find
[23:27:32] Looking for 'grep' - found /bin/grep
[23:27:32] Looking for 'hmmpress' - found /home/ylifc/miniconda2/envs/prokka/bin/hmmpress
[23:27:32] Determined hmmpress version is 003003 from '# HMMER 3.3.2 (Nov 2020); http://hmmer.org/'
[23:27:32] Looking for 'hmmscan' - found /home/ylifc/miniconda2/envs/prokka/bin/hmmscan
[23:27:32] Determined hmmscan version is 003003 from '# HMMER 3.3.2 (Nov 2020); http://hmmer.org/'
[23:27:32] Looking for 'java' - found /home/ylifc/miniconda2/envs/prokka/bin/java
[23:27:32] Looking for 'makeblastdb' - found /home/ylifc/miniconda2/envs/prokka/bin/makeblastdb
[23:27:34] Determined makeblastdb version is 002012 from 'makeblastdb: 2.12.0+'
[23:27:34] Looking for 'minced' - found /home/ylifc/miniconda2/envs/prokka/bin/minced
[23:27:34] Determined minced version is 004002 from 'minced 0.4.2'
[23:27:34] Looking for 'parallel' - found /home/ylifc/miniconda2/envs/prokka/bin/parallel
[23:27:35] Determined parallel version is 20211022 from 'GNU parallel 20211022'
[23:27:35] Looking for 'prodigal' - found /home/ylifc/miniconda2/envs/prokka/bin/prodigal
[23:27:35] Determined prodigal version is 002006 from 'Prodigal V2.6.3: February, 2016'
[23:27:35] Looking for 'prokka-genbank_to_fasta_db' - found /home/ylifc/miniconda2/envs/prokka/bin/prokka-genbank_to_fasta_db
[23:27:35] Looking for 'sed' - found /bin/sed
[23:27:35] Looking for 'tbl2asn' - found /home/ylifc/miniconda2/envs/prokka/bin/tbl2asn
[23:27:35] Determined tbl2asn version is 025007 from 'tbl2asn 25.7   arguments:'
[23:27:35] Using genetic code table 11.
[23:27:35] Loading and checking input file: Nitrosopumilus_sp_DDS1.fa
[23:27:35] Skipping short (<200 bp) contig: LGTD01000001.1
[23:27:35] Skipping short (<200 bp) contig: LGTD01000013.1
[23:27:35] Skipping short (<200 bp) contig: LGTD01000016.1
[23:27:35] Skipping short (<200 bp) contig: LGTD01000023.1
[23:27:35] Skipping short (<200 bp) contig: LGTD01000027.1
[23:27:35] Skipping short (<200 bp) contig: LGTD01000028.1
[23:27:35] Skipping short (<200 bp) contig: LGTD01000055.1
[23:27:35] Skipping short (<200 bp) contig: LGTD01000057.1
[23:27:35] Skipping short (<200 bp) contig: LGTD01000064.1
[23:27:35] Skipping short (<200 bp) contig: LGTD01000068.1
[23:27:35] Skipping short (<200 bp) contig: LGTD01000070.1
[23:27:35] Skipping short (<200 bp) contig: LGTD01000072.1
[23:27:35] Skipping short (<200 bp) contig: LGTD01000073.1
[23:27:35] Skipping short (<200 bp) contig: LGTD01000075.1
[23:27:35] Skipping short (<200 bp) contig: LGTD01000076.1
[23:27:35] Skipping short (<200 bp) contig: LGTD01000094.1
[23:27:35] Skipping short (<200 bp) contig: LGTD01000113.1
[23:27:35] Skipping short (<200 bp) contig: LGTD01000116.1
[23:27:35] Skipping short (<200 bp) contig: LGTD01000135.1
[23:27:35] Skipping short (<200 bp) contig: LGTD01000137.1
[23:27:35] Skipping short (<200 bp) contig: LGTD01000138.1
[23:27:35] Skipping short (<200 bp) contig: LGTD01000160.1
[23:27:35] Skipping short (<200 bp) contig: LGTD01000161.1
[23:27:35] Skipping short (<200 bp) contig: LGTD01000162.1
[23:27:35] Skipping short (<200 bp) contig: LGTD01000167.1
[23:27:35] Skipping short (<200 bp) contig: LGTD01000173.1
[23:27:35] Skipping short (<200 bp) contig: LGTD01000186.1
[23:27:35] Skipping short (<200 bp) contig: LGTD01000193.1
[23:27:35] Skipping short (<200 bp) contig: LGTD01000194.1
[23:27:35] Skipping short (<200 bp) contig: LGTD01000210.1
[23:27:35] Skipping short (<200 bp) contig: LGTD01000220.1
[23:27:35] Skipping short (<200 bp) contig: LGTD01000224.1
[23:27:35] Skipping short (<200 bp) contig: LGTD01000230.1
[23:27:35] Skipping short (<200 bp) contig: LGTD01000232.1
[23:27:35] Skipping short (<200 bp) contig: LGTD01000233.1
[23:27:35] Skipping short (<200 bp) contig: LGTD01000235.1
[23:27:35] Skipping short (<200 bp) contig: LGTD01000236.1
[23:27:35] Skipping short (<200 bp) contig: LGTD01000240.1
[23:27:35] Skipping short (<200 bp) contig: LGTD01000241.1
[23:27:35] Skipping short (<200 bp) contig: LGTD01000243.1
[23:27:35] Skipping short (<200 bp) contig: LGTD01000249.1
[23:27:35] Skipping short (<200 bp) contig: LGTD01000261.1
[23:27:35] Skipping short (<200 bp) contig: LGTD01000271.1
[23:27:35] Skipping short (<200 bp) contig: LGTD01000288.1
[23:27:35] Skipping short (<200 bp) contig: LGTD01000297.1
[23:27:35] Skipping short (<200 bp) contig: LGTD01000298.1
[23:27:35] Skipping short (<200 bp) contig: LGTD01000302.1
[23:27:35] Skipping short (<200 bp) contig: LGTD01000304.1
[23:27:35] Skipping short (<200 bp) contig: LGTD01000308.1
[23:27:35] Skipping short (<200 bp) contig: LGTD01000309.1
[23:27:35] Skipping short (<200 bp) contig: LGTD01000313.1
[23:27:35] Skipping short (<200 bp) contig: LGTD01000319.1
[23:27:35] Skipping short (<200 bp) contig: LGTD01000320.1
[23:27:35] Skipping short (<200 bp) contig: LGTD01000326.1
[23:27:35] Skipping short (<200 bp) contig: LGTD01000329.1
[23:27:35] Skipping short (<200 bp) contig: LGTD01000333.1
[23:27:35] Skipping short (<200 bp) contig: LGTD01000334.1
[23:27:35] Skipping short (<200 bp) contig: LGTD01000339.1
[23:27:35] Skipping short (<200 bp) contig: LGTD01000340.1
[23:27:35] Skipping short (<200 bp) contig: LGTD01000343.1
[23:27:35] Skipping short (<200 bp) contig: LGTD01000346.1
[23:27:35] Skipping short (<200 bp) contig: LGTD01000360.1
[23:27:35] Skipping short (<200 bp) contig: LGTD01000375.1
[23:27:35] Skipping short (<200 bp) contig: LGTD01000381.1
[23:27:35] Skipping short (<200 bp) contig: LGTD01000394.1
[23:27:35] Skipping short (<200 bp) contig: LGTD01000396.1
[23:27:35] Skipping short (<200 bp) contig: LGTD01000403.1
[23:27:35] Skipping short (<200 bp) contig: LGTD01000405.1
[23:27:35] Skipping short (<200 bp) contig: LGTD01000428.1
[23:27:35] Skipping short (<200 bp) contig: LGTD01000448.1
[23:27:35] Skipping short (<200 bp) contig: LGTD01000450.1
[23:27:35] Skipping short (<200 bp) contig: LGTD01000470.1
[23:27:35] Skipping short (<200 bp) contig: LGTD01000475.1
[23:27:35] Skipping short (<200 bp) contig: LGTD01000478.1
[23:27:35] Skipping short (<200 bp) contig: LGTD01000479.1
[23:27:35] Skipping short (<200 bp) contig: LGTD01000482.1
[23:27:35] Skipping short (<200 bp) contig: LGTD01000498.1
[23:27:35] Skipping short (<200 bp) contig: LGTD01000507.1
[23:27:35] Skipping short (<200 bp) contig: LGTD01000508.1
[23:27:35] Skipping short (<200 bp) contig: LGTD01000511.1
[23:27:35] Skipping short (<200 bp) contig: LGTD01000519.1
[23:27:35] Skipping short (<200 bp) contig: LGTD01000529.1
[23:27:35] Skipping short (<200 bp) contig: LGTD01000531.1
[23:27:35] Skipping short (<200 bp) contig: LGTD01000540.1
[23:27:35] Skipping short (<200 bp) contig: LGTD01000544.1
[23:27:35] Skipping short (<200 bp) contig: LGTD01000553.1
[23:27:35] Skipping short (<200 bp) contig: LGTD01000573.1
[23:27:35] Skipping short (<200 bp) contig: LGTD01000578.1
[23:27:35] Skipping short (<200 bp) contig: LGTD01000590.1
[23:27:35] Skipping short (<200 bp) contig: LGTD01000596.1
[23:27:35] Skipping short (<200 bp) contig: LGTD01000600.1
[23:27:35] Skipping short (<200 bp) contig: LGTD01000602.1
[23:27:35] Skipping short (<200 bp) contig: LGTD01000617.1
[23:27:35] Skipping short (<200 bp) contig: LGTD01000623.1
[23:27:35] Skipping short (<200 bp) contig: LGTD01000628.1
[23:27:35] Skipping short (<200 bp) contig: LGTD01000631.1
[23:27:35] Skipping short (<200 bp) contig: LGTD01000632.1
[23:27:35] Skipping short (<200 bp) contig: LGTD01000649.1
[23:27:35] Skipping short (<200 bp) contig: LGTD01000658.1
[23:27:35] Skipping short (<200 bp) contig: LGTD01000659.1
[23:27:35] Skipping short (<200 bp) contig: LGTD01000666.1
[23:27:35] Skipping short (<200 bp) contig: LGTD01000697.1
[23:27:35] Skipping short (<200 bp) contig: LGTD01000716.1
[23:27:35] Skipping short (<200 bp) contig: LGTD01000745.1
[23:27:35] Skipping short (<200 bp) contig: LGTD01000749.1
[23:27:35] Skipping short (<200 bp) contig: LGTD01000763.1
[23:27:35] Skipping short (<200 bp) contig: LGTD01000764.1
[23:27:35] Skipping short (<200 bp) contig: LGTD01000781.1
[23:27:35] Skipping short (<200 bp) contig: LGTD01000789.1
[23:27:35] Skipping short (<200 bp) contig: LGTD01000814.1
[23:27:35] Skipping short (<200 bp) contig: LGTD01000818.1
[23:27:35] Skipping short (<200 bp) contig: LGTD01000826.1
[23:27:35] Skipping short (<200 bp) contig: LGTD01000831.1
[23:27:35] Skipping short (<200 bp) contig: LGTD01000840.1
[23:27:35] Skipping short (<200 bp) contig: LGTD01000844.1
[23:27:35] Skipping short (<200 bp) contig: LGTD01000852.1
[23:27:35] Skipping short (<200 bp) contig: LGTD01000853.1
[23:27:35] Skipping short (<200 bp) contig: LGTD01000854.1
[23:27:35] Skipping short (<200 bp) contig: LGTD01000856.1
[23:27:35] Skipping short (<200 bp) contig: LGTD01000857.1
[23:27:35] Skipping short (<200 bp) contig: LGTD01000872.1
[23:27:35] Skipping short (<200 bp) contig: LGTD01000884.1
[23:27:35] Skipping short (<200 bp) contig: LGTD01000889.1
[23:27:35] Skipping short (<200 bp) contig: LGTD01000902.1
[23:27:35] Skipping short (<200 bp) contig: LGTD01000906.1
[23:27:35] Skipping short (<200 bp) contig: LGTD01000910.1
[23:27:35] Skipping short (<200 bp) contig: LGTD01000915.1
[23:27:35] Skipping short (<200 bp) contig: LGTD01000927.1
[23:27:35] Skipping short (<200 bp) contig: LGTD01000928.1
[23:27:35] Skipping short (<200 bp) contig: LGTD01000930.1
[23:27:35] Skipping short (<200 bp) contig: LGTD01000933.1
[23:27:35] Skipping short (<200 bp) contig: LGTD01000939.1
[23:27:35] Skipping short (<200 bp) contig: LGTD01000951.1
[23:27:35] Skipping short (<200 bp) contig: LGTD01000960.1
[23:27:35] Skipping short (<200 bp) contig: LGTD01000964.1
[23:27:35] Skipping short (<200 bp) contig: LGTD01000982.1
[23:27:35] Skipping short (<200 bp) contig: LGTD01000997.1
[23:27:35] Skipping short (<200 bp) contig: LGTD01000999.1
[23:27:35] Skipping short (<200 bp) contig: LGTD01001011.1
[23:27:35] Skipping short (<200 bp) contig: LGTD01001018.1
[23:27:35] Skipping short (<200 bp) contig: LGTD01001021.1
[23:27:35] Skipping short (<200 bp) contig: LGTD01001022.1
[23:27:35] Skipping short (<200 bp) contig: LGTD01001027.1
[23:27:35] Skipping short (<200 bp) contig: LGTD01001035.1
[23:27:35] Skipping short (<200 bp) contig: LGTD01001040.1
[23:27:35] Skipping short (<200 bp) contig: LGTD01001041.1
[23:27:35] Skipping short (<200 bp) contig: LGTD01001043.1
[23:27:35] Skipping short (<200 bp) contig: LGTD01001048.1
[23:27:35] Skipping short (<200 bp) contig: LGTD01001050.1
[23:27:35] Skipping short (<200 bp) contig: LGTD01001052.1
[23:27:35] Skipping short (<200 bp) contig: LGTD01001068.1
[23:27:35] Skipping short (<200 bp) contig: LGTD01001072.1
[23:27:35] Skipping short (<200 bp) contig: LGTD01001076.1
[23:27:35] Skipping short (<200 bp) contig: LGTD01001079.1
[23:27:35] Skipping short (<200 bp) contig: LGTD01001080.1
[23:27:35] Skipping short (<200 bp) contig: LGTD01001095.1
[23:27:35] Skipping short (<200 bp) contig: LGTD01001102.1
[23:27:35] Skipping short (<200 bp) contig: LGTD01001110.1
[23:27:35] Skipping short (<200 bp) contig: LGTD01001115.1
[23:27:35] Skipping short (<200 bp) contig: LGTD01001118.1
[23:27:35] Skipping short (<200 bp) contig: LGTD01001120.1
[23:27:35] Skipping short (<200 bp) contig: LGTD01001123.1
[23:27:35] Skipping short (<200 bp) contig: LGTD01001128.1
[23:27:35] Skipping short (<200 bp) contig: LGTD01001131.1
[23:27:35] Skipping short (<200 bp) contig: LGTD01001135.1
[23:27:35] Skipping short (<200 bp) contig: LGTD01001137.1
[23:27:35] Skipping short (<200 bp) contig: LGTD01001153.1
[23:27:35] Skipping short (<200 bp) contig: LGTD01001154.1
[23:27:35] Skipping short (<200 bp) contig: LGTD01001170.1
[23:27:35] Skipping short (<200 bp) contig: LGTD01001174.1
[23:27:35] Skipping short (<200 bp) contig: LGTD01001194.1
[23:27:35] Skipping short (<200 bp) contig: LGTD01001196.1
[23:27:35] Skipping short (<200 bp) contig: LGTD01001232.1
[23:27:35] Skipping short (<200 bp) contig: LGTD01001238.1
[23:27:35] Skipping short (<200 bp) contig: LGTD01001239.1
[23:27:35] Skipping short (<200 bp) contig: LGTD01001259.1
[23:27:35] Wrote 1083 contigs totalling 1715939 bp.
[23:27:35] Predicting tRNAs and tmRNAs
[23:27:35] Running: aragorn -l -gc11  -w Nitrosopumilus_sp_DDS1\.fa_prokka\/PROKKA_10312021\.fna
[23:27:35] 1 tRNA-Val [152,247] 36 (cac)
[23:27:35] 1 tRNA-Thr [312,386] 36 (tgt)
[23:27:35] 1 tRNA-Ser c[3978,4064] 35 (gct)
[23:27:35] 1 tRNA-Gly c[931,1004] 35 (ccc)
[23:27:35] 1 tRNA-Gln c[3278,3351] 35 (ttg)
[23:27:35] 1 tRNA-Leu [539,625] 38 (cag)
[23:27:35] 1 tRNA-Arg c[2266,2340] 36 (tcg)
[23:27:35] 1 tRNA-Lys [612,686] 35 (ctt)
[23:27:35] 2 tRNA-Val c[2467,2542] 36 (tac)
[23:27:35] 1 tRNA-Ala c[1444,1518] 33 (cgc)
[23:27:35] 1 tRNA-Leu c[1008,1095] 37 (tag)
[23:27:35] 1 tRNA-Ser [5088,5173] 36 (tga)
[23:27:35] 1 tRNA-Ala [597,671] 35 (ggc)
[23:27:35] 1 tRNA-Lys c[2016,2090] 35 (ttt)
[23:27:35] 2 tRNA-Asp [2187,2264] 37 (gtc)
[23:27:35] 1 tRNA-Met [1216,1289] 35 (cat)
[23:27:35] 1 tRNA-His [209,281] 34 (gtg)
[23:27:35] 1 tRNA-Leu [330,415] 37 (gag)
[23:27:36] 1 tRNA-Gln c[690,778] 28 (ctg)
[23:27:36] 1 tRNA-Gly c[515,591] 36 (gcc)
[23:27:36] 1 tRNA-Glu c[1426,1500] 37 (ctc)
[23:27:36] 1 tRNA-Arg [801,877] 37 (gcg)
[23:27:36] 1 tRNA-Pro [42,118] 35 (tgg)
[23:27:36] 1 tRNA-Ser [6670,6752] 33 (cga)
[23:27:36] 1 tRNA-Asn c[1446,1520] 35 (gtt)
[23:27:36] 1 tRNA-Phe c[582,658] 36 (gaa)
[23:27:36] 1 tRNA-Gly c[44,119] 37 (tcc)
[23:27:36] 1 tRNA-Arg c[3409,3485] 37 (tct)
[23:27:36] 1 tRNA-Thr c[1107,1180] 35 (ggt)
[23:27:36] 1 tRNA-Ile c[-1,74] 36 (gat)
[23:27:36] 1 tRNA-Trp c[2031,2105] 35 (cca)
[23:27:36] 1 tRNA-Thr [2175,2248] 35 (cgt)
[23:27:36] 1 tRNA-Cys c[2965,3036] 33 (gca)
[23:27:36] 1 tRNA-Val c[1046,1120] 35 (gac)
[23:27:36] 1 tRNA-Arg [84,170] 36 (cct)
[23:27:36] 1 tRNA-Pro c[218,291] 35 (ggg)
[23:27:36] Found 36 tRNAs
[23:27:36] Predicting Ribosomal RNAs
[23:27:36] Running Barrnap with 64 threads
[23:27:40] 1 gnl|Prokka|DFECLBEL_15 1916 23S ribosomal RNA (partial)
[23:27:40] 2 gnl|Prokka|DFECLBEL_16 38 23S ribosomal RNA (partial)
[23:27:40] 3 gnl|Prokka|DFECLBEL_16 1712 16S ribosomal RNA
[23:27:40] 4 gnl|Prokka|DFECLBEL_380 998 5S ribosomal RNA
[23:27:40] Found 4 rRNAs
[23:27:40] Scanning for ncRNAs... please be patient.
[23:27:40] Running: cmscan -Z 3.431878 --cut_ga --rfam --nohmmonly --fmt 2 --cpu 64 --tblout /dev/stdout -o /dev/null --noali /home/ylifc/miniconda2/envs/prokka/db/cm/Bacteria Nitrosopumilus_sp_DDS1\.fa_prokka\/PROKKA_10312021\.fna
[23:40:23] 1 ncRNA 1 gnl|Prokka|DFECLBEL_570 1..303
[23:40:23] Found 1 ncRNAs.
[23:40:23] Total of 40 tRNA + rRNA features
[23:40:23] Searching for CRISPR repeats
[23:40:25] Found 0 CRISPRs
[23:40:25] Predicting coding sequences
[23:40:25] Contigs total 1715939 bp, so using single mode
[23:40:25] Running: prodigal -i Nitrosopumilus_sp_DDS1\.fa_prokka\/PROKKA_10312021\.fna -c -m -g 11 -p single -f sco -q
[23:40:27] Excluding CDS which overlaps existing RNA (rRNA) at gnl|Prokka|DFECLBEL_15:2214..2402 on - strand
[23:40:27] Excluding CDS which overlaps existing RNA (rRNA) at gnl|Prokka|DFECLBEL_15:2429..2860 on - strand
[23:40:27] Excluding CDS which overlaps existing RNA (rRNA) at gnl|Prokka|DFECLBEL_16:830..952 on - strand
[23:40:29] Excluding CDS which overlaps existing RNA (tRNA) at gnl|Prokka|DFECLBEL_908:2555..2965 on + strand
[23:40:29] Found 2054 CDS
[23:40:29] Connecting features back to sequences
[23:40:29] Not using genus-specific database. Try --usegenus to enable it.
[23:40:29] Annotating CDS, please be patient.
[23:40:29] Will use 64 CPUs for similarity searching.
[23:40:30] There are still 2054 unannotated CDS left (started with 2054)
[23:40:30] Will use blast to search against /home/ylifc/miniconda2/envs/prokka/db/kingdom/Bacteria/IS with 64 CPUs
[23:40:30] Running: cat Nitrosopumilus_sp_DDS1\.fa_prokka\/PROKKA_10312021\.IS\.tmp\.3580\.faa | parallel --gnu --plain -j 64 --block 2922 --recstart '>' --pipe blastp -query - -db /home/ylifc/miniconda2/envs/prokka/db/kingdom/Bacteria/IS -evalue 1e-30 -qcov_hsp_perc 90 -num_threads 1 -num_descriptions 1 -num_alignments 1 -seg no > Nitrosopumilus_sp_DDS1\.fa_prokka\/PROKKA_10312021\.IS\.tmp\.3580\.blast 2> /dev/null
[23:41:09] Deleting unwanted file: Nitrosopumilus_sp_DDS1.fa_prokka/PROKKA_10312021.IS.tmp.3580.faa
[23:41:09] Deleting unwanted file: Nitrosopumilus_sp_DDS1.fa_prokka/PROKKA_10312021.IS.tmp.3580.blast
[23:41:10] There are still 2053 unannotated CDS left (started with 2054)
[23:41:10] Will use blast to search against /home/ylifc/miniconda2/envs/prokka/db/kingdom/Bacteria/AMR with 64 CPUs
[23:41:10] Running: cat Nitrosopumilus_sp_DDS1\.fa_prokka\/PROKKA_10312021\.AMR\.tmp\.3580\.faa | parallel --gnu --plain -j 64 --block 2921 --recstart '>' --pipe blastp -query - -db /home/ylifc/miniconda2/envs/prokka/db/kingdom/Bacteria/AMR -evalue 9.99999999999999e-301 -qcov_hsp_perc 90 -num_threads 1 -num_descriptions 1 -num_alignments 1 -seg no > Nitrosopumilus_sp_DDS1\.fa_prokka\/PROKKA_10312021\.AMR\.tmp\.3580\.blast 2> /dev/null
[23:41:46] Deleting unwanted file: Nitrosopumilus_sp_DDS1.fa_prokka/PROKKA_10312021.AMR.tmp.3580.faa
[23:41:46] Deleting unwanted file: Nitrosopumilus_sp_DDS1.fa_prokka/PROKKA_10312021.AMR.tmp.3580.blast
[23:41:48] There are still 2053 unannotated CDS left (started with 2054)
[23:41:48] Will use blast to search against /home/ylifc/miniconda2/envs/prokka/db/kingdom/Bacteria/sprot with 64 CPUs
[23:41:48] Running: cat Nitrosopumilus_sp_DDS1\.fa_prokka\/PROKKA_10312021\.sprot\.tmp\.3580\.faa | parallel --gnu --plain -j 64 --block 2921 --recstart '>' --pipe blastp -query - -db /home/ylifc/miniconda2/envs/prokka/db/kingdom/Bacteria/sprot -evalue 1e-09 -qcov_hsp_perc 80 -num_threads 1 -num_descriptions 1 -num_alignments 1 -seg no > Nitrosopumilus_sp_DDS1\.fa_prokka\/PROKKA_10312021\.sprot\.tmp\.3580\.blast 2> /dev/null
[23:43:39] Modify product: Probable nicotinate-nucleotide pyrophosphorylase [carboxylating] => putative nicotinate-nucleotide pyrophosphorylase [carboxylating]
[23:43:39] Modify product: UPF0098 protein CT_736 => hypothetical protein
[23:43:39] Modify product: Uncharacterized protein YccU => putative protein YccU
[23:43:39] Modify product: Uncharacterized membrane protein Rv0364 => putative membrane protein
[23:43:39] Modify product: Probable dual-specificity RNA methyltransferase RlmN => putative dual-specificity RNA methyltransferase RlmN
[23:43:39] Modify product: Dihydroorotate dehydrogenase B (NAD(+)), electron transfer subunit homolog => Dihydroorotate dehydrogenase B (NAD(+)), electron transfer subunit 
[23:43:40] Modify product: UPF0051 protein SA0778 => hypothetical protein
[23:43:40] Modify product: Uncharacterized oxidoreductase SA2266 => putative oxidoreductase
[23:43:40] Modify product: Bifunctional protein FolD => Bifunctional protein FolD protein
[23:43:40] Modify product: Uncharacterized protein YqgN => putative protein YqgN
[23:43:40] Modify product: Probable cytochrome c oxidase subunit 1 => putative cytochrome c oxidase subunit 1
[23:43:40] Modify product: Probable oxidoreductase CT_610 => putative oxidoreductase CT_610
[23:43:40] Modify product: Uncharacterized protein HI_1163 => putative protein
[23:43:40] Modify product: Putative universal stress protein SA1532 => Putative universal stress protein
[23:43:40] Modify product: Uncharacterized protein YedJ => putative protein YedJ
[23:43:40] Modify product: Probable bacterial non-heme ferritin => putative bacterial non-heme ferritin
[23:43:41] Modify product: Probable UbiX-like flavin prenyltransferase => putative UbiX-like flavin prenyltransferase
[23:43:41] Modify product: Putative peroxiredoxin Rv2521 => Putative peroxiredoxin
[23:43:41] Modify product: Uncharacterized protein MSMEG_2782/MSMEI_2713 => putative protein/MSMEI_2713
[23:43:41] Modify product: Uncharacterized oxidoreductase Rv1350 => putative oxidoreductase
[23:43:41] Modify product: Putative coenzyme F420-dependent oxidoreductase Rv3520c => Putative coenzyme F420-dependent oxidoreductase
[23:43:41] Modify product: UPF0053 protein Rv2366c => hypothetical protein
[23:43:41] Modify product: Uncharacterized metal-dependent hydrolase YcfH => putative metal-dependent hydrolase YcfH
[23:43:42] Modify product: Probable dipeptidase PepE => putative dipeptidase PepE
[23:43:42] Modify product: Ribonuclease TTHA0252 => Ribonuclease
[23:43:42] Modify product: UPF0060 membrane protein YnfA => hypothetical protein
[23:43:42] Modify product: Probable protein kinase UbiB => putative protein kinase UbiB
[23:43:42] Modify product: Probable adenylyl-sulfate kinase => putative adenylyl-sulfate kinase
[23:43:42] Modify product: Uncharacterized oxidoreductase SA2266 => putative oxidoreductase
[23:43:42] Cleaned 29 /product names
[23:43:42] Deleting unwanted file: Nitrosopumilus_sp_DDS1.fa_prokka/PROKKA_10312021.sprot.tmp.3580.faa
[23:43:42] Deleting unwanted file: Nitrosopumilus_sp_DDS1.fa_prokka/PROKKA_10312021.sprot.tmp.3580.blast
[23:43:43] There are still 1656 unannotated CDS left (started with 2054)
[23:43:43] Will use hmmer3 to search against /home/ylifc/miniconda2/envs/prokka/db/hmm/HAMAP.hmm with 64 CPUs
[23:43:43] Running: cat Nitrosopumilus_sp_DDS1\.fa_prokka\/PROKKA_10312021\.HAMAP\.hmm\.tmp\.3580\.faa | parallel --gnu --plain -j 64 --block 2100 --recstart '>' --pipe hmmscan --noali --notextw --acc -E 1e-09 --cpu 1 /home/ylifc/miniconda2/envs/prokka/db/hmm/HAMAP.hmm /dev/stdin > Nitrosopumilus_sp_DDS1\.fa_prokka\/PROKKA_10312021\.HAMAP\.hmm\.tmp\.3580\.hmmer3 2> /dev/null
[23:45:49] Modify product: Uncharacterized MFS-type transporter YcaD => putative MFS-type transporter YcaD
[23:45:50] Modify product: Uncharacterized Nudix hydrolase NudL => putative Nudix hydrolase NudL
[23:45:51] Cleaned 2 /product names
[23:45:51] Deleting unwanted file: Nitrosopumilus_sp_DDS1.fa_prokka/PROKKA_10312021.HAMAP.hmm.tmp.3580.faa
[23:45:51] Deleting unwanted file: Nitrosopumilus_sp_DDS1.fa_prokka/PROKKA_10312021.HAMAP.hmm.tmp.3580.hmmer3
[23:45:51] Labelling remaining 1511 proteins as 'hypothetical protein'
[23:45:51] Possible /pseudo 'Protein-glutamate methylesterase/protein-glutamine glutaminase' at gnl|Prokka|DFECLBEL_309 position 1478
[23:45:51] Possible /pseudo 'Ferredoxin-type protein NapF' at gnl|Prokka|DFECLBEL_345 position 4467
[23:45:51] Possible /pseudo 'NAD(P)H-quinone oxidoreductase subunit 2, chloroplastic' at gnl|Prokka|DFECLBEL_376 position 1295
[23:45:51] Possible /pseudo 'Ribonuclease PH' at gnl|Prokka|DFECLBEL_489 position 491
[23:45:51] Possible /pseudo 'FO synthase' at gnl|Prokka|DFECLBEL_554 position 3368
[23:45:51] Possible /pseudo 'NAD-dependent malic enzyme' at gnl|Prokka|DFECLBEL_598 position 5943
[23:45:51] Possible /pseudo 'Adaptive-response sensory-kinase SasA' at gnl|Prokka|DFECLBEL_610 position 3358
[23:45:51] Found 416 unique /gene codes.
[23:45:51] Fixed 2 duplicate /gene - aspS2_1 aspS2_2
[23:45:51] Fixed 2 duplicate /gene - bcp_1 bcp_2
[23:45:51] Fixed 3 duplicate /gene - sodA_1 sodA_2 sodA_3
[23:45:51] Fixed 2 duplicate /gene - ndhB_1 ndhB_2
[23:45:51] Fixed 2 duplicate /gene - lysX_1 lysX_2
[23:45:51] Fixed 2 duplicate /gene - aqpZ_1 aqpZ_2
[23:45:51] Fixed 2 duplicate /gene - czcD_1 czcD_2
[23:45:51] Fixed 10 duplicate /gene - sasA_1 sasA_2 sasA_3 sasA_4 sasA_5 sasA_6 sasA_7 sasA_8 sasA_9 sasA_10
[23:45:51] Fixed 2 duplicate /gene - hemA_1 hemA_2
[23:45:51] Fixed 3 duplicate /gene - ttuD_1 ttuD_2 ttuD_3
[23:45:51] Fixed 2 duplicate /gene - ctaB_1 ctaB_2
[23:45:51] Fixed 2 duplicate /gene - napF_1 napF_2
[23:45:51] Fixed 2 duplicate /gene - iolS_1 iolS_2
[23:45:51] Fixed 2 duplicate /gene - hisC_1 hisC_2
[23:45:51] Fixed 2 duplicate /gene - IMPDH_1 IMPDH_2
[23:45:51] Fixed 14 duplicate /gene - cheY_1 cheY_2 cheY_3 cheY_4 cheY_5 cheY_6 cheY_7 cheY_8 cheY_9 cheY_10 cheY_11 cheY_12 cheY_13 cheY_14
[23:45:51] Fixed 4 duplicate /gene - rcsC_1 rcsC_2 rcsC_3 rcsC_4
[23:45:51] Fixed 2 duplicate /gene - rph_1 rph_2
[23:45:51] Fixed 4 duplicate /gene - ftsH_1 ftsH_2 ftsH_3 ftsH_4
[23:45:51] Fixed 3 duplicate /gene - teaD_1 teaD_2 teaD_3
[23:45:51] Fixed 2 duplicate /gene - mscS_1 mscS_2
[23:45:51] Fixed 3 duplicate /gene - fbiC_1 fbiC_2 fbiC_3
[23:45:51] Fixed 4 duplicate /gene - dnaJ_1 dnaJ_2 dnaJ_3 dnaJ_4
[23:45:51] Fixed 2 duplicate /gene - glmM_1 glmM_2
[23:45:51] Fixed 3 duplicate /gene - thrB_1 thrB_2 thrB_3
[23:45:51] Fixed 2 duplicate /gene - mntR_1 mntR_2
[23:45:51] Fixed 2 duplicate /gene - metG_1 metG_2
[23:45:51] Fixed 2 duplicate /gene - rssB_1 rssB_2
[23:45:51] Fixed 3 duplicate /gene - copA_1 copA_2 copA_3
[23:45:51] Fixed 3 duplicate /gene - petE_1 petE_2 petE_3
[23:45:51] Fixed 2 duplicate /gene - gltP_1 gltP_2
[23:45:51] Fixed 2 duplicate /gene - lnrL_1 lnrL_2
[23:45:51] Fixed 2 duplicate /gene - glnA_1 glnA_2
[23:45:51] Fixed 2 duplicate /gene - yrbG_1 yrbG_2
[23:45:51] Fixed 4 duplicate /gene - vgb_1 vgb_2 vgb_3 vgb_4
[23:45:51] Fixed 3 duplicate /gene - COQ3_1 COQ3_2 COQ3_3
[23:45:51] Fixed 2 duplicate /gene - kefB_1 kefB_2
[23:45:51] Fixed 2 duplicate /gene - zraS_1 zraS_2
[23:45:51] Fixed 2 duplicate /gene - hemL_1 hemL_2
[23:45:51] Fixed 2 duplicate /gene - prcA_1 prcA_2
[23:45:51] Fixed 2 duplicate /gene - fabG_1 fabG_2
[23:45:51] Fixed 2 duplicate /gene - iolG_1 iolG_2
[23:45:51] Fixed 2 duplicate /gene - metH_1 metH_2
[23:45:51] Fixed 8 duplicate /gene - cheB_1 cheB_2 cheB_3 cheB_4 cheB_5 cheB_6 cheB_7 cheB_8
[23:45:51] Fixed 2 duplicate /gene - nadK_1 nadK_2
[23:45:51] Fixed 2 duplicate /gene - thi4_1 thi4_2
[23:45:51] Fixed 2 duplicate /gene - fbiB_1 fbiB_2
[23:45:51] Fixed 2 duplicate /gene - prcB_1 prcB_2
[23:45:51] Fixed 48 colliding /gene names.
[23:45:51] Adding /locus_tag identifiers
[23:45:51] Assigned 2095 locus_tags to CDS and RNA features.
[23:45:51] Writing outputs to Nitrosopumilus_sp_DDS1.fa_prokka/
[23:45:55] Generating annotation statistics file
[23:45:55] Generating Genbank and Sequin files
[23:45:55] Running: tbl2asn -V b -a r10k -l paired-ends -M n -N 1 -y 'Annotated using prokka 1.14.6 from https://github.com/tseemann/prokka' -Z Nitrosopumilus_sp_DDS1\.fa_prokka\/PROKKA_10312021\.err -i Nitrosopumilus_sp_DDS1\.fa_prokka\/PROKKA_10312021\.fsa 2> /dev/null
[23:46:13] Deleting unwanted file: Nitrosopumilus_sp_DDS1.fa_prokka/errorsummary.val
[23:46:13] Deleting unwanted file: Nitrosopumilus_sp_DDS1.fa_prokka/PROKKA_10312021.dr
[23:46:13] Deleting unwanted file: Nitrosopumilus_sp_DDS1.fa_prokka/PROKKA_10312021.fixedproducts
[23:46:13] Deleting unwanted file: Nitrosopumilus_sp_DDS1.fa_prokka/PROKKA_10312021.ecn
[23:46:13] Deleting unwanted file: Nitrosopumilus_sp_DDS1.fa_prokka/PROKKA_10312021.val
[23:46:13] Repairing broken .GBK output that tbl2asn produces...
[23:46:13] Running: sed 's/COORDINATES: profile/COORDINATES:profile/' < Nitrosopumilus_sp_DDS1\.fa_prokka\/PROKKA_10312021\.gbf > Nitrosopumilus_sp_DDS1\.fa_prokka\/PROKKA_10312021\.gbk
[23:46:14] Deleting unwanted file: Nitrosopumilus_sp_DDS1.fa_prokka/PROKKA_10312021.gbf
[23:46:14] Output files:
[23:46:14] Nitrosopumilus_sp_DDS1.fa_prokka/PROKKA_10312021.err
[23:46:14] Nitrosopumilus_sp_DDS1.fa_prokka/PROKKA_10312021.faa
[23:46:14] Nitrosopumilus_sp_DDS1.fa_prokka/PROKKA_10312021.ffn
[23:46:14] Nitrosopumilus_sp_DDS1.fa_prokka/PROKKA_10312021.fna
[23:46:14] Nitrosopumilus_sp_DDS1.fa_prokka/PROKKA_10312021.fsa
[23:46:14] Nitrosopumilus_sp_DDS1.fa_prokka/PROKKA_10312021.gbk
[23:46:14] Nitrosopumilus_sp_DDS1.fa_prokka/PROKKA_10312021.gff
[23:46:14] Nitrosopumilus_sp_DDS1.fa_prokka/PROKKA_10312021.log
[23:46:14] Nitrosopumilus_sp_DDS1.fa_prokka/PROKKA_10312021.sqn
[23:46:14] Nitrosopumilus_sp_DDS1.fa_prokka/PROKKA_10312021.tbl
[23:46:14] Nitrosopumilus_sp_DDS1.fa_prokka/PROKKA_10312021.tsv
[23:46:14] Nitrosopumilus_sp_DDS1.fa_prokka/PROKKA_10312021.txt
[23:46:14] Annotation finished successfully.
[23:46:14] Walltime used: 18.73 minutes
[23:46:14] If you use this result please cite the Prokka paper:
[23:46:14] Seemann T (2014) Prokka: rapid prokaryotic genome annotation. Bioinformatics. 30(14):2068-9.
[23:46:14] Type 'prokka --citation' for more details.
[23:46:14] Thank you, come again.
