FastTree Version 2.1.11 Double precision (No SSE3), OpenMP (64 threads)
Alignment: genomes_identify_align/gtdbtk.ar122.user_msa.fasta
Amino acid distances: BLOSUM45 Joins: balanced Support: SH-like 1000
Search: Normal +NNI +SPR (2 rounds range 10) +ML-NNI opt-each=1
TopHits: 1.00*sqrtN close=default refresh=0.80
ML Model: Whelan-And-Goldman, CAT approximation with 20 rate categories
Ignored unknown character X (seen 37 times)
Initial topology in 1.15 seconds
Refining topology: 25 rounds ME-NNIs, 2 rounds ME-SPRs, 13 rounds ML-NNIs
      1.14 seconds: ME NNI round 1 of 25, 1 of 77 splits
      1.30 seconds: ME NNI round 2 of 25, 1 of 77 splits
      1.46 seconds: SPR round   1 of   2, 1 of 156 nodes
      4.78 seconds: SPR round   1 of   2, 101 of 156 nodes
      6.34 seconds: ME NNI round 9 of 25, 1 of 77 splits
      6.49 seconds: SPR round   2 of   2, 1 of 156 nodes
      9.24 seconds: SPR round   2 of   2, 101 of 156 nodes
     11.15 seconds: ME NNI round 17 of 25, 1 of 77 splits
Total branch-length 13.167 after 11.49 sec
     11.50 seconds: ML Lengths 1 of 77 splits
     16.21 seconds: ML NNI round 1 of 13, 1 of 77 splits
ML-NNI round 1: LogLk = -301156.030 NNIs 10 max delta 121.61 Time 23.66
     24.12 seconds: Site likelihoods with rate category 1 of 20
     24.58 seconds: Site likelihoods with rate category 2 of 20
     25.03 seconds: Site likelihoods with rate category 3 of 20
     25.49 seconds: Site likelihoods with rate category 4 of 20
     25.97 seconds: Site likelihoods with rate category 5 of 20
     26.43 seconds: Site likelihoods with rate category 6 of 20
     26.89 seconds: Site likelihoods with rate category 7 of 20
     27.35 seconds: Site likelihoods with rate category 8 of 20
     27.80 seconds: Site likelihoods with rate category 9 of 20
     28.25 seconds: Site likelihoods with rate category 10 of 20
     28.71 seconds: Site likelihoods with rate category 11 of 20
     29.17 seconds: Site likelihoods with rate category 12 of 20
     29.62 seconds: Site likelihoods with rate category 13 of 20
     30.07 seconds: Site likelihoods with rate category 14 of 20
     30.52 seconds: Site likelihoods with rate category 15 of 20
     30.98 seconds: Site likelihoods with rate category 16 of 20
     31.43 seconds: Site likelihoods with rate category 17 of 20
     31.89 seconds: Site likelihoods with rate category 18 of 20
     32.33 seconds: Site likelihoods with rate category 19 of 20
     32.79 seconds: Site likelihoods with rate category 20 of 20
Switched to using 20 rate categories (CAT approximation)
Rate categories were divided by 0.999 so that average rate = 1.0
CAT-based log-likelihoods may not be comparable across runs
     33.65 seconds: ML NNI round 2 of 13, 1 of 77 splits
ML-NNI round 2: LogLk = -287736.651 NNIs 1 max delta 7.32 Time 41.07
     41.07 seconds: ML NNI round 3 of 13, 1 of 77 splits
ML-NNI round 3: LogLk = -287736.120 NNIs 0 max delta 0.00 Time 44.81
Turning off heuristics for final round of ML NNIs (converged)
     44.80 seconds: ML NNI round 4 of 13, 1 of 77 splits
ML-NNI round 4: LogLk = -287735.443 NNIs 0 max delta 0.00 Time 52.13 (final)
     52.12 seconds: ML Lengths 1 of 77 splits
Optimize all lengths: LogLk = -287735.417 Time 56.63
     65.35 seconds: Site likelihoods with rate category 1 of 20
     65.81 seconds: Site likelihoods with rate category 2 of 20
     66.27 seconds: Site likelihoods with rate category 3 of 20
     66.74 seconds: Site likelihoods with rate category 4 of 20
     67.19 seconds: Site likelihoods with rate category 5 of 20
     67.64 seconds: Site likelihoods with rate category 6 of 20
     68.10 seconds: Site likelihoods with rate category 7 of 20
     68.54 seconds: Site likelihoods with rate category 8 of 20
     68.98 seconds: Site likelihoods with rate category 9 of 20
     69.42 seconds: Site likelihoods with rate category 10 of 20
     69.86 seconds: Site likelihoods with rate category 11 of 20
     70.32 seconds: Site likelihoods with rate category 12 of 20
     70.78 seconds: Site likelihoods with rate category 13 of 20
     71.24 seconds: Site likelihoods with rate category 14 of 20
     71.68 seconds: Site likelihoods with rate category 15 of 20
     72.14 seconds: Site likelihoods with rate category 16 of 20
     72.60 seconds: Site likelihoods with rate category 17 of 20
     73.05 seconds: Site likelihoods with rate category 18 of 20
     73.50 seconds: Site likelihoods with rate category 19 of 20
     73.97 seconds: Site likelihoods with rate category 20 of 20
     74.38 seconds: Optimizing alpha round 1
     74.50 seconds: Optimizing alpha round 3
Gamma(20) LogLk = -293740.271 alpha = 2.196 rescaling lengths by 1.024
Total time: 74.61 seconds Unique: 79/80 Bad splits: 0/76
