[23:13:22] This is prokka 1.14.6
[23:13:22] Written by Torsten Seemann <torsten.seemann@gmail.com>
[23:13:22] Homepage is https://github.com/tseemann/prokka
[23:13:22] Local time is Sun Oct 31 23:13:22 2021
[23:13:22] You are ylifc
[23:13:22] Operating system is linux
[23:13:22] You have BioPerl 1.007002
[23:13:22] System has 64 cores.
[23:13:22] Will use maximum of 64 cores.
[23:13:22] Annotating as >>> Bacteria <<<
[23:13:22] Generating locus_tag from 'Thaumarchaeota_archaeon_N4.fa' contents.
[23:13:22] Setting --locustag ALFHHBKH from MD5 a5f11b41909b967a8cb16da44476ba11
[23:13:22] Enabling options to ensure Genbank/ENA/DDJB submission compliance.
[23:13:22] Creating new output folder: Thaumarchaeota_archaeon_N4.fa_prokka
[23:13:22] Running: mkdir -p Thaumarchaeota_archaeon_N4\.fa_prokka
[23:13:22] Using filename prefix: PROKKA_10312021.XXX
[23:13:22] Setting HMMER_NCPU=1
[23:13:22] Writing log to: Thaumarchaeota_archaeon_N4.fa_prokka/PROKKA_10312021.log
[23:13:22] Command: /home/ylifc/miniconda2/envs/prokka/bin/prokka --cpus 0 --compliant --rfam Thaumarchaeota_archaeon_N4.fa --outdir Thaumarchaeota_archaeon_N4.fa_prokka
[23:13:22] Appending to PATH: /home/ylifc/miniconda2/envs/prokka/bin
[23:13:22] Looking for 'aragorn' - found /home/ylifc/miniconda2/envs/prokka/bin/aragorn
[23:13:22] Determined aragorn version is 001002 from 'ARAGORN v1.2.38 Dean Laslett'
[23:13:22] Looking for 'barrnap' - found /home/ylifc/miniconda2/envs/prokka/bin/barrnap
[23:13:22] Determined barrnap version is 000009 from 'barrnap 0.9'
[23:13:22] Looking for 'blastp' - found /home/ylifc/miniconda2/envs/prokka/bin/blastp
[23:13:24] Determined blastp version is 002012 from 'blastp: 2.12.0+'
[23:13:24] Looking for 'cmpress' - found /home/ylifc/miniconda2/envs/prokka/bin/cmpress
[23:13:24] Determined cmpress version is 001001 from '# INFERNAL 1.1.4 (Dec 2020)'
[23:13:24] Looking for 'cmscan' - found /home/ylifc/miniconda2/envs/prokka/bin/cmscan
[23:13:24] Determined cmscan version is 001001 from '# INFERNAL 1.1.4 (Dec 2020)'
[23:13:24] Looking for 'egrep' - found /bin/egrep
[23:13:24] Looking for 'find' - found /usr/bin/find
[23:13:24] Looking for 'grep' - found /bin/grep
[23:13:24] Looking for 'hmmpress' - found /home/ylifc/miniconda2/envs/prokka/bin/hmmpress
[23:13:24] Determined hmmpress version is 003003 from '# HMMER 3.3.2 (Nov 2020); http://hmmer.org/'
[23:13:24] Looking for 'hmmscan' - found /home/ylifc/miniconda2/envs/prokka/bin/hmmscan
[23:13:24] Determined hmmscan version is 003003 from '# HMMER 3.3.2 (Nov 2020); http://hmmer.org/'
[23:13:24] Looking for 'java' - found /home/ylifc/miniconda2/envs/prokka/bin/java
[23:13:24] Looking for 'makeblastdb' - found /home/ylifc/miniconda2/envs/prokka/bin/makeblastdb
[23:13:25] Determined makeblastdb version is 002012 from 'makeblastdb: 2.12.0+'
[23:13:25] Looking for 'minced' - found /home/ylifc/miniconda2/envs/prokka/bin/minced
[23:13:26] Determined minced version is 004002 from 'minced 0.4.2'
[23:13:26] Looking for 'parallel' - found /home/ylifc/miniconda2/envs/prokka/bin/parallel
[23:13:26] Determined parallel version is 20211022 from 'GNU parallel 20211022'
[23:13:26] Looking for 'prodigal' - found /home/ylifc/miniconda2/envs/prokka/bin/prodigal
[23:13:26] Determined prodigal version is 002006 from 'Prodigal V2.6.3: February, 2016'
[23:13:26] Looking for 'prokka-genbank_to_fasta_db' - found /home/ylifc/miniconda2/envs/prokka/bin/prokka-genbank_to_fasta_db
[23:13:26] Looking for 'sed' - found /bin/sed
[23:13:26] Looking for 'tbl2asn' - found /home/ylifc/miniconda2/envs/prokka/bin/tbl2asn
[23:13:26] Determined tbl2asn version is 025007 from 'tbl2asn 25.7   arguments:'
[23:13:26] Using genetic code table 11.
[23:13:26] Loading and checking input file: Thaumarchaeota_archaeon_N4.fa
[23:13:27] Wrote 14 contigs totalling 1636125 bp.
[23:13:27] Predicting tRNAs and tmRNAs
[23:13:27] Running: aragorn -l -gc11  -w Thaumarchaeota_archaeon_N4\.fa_prokka\/PROKKA_10312021\.fna
[23:13:28] 1 tRNA-Gly [12131,12206] 35 (tcc)
[23:13:28] 2 tRNA-Val [64563,64639] 37 (tac)
[23:13:28] 3 tRNA-Leu c[161813,161900] 37 (tag)
[23:13:28] 4 tRNA-Ser [170022,170106] 35 (tga)
[23:13:28] 5 tRNA-Pro c[181529,181603] 35 (cgg)
[23:13:28] 6 tRNA-Arg c[181661,181736] 36 (tct)
[23:13:28] 7 tRNA-His [193046,193119] 35 (gtg)
[23:13:28] 8 tRNA-Leu [213807,213893] 38 (gag)
[23:13:28] 9 tRNA-Gly c[320645,320720] 37 (gcc)
[23:13:28] 10 tRNA-Glu c[322303,322378] 37 (ctc)
[23:13:28] 1 tRNA-Arg [2509,2585] 36 (gcg)
[23:13:28] 2 tRNA-Pro [45997,46072] 35 (tgg)
[23:13:28] 3 tRNA-Asn [217060,217135] 35 (gtt)
[23:13:28] 4 tRNA-Phe c[254339,254413] 35 (gaa)
[23:13:28] 1 tRNA-Val c[68453,68549] 36 (cac)
[23:13:28] 2 tRNA-Thr [73630,73703] 35 (tgt)
[23:13:28] 3 tRNA-Ser c[192570,192655] 35 (gct)
[23:13:28] 4 tRNA-Cys [239269,239340] 33 (gca)
[23:13:28] 5 tRNA-Thr c[243528,243602] 35 (cgt)
[23:13:28] 6 tRNA-Ala c[273415,273487] 33 (tgc)
[23:13:28] tRNA [274163,274254] is a pseudo/wacky gene - skipping.
[23:13:28] 8 tRNA-Thr [275886,275959] 35 (ggt)
[23:13:28] 9 tRNA-Met c[330505,330579] 35 (cat)
[23:13:28] 10 tRNA-Glu [331337,331414] 37 (ttc)
[23:13:28] 11 tRNA-Asp c[354359,354435] 37 (gtc)
[23:13:28] 12 tRNA-Lys [354533,354607] 35 (ttt)
[23:13:28] 13 tRNA-Ala c[364000,364075] 36 (ggc)
[23:13:28] 14 tRNA-Ala [394255,394327] 33 (cgc)
[23:13:28] 15 tRNA-Arg [482171,482246] 36 (tcg)
[23:13:28] 1 tRNA-Leu c[31401,31486] 37 (cag)
[23:13:28] 2 tRNA-Gln [37592,37665] 35 (ttg)
[23:13:28] 3 tRNA-Gly [59498,59572] 35 (ccc)
[23:13:28] 4 tRNA-Pro c[129969,130043] 36 (ggg)
[23:13:28] 5 tRNA-Val c[165628,165703] 35 (gac)
[23:13:28] Found 33 tRNAs
[23:13:28] Predicting Ribosomal RNAs
[23:13:28] Running Barrnap with 64 threads
[23:13:32] 1 gnl|Prokka|ALFHHBKH_8 398101 23S ribosomal RNA
[23:13:32] 2 gnl|Prokka|ALFHHBKH_8 401525 16S ribosomal RNA
[23:13:32] 3 gnl|Prokka|ALFHHBKH_9 305776 5S ribosomal RNA
[23:13:32] Found 3 rRNAs
[23:13:32] Scanning for ncRNAs... please be patient.
[23:13:32] Running: cmscan -Z 3.27225 --cut_ga --rfam --nohmmonly --fmt 2 --cpu 64 --tblout /dev/stdout -o /dev/null --noali /home/ylifc/miniconda2/envs/prokka/db/cm/Bacteria Thaumarchaeota_archaeon_N4\.fa_prokka\/PROKKA_10312021\.fna
[23:17:55] 1 ncRNA 1 gnl|Prokka|ALFHHBKH_8 1..303
[23:17:55] 2 ncRNA 2 gnl|Prokka|ALFHHBKH_8 1..251
[23:17:55] 3 ncRNA 1 gnl|Prokka|ALFHHBKH_9 1..63
[23:17:55] 4 ncRNA 1 gnl|Prokka|ALFHHBKH_11 1..318
[23:17:56] Found 4 ncRNAs.
[23:17:56] Total of 36 tRNA + rRNA features
[23:17:56] Searching for CRISPR repeats
[23:17:57] Found 0 CRISPRs
[23:17:57] Predicting coding sequences
[23:17:57] Contigs total 1636125 bp, so using single mode
[23:17:57] Running: prodigal -i Thaumarchaeota_archaeon_N4\.fa_prokka\/PROKKA_10312021\.fna -c -m -g 11 -p single -f sco -q
[23:18:07] Excluding CDS which overlaps existing RNA (tRNA) at gnl|Prokka|ALFHHBKH_6:12054..12413 on - strand
[23:18:07] Excluding CDS which overlaps existing RNA (tRNA) at gnl|Prokka|ALFHHBKH_6:64586..66112 on + strand
[23:18:07] Excluding CDS which overlaps existing RNA (tRNA) at gnl|Prokka|ALFHHBKH_6:170106..171062 on - strand
[23:18:09] Found 1914 CDS
[23:18:09] Connecting features back to sequences
[23:18:10] Not using genus-specific database. Try --usegenus to enable it.
[23:18:10] Annotating CDS, please be patient.
[23:18:10] Will use 64 CPUs for similarity searching.
[23:18:11] There are still 1914 unannotated CDS left (started with 1914)
[23:18:11] Will use blast to search against /home/ylifc/miniconda2/envs/prokka/db/kingdom/Bacteria/IS with 64 CPUs
[23:18:11] Running: cat Thaumarchaeota_archaeon_N4\.fa_prokka\/PROKKA_10312021\.IS\.tmp\.34694\.faa | parallel --gnu --plain -j 64 --block 3951 --recstart '>' --pipe blastp -query - -db /home/ylifc/miniconda2/envs/prokka/db/kingdom/Bacteria/IS -evalue 1e-30 -qcov_hsp_perc 90 -num_threads 1 -num_descriptions 1 -num_alignments 1 -seg no > Thaumarchaeota_archaeon_N4\.fa_prokka\/PROKKA_10312021\.IS\.tmp\.34694\.blast 2> /dev/null
[23:19:00] Deleting unwanted file: Thaumarchaeota_archaeon_N4.fa_prokka/PROKKA_10312021.IS.tmp.34694.faa
[23:19:00] Deleting unwanted file: Thaumarchaeota_archaeon_N4.fa_prokka/PROKKA_10312021.IS.tmp.34694.blast
[23:19:02] There are still 1914 unannotated CDS left (started with 1914)
[23:19:02] Will use blast to search against /home/ylifc/miniconda2/envs/prokka/db/kingdom/Bacteria/AMR with 64 CPUs
[23:19:02] Running: cat Thaumarchaeota_archaeon_N4\.fa_prokka\/PROKKA_10312021\.AMR\.tmp\.34694\.faa | parallel --gnu --plain -j 64 --block 3951 --recstart '>' --pipe blastp -query - -db /home/ylifc/miniconda2/envs/prokka/db/kingdom/Bacteria/AMR -evalue 9.99999999999999e-301 -qcov_hsp_perc 90 -num_threads 1 -num_descriptions 1 -num_alignments 1 -seg no > Thaumarchaeota_archaeon_N4\.fa_prokka\/PROKKA_10312021\.AMR\.tmp\.34694\.blast 2> /dev/null
[23:19:45] Deleting unwanted file: Thaumarchaeota_archaeon_N4.fa_prokka/PROKKA_10312021.AMR.tmp.34694.faa
[23:19:45] Deleting unwanted file: Thaumarchaeota_archaeon_N4.fa_prokka/PROKKA_10312021.AMR.tmp.34694.blast
[23:19:46] There are still 1914 unannotated CDS left (started with 1914)
[23:19:46] Will use blast to search against /home/ylifc/miniconda2/envs/prokka/db/kingdom/Bacteria/sprot with 64 CPUs
[23:19:46] Running: cat Thaumarchaeota_archaeon_N4\.fa_prokka\/PROKKA_10312021\.sprot\.tmp\.34694\.faa | parallel --gnu --plain -j 64 --block 3951 --recstart '>' --pipe blastp -query - -db /home/ylifc/miniconda2/envs/prokka/db/kingdom/Bacteria/sprot -evalue 1e-09 -qcov_hsp_perc 80 -num_threads 1 -num_descriptions 1 -num_alignments 1 -seg no > Thaumarchaeota_archaeon_N4\.fa_prokka\/PROKKA_10312021\.sprot\.tmp\.34694\.blast 2> /dev/null
[23:22:14] Modify product: Ribonuclease TTHA0252 => Ribonuclease
[23:22:14] Modify product: Probable transcriptional regulatory protein pdtaR => putative transcriptional regulatory protein pdtaR
[23:22:14] Modify product: Uncharacterized protein Rv0887c => putative protein
[23:22:14] Modify product: Uncharacterized protein YedJ => putative protein YedJ
[23:22:14] Modify product: UPF0051 protein SA0778 => hypothetical protein
[23:22:14] Modify product: UPF0051 protein SA0778 => hypothetical protein
[23:22:14] Modify product: Probable cysteine desulfurase => putative cysteine desulfurase
[23:22:15] Modify product: UPF0053 protein HI_0107 => hypothetical protein
[23:22:15] Modify product: Probable undecaprenyl-phosphate N-acetylglucosaminyl 1-phosphate transferase => putative undecaprenyl-phosphate N-acetylglucosaminyl 1-phosphate transferase
[23:22:15] Modify product: Putative coenzyme F420-dependent oxidoreductase Rv3520c => Putative coenzyme F420-dependent oxidoreductase
[23:22:15] Modify product: Probable UbiX-like flavin prenyltransferase => putative UbiX-like flavin prenyltransferase
[23:22:15] Modify product: Uncharacterized protein YbaA => putative protein YbaA
[23:22:15] Modify product: Probable polyketide biosynthesis zinc-dependent hydrolase PksB => putative polyketide biosynthesis zinc-dependent hydrolase PksB
[23:22:15] Modify product: NADH dehydrogenase-like protein SAOUHSC_00878 => NADH dehydrogenase-like protein
[23:22:16] Modify product: Uncharacterized protein Rv2715 => putative protein
[23:22:16] Modify product: Uncharacterized protein YccU => putative protein YccU
[23:22:16] Modify product: Probable endonuclease 4 => putative endonuclease 4
[23:22:16] Modify product: Probable GTPase Rv1496 => putative GTPase
[23:22:16] Modify product: Probable bacterial non-heme ferritin => putative bacterial non-heme ferritin
[23:22:16] Modify product: UPF0060 membrane protein YnfA => hypothetical protein
[23:22:16] Modify product: UPF0060 membrane protein YnfA => hypothetical protein
[23:22:16] Modify product: Probable oxidoreductase CT_610 => putative oxidoreductase CT_610
[23:22:16] Modify product: Putative universal stress protein SA1532 => Putative universal stress protein
[23:22:16] Modify product: Putative universal stress protein SA1532 => Putative universal stress protein
[23:22:16] Modify product: Putative phosphoribosyl transferase Rv0571c => Putative phosphoribosyl transferase
[23:22:16] Modify product: Uncharacterized protein YqgN => putative protein YqgN
[23:22:16] Modify product: Uncharacterized amino acid permease YhdG => putative amino acid permease YhdG
[23:22:17] Modify product: Uncharacterized protein Rv1502 => putative protein
[23:22:17] Modify product: Probable adenylyl-sulfate kinase => putative adenylyl-sulfate kinase
[23:22:17] Modify product: Probable bifunctional transcriptional activator/DNA repair enzyme AlkA => putative bifunctional transcriptional activator/DNA repair enzyme AlkA
[23:22:17] Modify product: Uncharacterized oxidoreductase SA2266 => putative oxidoreductase
[23:22:17] Modify product: Uncharacterized transporter Rv2685 => putative transporter
[23:22:17] Modify product: Bifunctional protein FolD => Bifunctional protein FolD protein
[23:22:17] Modify product: UPF0098 protein CT_736 => hypothetical protein
[23:22:17] Modify product: Probable dipeptidase PepE => putative dipeptidase PepE
[23:22:17] Modify product: NADH dehydrogenase-like protein SAOUHSC_00878 => NADH dehydrogenase-like protein
[23:22:17] Modify product: Probable protein kinase UbiB => putative protein kinase UbiB
[23:22:17] Modify product: Uncharacterized protein HI_1163 => putative protein
[23:22:17] Cleaned 38 /product names
[23:22:17] Deleting unwanted file: Thaumarchaeota_archaeon_N4.fa_prokka/PROKKA_10312021.sprot.tmp.34694.faa
[23:22:17] Deleting unwanted file: Thaumarchaeota_archaeon_N4.fa_prokka/PROKKA_10312021.sprot.tmp.34694.blast
[23:22:18] There are still 1431 unannotated CDS left (started with 1914)
[23:22:18] Will use hmmer3 to search against /home/ylifc/miniconda2/envs/prokka/db/hmm/HAMAP.hmm with 64 CPUs
[23:22:18] Running: cat Thaumarchaeota_archaeon_N4\.fa_prokka\/PROKKA_10312021\.HAMAP\.hmm\.tmp\.34694\.faa | parallel --gnu --plain -j 64 --block 2698 --recstart '>' --pipe hmmscan --noali --notextw --acc -E 1e-09 --cpu 1 /home/ylifc/miniconda2/envs/prokka/db/hmm/HAMAP.hmm /dev/stdin > Thaumarchaeota_archaeon_N4\.fa_prokka\/PROKKA_10312021\.HAMAP\.hmm\.tmp\.34694\.hmmer3 2> /dev/null
[23:24:14] Modify product: Uncharacterized MFS-type transporter YcaD => putative MFS-type transporter YcaD
[23:24:14] Modify product: Uncharacterized Nudix hydrolase NudL => putative Nudix hydrolase NudL
[23:24:15] Cleaned 2 /product names
[23:24:15] Deleting unwanted file: Thaumarchaeota_archaeon_N4.fa_prokka/PROKKA_10312021.HAMAP.hmm.tmp.34694.faa
[23:24:15] Deleting unwanted file: Thaumarchaeota_archaeon_N4.fa_prokka/PROKKA_10312021.HAMAP.hmm.tmp.34694.hmmer3
[23:24:15] Labelling remaining 1253 proteins as 'hypothetical protein'
[23:24:15] Possible /pseudo 'Thymidylate kinase' at gnl|Prokka|ALFHHBKH_6 position 49888
[23:24:15] Possible /pseudo 'Ribonuclease PH' at gnl|Prokka|ALFHHBKH_6 position 303876
[23:24:15] Possible /pseudo 'FO synthase' at gnl|Prokka|ALFHHBKH_8 position 36609
[23:24:15] Possible /pseudo 'Methionine synthase' at gnl|Prokka|ALFHHBKH_9 position 135973
[23:24:15] Possible /pseudo 'NAD(P)H-quinone oxidoreductase subunit 2, chloroplastic' at gnl|Prokka|ALFHHBKH_9 position 333828
[23:24:15] Found 501 unique /gene codes.
[23:24:15] Fixed 2 duplicate /gene - ndhB_1 ndhB_2
[23:24:15] Fixed 10 duplicate /gene - sasA_1 sasA_2 sasA_3 sasA_4 sasA_5 sasA_6 sasA_7 sasA_8 sasA_9 sasA_10
[23:24:15] Fixed 2 duplicate /gene - moaA_1 moaA_2
[23:24:15] Fixed 5 duplicate /gene - dnaJ_1 dnaJ_2 dnaJ_3 dnaJ_4 dnaJ_5
[23:24:15] Fixed 2 duplicate /gene - metG_1 metG_2
[23:24:15] Fixed 2 duplicate /gene - prcB_1 prcB_2
[23:24:15] Fixed 3 duplicate /gene - ndhI_1 ndhI_2 ndhI_3
[23:24:15] Fixed 2 duplicate /gene - cysQ_1 cysQ_2
[23:24:15] Fixed 2 duplicate /gene - nnr_1 nnr_2
[23:24:15] Fixed 2 duplicate /gene - vgb_1 vgb_2
[23:24:15] Fixed 2 duplicate /gene - glnB_1 glnB_2
[23:24:15] Fixed 2 duplicate /gene - rph_1 rph_2
[23:24:15] Fixed 2 duplicate /gene - leuA_1 leuA_2
[23:24:15] Fixed 6 duplicate /gene - IMPDH_1 IMPDH_2 IMPDH_3 IMPDH_4 IMPDH_5 IMPDH_6
[23:24:15] Fixed 2 duplicate /gene - rhdA_1 rhdA_2
[23:24:15] Fixed 2 duplicate /gene - catD_1 catD_2
[23:24:15] Fixed 2 duplicate /gene - wecC_1 wecC_2
[23:24:15] Fixed 2 duplicate /gene - thiI_1 thiI_2
[23:24:15] Fixed 2 duplicate /gene - mntR_1 mntR_2
[23:24:15] Fixed 2 duplicate /gene - cugP_1 cugP_2
[23:24:15] Fixed 2 duplicate /gene - recA_1 recA_2
[23:24:15] Fixed 3 duplicate /gene - smc_1 smc_2 smc_3
[23:24:15] Fixed 2 duplicate /gene - ccr_1 ccr_2
[23:24:15] Fixed 3 duplicate /gene - petE_1 petE_2 petE_3
[23:24:15] Fixed 2 duplicate /gene - hemL_1 hemL_2
[23:24:15] Fixed 3 duplicate /gene - bcp_1 bcp_2 bcp_3
[23:24:15] Fixed 2 duplicate /gene - ctaB_1 ctaB_2
[23:24:15] Fixed 2 duplicate /gene - glnA_1 glnA_2
[23:24:15] Fixed 4 duplicate /gene - groL_1 groL_2 groL_3 groL_4
[23:24:15] Fixed 2 duplicate /gene - valS_1 valS_2
[23:24:15] Fixed 2 duplicate /gene - fbiB_1 fbiB_2
[23:24:15] Fixed 2 duplicate /gene - ahcY_1 ahcY_2
[23:24:15] Fixed 2 duplicate /gene - trxB_1 trxB_2
[23:24:15] Fixed 2 duplicate /gene - lysX_1 lysX_2
[23:24:15] Fixed 4 duplicate /gene - ftsH_1 ftsH_2 ftsH_3 ftsH_4
[23:24:15] Fixed 2 duplicate /gene - wbpI_1 wbpI_2
[23:24:15] Fixed 2 duplicate /gene - cpdR_1 cpdR_2
[23:24:15] Fixed 2 duplicate /gene - fadA_1 fadA_2
[23:24:15] Fixed 3 duplicate /gene - tuf_1 tuf_2 tuf_3
[23:24:15] Fixed 2 duplicate /gene - mshA_1 mshA_2
[23:24:15] Fixed 2 duplicate /gene - hit_1 hit_2
[23:24:15] Fixed 5 duplicate /gene - teaD_1 teaD_2 teaD_3 teaD_4 teaD_5
[23:24:15] Fixed 2 duplicate /gene - prs_1 prs_2
[23:24:15] Fixed 2 duplicate /gene - cobD_1 cobD_2
[23:24:15] Fixed 2 duplicate /gene - arnC_1 arnC_2
[23:24:15] Fixed 2 duplicate /gene - hicd_1 hicd_2
[23:24:15] Fixed 5 duplicate /gene - cheY_1 cheY_2 cheY_3 cheY_4 cheY_5
[23:24:15] Fixed 4 duplicate /gene - spo0A_1 spo0A_2 spo0A_3 spo0A_4
[23:24:15] Fixed 2 duplicate /gene - lrp_1 lrp_2
[23:24:15] Fixed 2 duplicate /gene - lnrL_1 lnrL_2
[23:24:15] Fixed 3 duplicate /gene - hisC_1 hisC_2 hisC_3
[23:24:15] Fixed 2 duplicate /gene - aspS2_1 aspS2_2
[23:24:15] Fixed 2 duplicate /gene - galE1_1 galE1_2
[23:24:15] Fixed 2 duplicate /gene - iolS_1 iolS_2
[23:24:15] Fixed 2 duplicate /gene - thi4_1 thi4_2
[23:24:15] Fixed 2 duplicate /gene - bepA_1 bepA_2
[23:24:15] Fixed 2 duplicate /gene - cheB_1 cheB_2
[23:24:15] Fixed 2 duplicate /gene - prcA_1 prcA_2
[23:24:15] Fixed 2 duplicate /gene - mcm_1 mcm_2
[23:24:15] Fixed 2 duplicate /gene - fbiC_1 fbiC_2
[23:24:15] Fixed 2 duplicate /gene - dbpA_1 dbpA_2
[23:24:15] Fixed 2 duplicate /gene - metH_1 metH_2
[23:24:15] Fixed 3 duplicate /gene - COQ5_1 COQ5_2 COQ5_3
[23:24:15] Fixed 2 duplicate /gene - gerN_1 gerN_2
[23:24:15] Fixed 3 duplicate /gene - tmk_1 tmk_2 tmk_3
[23:24:15] Fixed 2 duplicate /gene - nadK_1 nadK_2
[23:24:15] Fixed 2 duplicate /gene - ychF_1 ychF_2
[23:24:15] Fixed 2 duplicate /gene - cpdA_1 cpdA_2
[23:24:15] Fixed 2 duplicate /gene - atpC_1 atpC_2
[23:24:15] Fixed 2 duplicate /gene - srmB_1 srmB_2
[23:24:15] Fixed 2 duplicate /gene - rtcB_1 rtcB_2
[23:24:15] Fixed 2 duplicate /gene - guaA_1 guaA_2
[23:24:15] Fixed 2 duplicate /gene - resA_1 resA_2
[23:24:15] Fixed 2 duplicate /gene - ilvE_1 ilvE_2
[23:24:15] Fixed 3 duplicate /gene - rcsC_1 rcsC_2 rcsC_3
[23:24:15] Fixed 3 duplicate /gene - thrB_1 thrB_2 thrB_3
[23:24:15] Fixed 76 colliding /gene names.
[23:24:15] Adding /locus_tag identifiers
[23:24:16] Assigned 1954 locus_tags to CDS and RNA features.
[23:24:16] Writing outputs to Thaumarchaeota_archaeon_N4.fa_prokka/
[23:24:19] Generating annotation statistics file
[23:24:19] Generating Genbank and Sequin files
[23:24:19] Running: tbl2asn -V b -a r10k -l paired-ends -M n -N 1 -y 'Annotated using prokka 1.14.6 from https://github.com/tseemann/prokka' -Z Thaumarchaeota_archaeon_N4\.fa_prokka\/PROKKA_10312021\.err -i Thaumarchaeota_archaeon_N4\.fa_prokka\/PROKKA_10312021\.fsa 2> /dev/null
[23:24:32] Deleting unwanted file: Thaumarchaeota_archaeon_N4.fa_prokka/errorsummary.val
[23:24:32] Deleting unwanted file: Thaumarchaeota_archaeon_N4.fa_prokka/PROKKA_10312021.dr
[23:24:32] Deleting unwanted file: Thaumarchaeota_archaeon_N4.fa_prokka/PROKKA_10312021.fixedproducts
[23:24:32] Deleting unwanted file: Thaumarchaeota_archaeon_N4.fa_prokka/PROKKA_10312021.ecn
[23:24:32] Deleting unwanted file: Thaumarchaeota_archaeon_N4.fa_prokka/PROKKA_10312021.val
[23:24:32] Repairing broken .GBK output that tbl2asn produces...
[23:24:32] Running: sed 's/COORDINATES: profile/COORDINATES:profile/' < Thaumarchaeota_archaeon_N4\.fa_prokka\/PROKKA_10312021\.gbf > Thaumarchaeota_archaeon_N4\.fa_prokka\/PROKKA_10312021\.gbk
[23:24:33] Deleting unwanted file: Thaumarchaeota_archaeon_N4.fa_prokka/PROKKA_10312021.gbf
[23:24:33] Output files:
[23:24:33] Thaumarchaeota_archaeon_N4.fa_prokka/PROKKA_10312021.err
[23:24:33] Thaumarchaeota_archaeon_N4.fa_prokka/PROKKA_10312021.faa
[23:24:33] Thaumarchaeota_archaeon_N4.fa_prokka/PROKKA_10312021.ffn
[23:24:33] Thaumarchaeota_archaeon_N4.fa_prokka/PROKKA_10312021.fna
[23:24:33] Thaumarchaeota_archaeon_N4.fa_prokka/PROKKA_10312021.fsa
[23:24:33] Thaumarchaeota_archaeon_N4.fa_prokka/PROKKA_10312021.gbk
[23:24:33] Thaumarchaeota_archaeon_N4.fa_prokka/PROKKA_10312021.gff
[23:24:33] Thaumarchaeota_archaeon_N4.fa_prokka/PROKKA_10312021.log
[23:24:33] Thaumarchaeota_archaeon_N4.fa_prokka/PROKKA_10312021.sqn
[23:24:33] Thaumarchaeota_archaeon_N4.fa_prokka/PROKKA_10312021.tbl
[23:24:33] Thaumarchaeota_archaeon_N4.fa_prokka/PROKKA_10312021.tsv
[23:24:33] Thaumarchaeota_archaeon_N4.fa_prokka/PROKKA_10312021.txt
[23:24:33] Annotation finished successfully.
[23:24:33] Walltime used: 11.18 minutes
[23:24:33] If you use this result please cite the Prokka paper:
[23:24:33] Seemann T (2014) Prokka: rapid prokaryotic genome annotation. Bioinformatics. 30(14):2068-9.
[23:24:33] Type 'prokka --citation' for more details.
[23:24:33] Share and enjoy!
