[19:52:25] This is prokka 1.14.6
[19:52:25] Written by Torsten Seemann <torsten.seemann@gmail.com>
[19:52:25] Homepage is https://github.com/tseemann/prokka
[19:52:25] Local time is Sun Oct 31 19:52:25 2021
[19:52:25] You are ylifc
[19:52:25] Operating system is linux
[19:52:25] You have BioPerl 1.007002
[19:52:25] System has 64 cores.
[19:52:25] Will use maximum of 64 cores.
[19:52:25] Annotating as >>> Bacteria <<<
[19:52:25] Generating locus_tag from 'Nitrososphaera_viennensis_EN76.fa' contents.
[19:52:25] Setting --locustag NLOCOPDC from MD5 758c89dceb3083b6520432ccafca8d3c
[19:52:25] Enabling options to ensure Genbank/ENA/DDJB submission compliance.
[19:52:25] Creating new output folder: Nitrososphaera_viennensis_EN76.fa_prokka
[19:52:25] Running: mkdir -p Nitrososphaera_viennensis_EN76\.fa_prokka
[19:52:25] Using filename prefix: PROKKA_10312021.XXX
[19:52:25] Setting HMMER_NCPU=1
[19:52:25] Writing log to: Nitrososphaera_viennensis_EN76.fa_prokka/PROKKA_10312021.log
[19:52:25] Command: /home/ylifc/miniconda2/envs/prokka/bin/prokka --cpus 0 --compliant --rfam Nitrososphaera_viennensis_EN76.fa --outdir Nitrososphaera_viennensis_EN76.fa_prokka
[19:52:25] Appending to PATH: /home/ylifc/miniconda2/envs/prokka/bin
[19:52:25] Looking for 'aragorn' - found /home/ylifc/miniconda2/envs/prokka/bin/aragorn
[19:52:25] Determined aragorn version is 001002 from 'ARAGORN v1.2.38 Dean Laslett'
[19:52:25] Looking for 'barrnap' - found /home/ylifc/miniconda2/envs/prokka/bin/barrnap
[19:52:26] Determined barrnap version is 000009 from 'barrnap 0.9'
[19:52:26] Looking for 'blastp' - found /home/ylifc/miniconda2/envs/prokka/bin/blastp
[19:52:27] Determined blastp version is 002012 from 'blastp: 2.12.0+'
[19:52:27] Looking for 'cmpress' - found /home/ylifc/miniconda2/envs/prokka/bin/cmpress
[19:52:27] Determined cmpress version is 001001 from '# INFERNAL 1.1.4 (Dec 2020)'
[19:52:27] Looking for 'cmscan' - found /home/ylifc/miniconda2/envs/prokka/bin/cmscan
[19:52:27] Determined cmscan version is 001001 from '# INFERNAL 1.1.4 (Dec 2020)'
[19:52:27] Looking for 'egrep' - found /bin/egrep
[19:52:27] Looking for 'find' - found /usr/bin/find
[19:52:27] Looking for 'grep' - found /bin/grep
[19:52:27] Looking for 'hmmpress' - found /home/ylifc/miniconda2/envs/prokka/bin/hmmpress
[19:52:27] Determined hmmpress version is 003003 from '# HMMER 3.3.2 (Nov 2020); http://hmmer.org/'
[19:52:27] Looking for 'hmmscan' - found /home/ylifc/miniconda2/envs/prokka/bin/hmmscan
[19:52:27] Determined hmmscan version is 003003 from '# HMMER 3.3.2 (Nov 2020); http://hmmer.org/'
[19:52:27] Looking for 'java' - found /home/ylifc/miniconda2/envs/prokka/bin/java
[19:52:27] Looking for 'makeblastdb' - found /home/ylifc/miniconda2/envs/prokka/bin/makeblastdb
[19:52:29] Determined makeblastdb version is 002012 from 'makeblastdb: 2.12.0+'
[19:52:29] Looking for 'minced' - found /home/ylifc/miniconda2/envs/prokka/bin/minced
[19:52:29] Determined minced version is 004002 from 'minced 0.4.2'
[19:52:29] Looking for 'parallel' - found /home/ylifc/miniconda2/envs/prokka/bin/parallel
[19:52:30] Determined parallel version is 20211022 from 'GNU parallel 20211022'
[19:52:30] Looking for 'prodigal' - found /home/ylifc/miniconda2/envs/prokka/bin/prodigal
[19:52:30] Determined prodigal version is 002006 from 'Prodigal V2.6.3: February, 2016'
[19:52:30] Looking for 'prokka-genbank_to_fasta_db' - found /home/ylifc/miniconda2/envs/prokka/bin/prokka-genbank_to_fasta_db
[19:52:30] Looking for 'sed' - found /bin/sed
[19:52:30] Looking for 'tbl2asn' - found /home/ylifc/miniconda2/envs/prokka/bin/tbl2asn
[19:52:30] Determined tbl2asn version is 025007 from 'tbl2asn 25.7   arguments:'
[19:52:30] Using genetic code table 11.
[19:52:30] Loading and checking input file: Nitrososphaera_viennensis_EN76.fa
[19:52:30] Wrote 1 contigs totalling 2527938 bp.
[19:52:30] Predicting tRNAs and tmRNAs
[19:52:30] Running: aragorn -l -gc11  -w Nitrososphaera_viennensis_EN76\.fa_prokka\/PROKKA_10312021\.fna
[19:52:32] tRNA c[41001,41090] is a pseudo/wacky gene - skipping.
[19:52:32] 2 tRNA-Gly [61774,61851] 37 (gcc)
[19:52:32] 3 tRNA-Ala [156878,156950] 34 (cgc)
[19:52:32] 4 tRNA-Glu c[313315,313391] 37 (ctc)
[19:52:32] 5 tRNA-Thr [525736,525809] 35 (tgt)
[19:52:32] 6 tRNA-Arg [572495,572570] 36 (gcg)
[19:52:32] 7 tRNA-Pro [603058,603134] 35 (cgg)
[19:52:32] 8 tRNA-Ala c[647835,647911] 35 (ggc)
[19:52:32] 9 tRNA-Thr [820672,820747] 36 (ggt)
[19:52:32] 10 tRNA-Val c[919393,919468] 36 (cac)
[19:52:32] 11 tRNA-Met c[968375,968450] 36 (cat)
[19:52:32] 12 tRNA-Leu c[997069,997156] 37 (gag)
[19:52:32] 13 tRNA-Met [1290201,1290276] 36 (cat)
[19:52:32] 14 tRNA-Phe [1293547,1293621] 35 (gaa)
[19:52:32] 15 tRNA-Thr [1306793,1306866] 35 (cgt)
[19:52:32] 16 tRNA-Val c[1315891,1315965] 35 (gac)
[19:52:32] 17 tRNA-Arg [1320322,1320397] 36 (cct)
[19:52:32] 18 tRNA-Ile c[1418528,1418604] 35 (gat)
[19:52:32] 19 tRNA-Gly [1552056,1552127] 34 (ccc)
[19:52:32] 20 tRNA-Ser [1727696,1727775] 35 (act)
[19:52:32] 21 tRNA-Asp c[1867936,1868009] 37 (gtc)
[19:52:32] 22 tRNA-Pro c[2104706,2104781] 36 (ggg)
[19:52:32] 23 tRNA-Pro [2292352,2292426] 36 (tgg)
[19:52:32] 24 tRNA-Lys [2318357,2318453] 35 (ctt)
[19:52:32] 25 tRNA-Val [2358081,2358155] 36 (tac)
[19:52:32] 26 tRNA-Stop c[2439105,2439199] 36 (tta)
[19:52:32] 27 tRNA-Arg c[2472877,2472951] 36 (tcg)
[19:52:32] 28 tRNA-Ser [2486496,2486582] 35 (gct)
[19:52:32] Found 27 tRNAs
[19:52:32] Predicting Ribosomal RNAs
[19:52:32] Running Barrnap with 64 threads
[19:52:37] 1 gnl|Prokka|NLOCOPDC_1 889407 23S ribosomal RNA
[19:52:37] 2 gnl|Prokka|NLOCOPDC_1 892625 16S ribosomal RNA
[19:52:37] 3 gnl|Prokka|NLOCOPDC_1 1509358 5S ribosomal RNA
[19:52:37] Found 3 rRNAs
[19:52:37] Scanning for ncRNAs... please be patient.
[19:52:37] Running: cmscan -Z 5.055876 --cut_ga --rfam --nohmmonly --fmt 2 --cpu 64 --tblout /dev/stdout -o /dev/null --noali /home/ylifc/miniconda2/envs/prokka/db/cm/Bacteria Nitrososphaera_viennensis_EN76\.fa_prokka\/PROKKA_10312021\.fna
[19:59:49] 1 ncRNA 1 gnl|Prokka|NLOCOPDC_1 1..303
[19:59:49] 2 ncRNA 2 gnl|Prokka|NLOCOPDC_1 1..318
[19:59:49] 3 ncRNA 3 gnl|Prokka|NLOCOPDC_1 1..292
[19:59:49] 4 ncRNA 4 gnl|Prokka|NLOCOPDC_1 1..37
[19:59:49] 5 ncRNA 5 gnl|Prokka|NLOCOPDC_1 1..37
[19:59:49] 6 ncRNA 6 gnl|Prokka|NLOCOPDC_1 1..37
[19:59:49] 7 ncRNA 7 gnl|Prokka|NLOCOPDC_1 1..37
[19:59:49] 8 ncRNA 8 gnl|Prokka|NLOCOPDC_1 1..37
[19:59:49] 9 ncRNA 9 gnl|Prokka|NLOCOPDC_1 1..37
[19:59:49] 10 ncRNA 10 gnl|Prokka|NLOCOPDC_1 1..37
[19:59:49] 11 ncRNA 11 gnl|Prokka|NLOCOPDC_1 1..37
[19:59:49] 12 ncRNA 12 gnl|Prokka|NLOCOPDC_1 1..37
[19:59:49] 13 ncRNA 13 gnl|Prokka|NLOCOPDC_1 1..37
[19:59:49] 14 ncRNA 14 gnl|Prokka|NLOCOPDC_1 1..37
[19:59:49] 15 ncRNA 15 gnl|Prokka|NLOCOPDC_1 1..37
[19:59:49] 16 ncRNA 16 gnl|Prokka|NLOCOPDC_1 1..37
[19:59:49] 17 ncRNA 17 gnl|Prokka|NLOCOPDC_1 1..37
[19:59:49] 18 ncRNA 18 gnl|Prokka|NLOCOPDC_1 1..37
[19:59:49] 19 ncRNA 19 gnl|Prokka|NLOCOPDC_1 1..37
[19:59:49] 20 ncRNA 20 gnl|Prokka|NLOCOPDC_1 1..37
[19:59:49] 21 ncRNA 21 gnl|Prokka|NLOCOPDC_1 1..37
[19:59:49] 22 ncRNA 22 gnl|Prokka|NLOCOPDC_1 1..37
[19:59:49] 23 ncRNA 23 gnl|Prokka|NLOCOPDC_1 1..37
[19:59:49] 24 ncRNA 24 gnl|Prokka|NLOCOPDC_1 1..37
[19:59:49] 25 ncRNA 25 gnl|Prokka|NLOCOPDC_1 1..37
[19:59:49] 26 ncRNA 26 gnl|Prokka|NLOCOPDC_1 1..37
[19:59:49] 27 ncRNA 27 gnl|Prokka|NLOCOPDC_1 1..37
[19:59:49] 28 ncRNA 28 gnl|Prokka|NLOCOPDC_1 1..37
[19:59:49] 29 ncRNA 29 gnl|Prokka|NLOCOPDC_1 1..37
[19:59:49] 30 ncRNA 30 gnl|Prokka|NLOCOPDC_1 1..37
[19:59:49] 31 ncRNA 31 gnl|Prokka|NLOCOPDC_1 1..37
[19:59:49] 32 ncRNA 32 gnl|Prokka|NLOCOPDC_1 1..37
[19:59:49] 33 ncRNA 33 gnl|Prokka|NLOCOPDC_1 1..37
[19:59:49] 34 ncRNA 34 gnl|Prokka|NLOCOPDC_1 1..37
[19:59:49] 35 ncRNA 35 gnl|Prokka|NLOCOPDC_1 1..37
[19:59:49] 36 ncRNA 36 gnl|Prokka|NLOCOPDC_1 1..37
[19:59:49] 37 ncRNA 37 gnl|Prokka|NLOCOPDC_1 1..37
[19:59:49] 38 ncRNA 38 gnl|Prokka|NLOCOPDC_1 1..37
[19:59:49] 39 ncRNA 39 gnl|Prokka|NLOCOPDC_1 1..37
[19:59:49] 40 ncRNA 40 gnl|Prokka|NLOCOPDC_1 1..37
[19:59:50] 41 ncRNA 41 gnl|Prokka|NLOCOPDC_1 1..37
[19:59:50] 42 ncRNA 42 gnl|Prokka|NLOCOPDC_1 1..37
[19:59:50] 43 ncRNA 43 gnl|Prokka|NLOCOPDC_1 1..37
[19:59:50] 44 ncRNA 44 gnl|Prokka|NLOCOPDC_1 1..37
[19:59:50] 45 ncRNA 45 gnl|Prokka|NLOCOPDC_1 1..37
[19:59:50] 46 ncRNA 46 gnl|Prokka|NLOCOPDC_1 1..37
[19:59:50] 47 ncRNA 47 gnl|Prokka|NLOCOPDC_1 1..37
[19:59:50] 48 ncRNA 48 gnl|Prokka|NLOCOPDC_1 1..37
[19:59:50] 49 ncRNA 49 gnl|Prokka|NLOCOPDC_1 1..37
[19:59:50] 50 ncRNA 50 gnl|Prokka|NLOCOPDC_1 1..37
[19:59:50] 51 ncRNA 51 gnl|Prokka|NLOCOPDC_1 1..37
[19:59:50] 52 ncRNA 52 gnl|Prokka|NLOCOPDC_1 1..292
[19:59:50] 53 ncRNA 53 gnl|Prokka|NLOCOPDC_1 1..37
[19:59:50] Found 53 ncRNAs.
[19:59:50] Total of 30 tRNA + rRNA features
[19:59:50] Searching for CRISPR repeats
[19:59:52] CRISPR1 gnl|Prokka|NLOCOPDC_1 1475494 with 48 spacers
[19:59:52] CRISPR2 gnl|Prokka|NLOCOPDC_1 2174924 with 32 spacers
[19:59:53] Found 2 CRISPRs
[19:59:53] Predicting coding sequences
[19:59:53] Contigs total 2527938 bp, so using single mode
[19:59:53] Running: prodigal -i Nitrososphaera_viennensis_EN76\.fa_prokka\/PROKKA_10312021\.fna -c -m -g 11 -p single -f sco -q
[20:00:16] Excluding CDS which overlaps existing RNA (rRNA) at gnl|Prokka|NLOCOPDC_1:889265..889867 on + strand
[20:00:16] Excluding CDS which overlaps existing RNA (rRNA) at gnl|Prokka|NLOCOPDC_1:891931..892575 on + strand
[20:00:18] Excluding CDS which overlaps existing RNA (tRNA) at gnl|Prokka|NLOCOPDC_1:1727165..1727734 on + strand
[20:00:18] Excluding CDS which overlaps existing RNA (tRNA) at gnl|Prokka|NLOCOPDC_1:1727731..1727871 on - strand
[20:00:19] Excluding CDS which overlaps existing RNA (repeat_region) at gnl|Prokka|NLOCOPDC_1:2175864..2176436 on - strand
[20:00:19] Found 3010 CDS
[20:00:19] Connecting features back to sequences
[20:00:19] Not using genus-specific database. Try --usegenus to enable it.
[20:00:19] Annotating CDS, please be patient.
[20:00:19] Will use 64 CPUs for similarity searching.
[20:00:22] There are still 3010 unannotated CDS left (started with 3010)
[20:00:22] Will use blast to search against /home/ylifc/miniconda2/envs/prokka/db/kingdom/Bacteria/IS with 64 CPUs
[20:00:22] Running: cat Nitrososphaera_viennensis_EN76\.fa_prokka\/PROKKA_10312021\.IS\.tmp\.19404\.faa | parallel --gnu --plain -j 64 --block 5792 --recstart '>' --pipe blastp -query - -db /home/ylifc/miniconda2/envs/prokka/db/kingdom/Bacteria/IS -evalue 1e-30 -qcov_hsp_perc 90 -num_threads 1 -num_descriptions 1 -num_alignments 1 -seg no > Nitrososphaera_viennensis_EN76\.fa_prokka\/PROKKA_10312021\.IS\.tmp\.19404\.blast 2> /dev/null
[20:01:39] Deleting unwanted file: Nitrososphaera_viennensis_EN76.fa_prokka/PROKKA_10312021.IS.tmp.19404.faa
[20:01:39] Deleting unwanted file: Nitrososphaera_viennensis_EN76.fa_prokka/PROKKA_10312021.IS.tmp.19404.blast
[20:01:41] There are still 3007 unannotated CDS left (started with 3010)
[20:01:41] Will use blast to search against /home/ylifc/miniconda2/envs/prokka/db/kingdom/Bacteria/AMR with 64 CPUs
[20:01:41] Running: cat Nitrososphaera_viennensis_EN76\.fa_prokka\/PROKKA_10312021\.AMR\.tmp\.19404\.faa | parallel --gnu --plain -j 64 --block 5785 --recstart '>' --pipe blastp -query - -db /home/ylifc/miniconda2/envs/prokka/db/kingdom/Bacteria/AMR -evalue 9.99999999999999e-301 -qcov_hsp_perc 90 -num_threads 1 -num_descriptions 1 -num_alignments 1 -seg no > Nitrososphaera_viennensis_EN76\.fa_prokka\/PROKKA_10312021\.AMR\.tmp\.19404\.blast 2> /dev/null
[20:02:48] Deleting unwanted file: Nitrososphaera_viennensis_EN76.fa_prokka/PROKKA_10312021.AMR.tmp.19404.faa
[20:02:48] Deleting unwanted file: Nitrososphaera_viennensis_EN76.fa_prokka/PROKKA_10312021.AMR.tmp.19404.blast
[20:02:50] There are still 3007 unannotated CDS left (started with 3010)
[20:02:50] Will use blast to search against /home/ylifc/miniconda2/envs/prokka/db/kingdom/Bacteria/sprot with 64 CPUs
[20:02:50] Running: cat Nitrososphaera_viennensis_EN76\.fa_prokka\/PROKKA_10312021\.sprot\.tmp\.19404\.faa | parallel --gnu --plain -j 64 --block 5785 --recstart '>' --pipe blastp -query - -db /home/ylifc/miniconda2/envs/prokka/db/kingdom/Bacteria/sprot -evalue 1e-09 -qcov_hsp_perc 80 -num_threads 1 -num_descriptions 1 -num_alignments 1 -seg no > Nitrososphaera_viennensis_EN76\.fa_prokka\/PROKKA_10312021\.sprot\.tmp\.19404\.blast 2> /dev/null
[20:06:54] Modify product: Universal stress protein Rv2026c => Universal stress protein
[20:06:54] Modify product: Uncharacterized amino acid permease YhdG => putative amino acid permease YhdG
[20:06:54] Modify product: Probable endonuclease 4 => putative endonuclease 4
[20:06:54] Modify product: Uncharacterized protein M6_Spy0233 => putative protein
[20:06:54] Modify product: Uncharacterized HTH-type transcriptional regulator YybR => putative HTH-type transcriptional regulator YybR
[20:06:55] Modify product: Uncharacterized protein Rv2030c => putative protein
[20:06:55] Modify product: Uncharacterized protein Rv0953c => putative protein
[20:06:55] Modify product: Putative 2-hydroxyacid dehydrogenase SA2098 => Putative 2-hydroxyacid dehydrogenase
[20:06:55] Modify product: Probable polyketide biosynthesis zinc-dependent hydrolase BaeB => putative polyketide biosynthesis zinc-dependent hydrolase BaeB
[20:06:55] Modify product: Putative peroxiredoxin Rv2521 => Putative peroxiredoxin
[20:06:55] Modify product: Probable dipeptidase PepE => putative dipeptidase PepE
[20:06:55] Modify product: Uncharacterized protein YccU => putative protein YccU
[20:06:55] Modify product: UPF0051 protein SA0778 => hypothetical protein
[20:06:55] Modify product: Probable nicotinate-nucleotide pyrophosphorylase [carboxylating] => putative nicotinate-nucleotide pyrophosphorylase [carboxylating]
[20:06:55] Modify product: Uncharacterized protein HI_1163 => putative protein
[20:06:55] Modify product: Putative coenzyme F420-dependent oxidoreductase Rv3520c => Putative coenzyme F420-dependent oxidoreductase
[20:06:55] Modify product: Uncharacterized metal-dependent hydrolase YcfH => putative metal-dependent hydrolase YcfH
[20:06:56] Modify product: Uncharacterized protein YisK => putative protein YisK
[20:06:56] Modify product: Probable oxidoreductase CT_610 => putative oxidoreductase CT_610
[20:06:56] Modify product: Uncharacterized protein YqgN => putative protein YqgN
[20:06:56] Modify product: Bifunctional protein FolD => Bifunctional protein FolD protein
[20:06:56] Modify product: Purine-binding protein BAB2_0673 => Purine-binding protein
[20:06:56] Modify product: Probable UbiX-like flavin prenyltransferase => putative UbiX-like flavin prenyltransferase
[20:06:56] Modify product: Probable acetyl-CoA acyltransferase => putative acetyl-CoA acyltransferase
[20:06:57] Modify product: Uncharacterized transporter Rv2685 => putative transporter
[20:06:57] Modify product: Urea transporter DVU1160 => Urea transporter
[20:06:57] Modify product: Putative universal stress protein SA1532 => Putative universal stress protein
[20:06:57] Modify product: Putative phosphoribosyl transferase Rv0571c => Putative phosphoribosyl transferase
[20:06:57] Modify product: Ribonuclease TTHA0252 => Ribonuclease
[20:06:57] Modify product: Probable adenylyl-sulfate kinase => putative adenylyl-sulfate kinase
[20:06:57] Modify product: Protease HtpX homolog => Protease HtpX 
[20:06:57] Modify product: Uncharacterized protein Rv2575 => putative protein
[20:06:58] Modify product: Probable riboflavin import permease protein RfuD => putative riboflavin import permease protein RfuD
[20:06:58] Modify product: Uncharacterized oxidoreductase SA2266 => putative oxidoreductase
[20:06:58] Modify product: Uncharacterized transporter Rv2685 => putative transporter
[20:06:58] Modify product: UPF0056 inner membrane protein YhgN => hypothetical protein
[20:06:58] Modify product: Uncharacterized protein YedJ => putative protein YedJ
[20:06:58] Modify product: Phosphate-specific transport system accessory protein PhoU homolog => Phosphate-specific transport system accessory protein PhoU 
[20:06:58] Modify product: Uncharacterized cysteine-rich protein YhjQ => putative cysteine-rich protein YhjQ
[20:06:58] Modify product: Probable protein kinase UbiB => putative protein kinase UbiB
[20:06:58] Modify product: Uncharacterized HTH-type transcriptional regulator YfiR => putative HTH-type transcriptional regulator YfiR
[20:06:58] Modify product: Uncharacterized protein Rv0887c => putative protein
[20:06:58] Modify product: Uncharacterized ABC transporter ATP-binding protein YknY => putative ABC transporter ATP-binding protein YknY
[20:06:58] Modify product: Probable GTPase Rv1496 => putative GTPase
[20:06:58] Modify product: Uncharacterized ABC transporter ATP-binding protein YknY => putative ABC transporter ATP-binding protein YknY
[20:06:58] Modify product: Uncharacterized protein Rv1276c => putative protein
[20:06:58] Modify product: Probable cysteine desulfurase => putative cysteine desulfurase
[20:06:59] Modify product: Uncharacterized protein MSMEG_2782/MSMEI_2713 => putative protein/MSMEI_2713
[20:06:59] Cleaned 48 /product names
[20:06:59] Deleting unwanted file: Nitrososphaera_viennensis_EN76.fa_prokka/PROKKA_10312021.sprot.tmp.19404.faa
[20:06:59] Deleting unwanted file: Nitrososphaera_viennensis_EN76.fa_prokka/PROKKA_10312021.sprot.tmp.19404.blast
[20:07:00] There are still 2435 unannotated CDS left (started with 3010)
[20:07:00] Will use hmmer3 to search against /home/ylifc/miniconda2/envs/prokka/db/hmm/HAMAP.hmm with 64 CPUs
[20:07:00] Running: cat Nitrososphaera_viennensis_EN76\.fa_prokka\/PROKKA_10312021\.HAMAP\.hmm\.tmp\.19404\.faa | parallel --gnu --plain -j 64 --block 4258 --recstart '>' --pipe hmmscan --noali --notextw --acc -E 1e-09 --cpu 1 /home/ylifc/miniconda2/envs/prokka/db/hmm/HAMAP.hmm /dev/stdin > Nitrososphaera_viennensis_EN76\.fa_prokka\/PROKKA_10312021\.HAMAP\.hmm\.tmp\.19404\.hmmer3 2> /dev/null
[20:10:42] Modify product: Uncharacterized MFS-type transporter YcaD => putative MFS-type transporter YcaD
[20:10:43] Modify product: Uncharacterized Nudix hydrolase NudL => putative Nudix hydrolase NudL
[20:10:43] Cleaned 2 /product names
[20:10:43] Deleting unwanted file: Nitrososphaera_viennensis_EN76.fa_prokka/PROKKA_10312021.HAMAP.hmm.tmp.19404.faa
[20:10:43] Deleting unwanted file: Nitrososphaera_viennensis_EN76.fa_prokka/PROKKA_10312021.HAMAP.hmm.tmp.19404.hmmer3
[20:10:43] Labelling remaining 2195 proteins as 'hypothetical protein'
[20:10:43] Possible /pseudo 'Ribonuclease PH' at gnl|Prokka|NLOCOPDC_1 position 22879
[20:10:43] Possible /pseudo 'Inosine-5'-monophosphate dehydrogenase' at gnl|Prokka|NLOCOPDC_1 position 335985
[20:10:43] Possible /pseudo 'FO synthase' at gnl|Prokka|NLOCOPDC_1 position 954479
[20:10:43] Possible /pseudo 'NAD(P)H-quinone oxidoreductase subunit 2, chloroplastic' at gnl|Prokka|NLOCOPDC_1 position 976479
[20:10:43] Possible /pseudo 'Thymidylate kinase' at gnl|Prokka|NLOCOPDC_1 position 1756251
[20:10:43] Possible /pseudo 'Nickel-responsive regulator' at gnl|Prokka|NLOCOPDC_1 position 1774258
[20:10:43] Possible /pseudo 'Deoxyhypusine synthase-like protein' at gnl|Prokka|NLOCOPDC_1 position 2118435
[20:10:43] Found 589 unique /gene codes.
[20:10:43] Fixed 3 duplicate /gene - dnaJ_1 dnaJ_2 dnaJ_3
[20:10:43] Fixed 2 duplicate /gene - ssuC_1 ssuC_2
[20:10:43] Fixed 2 duplicate /gene - rutE_1 rutE_2
[20:10:43] Fixed 2 duplicate /gene - ino1_1 ino1_2
[20:10:43] Fixed 2 duplicate /gene - ccr_1 ccr_2
[20:10:43] Fixed 2 duplicate /gene - mcm_1 mcm_2
[20:10:43] Fixed 2 duplicate /gene - bcp_1 bcp_2
[20:10:43] Fixed 2 duplicate /gene - tuf_1 tuf_2
[20:10:43] Fixed 2 duplicate /gene - fbiC_1 fbiC_2
[20:10:43] Fixed 2 duplicate /gene - aspS2_1 aspS2_2
[20:10:43] Fixed 2 duplicate /gene - todF_1 todF_2
[20:10:43] Fixed 2 duplicate /gene - ndhB_1 ndhB_2
[20:10:43] Fixed 2 duplicate /gene - lysX_1 lysX_2
[20:10:43] Fixed 3 duplicate /gene - thrB_1 thrB_2 thrB_3
[20:10:43] Fixed 2 duplicate /gene - purD_1 purD_2
[20:10:43] Fixed 4 duplicate /gene - wecC_1 wecC_2 wecC_3 wecC_4
[20:10:43] Fixed 2 duplicate /gene - ndhK_1 ndhK_2
[20:10:43] Fixed 2 duplicate /gene - speE_1 speE_2
[20:10:43] Fixed 6 duplicate /gene - COQ5_1 COQ5_2 COQ5_3 COQ5_4 COQ5_5 COQ5_6
[20:10:43] Fixed 2 duplicate /gene - hit_1 hit_2
[20:10:43] Fixed 2 duplicate /gene - hicd_1 hicd_2
[20:10:43] Fixed 2 duplicate /gene - hldE_1 hldE_2
[20:10:43] Fixed 2 duplicate /gene - cheB_1 cheB_2
[20:10:43] Fixed 2 duplicate /gene - glnA_1 glnA_2
[20:10:43] Fixed 2 duplicate /gene - fabG_1 fabG_2
[20:10:43] Fixed 2 duplicate /gene - dipZ_1 dipZ_2
[20:10:43] Fixed 7 duplicate /gene - sasA_1 sasA_2 sasA_3 sasA_4 sasA_5 sasA_6 sasA_7
[20:10:43] Fixed 2 duplicate /gene - hyfB_1 hyfB_2
[20:10:43] Fixed 2 duplicate /gene - glmS_1 glmS_2
[20:10:43] Fixed 4 duplicate /gene - moaA_1 moaA_2 moaA_3 moaA_4
[20:10:43] Fixed 3 duplicate /gene - prcB_1 prcB_2 prcB_3
[20:10:43] Fixed 2 duplicate /gene - mntR_1 mntR_2
[20:10:43] Fixed 2 duplicate /gene - ureB_1 ureB_2
[20:10:43] Fixed 2 duplicate /gene - dbpA_1 dbpA_2
[20:10:43] Fixed 2 duplicate /gene - carAc_1 carAc_2
[20:10:43] Fixed 2 duplicate /gene - nikR_1 nikR_2
[20:10:43] Fixed 3 duplicate /gene - ureA_1 ureA_2 ureA_3
[20:10:43] Fixed 2 duplicate /gene - rnj_1 rnj_2
[20:10:43] Fixed 2 duplicate /gene - nadK_1 nadK_2
[20:10:43] Fixed 2 duplicate /gene - menA_1 menA_2
[20:10:43] Fixed 2 duplicate /gene - ctaB_1 ctaB_2
[20:10:43] Fixed 7 duplicate /gene - groL_1 groL_2 groL_3 groL_4 groL_5 groL_6 groL_7
[20:10:43] Fixed 2 duplicate /gene - trmB_1 trmB_2
[20:10:43] Fixed 2 duplicate /gene - leuA_1 leuA_2
[20:10:43] Fixed 2 duplicate /gene - cysS_1 cysS_2
[20:10:43] Fixed 3 duplicate /gene - yliI_1 yliI_2 yliI_3
[20:10:43] Fixed 4 duplicate /gene - smc_1 smc_2 smc_3 smc_4
[20:10:43] Fixed 2 duplicate /gene - cas1_1 cas1_2
[20:10:43] Fixed 2 duplicate /gene - drrA_1 drrA_2
[20:10:43] Fixed 2 duplicate /gene - rcsC_1 rcsC_2
[20:10:43] Fixed 2 duplicate /gene - ybaL_1 ybaL_2
[20:10:43] Fixed 2 duplicate /gene - ureC_1 ureC_2
[20:10:43] Fixed 2 duplicate /gene - nudF_1 nudF_2
[20:10:43] Fixed 5 duplicate /gene - glnB_1 glnB_2 glnB_3 glnB_4 glnB_5
[20:10:43] Fixed 4 duplicate /gene - noc_1 noc_2 noc_3 noc_4
[20:10:43] Fixed 2 duplicate /gene - nnr_1 nnr_2
[20:10:43] Fixed 2 duplicate /gene - thi4_1 thi4_2
[20:10:43] Fixed 2 duplicate /gene - ilvE_1 ilvE_2
[20:10:43] Fixed 6 duplicate /gene - ftsH_1 ftsH_2 ftsH_3 ftsH_4 ftsH_5 ftsH_6
[20:10:43] Fixed 2 duplicate /gene - teaD_1 teaD_2
[20:10:43] Fixed 2 duplicate /gene - glmM_1 glmM_2
[20:10:43] Fixed 2 duplicate /gene - hflX_1 hflX_2
[20:10:43] Fixed 3 duplicate /gene - tmk_1 tmk_2 tmk_3
[20:10:43] Fixed 2 duplicate /gene - cas2_1 cas2_2
[20:10:43] Fixed 2 duplicate /gene - lrp_1 lrp_2
[20:10:43] Fixed 2 duplicate /gene - rutB_1 rutB_2
[20:10:43] Fixed 2 duplicate /gene - hisH_1 hisH_2
[20:10:43] Fixed 2 duplicate /gene - hemL_1 hemL_2
[20:10:43] Fixed 2 duplicate /gene - ahcY_1 ahcY_2
[20:10:43] Fixed 2 duplicate /gene - trxB_1 trxB_2
[20:10:43] Fixed 3 duplicate /gene - ndhI_1 ndhI_2 ndhI_3
[20:10:43] Fixed 3 duplicate /gene - lnrL_1 lnrL_2 lnrL_3
[20:10:43] Fixed 2 duplicate /gene - nhaX_1 nhaX_2
[20:10:43] Fixed 2 duplicate /gene - fpr_1 fpr_2
[20:10:43] Fixed 2 duplicate /gene - purF_1 purF_2
[20:10:43] Fixed 2 duplicate /gene - queC_1 queC_2
[20:10:43] Fixed 3 duplicate /gene - nrgA_1 nrgA_2 nrgA_3
[20:10:43] Fixed 2 duplicate /gene - metG_1 metG_2
[20:10:43] Fixed 2 duplicate /gene - argB_1 argB_2
[20:10:43] Fixed 2 duplicate /gene - mntB_1 mntB_2
[20:10:43] Fixed 2 duplicate /gene - yknY_1 yknY_2
[20:10:43] Fixed 2 duplicate /gene - murG_1 murG_2
[20:10:43] Fixed 2 duplicate /gene - hemB_1 hemB_2
[20:10:43] Fixed 2 duplicate /gene - tatA_1 tatA_2
[20:10:43] Fixed 2 duplicate /gene - glvI_1 glvI_2
[20:10:43] Fixed 2 duplicate /gene - corA_1 corA_2
[20:10:43] Fixed 2 duplicate /gene - recA_1 recA_2
[20:10:43] Fixed 2 duplicate /gene - dinB_1 dinB_2
[20:10:43] Fixed 2 duplicate /gene - cshA_1 cshA_2
[20:10:43] Fixed 2 duplicate /gene - metH_1 metH_2
[20:10:43] Fixed 7 duplicate /gene - petE_1 petE_2 petE_3 petE_4 petE_5 petE_6 petE_7
[20:10:43] Fixed 3 duplicate /gene - arnC_1 arnC_2 arnC_3
[20:10:43] Fixed 2 duplicate /gene - vgb_1 vgb_2
[20:10:43] Fixed 4 duplicate /gene - adh_1 adh_2 adh_3 adh_4
[20:10:43] Fixed 2 duplicate /gene - rhdA_1 rhdA_2
[20:10:43] Fixed 2 duplicate /gene - gerN_1 gerN_2
[20:10:43] Fixed 2 duplicate /gene - pqqE_1 pqqE_2
[20:10:43] Fixed 2 duplicate /gene - ctaD_1 ctaD_2
[20:10:43] Fixed 5 duplicate /gene - resA_1 resA_2 resA_3 resA_4 resA_5
[20:10:43] Fixed 8 duplicate /gene - IMPDH_1 IMPDH_2 IMPDH_3 IMPDH_4 IMPDH_5 IMPDH_6 IMPDH_7 IMPDH_8
[20:10:43] Fixed 2 duplicate /gene - rph_1 rph_2
[20:10:43] Fixed 3 duplicate /gene - hcaC_1 hcaC_2 hcaC_3
[20:10:43] Fixed 2 duplicate /gene - copA_1 copA_2
[20:10:43] Fixed 2 duplicate /gene - trxA_1 trxA_2
[20:10:43] Fixed 2 duplicate /gene - purE_1 purE_2
[20:10:43] Fixed 2 duplicate /gene - valS_1 valS_2
[20:10:43] Fixed 2 duplicate /gene - prcA_1 prcA_2
[20:10:43] Fixed 2 duplicate /gene - asnB_1 asnB_2
[20:10:43] Fixed 2 duplicate /gene - RBKS_1 RBKS_2
[20:10:43] Fixed 2 duplicate /gene - menG_1 menG_2
[20:10:43] Fixed 2 duplicate /gene - iolX_1 iolX_2
[20:10:43] Fixed 2 duplicate /gene - fbiB_1 fbiB_2
[20:10:43] Fixed 112 colliding /gene names.
[20:10:43] Adding /locus_tag identifiers
[20:10:44] Assigned 3093 locus_tags to CDS and RNA features.
[20:10:44] Writing outputs to Nitrososphaera_viennensis_EN76.fa_prokka/
[20:10:49] Generating annotation statistics file
[20:10:49] Generating Genbank and Sequin files
[20:10:49] Running: tbl2asn -V b -a r10k -l paired-ends -M n -N 1 -y 'Annotated using prokka 1.14.6 from https://github.com/tseemann/prokka' -Z Nitrososphaera_viennensis_EN76\.fa_prokka\/PROKKA_10312021\.err -i Nitrososphaera_viennensis_EN76\.fa_prokka\/PROKKA_10312021\.fsa 2> /dev/null
[20:11:13] Deleting unwanted file: Nitrososphaera_viennensis_EN76.fa_prokka/errorsummary.val
[20:11:13] Deleting unwanted file: Nitrososphaera_viennensis_EN76.fa_prokka/PROKKA_10312021.dr
[20:11:13] Deleting unwanted file: Nitrososphaera_viennensis_EN76.fa_prokka/PROKKA_10312021.fixedproducts
[20:11:13] Deleting unwanted file: Nitrososphaera_viennensis_EN76.fa_prokka/PROKKA_10312021.ecn
[20:11:13] Deleting unwanted file: Nitrososphaera_viennensis_EN76.fa_prokka/PROKKA_10312021.val
[20:11:13] Repairing broken .GBK output that tbl2asn produces...
[20:11:13] Running: sed 's/COORDINATES: profile/COORDINATES:profile/' < Nitrososphaera_viennensis_EN76\.fa_prokka\/PROKKA_10312021\.gbf > Nitrososphaera_viennensis_EN76\.fa_prokka\/PROKKA_10312021\.gbk
[20:11:14] Deleting unwanted file: Nitrososphaera_viennensis_EN76.fa_prokka/PROKKA_10312021.gbf
[20:11:14] Output files:
[20:11:14] Nitrososphaera_viennensis_EN76.fa_prokka/PROKKA_10312021.err
[20:11:14] Nitrososphaera_viennensis_EN76.fa_prokka/PROKKA_10312021.faa
[20:11:14] Nitrososphaera_viennensis_EN76.fa_prokka/PROKKA_10312021.ffn
[20:11:14] Nitrososphaera_viennensis_EN76.fa_prokka/PROKKA_10312021.fna
[20:11:14] Nitrososphaera_viennensis_EN76.fa_prokka/PROKKA_10312021.fsa
[20:11:14] Nitrososphaera_viennensis_EN76.fa_prokka/PROKKA_10312021.gbk
[20:11:14] Nitrososphaera_viennensis_EN76.fa_prokka/PROKKA_10312021.gff
[20:11:14] Nitrososphaera_viennensis_EN76.fa_prokka/PROKKA_10312021.log
[20:11:14] Nitrososphaera_viennensis_EN76.fa_prokka/PROKKA_10312021.sqn
[20:11:14] Nitrososphaera_viennensis_EN76.fa_prokka/PROKKA_10312021.tbl
[20:11:14] Nitrososphaera_viennensis_EN76.fa_prokka/PROKKA_10312021.tsv
[20:11:14] Nitrososphaera_viennensis_EN76.fa_prokka/PROKKA_10312021.txt
[20:11:14] Annotation finished successfully.
[20:11:14] Walltime used: 18.82 minutes
[20:11:14] If you use this result please cite the Prokka paper:
[20:11:14] Seemann T (2014) Prokka: rapid prokaryotic genome annotation. Bioinformatics. 30(14):2068-9.
[20:11:14] Type 'prokka --citation' for more details.
[20:11:14] Share and enjoy!
