[20:42:26] This is prokka 1.14.6
[20:42:26] Written by Torsten Seemann <torsten.seemann@gmail.com>
[20:42:26] Homepage is https://github.com/tseemann/prokka
[20:42:26] Local time is Sun Oct 31 20:42:26 2021
[20:42:26] You are ylifc
[20:42:26] Operating system is linux
[20:42:26] You have BioPerl 1.007002
[20:42:26] System has 64 cores.
[20:42:26] Will use maximum of 64 cores.
[20:42:26] Annotating as >>> Bacteria <<<
[20:42:26] Generating locus_tag from 'Thaumarchaeota_archaeon_UBA160.fa' contents.
[20:42:26] Setting --locustag LHHPKOKH from MD5 511948410054e65c130b3e1d21534dbd
[20:42:26] Enabling options to ensure Genbank/ENA/DDJB submission compliance.
[20:42:26] Creating new output folder: Thaumarchaeota_archaeon_UBA160.fa_prokka
[20:42:26] Running: mkdir -p Thaumarchaeota_archaeon_UBA160\.fa_prokka
[20:42:26] Using filename prefix: PROKKA_10312021.XXX
[20:42:26] Setting HMMER_NCPU=1
[20:42:26] Writing log to: Thaumarchaeota_archaeon_UBA160.fa_prokka/PROKKA_10312021.log
[20:42:26] Command: /home/ylifc/miniconda2/envs/prokka/bin/prokka --cpus 0 --compliant --rfam Thaumarchaeota_archaeon_UBA160.fa --outdir Thaumarchaeota_archaeon_UBA160.fa_prokka
[20:42:26] Appending to PATH: /home/ylifc/miniconda2/envs/prokka/bin
[20:42:26] Looking for 'aragorn' - found /home/ylifc/miniconda2/envs/prokka/bin/aragorn
[20:42:26] Determined aragorn version is 001002 from 'ARAGORN v1.2.38 Dean Laslett'
[20:42:26] Looking for 'barrnap' - found /home/ylifc/miniconda2/envs/prokka/bin/barrnap
[20:42:26] Determined barrnap version is 000009 from 'barrnap 0.9'
[20:42:26] Looking for 'blastp' - found /home/ylifc/miniconda2/envs/prokka/bin/blastp
[20:42:27] Determined blastp version is 002012 from 'blastp: 2.12.0+'
[20:42:27] Looking for 'cmpress' - found /home/ylifc/miniconda2/envs/prokka/bin/cmpress
[20:42:27] Determined cmpress version is 001001 from '# INFERNAL 1.1.4 (Dec 2020)'
[20:42:27] Looking for 'cmscan' - found /home/ylifc/miniconda2/envs/prokka/bin/cmscan
[20:42:27] Determined cmscan version is 001001 from '# INFERNAL 1.1.4 (Dec 2020)'
[20:42:27] Looking for 'egrep' - found /bin/egrep
[20:42:27] Looking for 'find' - found /usr/bin/find
[20:42:27] Looking for 'grep' - found /bin/grep
[20:42:27] Looking for 'hmmpress' - found /home/ylifc/miniconda2/envs/prokka/bin/hmmpress
[20:42:27] Determined hmmpress version is 003003 from '# HMMER 3.3.2 (Nov 2020); http://hmmer.org/'
[20:42:27] Looking for 'hmmscan' - found /home/ylifc/miniconda2/envs/prokka/bin/hmmscan
[20:42:27] Determined hmmscan version is 003003 from '# HMMER 3.3.2 (Nov 2020); http://hmmer.org/'
[20:42:27] Looking for 'java' - found /home/ylifc/miniconda2/envs/prokka/bin/java
[20:42:27] Looking for 'makeblastdb' - found /home/ylifc/miniconda2/envs/prokka/bin/makeblastdb
[20:42:29] Determined makeblastdb version is 002012 from 'makeblastdb: 2.12.0+'
[20:42:29] Looking for 'minced' - found /home/ylifc/miniconda2/envs/prokka/bin/minced
[20:42:29] Determined minced version is 004002 from 'minced 0.4.2'
[20:42:29] Looking for 'parallel' - found /home/ylifc/miniconda2/envs/prokka/bin/parallel
[20:42:30] Determined parallel version is 20211022 from 'GNU parallel 20211022'
[20:42:30] Looking for 'prodigal' - found /home/ylifc/miniconda2/envs/prokka/bin/prodigal
[20:42:30] Determined prodigal version is 002006 from 'Prodigal V2.6.3: February, 2016'
[20:42:30] Looking for 'prokka-genbank_to_fasta_db' - found /home/ylifc/miniconda2/envs/prokka/bin/prokka-genbank_to_fasta_db
[20:42:30] Looking for 'sed' - found /bin/sed
[20:42:30] Looking for 'tbl2asn' - found /home/ylifc/miniconda2/envs/prokka/bin/tbl2asn
[20:42:30] Determined tbl2asn version is 025007 from 'tbl2asn 25.7   arguments:'
[20:42:30] Using genetic code table 11.
[20:42:30] Loading and checking input file: Thaumarchaeota_archaeon_UBA160.fa
[20:42:30] Wrote 72 contigs totalling 854732 bp.
[20:42:30] Predicting tRNAs and tmRNAs
[20:42:30] Running: aragorn -l -gc11  -w Thaumarchaeota_archaeon_UBA160\.fa_prokka\/PROKKA_10312021\.fna
[20:42:31] 1 tRNA-Gly c[3390,3467] 37 (tcc)
[20:42:31] 1 tRNA-Ala [16571,16642] 33 (cgc)
[20:42:31] 2 tRNA-Leu [18777,18863] 38 (gag)
[20:42:31] 1 tRNA-Arg c[6911,6987] 37 (tct)
[20:42:31] 1 tRNA-Val c[2307,2381] 36 (gac)
[20:42:31] 1 tRNA-Val c[3617,3692] 36 (cac)
[20:42:31] 1 tRNA-Ser [5259,5344] 36 (gct)
[20:42:31] 1 tRNA-Pro [4260,4335] 37 (tgg)
[20:42:31] 1 tRNA-Ile c[2812,2889] 37 (gat)
[20:42:31] 1 tRNA-Thr [6976,7051] 36 (ggt)
[20:42:31] 1 tRNA-Thr [6989,7064] 36 (tgt)
[20:42:31] 1 tRNA-Ser c[4171,4256] 35 (tga)
[20:42:31] 1 tRNA-Arg c[7055,7129] 36 (gcg)
[20:42:31] 1 tRNA-Met c[15217,15292] 37 (cat)
[20:42:31] 1 tRNA-Pro c[5975,6050] 37 (ggg)
[20:42:31] 1 tRNA-Gln [10816,10888] 35 (ttg)
[20:42:31] 1 tRNA-Gly [142,217] 37 (gcc)
[20:42:31] 2 tRNA-Pro [6862,6937] 37 (cgg)
[20:42:31] 1 tRNA-Asn c[15739,15812] 35 (gtt)
[20:42:31] 1 tRNA-Leu c[27949,28041] 37 (cag)
[20:42:31] 2 tRNA-Ser c[28935,29020] 35 (gga)
[20:42:31] 1 tRNA-Ala [5779,5850] 33 (tgc)
[20:42:31] 1 tRNA-Met [4580,4653] 35 (cat)
[20:42:31] 1 tRNA-Gly c[1649,1722] 35 (ccc)
[20:42:31] 2 tRNA-Cys [16763,16836] 34 (gca)
[20:42:31] 1 tRNA-Arg [17695,17769] 36 (tcg)
[20:42:31] 1 tRNA-Arg c[28247,28321] 36 (ccg)
[20:42:31] Found 27 tRNAs
[20:42:31] Predicting Ribosomal RNAs
[20:42:31] Running Barrnap with 64 threads
[20:42:33] 1 gnl|Prokka|LHHPKOKH_63 1592 5S ribosomal RNA
[20:42:33] Found 1 rRNAs
[20:42:33] Scanning for ncRNAs... please be patient.
[20:42:33] Running: cmscan -Z 1.709464 --cut_ga --rfam --nohmmonly --fmt 2 --cpu 64 --tblout /dev/stdout -o /dev/null --noali /home/ylifc/miniconda2/envs/prokka/db/cm/Bacteria Thaumarchaeota_archaeon_UBA160\.fa_prokka\/PROKKA_10312021\.fna
[20:47:02] 1 ncRNA 1 gnl|Prokka|LHHPKOKH_6 1..318
[20:47:02] 2 ncRNA 1 gnl|Prokka|LHHPKOKH_66 1..303
[20:47:02] Found 2 ncRNAs.
[20:47:02] Total of 28 tRNA + rRNA features
[20:47:02] Searching for CRISPR repeats
[20:47:04] Found 0 CRISPRs
[20:47:04] Predicting coding sequences
[20:47:04] Contigs total 854732 bp, so using single mode
[20:47:04] Running: prodigal -i Thaumarchaeota_archaeon_UBA160\.fa_prokka\/PROKKA_10312021\.fna -c -m -g 11 -p single -f sco -q
[20:47:07] Excluding CDS which overlaps existing RNA (tRNA) at gnl|Prokka|LHHPKOKH_18:346..2388 on - strand
[20:47:07] Excluding CDS which overlaps existing RNA (tRNA) at gnl|Prokka|LHHPKOKH_26:3358..4260 on + strand
[20:47:07] Excluding CDS which overlaps existing RNA (tRNA) at gnl|Prokka|LHHPKOKH_31:6962..7984 on - strand
[20:47:07] Excluding CDS which overlaps existing RNA (tRNA) at gnl|Prokka|LHHPKOKH_33:6721..6999 on + strand
[20:47:07] Excluding CDS which overlaps existing RNA (tRNA) at gnl|Prokka|LHHPKOKH_44:7120..8427 on - strand
[20:47:07] Excluding CDS which overlaps existing RNA (tRNA) at gnl|Prokka|LHHPKOKH_52:5987..6886 on + strand
[20:47:07] Excluding CDS which overlaps existing RNA (tRNA) at gnl|Prokka|LHHPKOKH_60:29006..30304 on - strand
[20:47:07] Excluding CDS which overlaps existing RNA (tRNA) at gnl|Prokka|LHHPKOKH_67:28312..28839 on - strand
[20:47:07] Found 894 CDS
[20:47:07] Connecting features back to sequences
[20:47:07] Not using genus-specific database. Try --usegenus to enable it.
[20:47:07] Annotating CDS, please be patient.
[20:47:07] Will use 64 CPUs for similarity searching.
[20:47:08] There are still 894 unannotated CDS left (started with 894)
[20:47:08] Will use blast to search against /home/ylifc/miniconda2/envs/prokka/db/kingdom/Bacteria/IS with 64 CPUs
[20:47:08] Running: cat Thaumarchaeota_archaeon_UBA160\.fa_prokka\/PROKKA_10312021\.IS\.tmp\.7387\.faa | parallel --gnu --plain -j 64 --block 1950 --recstart '>' --pipe blastp -query - -db /home/ylifc/miniconda2/envs/prokka/db/kingdom/Bacteria/IS -evalue 1e-30 -qcov_hsp_perc 90 -num_threads 1 -num_descriptions 1 -num_alignments 1 -seg no > Thaumarchaeota_archaeon_UBA160\.fa_prokka\/PROKKA_10312021\.IS\.tmp\.7387\.blast 2> /dev/null
[20:47:45] Deleting unwanted file: Thaumarchaeota_archaeon_UBA160.fa_prokka/PROKKA_10312021.IS.tmp.7387.faa
[20:47:45] Deleting unwanted file: Thaumarchaeota_archaeon_UBA160.fa_prokka/PROKKA_10312021.IS.tmp.7387.blast
[20:47:45] There are still 894 unannotated CDS left (started with 894)
[20:47:45] Will use blast to search against /home/ylifc/miniconda2/envs/prokka/db/kingdom/Bacteria/AMR with 64 CPUs
[20:47:45] Running: cat Thaumarchaeota_archaeon_UBA160\.fa_prokka\/PROKKA_10312021\.AMR\.tmp\.7387\.faa | parallel --gnu --plain -j 64 --block 1950 --recstart '>' --pipe blastp -query - -db /home/ylifc/miniconda2/envs/prokka/db/kingdom/Bacteria/AMR -evalue 9.99999999999999e-301 -qcov_hsp_perc 90 -num_threads 1 -num_descriptions 1 -num_alignments 1 -seg no > Thaumarchaeota_archaeon_UBA160\.fa_prokka\/PROKKA_10312021\.AMR\.tmp\.7387\.blast 2> /dev/null
[20:48:18] Deleting unwanted file: Thaumarchaeota_archaeon_UBA160.fa_prokka/PROKKA_10312021.AMR.tmp.7387.faa
[20:48:18] Deleting unwanted file: Thaumarchaeota_archaeon_UBA160.fa_prokka/PROKKA_10312021.AMR.tmp.7387.blast
[20:48:19] There are still 894 unannotated CDS left (started with 894)
[20:48:19] Will use blast to search against /home/ylifc/miniconda2/envs/prokka/db/kingdom/Bacteria/sprot with 64 CPUs
[20:48:19] Running: cat Thaumarchaeota_archaeon_UBA160\.fa_prokka\/PROKKA_10312021\.sprot\.tmp\.7387\.faa | parallel --gnu --plain -j 64 --block 1950 --recstart '>' --pipe blastp -query - -db /home/ylifc/miniconda2/envs/prokka/db/kingdom/Bacteria/sprot -evalue 1e-09 -qcov_hsp_perc 80 -num_threads 1 -num_descriptions 1 -num_alignments 1 -seg no > Thaumarchaeota_archaeon_UBA160\.fa_prokka\/PROKKA_10312021\.sprot\.tmp\.7387\.blast 2> /dev/null
[20:50:00] Modify product: Bifunctional protein FolD => Bifunctional protein FolD protein
[20:50:00] Modify product: UPF0051 protein SA0778 => hypothetical protein
[20:50:00] Modify product: Probable xanthine dehydrogenase subunit D => putative xanthine dehydrogenase subunit D
[20:50:00] Modify product: Probable UbiX-like flavin prenyltransferase => putative UbiX-like flavin prenyltransferase
[20:50:00] Modify product: UPF0173 metal-dependent hydrolase TM_1162 => hypothetical protein
[20:50:00] Modify product: NAD(P)H-dependent FMN reductase PA1204 => NAD(P)H-dependent FMN reductase
[20:50:00] Modify product: Probable multidrug ABC transporter permease YbhR => putative multidrug ABC transporter permease YbhR
[20:50:00] Modify product: Probable xanthine dehydrogenase subunit D => putative xanthine dehydrogenase subunit D
[20:50:01] Modify product: Probable metallo-hydrolase YflN => putative metallo-hydrolase YflN
[20:50:01] Modify product: Probable iron-sulfur-binding oxidoreductase FadF => putative iron-sulfur-binding oxidoreductase FadF
[20:50:01] Modify product: UPF0051 protein SA0778 => hypothetical protein
[20:50:01] Modify product: Probable xanthine dehydrogenase subunit D => putative xanthine dehydrogenase subunit D
[20:50:01] Modify product: Probable metabolite transport protein CsbC => putative metabolite transport protein CsbC
[20:50:01] Modify product: Uncharacterized amino acid permease YhdG => putative amino acid permease YhdG
[20:50:01] Modify product: Probable molybdenum cofactor guanylyltransferase => putative molybdenum cofactor guanylyltransferase
[20:50:01] Modify product: Uncharacterized peptidase SA1530 => putative peptidase
[20:50:01] Modify product: S-adenosyl-L-methionine-binding protein RPA0152 => S-adenosyl-L-methionine-binding protein
[20:50:01] Modify product: Probable endonuclease 4 => putative endonuclease 4
[20:50:01] Modify product: Probable doxorubicin resistance ABC transporter permease protein DrrC => putative doxorubicin resistance ABC transporter permease protein DrrC
[20:50:01] Modify product: Protease HtpX homolog => Protease HtpX 
[20:50:02] Modify product: Uncharacterized protein Rv1899c => putative protein
[20:50:02] Modify product: Probable metallo-hydrolase YflN => putative metallo-hydrolase YflN
[20:50:02] Cleaned 22 /product names
[20:50:02] Deleting unwanted file: Thaumarchaeota_archaeon_UBA160.fa_prokka/PROKKA_10312021.sprot.tmp.7387.faa
[20:50:02] Deleting unwanted file: Thaumarchaeota_archaeon_UBA160.fa_prokka/PROKKA_10312021.sprot.tmp.7387.blast
[20:50:02] There are still 587 unannotated CDS left (started with 894)
[20:50:02] Will use hmmer3 to search against /home/ylifc/miniconda2/envs/prokka/db/hmm/HAMAP.hmm with 64 CPUs
[20:50:02] Running: cat Thaumarchaeota_archaeon_UBA160\.fa_prokka\/PROKKA_10312021\.HAMAP\.hmm\.tmp\.7387\.faa | parallel --gnu --plain -j 64 --block 1100 --recstart '>' --pipe hmmscan --noali --notextw --acc -E 1e-09 --cpu 1 /home/ylifc/miniconda2/envs/prokka/db/hmm/HAMAP.hmm /dev/stdin > Thaumarchaeota_archaeon_UBA160\.fa_prokka\/PROKKA_10312021\.HAMAP\.hmm\.tmp\.7387\.hmmer3 2> /dev/null
[20:50:57] Deleting unwanted file: Thaumarchaeota_archaeon_UBA160.fa_prokka/PROKKA_10312021.HAMAP.hmm.tmp.7387.faa
[20:50:57] Deleting unwanted file: Thaumarchaeota_archaeon_UBA160.fa_prokka/PROKKA_10312021.HAMAP.hmm.tmp.7387.hmmer3
[20:50:57] Labelling remaining 486 proteins as 'hypothetical protein'
[20:50:57] Possible /pseudo 'Ribonuclease PH' at gnl|Prokka|LHHPKOKH_30 position 4450
[20:50:57] Possible /pseudo 'Glycerol kinase' at gnl|Prokka|LHHPKOKH_36 position 1719
[20:50:57] Possible /pseudo 'Glycerol kinase' at gnl|Prokka|LHHPKOKH_36 position 1981
[20:50:57] Possible /pseudo 'Glycerol kinase' at gnl|Prokka|LHHPKOKH_36 position 2320
[20:50:57] Possible /pseudo '5-methyltetrahydropteroyltriglutamate--homocysteine methyltransferase' at gnl|Prokka|LHHPKOKH_67 position 8464
[20:50:57] Possible /pseudo '1,4-dihydroxy-2-naphthoate octaprenyltransferase' at gnl|Prokka|LHHPKOKH_70 position 675
[20:50:57] Found 320 unique /gene codes.
[20:50:57] Fixed 3 duplicate /gene - ftsH_1 ftsH_2 ftsH_3
[20:50:57] Fixed 2 duplicate /gene - hisC_1 hisC_2
[20:50:57] Fixed 3 duplicate /gene - pucD_1 pucD_2 pucD_3
[20:50:57] Fixed 2 duplicate /gene - ttuA_1 ttuA_2
[20:50:57] Fixed 2 duplicate /gene - lhyD_1 lhyD_2
[20:50:57] Fixed 2 duplicate /gene - fixB_1 fixB_2
[20:50:57] Fixed 2 duplicate /gene - lnrL_1 lnrL_2
[20:50:57] Fixed 3 duplicate /gene - fbiB_1 fbiB_2 fbiB_3
[20:50:57] Fixed 2 duplicate /gene - metE_1 metE_2
[20:50:57] Fixed 2 duplicate /gene - argF'_1 argF'_2
[20:50:57] Fixed 3 duplicate /gene - moaA_1 moaA_2 moaA_3
[20:50:57] Fixed 2 duplicate /gene - ribZ_1 ribZ_2
[20:50:57] Fixed 2 duplicate /gene - fixA_1 fixA_2
[20:50:57] Fixed 2 duplicate /gene - lysX_1 lysX_2
[20:50:57] Fixed 2 duplicate /gene - cmk_1 cmk_2
[20:50:57] Fixed 2 duplicate /gene - yajO_1 yajO_2
[20:50:57] Fixed 2 duplicate /gene - htpX_1 htpX_2
[20:50:57] Fixed 2 duplicate /gene - ndhF_1 ndhF_2
[20:50:57] Fixed 2 duplicate /gene - rnz_1 rnz_2
[20:50:57] Fixed 2 duplicate /gene - cugP_1 cugP_2
[20:50:57] Fixed 2 duplicate /gene - nnr_1 nnr_2
[20:50:57] Fixed 3 duplicate /gene - mobA_1 mobA_2 mobA_3
[20:50:57] Fixed 3 duplicate /gene - ykoD_1 ykoD_2 ykoD_3
[20:50:57] Fixed 2 duplicate /gene - yhdN_1 yhdN_2
[20:50:57] Fixed 2 duplicate /gene - menA_1 menA_2
[20:50:57] Fixed 2 duplicate /gene - naiP_1 naiP_2
[20:50:57] Fixed 2 duplicate /gene - yflN_1 yflN_2
[20:50:57] Fixed 3 duplicate /gene - ecfT_1 ecfT_2 ecfT_3
[20:50:57] Fixed 4 duplicate /gene - deoD_1 deoD_2 deoD_3 deoD_4
[20:50:57] Fixed 4 duplicate /gene - glpK_1 glpK_2 glpK_3 glpK_4
[20:50:57] Fixed 2 duplicate /gene - ino1_1 ino1_2
[20:50:57] Fixed 3 duplicate /gene - smc_1 smc_2 smc_3
[20:50:57] Fixed 2 duplicate /gene - valS_1 valS_2
[20:50:57] Fixed 3 duplicate /gene - ndhS_1 ndhS_2 ndhS_3
[20:50:57] Fixed 2 duplicate /gene - rph_1 rph_2
[20:50:57] Fixed 3 duplicate /gene - mtaD_1 mtaD_2 mtaD_3
[20:50:57] Fixed 2 duplicate /gene - trpB_1 trpB_2
[20:50:57] Fixed 2 duplicate /gene - gdhA_1 gdhA_2
[20:50:57] Fixed 2 duplicate /gene - hicd_1 hicd_2
[20:50:57] Fixed 2 duplicate /gene - groL_1 groL_2
[20:50:57] Fixed 2 duplicate /gene - thiL_1 thiL_2
[20:50:57] Fixed 4 duplicate /gene - thrC_1 thrC_2 thrC_3 thrC_4
[20:50:57] Fixed 2 duplicate /gene - thrB_1 thrB_2
[20:50:57] Fixed 2 duplicate /gene - mtnA_1 mtnA_2
[20:50:57] Fixed 44 colliding /gene names.
[20:50:57] Adding /locus_tag identifiers
[20:50:57] Assigned 924 locus_tags to CDS and RNA features.
[20:50:57] Writing outputs to Thaumarchaeota_archaeon_UBA160.fa_prokka/
[20:50:59] Generating annotation statistics file
[20:50:59] Generating Genbank and Sequin files
[20:50:59] Running: tbl2asn -V b -a r10k -l paired-ends -M n -N 1 -y 'Annotated using prokka 1.14.6 from https://github.com/tseemann/prokka' -Z Thaumarchaeota_archaeon_UBA160\.fa_prokka\/PROKKA_10312021\.err -i Thaumarchaeota_archaeon_UBA160\.fa_prokka\/PROKKA_10312021\.fsa 2> /dev/null
[20:51:06] Deleting unwanted file: Thaumarchaeota_archaeon_UBA160.fa_prokka/errorsummary.val
[20:51:06] Deleting unwanted file: Thaumarchaeota_archaeon_UBA160.fa_prokka/PROKKA_10312021.dr
[20:51:06] Deleting unwanted file: Thaumarchaeota_archaeon_UBA160.fa_prokka/PROKKA_10312021.fixedproducts
[20:51:06] Deleting unwanted file: Thaumarchaeota_archaeon_UBA160.fa_prokka/PROKKA_10312021.ecn
[20:51:06] Deleting unwanted file: Thaumarchaeota_archaeon_UBA160.fa_prokka/PROKKA_10312021.val
[20:51:06] Repairing broken .GBK output that tbl2asn produces...
[20:51:06] Running: sed 's/COORDINATES: profile/COORDINATES:profile/' < Thaumarchaeota_archaeon_UBA160\.fa_prokka\/PROKKA_10312021\.gbf > Thaumarchaeota_archaeon_UBA160\.fa_prokka\/PROKKA_10312021\.gbk
[20:51:06] Deleting unwanted file: Thaumarchaeota_archaeon_UBA160.fa_prokka/PROKKA_10312021.gbf
[20:51:06] Output files:
[20:51:06] Thaumarchaeota_archaeon_UBA160.fa_prokka/PROKKA_10312021.err
[20:51:06] Thaumarchaeota_archaeon_UBA160.fa_prokka/PROKKA_10312021.faa
[20:51:06] Thaumarchaeota_archaeon_UBA160.fa_prokka/PROKKA_10312021.ffn
[20:51:06] Thaumarchaeota_archaeon_UBA160.fa_prokka/PROKKA_10312021.fna
[20:51:06] Thaumarchaeota_archaeon_UBA160.fa_prokka/PROKKA_10312021.fsa
[20:51:06] Thaumarchaeota_archaeon_UBA160.fa_prokka/PROKKA_10312021.gbk
[20:51:06] Thaumarchaeota_archaeon_UBA160.fa_prokka/PROKKA_10312021.gff
[20:51:06] Thaumarchaeota_archaeon_UBA160.fa_prokka/PROKKA_10312021.log
[20:51:06] Thaumarchaeota_archaeon_UBA160.fa_prokka/PROKKA_10312021.sqn
[20:51:06] Thaumarchaeota_archaeon_UBA160.fa_prokka/PROKKA_10312021.tbl
[20:51:06] Thaumarchaeota_archaeon_UBA160.fa_prokka/PROKKA_10312021.tsv
[20:51:06] Thaumarchaeota_archaeon_UBA160.fa_prokka/PROKKA_10312021.txt
[20:51:06] Annotation finished successfully.
[20:51:06] Walltime used: 8.67 minutes
[20:51:06] If you use this result please cite the Prokka paper:
[20:51:06] Seemann T (2014) Prokka: rapid prokaryotic genome annotation. Bioinformatics. 30(14):2068-9.
[20:51:06] Type 'prokka --citation' for more details.
[20:51:06] Thank you, come again.
