[17:51:18] This is prokka 1.14.6
[17:51:18] Written by Torsten Seemann <torsten.seemann@gmail.com>
[17:51:18] Homepage is https://github.com/tseemann/prokka
[17:51:18] Local time is Tue Dec 21 17:51:18 2021
[17:51:18] You are ylifc
[17:51:18] Operating system is linux
[17:51:18] You have BioPerl 1.007002
[17:51:18] System has 64 cores.
[17:51:18] Will use maximum of 64 cores.
[17:51:18] Annotating as >>> Bacteria <<<
[17:51:18] Generating locus_tag from 'YK1312_12N_NP_theta.fa' contents.
[17:51:18] Setting --locustag BECDEBCB from MD5 becdebcbfeab220c4f4755f9325e7f8b
[17:51:18] Enabling options to ensure Genbank/ENA/DDJB submission compliance.
[17:51:18] Creating new output folder: YK1312_12N_NP_theta_prokka
[17:51:18] Running: mkdir -p YK1312_12N_NP_theta_prokka
[17:51:18] Using filename prefix: PROKKA_12212021.XXX
[17:51:18] Setting HMMER_NCPU=1
[17:51:18] Writing log to: YK1312_12N_NP_theta_prokka/PROKKA_12212021.log
[17:51:18] Command: /home/ylifc/miniconda2/envs/prokka/bin/prokka --cpus 0 --compliant --rfam YK1312_12N_NP_theta.fa --outdir YK1312_12N_NP_theta_prokka
[17:51:18] Appending to PATH: /home/ylifc/miniconda2/envs/prokka/bin
[17:51:18] Looking for 'aragorn' - found /home/ylifc/miniconda2/envs/prokka/bin/aragorn
[17:51:18] Determined aragorn version is 001002 from 'ARAGORN v1.2.38 Dean Laslett'
[17:51:18] Looking for 'barrnap' - found /home/ylifc/miniconda2/envs/prokka/bin/barrnap
[17:51:18] Determined barrnap version is 000009 from 'barrnap 0.9'
[17:51:18] Looking for 'blastp' - found /home/ylifc/miniconda2/envs/prokka/bin/blastp
[17:51:20] Determined blastp version is 002012 from 'blastp: 2.12.0+'
[17:51:20] Looking for 'cmpress' - found /home/ylifc/miniconda2/envs/prokka/bin/cmpress
[17:51:20] Determined cmpress version is 001001 from '# INFERNAL 1.1.4 (Dec 2020)'
[17:51:20] Looking for 'cmscan' - found /home/ylifc/miniconda2/envs/prokka/bin/cmscan
[17:51:20] Determined cmscan version is 001001 from '# INFERNAL 1.1.4 (Dec 2020)'
[17:51:20] Looking for 'egrep' - found /bin/egrep
[17:51:20] Looking for 'find' - found /usr/bin/find
[17:51:20] Looking for 'grep' - found /bin/grep
[17:51:20] Looking for 'hmmpress' - found /home/ylifc/miniconda2/envs/prokka/bin/hmmpress
[17:51:20] Determined hmmpress version is 003003 from '# HMMER 3.3.2 (Nov 2020); http://hmmer.org/'
[17:51:20] Looking for 'hmmscan' - found /home/ylifc/miniconda2/envs/prokka/bin/hmmscan
[17:51:20] Determined hmmscan version is 003003 from '# HMMER 3.3.2 (Nov 2020); http://hmmer.org/'
[17:51:20] Looking for 'java' - found /home/ylifc/miniconda2/envs/prokka/bin/java
[17:51:20] Looking for 'makeblastdb' - found /home/ylifc/miniconda2/envs/prokka/bin/makeblastdb
[17:51:22] Determined makeblastdb version is 002012 from 'makeblastdb: 2.12.0+'
[17:51:22] Looking for 'minced' - found /home/ylifc/miniconda2/envs/prokka/bin/minced
[17:51:22] Determined minced version is 004002 from 'minced 0.4.2'
[17:51:22] Looking for 'parallel' - found /home/ylifc/miniconda2/envs/prokka/bin/parallel
[17:51:22] Determined parallel version is 20211022 from 'GNU parallel 20211022'
[17:51:22] Looking for 'prodigal' - found /home/ylifc/miniconda2/envs/prokka/bin/prodigal
[17:51:22] Determined prodigal version is 002006 from 'Prodigal V2.6.3: February, 2016'
[17:51:22] Looking for 'prokka-genbank_to_fasta_db' - found /home/ylifc/miniconda2/envs/prokka/bin/prokka-genbank_to_fasta_db
[17:51:22] Looking for 'sed' - found /bin/sed
[17:51:22] Looking for 'tbl2asn' - found /home/ylifc/miniconda2/envs/prokka/bin/tbl2asn
[17:51:22] Determined tbl2asn version is 025007 from 'tbl2asn 25.7   arguments:'
[17:51:22] Using genetic code table 11.
[17:51:22] Loading and checking input file: YK1312_12N_NP_theta.fa
[17:51:22] Wrote 299 contigs totalling 1221321 bp.
[17:51:22] Predicting tRNAs and tmRNAs
[17:51:22] Running: aragorn -l -gc11  -w YK1312_12N_NP_theta_prokka\/PROKKA_12212021\.fna
[17:51:23] 1 tRNA-Ala c[1912,1986] 33 (cgc)
[17:51:23] 2 tRNA-Leu c[7181,7267] 38 (tag)
[17:51:23] 1 tRNA-Met c[1777,1853] 37 (cat)
[17:51:23] 1 tRNA-Ser [2749,2832] 33 (cga)
[17:51:23] 1 tRNA-His c[597,669] 34 (gtg)
[17:51:23] 1 tRNA-Leu [1383,1469] 38 (cag)
[17:51:23] 1 tRNA-Ser [3347,3431] 35 (tga)
[17:51:23] 1 tRNA-Arg [7720,7795] 36 (tct)
[17:51:23] tRNA c[1093,1182] is a pseudo/wacky gene - skipping.
[17:51:23] 2 tRNA-Ala [1848,1921] 35 (tgc)
[17:51:23] 1 tRNA-Ala [1129,1203] 35 (ggc)
[17:51:23] 1 tRNA-Asn [1112,1187] 35 (gtt)
[17:51:23] 1 tRNA-Pro c[209,285] 35 (ggg)
[17:51:23] 1 tRNA-Cys c[217,288] 33 (gca)
[17:51:23] 1 tRNA-Leu [6175,6261] 38 (gag)
[17:51:23] 1 tRNA-Met c[2720,2796] 35 (cat)
[17:51:23] 1 tRNA-Val [3615,3691] 37 (tac)
[17:51:23] 1 tRNA-Gly [1198,1270] 35 (tcc)
[17:51:23] 1 tRNA-Pro [1597,1673] 35 (tgg)
[17:51:23] 1 tRNA-Pro c[3432,3508] 37 (cgg)
[17:51:23] 1 tRNA-Val c[1194,1290] 34 (cac)
[17:51:23] 1 tRNA-Gln [2484,2557] 36 (ttg)
[17:51:23] 1 tRNA-Gly c[2332,2408] 36 (gcc)
[17:51:23] 1 tRNA-Met [1928,2004] 37 (cat)
[17:51:23] 1 tRNA-Phe [1843,1919] 36 (gaa)
[17:51:23] 1 tRNA-Thr [7329,7404] 37 (cgt)
[17:51:23] 1 tRNA-Val c[120,194] 35 (gac)
[17:51:23] 1 tRNA-Thr c[1669,1743] 36 (tgt)
[17:51:23] Found 27 tRNAs
[17:51:23] Predicting Ribosomal RNAs
[17:51:23] Running Barrnap with 64 threads
[17:51:25] 1 gnl|Prokka|BECDEBCB_246 13 23S ribosomal RNA (partial)
[17:51:25] 2 gnl|Prokka|BECDEBCB_47 1961 5S ribosomal RNA
[17:51:25] Found 2 rRNAs
[17:51:25] Scanning for ncRNAs... please be patient.
[17:51:25] Running: cmscan -Z 2.442642 --cut_ga --rfam --nohmmonly --fmt 2 --cpu 64 --tblout /dev/stdout -o /dev/null --noali /home/ylifc/miniconda2/envs/prokka/db/cm/Bacteria YK1312_12N_NP_theta_prokka\/PROKKA_12212021\.fna
[17:56:11] 1 ncRNA 1 gnl|Prokka|BECDEBCB_117 1..292
[17:56:11] 2 ncRNA 1 gnl|Prokka|BECDEBCB_120 1..303
[17:56:12] Found 2 ncRNAs.
[17:56:12] Total of 29 tRNA + rRNA features
[17:56:12] Searching for CRISPR repeats
[17:56:13] Found 0 CRISPRs
[17:56:13] Predicting coding sequences
[17:56:13] Contigs total 1221321 bp, so using single mode
[17:56:13] Running: prodigal -i YK1312_12N_NP_theta_prokka\/PROKKA_12212021\.fna -c -m -g 11 -p single -f sco -q
[17:56:15] Found 1477 CDS
[17:56:15] Connecting features back to sequences
[17:56:15] Not using genus-specific database. Try --usegenus to enable it.
[17:56:15] Annotating CDS, please be patient.
[17:56:15] Will use 64 CPUs for similarity searching.
[17:56:16] There are still 1477 unannotated CDS left (started with 1477)
[17:56:16] Will use blast to search against /home/ylifc/miniconda2/envs/prokka/db/kingdom/Bacteria/IS with 64 CPUs
[17:56:16] Running: cat YK1312_12N_NP_theta_prokka\/PROKKA_12212021\.IS\.tmp\.45727\.faa | parallel --gnu --plain -j 64 --block 2598 --recstart '>' --pipe blastp -query - -db /home/ylifc/miniconda2/envs/prokka/db/kingdom/Bacteria/IS -evalue 1e-30 -qcov_hsp_perc 90 -num_threads 1 -num_descriptions 1 -num_alignments 1 -seg no > YK1312_12N_NP_theta_prokka\/PROKKA_12212021\.IS\.tmp\.45727\.blast 2> /dev/null
[17:56:33] Deleting unwanted file: YK1312_12N_NP_theta_prokka/PROKKA_12212021.IS.tmp.45727.faa
[17:56:33] Deleting unwanted file: YK1312_12N_NP_theta_prokka/PROKKA_12212021.IS.tmp.45727.blast
[17:56:34] There are still 1476 unannotated CDS left (started with 1477)
[17:56:34] Will use blast to search against /home/ylifc/miniconda2/envs/prokka/db/kingdom/Bacteria/AMR with 64 CPUs
[17:56:34] Running: cat YK1312_12N_NP_theta_prokka\/PROKKA_12212021\.AMR\.tmp\.45727\.faa | parallel --gnu --plain -j 64 --block 2595 --recstart '>' --pipe blastp -query - -db /home/ylifc/miniconda2/envs/prokka/db/kingdom/Bacteria/AMR -evalue 9.99999999999999e-301 -qcov_hsp_perc 90 -num_threads 1 -num_descriptions 1 -num_alignments 1 -seg no > YK1312_12N_NP_theta_prokka\/PROKKA_12212021\.AMR\.tmp\.45727\.blast 2> /dev/null
[17:56:48] Deleting unwanted file: YK1312_12N_NP_theta_prokka/PROKKA_12212021.AMR.tmp.45727.faa
[17:56:48] Deleting unwanted file: YK1312_12N_NP_theta_prokka/PROKKA_12212021.AMR.tmp.45727.blast
[17:56:49] There are still 1476 unannotated CDS left (started with 1477)
[17:56:49] Will use blast to search against /home/ylifc/miniconda2/envs/prokka/db/kingdom/Bacteria/sprot with 64 CPUs
[17:56:49] Running: cat YK1312_12N_NP_theta_prokka\/PROKKA_12212021\.sprot\.tmp\.45727\.faa | parallel --gnu --plain -j 64 --block 2595 --recstart '>' --pipe blastp -query - -db /home/ylifc/miniconda2/envs/prokka/db/kingdom/Bacteria/sprot -evalue 1e-09 -qcov_hsp_perc 80 -num_threads 1 -num_descriptions 1 -num_alignments 1 -seg no > YK1312_12N_NP_theta_prokka\/PROKKA_12212021\.sprot\.tmp\.45727\.blast 2> /dev/null
[17:57:28] Modify product: Probable polyketide biosynthesis zinc-dependent hydrolase PksB => putative polyketide biosynthesis zinc-dependent hydrolase PksB
[17:57:28] Modify product: Uncharacterized metal-dependent hydrolase YjjV => putative metal-dependent hydrolase YjjV
[17:57:28] Modify product: Uncharacterized protein YedJ => putative protein YedJ
[17:57:28] Modify product: Ribonuclease TTHA0252 => Ribonuclease
[17:57:29] Modify product: Uncharacterized protein YccU => putative protein YccU
[17:57:29] Modify product: Uncharacterized oxidoreductase SA2266 => putative oxidoreductase
[17:57:29] Modify product: Probable endonuclease 4 => putative endonuclease 4
[17:57:29] Modify product: Probable bifunctional transcriptional activator/DNA repair enzyme AlkA => putative bifunctional transcriptional activator/DNA repair enzyme AlkA
[17:57:29] Modify product: Uncharacterized protein Rv2715 => putative protein
[17:57:29] Modify product: Uncharacterized protein YqgN => putative protein YqgN
[17:57:29] Modify product: Bifunctional protein FolD => Bifunctional protein FolD protein
[17:57:29] Modify product: UPF0098 protein CT_736 => hypothetical protein
[17:57:29] Modify product: Uncharacterized protein Rv2715 => putative protein
[17:57:29] Modify product: Probable dipeptidase PepE => putative dipeptidase PepE
[17:57:29] Modify product: Probable adenylyl-sulfate kinase => putative adenylyl-sulfate kinase
[17:57:29] Modify product: Putative coenzyme F420-dependent oxidoreductase Rv3520c => Putative coenzyme F420-dependent oxidoreductase
[17:57:29] Modify product: UPF0051 protein SA0778 => hypothetical protein
[17:57:29] Modify product: UPF0051 protein SA0778 => hypothetical protein
[17:57:29] Modify product: Probable cysteine desulfurase => putative cysteine desulfurase
[17:57:29] Modify product: UPF0126 inner membrane protein YicG => hypothetical protein
[17:57:29] Modify product: UPF0047 protein Rv2556c => hypothetical protein
[17:57:29] Modify product: Uncharacterized protein Rv2030c => putative protein
[17:57:30] Modify product: UPF0053 protein HI_0107 => hypothetical protein
[17:57:30] Modify product: Probable UbiX-like flavin prenyltransferase => putative UbiX-like flavin prenyltransferase
[17:57:30] Modify product: Uncharacterized oxidoreductase SA2266 => putative oxidoreductase
[17:57:30] Modify product: Uncharacterized protein YisK => putative protein YisK
[17:57:30] Modify product: Uncharacterized protein MSMEG_2782/MSMEI_2713 => putative protein/MSMEI_2713
[17:57:30] Cleaned 27 /product names
[17:57:30] Deleting unwanted file: YK1312_12N_NP_theta_prokka/PROKKA_12212021.sprot.tmp.45727.faa
[17:57:30] Deleting unwanted file: YK1312_12N_NP_theta_prokka/PROKKA_12212021.sprot.tmp.45727.blast
[17:57:31] There are still 1096 unannotated CDS left (started with 1477)
[17:57:31] Will use hmmer3 to search against /home/ylifc/miniconda2/envs/prokka/db/hmm/HAMAP.hmm with 64 CPUs
[17:57:31] Running: cat YK1312_12N_NP_theta_prokka\/PROKKA_12212021\.HAMAP\.hmm\.tmp\.45727\.faa | parallel --gnu --plain -j 64 --block 1668 --recstart '>' --pipe hmmscan --noali --notextw --acc -E 1e-09 --cpu 1 /home/ylifc/miniconda2/envs/prokka/db/hmm/HAMAP.hmm /dev/stdin > YK1312_12N_NP_theta_prokka\/PROKKA_12212021\.HAMAP\.hmm\.tmp\.45727\.hmmer3 2> /dev/null
[17:58:05] Modify product: Uncharacterized Nudix hydrolase NudL => putative Nudix hydrolase NudL
[17:58:05] Cleaned 1 /product names
[17:58:05] Deleting unwanted file: YK1312_12N_NP_theta_prokka/PROKKA_12212021.HAMAP.hmm.tmp.45727.faa
[17:58:05] Deleting unwanted file: YK1312_12N_NP_theta_prokka/PROKKA_12212021.HAMAP.hmm.tmp.45727.hmmer3
[17:58:05] Labelling remaining 972 proteins as 'hypothetical protein'
[17:58:05] Possible /pseudo 'FO synthase' at gnl|Prokka|BECDEBCB_35 position 6029
[17:58:05] Possible /pseudo '5-methyltetrahydropteroyltriglutamate--homocysteine methyltransferase' at gnl|Prokka|BECDEBCB_58 position 7168
[17:58:05] Possible /pseudo 'NAD(P)H-quinone oxidoreductase subunit 2, chloroplastic' at gnl|Prokka|BECDEBCB_184 position 2851
[17:58:05] Possible /pseudo 'Ribonuclease PH' at gnl|Prokka|BECDEBCB_243 position 1468
[17:58:06] Found 413 unique /gene codes.
[17:58:06] Fixed 2 duplicate /gene - rph_1 rph_2
[17:58:06] Fixed 2 duplicate /gene - ureB_1 ureB_2
[17:58:06] Fixed 2 duplicate /gene - asnB_1 asnB_2
[17:58:06] Fixed 2 duplicate /gene - mntR_1 mntR_2
[17:58:06] Fixed 2 duplicate /gene - ribBA_1 ribBA_2
[17:58:06] Fixed 2 duplicate /gene - glmM_1 glmM_2
[17:58:06] Fixed 3 duplicate /gene - ndhI_1 ndhI_2 ndhI_3
[17:58:06] Fixed 2 duplicate /gene - cheY_1 cheY_2
[17:58:06] Fixed 2 duplicate /gene - acnA_1 acnA_2
[17:58:06] Fixed 2 duplicate /gene - cbiA_1 cbiA_2
[17:58:06] Fixed 2 duplicate /gene - ribE_1 ribE_2
[17:58:06] Fixed 2 duplicate /gene - nnr_1 nnr_2
[17:58:06] Fixed 3 duplicate /gene - thrB_1 thrB_2 thrB_3
[17:58:06] Fixed 2 duplicate /gene - rcsC_1 rcsC_2
[17:58:06] Fixed 2 duplicate /gene - bluB_1 bluB_2
[17:58:06] Fixed 2 duplicate /gene - nirQ_1 nirQ_2
[17:58:06] Fixed 2 duplicate /gene - lysK_1 lysK_2
[17:58:06] Fixed 2 duplicate /gene - metE_1 metE_2
[17:58:06] Fixed 2 duplicate /gene - nadK_1 nadK_2
[17:58:06] Fixed 2 duplicate /gene - groL_1 groL_2
[17:58:06] Fixed 3 duplicate /gene - IMPDH_1 IMPDH_2 IMPDH_3
[17:58:06] Fixed 2 duplicate /gene - ctaB_1 ctaB_2
[17:58:06] Fixed 2 duplicate /gene - prcA_1 prcA_2
[17:58:06] Fixed 2 duplicate /gene - ndhB_1 ndhB_2
[17:58:06] Fixed 2 duplicate /gene - leuA_1 leuA_2
[17:58:06] Fixed 2 duplicate /gene - apt_1 apt_2
[17:58:06] Fixed 2 duplicate /gene - ccr_1 ccr_2
[17:58:06] Fixed 3 duplicate /gene - ftsH_1 ftsH_2 ftsH_3
[17:58:06] Fixed 2 duplicate /gene - hit_1 hit_2
[17:58:06] Fixed 2 duplicate /gene - lrp_1 lrp_2
[17:58:06] Fixed 2 duplicate /gene - fbiC_1 fbiC_2
[17:58:06] Fixed 2 duplicate /gene - iolS_1 iolS_2
[17:58:06] Fixed 2 duplicate /gene - lapB_1 lapB_2
[17:58:06] Fixed 2 duplicate /gene - thiI_1 thiI_2
[17:58:06] Fixed 2 duplicate /gene - metG_1 metG_2
[17:58:06] Fixed 3 duplicate /gene - cugP_1 cugP_2 cugP_3
[17:58:06] Fixed 2 duplicate /gene - lysX_1 lysX_2
[17:58:06] Fixed 3 duplicate /gene - petE_1 petE_2 petE_3
[17:58:06] Fixed 2 duplicate /gene - tatA_1 tatA_2
[17:58:06] Fixed 2 duplicate /gene - cobD_1 cobD_2
[17:58:06] Fixed 2 duplicate /gene - guaA_1 guaA_2
[17:58:06] Fixed 2 duplicate /gene - atpC_1 atpC_2
[17:58:06] Fixed 2 duplicate /gene - mtnP_1 mtnP_2
[17:58:06] Fixed 2 duplicate /gene - pheA_1 pheA_2
[17:58:06] Fixed 2 duplicate /gene - acs_1 acs_2
[17:58:06] Fixed 2 duplicate /gene - ntpB_1 ntpB_2
[17:58:06] Fixed 3 duplicate /gene - dnaJ_1 dnaJ_2 dnaJ_3
[17:58:06] Fixed 2 duplicate /gene - ilvE_1 ilvE_2
[17:58:06] Fixed 2 duplicate /gene - smc_1 smc_2
[17:58:06] Fixed 2 duplicate /gene - thrA_1 thrA_2
[17:58:06] Fixed 2 duplicate /gene - hemL_1 hemL_2
[17:58:06] Fixed 51 colliding /gene names.
[17:58:06] Adding /locus_tag identifiers
[17:58:06] Assigned 1508 locus_tags to CDS and RNA features.
[17:58:06] Writing outputs to YK1312_12N_NP_theta_prokka/
[17:58:08] Generating annotation statistics file
[17:58:08] Generating Genbank and Sequin files
[17:58:08] Running: tbl2asn -V b -a r10k -l paired-ends -M n -N 1 -y 'Annotated using prokka 1.14.6 from https://github.com/tseemann/prokka' -Z YK1312_12N_NP_theta_prokka\/PROKKA_12212021\.err -i YK1312_12N_NP_theta_prokka\/PROKKA_12212021\.fsa 2> /dev/null
[17:58:18] Deleting unwanted file: YK1312_12N_NP_theta_prokka/errorsummary.val
[17:58:18] Deleting unwanted file: YK1312_12N_NP_theta_prokka/PROKKA_12212021.dr
[17:58:18] Deleting unwanted file: YK1312_12N_NP_theta_prokka/PROKKA_12212021.fixedproducts
[17:58:18] Deleting unwanted file: YK1312_12N_NP_theta_prokka/PROKKA_12212021.ecn
[17:58:18] Deleting unwanted file: YK1312_12N_NP_theta_prokka/PROKKA_12212021.val
[17:58:18] Repairing broken .GBK output that tbl2asn produces...
[17:58:18] Running: sed 's/COORDINATES: profile/COORDINATES:profile/' < YK1312_12N_NP_theta_prokka\/PROKKA_12212021\.gbf > YK1312_12N_NP_theta_prokka\/PROKKA_12212021\.gbk
[17:58:18] Deleting unwanted file: YK1312_12N_NP_theta_prokka/PROKKA_12212021.gbf
[17:58:18] Output files:
[17:58:18] YK1312_12N_NP_theta_prokka/PROKKA_12212021.err
[17:58:18] YK1312_12N_NP_theta_prokka/PROKKA_12212021.faa
[17:58:18] YK1312_12N_NP_theta_prokka/PROKKA_12212021.ffn
[17:58:18] YK1312_12N_NP_theta_prokka/PROKKA_12212021.fna
[17:58:18] YK1312_12N_NP_theta_prokka/PROKKA_12212021.fsa
[17:58:18] YK1312_12N_NP_theta_prokka/PROKKA_12212021.gbk
[17:58:18] YK1312_12N_NP_theta_prokka/PROKKA_12212021.gff
[17:58:18] YK1312_12N_NP_theta_prokka/PROKKA_12212021.log
[17:58:18] YK1312_12N_NP_theta_prokka/PROKKA_12212021.sqn
[17:58:18] YK1312_12N_NP_theta_prokka/PROKKA_12212021.tbl
[17:58:18] YK1312_12N_NP_theta_prokka/PROKKA_12212021.tsv
[17:58:18] YK1312_12N_NP_theta_prokka/PROKKA_12212021.txt
[17:58:18] Annotation finished successfully.
[17:58:18] Walltime used: 7.00 minutes
[17:58:18] If you use this result please cite the Prokka paper:
[17:58:18] Seemann T (2014) Prokka: rapid prokaryotic genome annotation. Bioinformatics. 30(14):2068-9.
[17:58:18] Type 'prokka --citation' for more details.
[17:58:18] Thank you, come again.
