[03:18:14] This is prokka 1.14.6
[03:18:14] Written by Torsten Seemann <torsten.seemann@gmail.com>
[03:18:14] Homepage is https://github.com/tseemann/prokka
[03:18:14] Local time is Mon Nov  1 03:18:14 2021
[03:18:14] You are ylifc
[03:18:14] Operating system is linux
[03:18:14] You have BioPerl 1.007002
[03:18:14] System has 64 cores.
[03:18:14] Will use maximum of 64 cores.
[03:18:14] Annotating as >>> Bacteria <<<
[03:18:14] Generating locus_tag from 'XS83_01.fa' contents.
[03:18:14] Setting --locustag HLGEJCOJ from MD5 150e3c83964d44d11ef6ed1ef38fb1c3
[03:18:14] Enabling options to ensure Genbank/ENA/DDJB submission compliance.
[03:18:14] Creating new output folder: XS83_01.fa_prokka
[03:18:14] Running: mkdir -p XS83_01\.fa_prokka
[03:18:14] Using filename prefix: PROKKA_11012021.XXX
[03:18:14] Setting HMMER_NCPU=1
[03:18:14] Writing log to: XS83_01.fa_prokka/PROKKA_11012021.log
[03:18:14] Command: /home/ylifc/miniconda2/envs/prokka/bin/prokka --cpus 0 --compliant --rfam XS83_01.fa --outdir XS83_01.fa_prokka
[03:18:14] Appending to PATH: /home/ylifc/miniconda2/envs/prokka/bin
[03:18:14] Looking for 'aragorn' - found /home/ylifc/miniconda2/envs/prokka/bin/aragorn
[03:18:14] Determined aragorn version is 001002 from 'ARAGORN v1.2.38 Dean Laslett'
[03:18:14] Looking for 'barrnap' - found /home/ylifc/miniconda2/envs/prokka/bin/barrnap
[03:18:14] Determined barrnap version is 000009 from 'barrnap 0.9'
[03:18:14] Looking for 'blastp' - found /home/ylifc/miniconda2/envs/prokka/bin/blastp
[03:18:15] Determined blastp version is 002012 from 'blastp: 2.12.0+'
[03:18:15] Looking for 'cmpress' - found /home/ylifc/miniconda2/envs/prokka/bin/cmpress
[03:18:15] Determined cmpress version is 001001 from '# INFERNAL 1.1.4 (Dec 2020)'
[03:18:15] Looking for 'cmscan' - found /home/ylifc/miniconda2/envs/prokka/bin/cmscan
[03:18:15] Determined cmscan version is 001001 from '# INFERNAL 1.1.4 (Dec 2020)'
[03:18:15] Looking for 'egrep' - found /bin/egrep
[03:18:15] Looking for 'find' - found /usr/bin/find
[03:18:15] Looking for 'grep' - found /bin/grep
[03:18:15] Looking for 'hmmpress' - found /home/ylifc/miniconda2/envs/prokka/bin/hmmpress
[03:18:15] Determined hmmpress version is 003003 from '# HMMER 3.3.2 (Nov 2020); http://hmmer.org/'
[03:18:15] Looking for 'hmmscan' - found /home/ylifc/miniconda2/envs/prokka/bin/hmmscan
[03:18:15] Determined hmmscan version is 003003 from '# HMMER 3.3.2 (Nov 2020); http://hmmer.org/'
[03:18:15] Looking for 'java' - found /home/ylifc/miniconda2/envs/prokka/bin/java
[03:18:15] Looking for 'makeblastdb' - found /home/ylifc/miniconda2/envs/prokka/bin/makeblastdb
[03:18:17] Determined makeblastdb version is 002012 from 'makeblastdb: 2.12.0+'
[03:18:17] Looking for 'minced' - found /home/ylifc/miniconda2/envs/prokka/bin/minced
[03:18:17] Determined minced version is 004002 from 'minced 0.4.2'
[03:18:17] Looking for 'parallel' - found /home/ylifc/miniconda2/envs/prokka/bin/parallel
[03:18:18] Determined parallel version is 20211022 from 'GNU parallel 20211022'
[03:18:18] Looking for 'prodigal' - found /home/ylifc/miniconda2/envs/prokka/bin/prodigal
[03:18:18] Determined prodigal version is 002006 from 'Prodigal V2.6.3: February, 2016'
[03:18:18] Looking for 'prokka-genbank_to_fasta_db' - found /home/ylifc/miniconda2/envs/prokka/bin/prokka-genbank_to_fasta_db
[03:18:18] Looking for 'sed' - found /bin/sed
[03:18:18] Looking for 'tbl2asn' - found /home/ylifc/miniconda2/envs/prokka/bin/tbl2asn
[03:18:18] Determined tbl2asn version is 025007 from 'tbl2asn 25.7   arguments:'
[03:18:18] Using genetic code table 11.
[03:18:18] Loading and checking input file: XS83_01.fa
[03:18:18] Wrote 798 contigs totalling 2720308 bp.
[03:18:18] Predicting tRNAs and tmRNAs
[03:18:18] Running: aragorn -l -gc11  -w XS83_01\.fa_prokka\/PROKKA_11012021\.fna
[03:18:18] 1 tRNA-Thr c[704,778] 36 (tgt)
[03:18:18] 1 tRNA-Ala [533,606] 33 (cgc)
[03:18:18] 1 tRNA-Arg [2672,2746] 36 (gcg)
[03:18:18] 1 tRNA-Leu c[1549,1635] 38 (cag)
[03:18:18] 1 tRNA-Ser c[3930,4016] 35 (gct)
[03:18:18] 1 tRNA-Lys [2436,2510] 35 (ctt)
[03:18:18] 1 tRNA-Ser c[1226,1311] 35 (gct)
[03:18:18] 1 tRNA-Val [3972,4046] 35 (gac)
[03:18:19] 1 tRNA-Val [1625,1698] 35 (gac)
[03:18:19] 1 tRNA-Gly [7692,7766] 36 (tcc)
[03:18:19] 1 tRNA-Val c[117,193] 37 (tac)
[03:18:19] 2 tRNA-Lys c[3348,3422] 35 (ctt)
[03:18:19] 1 tRNA-Gly c[1406,1479] 35 (ccc)
[03:18:19] 1 tRNA-His c[1161,1234] 34 (gtg)
[03:18:19] 1 tRNA-Asp c[4311,4388] 37 (gtc)
[03:18:19] 1 tRNA-Asn [4747,4823] 35 (gtt)
[03:18:19] 1 tRNA-Val [1770,1846] 37 (tac)
[03:18:19] 1 tRNA-Glu [2577,2654] 37 (ctc)
[03:18:19] 1 tRNA-Thr c[1396,1469] 35 (ggt)
[03:18:19] 2 tRNA-Ala [3852,3927] 36 (tgc)
[03:18:19] 1 tRNA-Ala [421,493] 33 (cgc)
[03:18:19] 1 tRNA-Pro [3422,3498] 37 (cgg)
[03:18:19] 1 tRNA-Gln [51,123] 34 (ttg)
[03:18:19] 1 tRNA-Arg [1555,1632] 36 (tct)
[03:18:19] 1 tRNA-Phe [2641,2712] 33 (gaa)
[03:18:19] 1 tRNA-Met c[5088,5161] 35 (cat)
[03:18:19] 1 tRNA-Thr [1182,1255] 35 (cgt)
[03:18:19] 1 tRNA-Pro c[4033,4108] 36 (tgg)
[03:18:19] 1 tRNA-Gly [2649,2725] 36 (gcc)
[03:18:19] 1 tRNA-Ala [258,332] 35 (ggc)
[03:18:19] 1 tRNA-Ala [1461,1533] 33 (cgc)
[03:18:19] 1 tRNA-Gly [563,636] 35 (ccc)
[03:18:19] 1 tRNA-Pro [246,320] 35 (tgg)
[03:18:19] 1 tRNA-Cys [21,93] 33 (gca)
[03:18:19] tRNA [1103,1180] is a pseudo/wacky gene - skipping.
[03:18:19] 1 tRNA-Arg c[1667,1743] 36 (gcg)
[03:18:19] 1 tRNA-His c[503,576] 35 (gtg)
[03:18:19] 1 tRNA-Ser [240,325] 36 (cga)
[03:18:19] 1 tRNA-His [2908,2980] 34 (gtg)
[03:18:19] 1 tRNA-Lys [1346,1420] 35 (ctt)
[03:18:19] 1 tRNA-Thr c[754,829] 37 (cgt)
[03:18:19] 1 tRNA-Ala c[318,393] 36 (tgc)
[03:18:19] tRNA [1068,1156] is a pseudo/wacky gene - skipping.
[03:18:19] 1 tRNA-Glu c[4263,4336] 36 (ttc)
[03:18:19] 1 tRNA-Phe [1728,1802] 35 (gaa)
[03:18:19] 1 tRNA-Ser c[7920,8003] 33 (cga)
[03:18:19] 1 tRNA-Met [954,1028] 35 (cat)
[03:18:19] 1 tRNA-Gly [3577,3650] 35 (ccc)
[03:18:19] 1 tRNA-Arg [1736,1810] 36 (gcg)
[03:18:19] 1 tRNA-Ala c[2630,2704] 35 (tgc)
[03:18:20] 1 tRNA-Asp [146,223] 37 (gtc)
[03:18:20] 1 tRNA-Cys [1448,1542] 38 (gca)
[03:18:20] 1 tRNA-Met c[3,77] 35 (cat)
[03:18:20] 1 tRNA-Ser [2347,2432] 35 (gct)
[03:18:20] 1 tRNA-Glu [2188,2264] 37 (ctc)
[03:18:20] 1 tRNA-Leu [446,532] 38 (tag)
[03:18:20] 1 tRNA-Val [2440,2536] 35 (cac)
[03:18:20] 1 tRNA-Ala c[3218,3292] 35 (ggc)
[03:18:20] 1 tRNA-Thr [2122,2196] 36 (tgt)
[03:18:20] 1 tRNA-Ser c[709,794] 35 (tga)
[03:18:20] 1 tRNA-Arg c[916,990] 36 (tcg)
[03:18:20] Found 59 tRNAs
[03:18:20] Predicting Ribosomal RNAs
[03:18:20] Running Barrnap with 64 threads
[03:18:23] 1 gnl|Prokka|HLGEJCOJ_564 1898 5S ribosomal RNA
[03:18:23] 2 gnl|Prokka|HLGEJCOJ_702 1871 5S ribosomal RNA
[03:18:23] 3 gnl|Prokka|HLGEJCOJ_774 772 5S ribosomal RNA
[03:18:23] Found 3 rRNAs
[03:18:23] Scanning for ncRNAs... please be patient.
[03:18:23] Running: cmscan -Z 5.440616 --cut_ga --rfam --nohmmonly --fmt 2 --cpu 64 --tblout /dev/stdout -o /dev/null --noali /home/ylifc/miniconda2/envs/prokka/db/cm/Bacteria XS83_01\.fa_prokka\/PROKKA_11012021\.fna
[03:32:17] 1 ncRNA 1 gnl|Prokka|HLGEJCOJ_22 1..292
[03:32:17] 2 ncRNA 1 gnl|Prokka|HLGEJCOJ_129 1..318
[03:32:17] 3 ncRNA 1 gnl|Prokka|HLGEJCOJ_237 1..46
[03:32:17] 4 ncRNA 1 gnl|Prokka|HLGEJCOJ_244 1..318
[03:32:17] 5 ncRNA 1 gnl|Prokka|HLGEJCOJ_279 1..303
[03:32:17] Found 5 ncRNAs.
[03:32:17] Total of 62 tRNA + rRNA features
[03:32:17] Searching for CRISPR repeats
[03:32:19] Found 0 CRISPRs
[03:32:19] Predicting coding sequences
[03:32:19] Contigs total 2720308 bp, so using single mode
[03:32:19] Running: prodigal -i XS83_01\.fa_prokka\/PROKKA_11012021\.fna -c -m -g 11 -p single -f sco -q
[03:32:23] Excluding CDS which overlaps existing RNA (tRNA) at gnl|Prokka|HLGEJCOJ_77:2361..2519 on - strand
[03:32:25] Excluding CDS which overlaps existing RNA (tRNA) at gnl|Prokka|HLGEJCOJ_752:98..709 on + strand
[03:32:25] Found 3315 CDS
[03:32:25] Connecting features back to sequences
[03:32:25] Not using genus-specific database. Try --usegenus to enable it.
[03:32:25] Annotating CDS, please be patient.
[03:32:25] Will use 64 CPUs for similarity searching.
[03:32:27] There are still 3315 unannotated CDS left (started with 3315)
[03:32:27] Will use blast to search against /home/ylifc/miniconda2/envs/prokka/db/kingdom/Bacteria/IS with 64 CPUs
[03:32:27] Running: cat XS83_01\.fa_prokka\/PROKKA_11012021\.IS\.tmp\.35866\.faa | parallel --gnu --plain -j 64 --block 5525 --recstart '>' --pipe blastp -query - -db /home/ylifc/miniconda2/envs/prokka/db/kingdom/Bacteria/IS -evalue 1e-30 -qcov_hsp_perc 90 -num_threads 1 -num_descriptions 1 -num_alignments 1 -seg no > XS83_01\.fa_prokka\/PROKKA_11012021\.IS\.tmp\.35866\.blast 2> /dev/null
[03:33:18] Deleting unwanted file: XS83_01.fa_prokka/PROKKA_11012021.IS.tmp.35866.faa
[03:33:18] Deleting unwanted file: XS83_01.fa_prokka/PROKKA_11012021.IS.tmp.35866.blast
[03:33:20] There are still 3315 unannotated CDS left (started with 3315)
[03:33:20] Will use blast to search against /home/ylifc/miniconda2/envs/prokka/db/kingdom/Bacteria/AMR with 64 CPUs
[03:33:20] Running: cat XS83_01\.fa_prokka\/PROKKA_11012021\.AMR\.tmp\.35866\.faa | parallel --gnu --plain -j 64 --block 5525 --recstart '>' --pipe blastp -query - -db /home/ylifc/miniconda2/envs/prokka/db/kingdom/Bacteria/AMR -evalue 9.99999999999999e-301 -qcov_hsp_perc 90 -num_threads 1 -num_descriptions 1 -num_alignments 1 -seg no > XS83_01\.fa_prokka\/PROKKA_11012021\.AMR\.tmp\.35866\.blast 2> /dev/null
[03:34:04] Deleting unwanted file: XS83_01.fa_prokka/PROKKA_11012021.AMR.tmp.35866.faa
[03:34:04] Deleting unwanted file: XS83_01.fa_prokka/PROKKA_11012021.AMR.tmp.35866.blast
[03:34:06] There are still 3315 unannotated CDS left (started with 3315)
[03:34:06] Will use blast to search against /home/ylifc/miniconda2/envs/prokka/db/kingdom/Bacteria/sprot with 64 CPUs
[03:34:06] Running: cat XS83_01\.fa_prokka\/PROKKA_11012021\.sprot\.tmp\.35866\.faa | parallel --gnu --plain -j 64 --block 5525 --recstart '>' --pipe blastp -query - -db /home/ylifc/miniconda2/envs/prokka/db/kingdom/Bacteria/sprot -evalue 1e-09 -qcov_hsp_perc 80 -num_threads 1 -num_descriptions 1 -num_alignments 1 -seg no > XS83_01\.fa_prokka\/PROKKA_11012021\.sprot\.tmp\.35866\.blast 2> /dev/null
[03:36:44] Modify product: UPF0047 protein Rv2556c => hypothetical protein
[03:36:44] Modify product: NAD(P)H-dependent FAD/FMN reductase GTNG_3158 => NAD(P)H-dependent FAD/FMN reductase
[03:36:44] Modify product: Probable nicotinate-nucleotide pyrophosphorylase [carboxylating] => putative nicotinate-nucleotide pyrophosphorylase [carboxylating]
[03:36:45] Modify product: Ribonuclease TTHA0252 => Ribonuclease
[03:36:45] Modify product: Probable endonuclease 4 => putative endonuclease 4
[03:36:45] Modify product: Probable oxidoreductase CT_610 => putative oxidoreductase CT_610
[03:36:45] Modify product: Probable polyketide biosynthesis zinc-dependent hydrolase PksB => putative polyketide biosynthesis zinc-dependent hydrolase PksB
[03:36:45] Modify product: UPF0098 protein CT_736 => hypothetical protein
[03:36:45] Modify product: Probable protein kinase UbiB => putative protein kinase UbiB
[03:36:45] Modify product: Uncharacterized protein YccU => putative protein YccU
[03:36:45] Modify product: Uncharacterized protein Rv0959 => putative protein
[03:36:45] Modify product: NAD(P)H-dependent FAD/FMN reductase GTNG_3158 => NAD(P)H-dependent FAD/FMN reductase
[03:36:45] Modify product: Putative universal stress protein SA1532 => Putative universal stress protein
[03:36:45] Modify product: Uncharacterized amino acid permease YhdG => putative amino acid permease YhdG
[03:36:45] Modify product: Probable glycine dehydrogenase (decarboxylating) subunit 2 => putative glycine dehydrogenase (decarboxylating) subunit 2
[03:36:45] Modify product: Probable UbiX-like flavin prenyltransferase => putative UbiX-like flavin prenyltransferase
[03:36:45] Modify product: Uncharacterized oxidoreductase SA2266 => putative oxidoreductase
[03:36:45] Modify product: Uncharacterized protein YccU => putative protein YccU
[03:36:46] Modify product: Probable dual-specificity RNA methyltransferase RlmN => putative dual-specificity RNA methyltransferase RlmN
[03:36:46] Modify product: Probable UbiX-like flavin prenyltransferase => putative UbiX-like flavin prenyltransferase
[03:36:46] Modify product: UPF0053 protein HI_0107 => hypothetical protein
[03:36:46] Modify product: Probable GTPase Rv1496 => putative GTPase
[03:36:46] Modify product: Ribonuclease TTHA0252 => Ribonuclease
[03:36:46] Modify product: NADH dehydrogenase-like protein SAOUHSC_00878 => NADH dehydrogenase-like protein
[03:36:46] Modify product: UPF0098 protein CT_736 => hypothetical protein
[03:36:46] Modify product: Probable adenylyl-sulfate kinase => putative adenylyl-sulfate kinase
[03:36:46] Modify product: Universal stress protein Rv1636 => Universal stress protein
[03:36:47] Modify product: Probable endonuclease 4 => putative endonuclease 4
[03:36:47] Modify product: Probable peptidyl-prolyl cis-trans isomerase => putative peptidyl-prolyl cis-trans isomerase
[03:36:47] Modify product: Uncharacterized oxidoreductase Rv1350 => putative oxidoreductase
[03:36:47] Modify product: UPF0051 protein SA0778 => hypothetical protein
[03:36:47] Modify product: Probable oxidoreductase CT_610 => putative oxidoreductase CT_610
[03:36:47] Modify product: Bifunctional protein FolD => Bifunctional protein FolD protein
[03:36:47] Modify product: Uncharacterized protein YqgN => putative protein YqgN
[03:36:47] Modify product: Probable protein kinase UbiB => putative protein kinase UbiB
[03:36:47] Modify product: Uncharacterized membrane protein Rv0364 => putative membrane protein
[03:36:47] Modify product: Probable ABC transporter ATP-binding protein M6_Spy0273 => putative ABC transporter ATP-binding protein
[03:36:48] Modify product: Probable oxidoreductase CT_610 => putative oxidoreductase CT_610
[03:36:48] Modify product: Uncharacterized glycosyltransferase sll0501 => putative glycosyltransferase
[03:36:48] Modify product: Probable glycine dehydrogenase (decarboxylating) subunit 1 => putative glycine dehydrogenase (decarboxylating) subunit 1
[03:36:48] Modify product: Putative coenzyme F420-dependent oxidoreductase Rv3520c => Putative coenzyme F420-dependent oxidoreductase
[03:36:48] Modify product: Putative coenzyme F420-dependent oxidoreductase Rv3520c => Putative coenzyme F420-dependent oxidoreductase
[03:36:48] Modify product: Probable D,D-dipeptide transport ATP-binding protein DdpF => putative D,D-dipeptide transport ATP-binding protein DdpF
[03:36:48] Modify product: Uncharacterized transporter Rv2685 => putative transporter
[03:36:48] Modify product: Uncharacterized oxidoreductase SA2266 => putative oxidoreductase
[03:36:49] Modify product: NAD(P)H-dependent FAD/FMN reductase GTNG_3158 => NAD(P)H-dependent FAD/FMN reductase
[03:36:49] Modify product: Probable amino-acid import ATP-binding protein YxeO => putative amino-acid import ATP-binding protein YxeO
[03:36:49] Modify product: Uncharacterized oxidoreductase SA2266 => putative oxidoreductase
[03:36:49] Cleaned 48 /product names
[03:36:49] Deleting unwanted file: XS83_01.fa_prokka/PROKKA_11012021.sprot.tmp.35866.faa
[03:36:49] Deleting unwanted file: XS83_01.fa_prokka/PROKKA_11012021.sprot.tmp.35866.blast
[03:36:50] There are still 2560 unannotated CDS left (started with 3315)
[03:36:50] Will use hmmer3 to search against /home/ylifc/miniconda2/envs/prokka/db/hmm/HAMAP.hmm with 64 CPUs
[03:36:50] Running: cat XS83_01\.fa_prokka\/PROKKA_11012021\.HAMAP\.hmm\.tmp\.35866\.faa | parallel --gnu --plain -j 64 --block 3763 --recstart '>' --pipe hmmscan --noali --notextw --acc -E 1e-09 --cpu 1 /home/ylifc/miniconda2/envs/prokka/db/hmm/HAMAP.hmm /dev/stdin > XS83_01\.fa_prokka\/PROKKA_11012021\.HAMAP\.hmm\.tmp\.35866\.hmmer3 2> /dev/null
[03:39:30] Modify product: Uncharacterized MFS-type transporter YcaD => putative MFS-type transporter YcaD
[03:39:30] Modify product: Uncharacterized Nudix hydrolase NudL => putative Nudix hydrolase NudL
[03:39:31] Cleaned 2 /product names
[03:39:31] Deleting unwanted file: XS83_01.fa_prokka/PROKKA_11012021.HAMAP.hmm.tmp.35866.faa
[03:39:31] Deleting unwanted file: XS83_01.fa_prokka/PROKKA_11012021.HAMAP.hmm.tmp.35866.hmmer3
[03:39:31] Labelling remaining 2319 proteins as 'hypothetical protein'
[03:39:31] Possible /pseudo 'Ribonuclease PH' at gnl|Prokka|HLGEJCOJ_36 position 1199
[03:39:31] Possible /pseudo '5-methyltetrahydropteroyltriglutamate--homocysteine methyltransferase' at gnl|Prokka|HLGEJCOJ_120 position 1951
[03:39:31] Possible /pseudo 'Ribonuclease PH' at gnl|Prokka|HLGEJCOJ_428 position 4973
[03:39:31] Possible /pseudo 'NAD(P)H-quinone oxidoreductase subunit 2, chloroplastic' at gnl|Prokka|HLGEJCOJ_499 position 1877
[03:39:31] Possible /pseudo 'Dihydroxy-acid dehydratase' at gnl|Prokka|HLGEJCOJ_643 position 1139
[03:39:31] Possible /pseudo 'Inosine-5'-monophosphate dehydrogenase' at gnl|Prokka|HLGEJCOJ_742 position 1032
[03:39:32] Found 522 unique /gene codes.
[03:39:32] Fixed 3 duplicate /gene - petE_1 petE_2 petE_3
[03:39:32] Fixed 3 duplicate /gene - wbpI_1 wbpI_2 wbpI_3
[03:39:32] Fixed 3 duplicate /gene - purC_1 purC_2 purC_3
[03:39:32] Fixed 2 duplicate /gene - catD_1 catD_2
[03:39:32] Fixed 3 duplicate /gene - argH_1 argH_2 argH_3
[03:39:32] Fixed 2 duplicate /gene - pabB_1 pabB_2
[03:39:32] Fixed 2 duplicate /gene - carA_1 carA_2
[03:39:32] Fixed 4 duplicate /gene - larB_1 larB_2 larB_3 larB_4
[03:39:32] Fixed 3 duplicate /gene - pmbA_1 pmbA_2 pmbA_3
[03:39:32] Fixed 3 duplicate /gene - pspA_1 pspA_2 pspA_3
[03:39:32] Fixed 6 duplicate /gene - IMPDH_1 IMPDH_2 IMPDH_3 IMPDH_4 IMPDH_5 IMPDH_6
[03:39:32] Fixed 2 duplicate /gene - hisH_1 hisH_2
[03:39:32] Fixed 2 duplicate /gene - dbpA_1 dbpA_2
[03:39:32] Fixed 3 duplicate /gene - metE_1 metE_2 metE_3
[03:39:32] Fixed 2 duplicate /gene - hisC_1 hisC_2
[03:39:32] Fixed 2 duplicate /gene - epi_1 epi_2
[03:39:32] Fixed 3 duplicate /gene - fdtC_1 fdtC_2 fdtC_3
[03:39:32] Fixed 2 duplicate /gene - rocA1_1 rocA1_2
[03:39:32] Fixed 2 duplicate /gene - tatC_1 tatC_2
[03:39:32] Fixed 3 duplicate /gene - tsaD_1 tsaD_2 tsaD_3
[03:39:32] Fixed 2 duplicate /gene - kynB_1 kynB_2
[03:39:32] Fixed 2 duplicate /gene - ureD_1 ureD_2
[03:39:32] Fixed 2 duplicate /gene - gcvT_1 gcvT_2
[03:39:32] Fixed 2 duplicate /gene - nhaP2_1 nhaP2_2
[03:39:32] Fixed 2 duplicate /gene - cshA_1 cshA_2
[03:39:32] Fixed 2 duplicate /gene - hisB_1 hisB_2
[03:39:32] Fixed 2 duplicate /gene - barA_1 barA_2
[03:39:32] Fixed 3 duplicate /gene - guaA_1 guaA_2 guaA_3
[03:39:32] Fixed 5 duplicate /gene - ilvD_1 ilvD_2 ilvD_3 ilvD_4 ilvD_5
[03:39:32] Fixed 3 duplicate /gene - ywlC_1 ywlC_2 ywlC_3
[03:39:32] Fixed 4 duplicate /gene - mntR_1 mntR_2 mntR_3 mntR_4
[03:39:32] Fixed 2 duplicate /gene - acnA_1 acnA_2
[03:39:32] Fixed 2 duplicate /gene - tpiA_1 tpiA_2
[03:39:32] Fixed 3 duplicate /gene - argG_1 argG_2 argG_3
[03:39:32] Fixed 2 duplicate /gene - pckA_1 pckA_2
[03:39:32] Fixed 4 duplicate /gene - ubiB_1 ubiB_2 ubiB_3 ubiB_4
[03:39:32] Fixed 2 duplicate /gene - citZ_1 citZ_2
[03:39:32] Fixed 2 duplicate /gene - mdh_1 mdh_2
[03:39:32] Fixed 2 duplicate /gene - hicd_1 hicd_2
[03:39:32] Fixed 4 duplicate /gene - rcsC_1 rcsC_2 rcsC_3 rcsC_4
[03:39:32] Fixed 3 duplicate /gene - tdcB_1 tdcB_2 tdcB_3
[03:39:32] Fixed 2 duplicate /gene - purL_1 purL_2
[03:39:32] Fixed 3 duplicate /gene - asnB_1 asnB_2 asnB_3
[03:39:32] Fixed 2 duplicate /gene - priA_1 priA_2
[03:39:32] Fixed 5 duplicate /gene - ribH_1 ribH_2 ribH_3 ribH_4 ribH_5
[03:39:32] Fixed 2 duplicate /gene - hemB_1 hemB_2
[03:39:32] Fixed 2 duplicate /gene - pepN_1 pepN_2
[03:39:32] Fixed 4 duplicate /gene - frdA_1 frdA_2 frdA_3 frdA_4
[03:39:32] Fixed 3 duplicate /gene - corA_1 corA_2 corA_3
[03:39:32] Fixed 3 duplicate /gene - hit_1 hit_2 hit_3
[03:39:32] Fixed 4 duplicate /gene - phnE_1 phnE_2 phnE_3 phnE_4
[03:39:32] Fixed 7 duplicate /gene - cheB_1 cheB_2 cheB_3 cheB_4 cheB_5 cheB_6 cheB_7
[03:39:32] Fixed 3 duplicate /gene - bluB_1 bluB_2 bluB_3
[03:39:32] Fixed 2 duplicate /gene - aqpZ2_1 aqpZ2_2
[03:39:32] Fixed 2 duplicate /gene - apgM_1 apgM_2
[03:39:32] Fixed 2 duplicate /gene - leuC_1 leuC_2
[03:39:32] Fixed 3 duplicate /gene - nhaX_1 nhaX_2 nhaX_3
[03:39:32] Fixed 3 duplicate /gene - prcA_1 prcA_2 prcA_3
[03:39:32] Fixed 3 duplicate /gene - gatB_1 gatB_2 gatB_3
[03:39:32] Fixed 3 duplicate /gene - ureF_1 ureF_2 ureF_3
[03:39:32] Fixed 4 duplicate /gene - ndhI_1 ndhI_2 ndhI_3 ndhI_4
[03:39:32] Fixed 2 duplicate /gene - ileS_1 ileS_2
[03:39:32] Fixed 3 duplicate /gene - ureA_1 ureA_2 ureA_3
[03:39:32] Fixed 2 duplicate /gene - gutB_1 gutB_2
[03:39:32] Fixed 2 duplicate /gene - speB_1 speB_2
[03:39:32] Fixed 4 duplicate /gene - egtB_1 egtB_2 egtB_3 egtB_4
[03:39:32] Fixed 2 duplicate /gene - mftE_1 mftE_2
[03:39:32] Fixed 2 duplicate /gene - pah_1 pah_2
[03:39:32] Fixed 2 duplicate /gene - ndhC_1 ndhC_2
[03:39:32] Fixed 4 duplicate /gene - aqpZ_1 aqpZ_2 aqpZ_3 aqpZ_4
[03:39:32] Fixed 2 duplicate /gene - pyrE_1 pyrE_2
[03:39:32] Fixed 2 duplicate /gene - sumT_1 sumT_2
[03:39:32] Fixed 3 duplicate /gene - frdB_1 frdB_2 frdB_3
[03:39:32] Fixed 3 duplicate /gene - aspS2_1 aspS2_2 aspS2_3
[03:39:32] Fixed 2 duplicate /gene - rtcA_1 rtcA_2
[03:39:32] Fixed 3 duplicate /gene - cbiD_1 cbiD_2 cbiD_3
[03:39:32] Fixed 2 duplicate /gene - iolG_1 iolG_2
[03:39:32] Fixed 2 duplicate /gene - metN_1 metN_2
[03:39:32] Fixed 4 duplicate /gene - bcp_1 bcp_2 bcp_3 bcp_4
[03:39:32] Fixed 3 duplicate /gene - sufS_1 sufS_2 sufS_3
[03:39:32] Fixed 2 duplicate /gene - coaBC_1 coaBC_2
[03:39:32] Fixed 2 duplicate /gene - thrA_1 thrA_2
[03:39:32] Fixed 2 duplicate /gene - trpA_1 trpA_2
[03:39:32] Fixed 2 duplicate /gene - msrB_1 msrB_2
[03:39:32] Fixed 3 duplicate /gene - ureG_1 ureG_2 ureG_3
[03:39:32] Fixed 2 duplicate /gene - recA_1 recA_2
[03:39:32] Fixed 3 duplicate /gene - Dml_1 Dml_2 Dml_3
[03:39:32] Fixed 2 duplicate /gene - DmdB_1 DmdB_2
[03:39:32] Fixed 2 duplicate /gene - tmk_1 tmk_2
[03:39:32] Fixed 4 duplicate /gene - purB_1 purB_2 purB_3 purB_4
[03:39:32] Fixed 3 duplicate /gene - sat_1 sat_2 sat_3
[03:39:32] Fixed 5 duplicate /gene - ribBA_1 ribBA_2 ribBA_3 ribBA_4 ribBA_5
[03:39:32] Fixed 6 duplicate /gene - dnaJ_1 dnaJ_2 dnaJ_3 dnaJ_4 dnaJ_5 dnaJ_6
[03:39:32] Fixed 3 duplicate /gene - iscS_1 iscS_2 iscS_3
[03:39:32] Fixed 5 duplicate /gene - ino1_1 ino1_2 ino1_3 ino1_4 ino1_5
[03:39:32] Fixed 3 duplicate /gene - trxA_1 trxA_2 trxA_3
[03:39:32] Fixed 5 duplicate /gene - ftsH_1 ftsH_2 ftsH_3 ftsH_4 ftsH_5
[03:39:32] Fixed 4 duplicate /gene - metN2_1 metN2_2 metN2_3 metN2_4
[03:39:32] Fixed 3 duplicate /gene - resA_1 resA_2 resA_3
[03:39:32] Fixed 2 duplicate /gene - glyA_1 glyA_2
[03:39:32] Fixed 2 duplicate /gene - aroD_1 aroD_2
[03:39:32] Fixed 2 duplicate /gene - glyQS_1 glyQS_2
[03:39:32] Fixed 5 duplicate /gene - gerN_1 gerN_2 gerN_3 gerN_4 gerN_5
[03:39:32] Fixed 2 duplicate /gene - bnzC_1 bnzC_2
[03:39:32] Fixed 3 duplicate /gene - hemA_1 hemA_2 hemA_3
[03:39:32] Fixed 3 duplicate /gene - ndhB_1 ndhB_2 ndhB_3
[03:39:32] Fixed 9 duplicate /gene - sasA_1 sasA_2 sasA_3 sasA_4 sasA_5 sasA_6 sasA_7 sasA_8 sasA_9
[03:39:32] Fixed 2 duplicate /gene - gbuA_1 gbuA_2
[03:39:32] Fixed 2 duplicate /gene - cbiL_1 cbiL_2
[03:39:32] Fixed 2 duplicate /gene - OLA1_1 OLA1_2
[03:39:32] Fixed 2 duplicate /gene - lpxD_1 lpxD_2
[03:39:32] Fixed 2 duplicate /gene - gcvH_1 gcvH_2
[03:39:32] Fixed 2 duplicate /gene - ureE_1 ureE_2
[03:39:32] Fixed 2 duplicate /gene - purS_1 purS_2
[03:39:32] Fixed 3 duplicate /gene - prsA1_1 prsA1_2 prsA1_3
[03:39:32] Fixed 2 duplicate /gene - apt_1 apt_2
[03:39:32] Fixed 2 duplicate /gene - pnp_1 pnp_2
[03:39:32] Fixed 2 duplicate /gene - ffh_1 ffh_2
[03:39:32] Fixed 2 duplicate /gene - larC_1 larC_2
[03:39:32] Fixed 4 duplicate /gene - trpC_1 trpC_2 trpC_3 trpC_4
[03:39:32] Fixed 3 duplicate /gene - cugP_1 cugP_2 cugP_3
[03:39:32] Fixed 2 duplicate /gene - desV_1 desV_2
[03:39:32] Fixed 2 duplicate /gene - mqnC_1 mqnC_2
[03:39:32] Fixed 3 duplicate /gene - dapH_1 dapH_2 dapH_3
[03:39:32] Fixed 2 duplicate /gene - teaD_1 teaD_2
[03:39:32] Fixed 2 duplicate /gene - proS_1 proS_2
[03:39:32] Fixed 2 duplicate /gene - hemC_1 hemC_2
[03:39:32] Fixed 2 duplicate /gene - ftsZ_1 ftsZ_2
[03:39:32] Fixed 3 duplicate /gene - lnrL_1 lnrL_2 lnrL_3
[03:39:32] Fixed 2 duplicate /gene - yccU_1 yccU_2
[03:39:32] Fixed 2 duplicate /gene - bhbA_1 bhbA_2
[03:39:32] Fixed 2 duplicate /gene - miaB_1 miaB_2
[03:39:32] Fixed 3 duplicate /gene - cysQ_1 cysQ_2 cysQ_3
[03:39:32] Fixed 4 duplicate /gene - larE_1 larE_2 larE_3 larE_4
[03:39:32] Fixed 2 duplicate /gene - prcB_1 prcB_2
[03:39:32] Fixed 3 duplicate /gene - yrbG_1 yrbG_2 yrbG_3
[03:39:32] Fixed 3 duplicate /gene - tal_1 tal_2 tal_3
[03:39:32] Fixed 2 duplicate /gene - pepF1_1 pepF1_2
[03:39:32] Fixed 2 duplicate /gene - cbiT_1 cbiT_2
[03:39:32] Fixed 2 duplicate /gene - nadX_1 nadX_2
[03:39:32] Fixed 2 duplicate /gene - purM_1 purM_2
[03:39:32] Fixed 2 duplicate /gene - pdg_1 pdg_2
[03:39:32] Fixed 3 duplicate /gene - asnC_1 asnC_2 asnC_3
[03:39:32] Fixed 3 duplicate /gene - ccr_1 ccr_2 ccr_3
[03:39:32] Fixed 2 duplicate /gene - nfo_1 nfo_2
[03:39:32] Fixed 5 duplicate /gene - queC_1 queC_2 queC_3 queC_4 queC_5
[03:39:32] Fixed 3 duplicate /gene - trpG_1 trpG_2 trpG_3
[03:39:32] Fixed 4 duplicate /gene - queE_1 queE_2 queE_3 queE_4
[03:39:32] Fixed 3 duplicate /gene - petC_1 petC_2 petC_3
[03:39:32] Fixed 3 duplicate /gene - cutA_1 cutA_2 cutA_3
[03:39:32] Fixed 3 duplicate /gene - COQ5_1 COQ5_2 COQ5_3
[03:39:32] Fixed 4 duplicate /gene - purE_1 purE_2 purE_3 purE_4
[03:39:32] Fixed 2 duplicate /gene - gph_1 gph_2
[03:39:32] Fixed 2 duplicate /gene - ecdB_1 ecdB_2
[03:39:32] Fixed 3 duplicate /gene - pgsA2_1 pgsA2_2 pgsA2_3
[03:39:32] Fixed 2 duplicate /gene - aptB_1 aptB_2
[03:39:32] Fixed 2 duplicate /gene - griI_1 griI_2
[03:39:32] Fixed 6 duplicate /gene - thrB_1 thrB_2 thrB_3 thrB_4 thrB_5 thrB_6
[03:39:32] Fixed 4 duplicate /gene - nadK_1 nadK_2 nadK_3 nadK_4
[03:39:32] Fixed 2 duplicate /gene - oppD_1 oppD_2
[03:39:32] Fixed 2 duplicate /gene - ureB_1 ureB_2
[03:39:32] Fixed 2 duplicate /gene - moaA_1 moaA_2
[03:39:32] Fixed 3 duplicate /gene - lig_1 lig_2 lig_3
[03:39:32] Fixed 4 duplicate /gene - gatA_1 gatA_2 gatA_3 gatA_4
[03:39:32] Fixed 5 duplicate /gene - rph_1 rph_2 rph_3 rph_4 rph_5
[03:39:32] Fixed 2 duplicate /gene - msrA_1 msrA_2
[03:39:32] Fixed 2 duplicate /gene - trxB_1 trxB_2
[03:39:32] Fixed 3 duplicate /gene - lysX_1 lysX_2 lysX_3
[03:39:32] Fixed 6 duplicate /gene - cheY_1 cheY_2 cheY_3 cheY_4 cheY_5 cheY_6
[03:39:32] Fixed 4 duplicate /gene - trpB_1 trpB_2 trpB_3 trpB_4
[03:39:32] Fixed 2 duplicate /gene - groL_1 groL_2
[03:39:32] Fixed 3 duplicate /gene - pdaD_1 pdaD_2 pdaD_3
[03:39:32] Fixed 3 duplicate /gene - cobQ_1 cobQ_2 cobQ_3
[03:39:32] Fixed 3 duplicate /gene - ttuA_1 ttuA_2 ttuA_3
[03:39:32] Fixed 3 duplicate /gene - dmdA_1 dmdA_2 dmdA_3
[03:39:32] Fixed 2 duplicate /gene - nikR_1 nikR_2
[03:39:32] Fixed 2 duplicate /gene - smc_1 smc_2
[03:39:32] Fixed 2 duplicate /gene - cobO_1 cobO_2
[03:39:32] Fixed 4 duplicate /gene - mraY_1 mraY_2 mraY_3 mraY_4
[03:39:32] Fixed 4 duplicate /gene - cysH_1 cysH_2 cysH_3 cysH_4
[03:39:32] Fixed 2 duplicate /gene - acyP_1 acyP_2
[03:39:32] Fixed 2 duplicate /gene - COQ3_1 COQ3_2
[03:39:32] Fixed 4 duplicate /gene - egtD_1 egtD_2 egtD_3 egtD_4
[03:39:32] Fixed 2 duplicate /gene - aroE_1 aroE_2
[03:39:32] Fixed 2 duplicate /gene - mtnP_1 mtnP_2
[03:39:32] Fixed 5 duplicate /gene - glnB_1 glnB_2 glnB_3 glnB_4 glnB_5
[03:39:32] Fixed 4 duplicate /gene - ilvE_1 ilvE_2 ilvE_3 ilvE_4
[03:39:32] Fixed 3 duplicate /gene - mshA_1 mshA_2 mshA_3
[03:39:32] Fixed 3 duplicate /gene - cobD_1 cobD_2 cobD_3
[03:39:32] Fixed 2 duplicate /gene - thiI_1 thiI_2
[03:39:32] Fixed 2 duplicate /gene - rssB_1 rssB_2
[03:39:32] Fixed 3 duplicate /gene - cbiF_1 cbiF_2 cbiF_3
[03:39:32] Fixed 2 duplicate /gene - bdbD_1 bdbD_2
[03:39:32] Fixed 2 duplicate /gene - cpdA_1 cpdA_2
[03:39:32] Fixed 2 duplicate /gene - eno_1 eno_2
[03:39:32] Fixed 3 duplicate /gene - ttuD_1 ttuD_2 ttuD_3
[03:39:32] Fixed 2 duplicate /gene - phhB_1 phhB_2
[03:39:32] Fixed 2 duplicate /gene - wbpA_1 wbpA_2
[03:39:32] Fixed 2 duplicate /gene - carB_1 carB_2
[03:39:32] Fixed 2 duplicate /gene - ruvB_1 ruvB_2
[03:39:32] Fixed 4 duplicate /gene - ribE_1 ribE_2 ribE_3 ribE_4
[03:39:32] Fixed 5 duplicate /gene - purF_1 purF_2 purF_3 purF_4 purF_5
[03:39:32] Fixed 3 duplicate /gene - ndhJ_1 ndhJ_2 ndhJ_3
[03:39:32] Fixed 3 duplicate /gene - RBKS_1 RBKS_2 RBKS_3
[03:39:32] Fixed 2 duplicate /gene - btuD_1 btuD_2
[03:39:32] Fixed 6 duplicate /gene - arnC_1 arnC_2 arnC_3 arnC_4 arnC_5 arnC_6
[03:39:32] Fixed 2 duplicate /gene - sodA_1 sodA_2
[03:39:32] Fixed 2 duplicate /gene - metH_1 metH_2
[03:39:32] Fixed 4 duplicate /gene - folE_1 folE_2 folE_3 folE_4
[03:39:32] Fixed 2 duplicate /gene - trpD_1 trpD_2
[03:39:32] Fixed 3 duplicate /gene - fbiB_1 fbiB_2 fbiB_3
[03:39:32] Fixed 2 duplicate /gene - alaA_1 alaA_2
[03:39:32] Fixed 3 duplicate /gene - hppA_1 hppA_2 hppA_3
[03:39:32] Fixed 6 duplicate /gene - fbiC_1 fbiC_2 fbiC_3 fbiC_4 fbiC_5 fbiC_6
[03:39:32] Fixed 5 duplicate /gene - metK_1 metK_2 metK_3 metK_4 metK_5
[03:39:32] Fixed 2 duplicate /gene - sir_1 sir_2
[03:39:32] Fixed 2 duplicate /gene - glmM_1 glmM_2
[03:39:32] Fixed 2 duplicate /gene - ctaB_1 ctaB_2
[03:39:32] Fixed 2 duplicate /gene - ndhK_1 ndhK_2
[03:39:32] Fixed 2 duplicate /gene - znuB_1 znuB_2
[03:39:32] Fixed 2 duplicate /gene - hemL_1 hemL_2
[03:39:32] Fixed 4 duplicate /gene - pyrB_1 pyrB_2 pyrB_3 pyrB_4
[03:39:32] Fixed 2 duplicate /gene - rbn_1 rbn_2
[03:39:32] Fixed 3 duplicate /gene - tuf_1 tuf_2 tuf_3
[03:39:32] Fixed 2 duplicate /gene - ndhH_1 ndhH_2
[03:39:32] Fixed 2 duplicate /gene - aspC_1 aspC_2
[03:39:32] Fixed 226 colliding /gene names.
[03:39:32] Adding /locus_tag identifiers
[03:39:32] Assigned 3382 locus_tags to CDS and RNA features.
[03:39:32] Writing outputs to XS83_01.fa_prokka/
[03:39:38] Generating annotation statistics file
[03:39:38] Generating Genbank and Sequin files
[03:39:38] Running: tbl2asn -V b -a r10k -l paired-ends -M n -N 1 -y 'Annotated using prokka 1.14.6 from https://github.com/tseemann/prokka' -Z XS83_01\.fa_prokka\/PROKKA_11012021\.err -i XS83_01\.fa_prokka\/PROKKA_11012021\.fsa 2> /dev/null
[03:40:03] Deleting unwanted file: XS83_01.fa_prokka/errorsummary.val
[03:40:03] Deleting unwanted file: XS83_01.fa_prokka/PROKKA_11012021.dr
[03:40:03] Deleting unwanted file: XS83_01.fa_prokka/PROKKA_11012021.fixedproducts
[03:40:03] Deleting unwanted file: XS83_01.fa_prokka/PROKKA_11012021.ecn
[03:40:03] Deleting unwanted file: XS83_01.fa_prokka/PROKKA_11012021.val
[03:40:03] Repairing broken .GBK output that tbl2asn produces...
[03:40:03] Running: sed 's/COORDINATES: profile/COORDINATES:profile/' < XS83_01\.fa_prokka\/PROKKA_11012021\.gbf > XS83_01\.fa_prokka\/PROKKA_11012021\.gbk
[03:40:04] Deleting unwanted file: XS83_01.fa_prokka/PROKKA_11012021.gbf
[03:40:04] Output files:
[03:40:04] XS83_01.fa_prokka/PROKKA_11012021.err
[03:40:04] XS83_01.fa_prokka/PROKKA_11012021.faa
[03:40:04] XS83_01.fa_prokka/PROKKA_11012021.ffn
[03:40:04] XS83_01.fa_prokka/PROKKA_11012021.fna
[03:40:04] XS83_01.fa_prokka/PROKKA_11012021.fsa
[03:40:04] XS83_01.fa_prokka/PROKKA_11012021.gbk
[03:40:04] XS83_01.fa_prokka/PROKKA_11012021.gff
[03:40:04] XS83_01.fa_prokka/PROKKA_11012021.log
[03:40:04] XS83_01.fa_prokka/PROKKA_11012021.sqn
[03:40:04] XS83_01.fa_prokka/PROKKA_11012021.tbl
[03:40:04] XS83_01.fa_prokka/PROKKA_11012021.tsv
[03:40:04] XS83_01.fa_prokka/PROKKA_11012021.txt
[03:40:04] Annotation finished successfully.
[03:40:04] Walltime used: 21.83 minutes
[03:40:04] If you use this result please cite the Prokka paper:
[03:40:04] Seemann T (2014) Prokka: rapid prokaryotic genome annotation. Bioinformatics. 30(14):2068-9.
[03:40:04] Type 'prokka --citation' for more details.
[03:40:04] Thank you, come again.
